[rospy.client][INFO] 2023-09-07 12:34:28,606: init_node, name[/joint_state_publisher], pid[2932]
[xmlrpc][INFO] 2023-09-07 12:34:28,607: XML-RPC server binding to 0.0.0.0:0
[xmlrpc][INFO] 2023-09-07 12:34:28,607: Started XML-RPC server [http://LAPTOP-CB8EFKQO:45605/]
[rospy.impl.masterslave][INFO] 2023-09-07 12:34:28,607: _ready: http://LAPTOP-CB8EFKQO:45605/
[xmlrpc][INFO] 2023-09-07 12:34:28,608: xml rpc node: starting XML-RPC server
[rospy.init][INFO] 2023-09-07 12:34:28,608: ROS Slave URI: [http://LAPTOP-CB8EFKQO:45605/]
[rospy.registration][INFO] 2023-09-07 12:34:28,608: Registering with master node http://localhost:11311
[rospy.init][INFO] 2023-09-07 12:34:28,709: registered with master
[rospy.rosout][INFO] 2023-09-07 12:34:28,709: initializing /rosout core topic
[rospy.rosout][INFO] 2023-09-07 12:34:28,713: connected to core topic /rosout
[rospy.simtime][INFO] 2023-09-07 12:34:28,715: /use_sim_time is not set, will not subscribe to simulated time [/clock] topic
[rospy.internal][INFO] 2023-09-07 12:34:28,901: topic[/move_group/fake_controller_joint_states] adding connection to [http://LAPTOP-CB8EFKQO:45309/], count 0
[rospy.internal][INFO] 2023-09-07 12:34:28,950: topic[/rosout] adding connection to [/rosout], count 0
[rospy.internal][INFO] 2023-09-07 12:34:29,061: topic[/joint_states] adding connection to [/robot_state_publisher], count 0
[rospy.internal][INFO] 2023-09-07 12:34:29,103: topic[/joint_states] adding connection to [/move_group], count 1
[rospy.internal][INFO] 2023-09-07 12:35:38,612: topic[/joint_states] adding connection to [/ik_linear], count 2
[rospy.internal][INFO] 2023-09-07 12:39:48,061: topic[/joint_states] removing connection to /ik_linear
[rospy.core][INFO] 2023-09-07 12:39:48,881: signal_shutdown [signal-2]
[rospy.internal][INFO] 2023-09-07 12:39:48,887: topic[/joint_states] removing connection to /robot_state_publisher
[rospy.internal][INFO] 2023-09-07 12:39:48,888: topic[/joint_states] removing connection to /move_group
[rospy.internal][INFO] 2023-09-07 12:39:48,889: topic[/rosout] removing connection to /rosout
[rospy.internal][INFO] 2023-09-07 12:39:48,890: topic[/move_group/fake_controller_joint_states] removing connection to http://LAPTOP-CB8EFKQO:45309/
[rospy.impl.masterslave][INFO] 2023-09-07 12:39:48,891: signal-2
[rospy.core][INFO] 2023-09-07 12:39:49,008: signal_shutdown [atexit]
