

1692675332.636038492  Node Startup
1692675354.572478661 INFO /moveit_setup_assistant [/tmp/binarydeb/ros-melodic-moveit-setup-assistant-1.0.11/src/widgets/start_screen_widget.cpp:570(StartScreenWidget::loadURDFFile)] [topics: /rosout] Loaded Puma560 robot model.
1692675354.574762161 INFO /moveit_setup_assistant [/tmp/binarydeb/ros-melodic-moveit-setup-assistant-1.0.11/src/widgets/start_screen_widget.cpp:583(StartScreenWidget::loadURDFFile)] [topics: /rosout] Setting Param Server with Robot Description
1692675354.581638261 INFO /moveit_setup_assistant [/tmp/binarydeb/ros-melodic-moveit-setup-assistant-1.0.11/src/widgets/start_screen_widget.cpp:617(StartScreenWidget::setSRDFFile)] [topics: /rosout] Robot semantic model successfully loaded.
1692675354.581774761 INFO /moveit_setup_assistant [/tmp/binarydeb/ros-melodic-moveit-setup-assistant-1.0.11/src/widgets/start_screen_widget.cpp:630(StartScreenWidget::setSRDFFile)] [topics: /rosout] Setting Param Server with Robot Semantic Description
1692675354.601755960 INFO /moveit_setup_assistant [/tmp/binarydeb/ros-melodic-moveit-core-1.0.11/robot_model/src/robot_model.cpp:95(core::RobotModel::buildModel)] [topics: /rosout, /moveit_robot_state] Loading robot model 'Puma560'...
1692675354.602356860 INFO /moveit_setup_assistant [/tmp/binarydeb/ros-melodic-moveit-core-1.0.11/robot_model/src/robot_model.cpp:955(core::JointModel* moveit::core::RobotModel::constructJointModel)] [topics: /rosout, /moveit_robot_state] No root/virtual joint specified in SRDF. Assuming fixed joint
1692675354.812862154 INFO /moveit_setup_assistant [/tmp/binarydeb/ros-melodic-rviz-1.13.30/src/rviz/ogre_helpers/render_system.cpp:462(RenderWindow* rviz::RenderSystem::makeRenderWindow)] [topics: /rosout, /moveit_robot_state] Stereo is NOT SUPPORTED
1692675354.813060154 INFO /moveit_setup_assistant [/tmp/binarydeb/ros-melodic-rviz-1.13.30/src/rviz/ogre_helpers/render_system.cpp:183(RenderSystem::detectGlVersion)] [topics: /rosout, /moveit_robot_state] OpenGL device: llvmpipe (LLVM 10.0.0, 256 bits)
1692675354.813182454 INFO /moveit_setup_assistant [/tmp/binarydeb/ros-melodic-rviz-1.13.30/src/rviz/ogre_helpers/render_system.cpp:230(RenderSystem::detectGlVersion)] [topics: /rosout, /moveit_robot_state] OpenGl version: 3.1 (GLSL 1.4).
1692675354.938069751 INFO /moveit_setup_assistant [/tmp/binarydeb/ros-melodic-moveit-core-1.0.11/robot_model/src/robot_model.cpp:95(core::RobotModel::buildModel)] [topics: /rosout, /moveit_robot_state, /initialpose, /goal] Loading robot model 'Puma560'...
1692675354.938216251 INFO /moveit_setup_assistant [/tmp/binarydeb/ros-melodic-moveit-core-1.0.11/robot_model/src/robot_model.cpp:955(core::JointModel* moveit::core::RobotModel::constructJointModel)] [topics: /rosout, /moveit_robot_state, /initialpose, /goal] No root/virtual joint specified in SRDF. Assuming fixed joint
1692675355.169264745 INFO /moveit_setup_assistant [/tmp/binarydeb/ros-melodic-moveit-setup-assistant-1.0.11/src/widgets/start_screen_widget.cpp:540(StartScreenWidget::loadNewFiles)] [topics: /rosout, /moveit_robot_state, /initialpose, /goal] Loading Setup Assistant Complete
1692675460.834900160 INFO /moveit_setup_assistant [/tmp/binarydeb/ros-melodic-moveit-setup-assistant-1.0.11/src/tools/compute_default_collisions.cpp:255(LinkPairMap moveit_setup_assistant::computeDefaultCollisions)] [topics: /rosout, /moveit_robot_state, /initialpose, /goal] -------------------------------------------------------------------------------
1692675460.835008460 INFO /moveit_setup_assistant [/tmp/binarydeb/ros-melodic-moveit-setup-assistant-1.0.11/src/tools/compute_default_collisions.cpp:256(LinkPairMap moveit_setup_assistant::computeDefaultCollisions)] [topics: /rosout, /moveit_robot_state, /initialpose, /goal] Statistics:
1692675460.835074960 INFO /moveit_setup_assistant [/tmp/binarydeb/ros-melodic-moveit-setup-assistant-1.0.11/src/tools/compute_default_collisions.cpp:261(LinkPairMap moveit_setup_assistant::computeDefaultCollisions)] [topics: /rosout, /moveit_robot_state, /initialpose, /goal]      7 : Total Links
1692675460.835126160 INFO /moveit_setup_assistant [/tmp/binarydeb/ros-melodic-moveit-setup-assistant-1.0.11/src/tools/compute_default_collisions.cpp:262(LinkPairMap moveit_setup_assistant::computeDefaultCollisions)] [topics: /rosout, /moveit_robot_state, /initialpose, /goal]     21 : Total possible collisions
1692675460.835185060 INFO /moveit_setup_assistant [/tmp/binarydeb/ros-melodic-moveit-setup-assistant-1.0.11/src/tools/compute_default_collisions.cpp:263(LinkPairMap moveit_setup_assistant::computeDefaultCollisions)] [topics: /rosout, /moveit_robot_state, /initialpose, /goal]      0 : Always in collision
1692675460.835251860 INFO /moveit_setup_assistant [/tmp/binarydeb/ros-melodic-moveit-setup-assistant-1.0.11/src/tools/compute_default_collisions.cpp:264(LinkPairMap moveit_setup_assistant::computeDefaultCollisions)] [topics: /rosout, /moveit_robot_state, /initialpose, /goal]      5 : Never in collision
1692675460.835316560 INFO /moveit_setup_assistant [/tmp/binarydeb/ros-melodic-moveit-setup-assistant-1.0.11/src/tools/compute_default_collisions.cpp:265(LinkPairMap moveit_setup_assistant::computeDefaultCollisions)] [topics: /rosout, /moveit_robot_state, /initialpose, /goal]      1 : Default in collision
1692675460.835385360 INFO /moveit_setup_assistant [/tmp/binarydeb/ros-melodic-moveit-setup-assistant-1.0.11/src/tools/compute_default_collisions.cpp:266(LinkPairMap moveit_setup_assistant::computeDefaultCollisions)] [topics: /rosout, /moveit_robot_state, /initialpose, /goal]      6 : Adjacent links disabled
1692675460.835526460 INFO /moveit_setup_assistant [/tmp/binarydeb/ros-melodic-moveit-setup-assistant-1.0.11/src/tools/compute_default_collisions.cpp:267(LinkPairMap moveit_setup_assistant::computeDefaultCollisions)] [topics: /rosout, /moveit_robot_state, /initialpose, /goal]      9 : Sometimes in collision
1692675460.835597960 INFO /moveit_setup_assistant [/tmp/binarydeb/ros-melodic-moveit-setup-assistant-1.0.11/src/tools/compute_default_collisions.cpp:268(LinkPairMap moveit_setup_assistant::computeDefaultCollisions)] [topics: /rosout, /moveit_robot_state, /initialpose, /goal]     12 : TOTAL DISABLED
1692675460.835823460 INFO /moveit_setup_assistant [/tmp/binarydeb/ros-melodic-moveit-setup-assistant-1.0.11/src/widgets/default_collisions_widget.cpp:283(DefaultCollisionsWidget::generateCollisionTable)] [topics: /rosout, /moveit_robot_state, /initialpose, /goal] Thread complete 21
1692675562.303625267 INFO /moveit_setup_assistant [/tmp/binarydeb/ros-melodic-moveit-setup-assistant-1.0.11/src/tools/moveit_config_data.cpp:106(MoveItConfigData::updateRobotModel)] [topics: /rosout, /moveit_robot_state, /initialpose, /goal] Updating kinematic model
1692675562.304211867 INFO /moveit_setup_assistant [/tmp/binarydeb/ros-melodic-moveit-core-1.0.11/robot_model/src/robot_model.cpp:95(core::RobotModel::buildModel)] [topics: /rosout, /moveit_robot_state, /initialpose, /goal] Loading robot model 'Puma560'...
1692675562.335470966 INFO /moveit_setup_assistant [/tmp/binarydeb/ros-melodic-moveit-core-1.0.11/robot_model/src/robot_model.cpp:95(core::RobotModel::buildModel)] [topics: /rosout, /moveit_robot_state, /initialpose, /goal] Loading robot model 'Puma560'...
1692675562.335638766 INFO /moveit_setup_assistant [/tmp/binarydeb/ros-melodic-moveit-core-1.0.11/robot_model/src/robot_model.cpp:955(core::JointModel* moveit::core::RobotModel::constructJointModel)] [topics: /rosout, /moveit_robot_state, /initialpose, /goal] No root/virtual joint specified in SRDF. Assuming fixed joint
1692675668.592615122 INFO /moveit_setup_assistant [/tmp/binarydeb/ros-melodic-moveit-setup-assistant-1.0.11/src/tools/moveit_config_data.cpp:106(MoveItConfigData::updateRobotModel)] [topics: /rosout, /moveit_robot_state, /initialpose, /goal] Updating kinematic model
1692675668.593049822 INFO /moveit_setup_assistant [/tmp/binarydeb/ros-melodic-moveit-core-1.0.11/robot_model/src/robot_model.cpp:95(core::RobotModel::buildModel)] [topics: /rosout, /moveit_robot_state, /initialpose, /goal] Loading robot model 'Puma560'...
1692675713.274640890 INFO /moveit_setup_assistant [/tmp/binarydeb/ros-melodic-moveit-setup-assistant-1.0.11/src/tools/moveit_config_data.cpp:106(MoveItConfigData::updateRobotModel)] [topics: /rosout, /moveit_robot_state, /initialpose, /goal] Updating kinematic model
1692675713.275155190 INFO /moveit_setup_assistant [/tmp/binarydeb/ros-melodic-moveit-core-1.0.11/robot_model/src/robot_model.cpp:95(core::RobotModel::buildModel)] [topics: /rosout, /moveit_robot_state, /initialpose, /goal] Loading robot model 'Puma560'...
