2023-09-09 16:03:02.680 [info] 로그 수준: Info
2023-09-09 16:03:02.680 [info] "git"에서 찾은 git 유효성을 검사하는 중
2023-09-09 16:03:02.680 [info] "2.17.1"에서 git "git"을(를) 사용하는 중
2023-09-09 16:03:02.680 [info] > git rev-parse --show-toplevel [5ms]
2023-09-09 16:03:02.680 [info] fatal: not a git repository (or any of the parent directories): .git
2023-09-09 16:03:02.686 [info] > git rev-parse --show-toplevel [1ms]
2023-09-09 16:03:02.686 [info] fatal: not a git repository (or any of the parent directories): .git
2023-09-09 16:03:02.694 [info] > git rev-parse --show-toplevel [1ms]
2023-09-09 16:03:02.694 [info] fatal: not a git repository (or any of the parent directories): .git
2023-09-09 16:03:02.710 [info] > git rev-parse --show-toplevel [4ms]
2023-09-09 16:03:02.720 [info] > git rev-parse --git-dir --git-common-dir [1ms]
2023-09-09 16:03:02.760 [info] Open repository: /home/jinsu_park/catkin_ws/src/puma560_description
2023-09-09 16:03:02.789 [info] > git config --get commit.template [6ms]
2023-09-09 16:03:02.790 [info] > git rev-parse --show-toplevel [3ms]
2023-09-09 16:03:02.790 [info] fatal: not a git repository (or any of the parent directories): .git
2023-09-09 16:03:02.804 [info] > git for-each-ref --format=%(refname)%00%(upstream:short)%00%(objectname)%00%(upstream:track)%00%(upstream:remotename)%00%(upstream:remoteref) refs/heads/master refs/remotes/master [10ms]
2023-09-09 16:03:02.820 [info] > git rev-parse --show-toplevel [17ms]
2023-09-09 16:03:02.820 [info] fatal: not a git repository (or any of the parent directories): .git
2023-09-09 16:03:02.829 [info] > git rev-parse --show-toplevel [1ms]
2023-09-09 16:03:02.829 [info] fatal: not a git repository (or any of the parent directories): .git
2023-09-09 16:03:02.842 [info] > git rev-parse --show-toplevel [3ms]
2023-09-09 16:03:02.842 [info] fatal: not a git repository (or any of the parent directories): .git
2023-09-09 16:03:02.853 [info] > git rev-parse --show-toplevel [2ms]
2023-09-09 16:03:02.853 [info] fatal: not a git repository (or any of the parent directories): .git
2023-09-09 16:03:02.867 [info] > git status -z -uall [56ms]
2023-09-09 16:03:02.911 [info] > git config --get commit.template [8ms]
2023-09-09 16:03:02.931 [info] > git for-each-ref --format=%(refname)%00%(upstream:short)%00%(objectname)%00%(upstream:track)%00%(upstream:remotename)%00%(upstream:remoteref) refs/heads/master refs/remotes/master [10ms]
2023-09-09 16:03:03.077 [info] > git status -z -uall [140ms]
2023-09-09 16:03:03.283 [info] > git check-ignore -v -z --stdin [2ms]
