2023-09-25 23:34:03.401 [info] Extension host with pid 621 started
2023-09-25 23:34:03.421 [error] Error: EEXIST: file already exists, open '/home/jinsu_park/.vscode-server/data/User/workspaceStorage/af3df743b1184086b992de086fda9df2/vscode.lock'
2023-09-25 23:34:03.446 [info] Lock '/home/jinsu_park/.vscode-server/data/User/workspaceStorage/af3df743b1184086b992de086fda9df2/vscode.lock': Could not acquire lock, checking if the file is stale.
2023-09-25 23:34:03.461 [info] Lock '/home/jinsu_park/.vscode-server/data/User/workspaceStorage/af3df743b1184086b992de086fda9df2/vscode.lock': The lockfile is scheduled to have been released.
2023-09-25 23:34:03.461 [info] Lock '/home/jinsu_park/.vscode-server/data/User/workspaceStorage/af3df743b1184086b992de086fda9df2/vscode.lock': Deleting a stale lock.
2023-09-25 23:34:03.505 [info] Lock '/home/jinsu_park/.vscode-server/data/User/workspaceStorage/af3df743b1184086b992de086fda9df2/vscode.lock': Lock acquired.
2023-09-25 23:34:04.291 [info] ExtensionService#_doActivateExtension vscode.tunnel-forwarding, startup: false, activationEvent: 'onTunnel'
2023-09-25 23:34:04.293 [info] ExtensionService#_doActivateExtension vscode.emmet, startup: false, activationEvent: 'onLanguage'
2023-09-25 23:34:04.626 [error] No bundle location found for extension vscode.tunnel-forwarding
2023-09-25 23:34:05.053 [info] ExtensionService#_doActivateExtension vscode.git-base, startup: true, activationEvent: '*', root cause: vscode.git
2023-09-25 23:34:05.404 [info] ExtensionService#_doActivateExtension vscode.git, startup: true, activationEvent: '*'
2023-09-25 23:34:05.405 [info] ExtensionService#_doActivateExtension vscode.github, startup: true, activationEvent: '*'
2023-09-25 23:34:06.497 [info] ExtensionService#_doActivateExtension ms-vscode.cmake-tools, startup: true, activationEvent: 'workspaceContains:*/CMakeLists.txt,*/*/CMakeLists.txt,*/*/*/CMakeLists.txt'
2023-09-25 23:34:08.870 [info] Eager extensions activated
2023-09-25 23:34:08.870 [info] ExtensionService#_doActivateExtension vscode.debug-auto-launch, startup: false, activationEvent: 'onStartupFinished'
2023-09-25 23:34:08.871 [info] ExtensionService#_doActivateExtension vscode.merge-conflict, startup: false, activationEvent: 'onStartupFinished'
2023-09-25 23:35:35.894 [info] Extension host terminating: received terminate message from renderer
2023-09-25 23:35:35.896 [info] Lock '/home/jinsu_park/.vscode-server/data/User/workspaceStorage/af3df743b1184086b992de086fda9df2/vscode.lock': Marking the lockfile as scheduled to be released in 6000 ms.
2023-09-25 23:35:36.967 [error] Error: Extension 'ms-vscode.cmake-tools' CANNOT use API proposal: extensionRuntime.
Its package.json#enabledApiProposals-property declares: [] but NOT extensionRuntime.
 The missing proposal MUST be added and you must start in extension development mode or use the following command line switch: --enable-proposed-api ms-vscode.cmake-tools
	at k (/home/jinsu_park/.vscode-server/bin/abd2f3db4bdb28f9e95536dfa84d8479f1eb312d/out/vs/workbench/api/node/extensionHostProcess.js:106:70089)
	at get extensionRuntime [as extensionRuntime] (/home/jinsu_park/.vscode-server/bin/abd2f3db4bdb28f9e95536dfa84d8479f1eb312d/out/vs/workbench/api/node/extensionHostProcess.js:119:12330)
	at JSON.stringify (<anonymous>)
	at RollbarController.exception (/home/jinsu_park/.vscode-server/extensions/ms-vscode.cmake-tools-1.15.31/dist/main.js:53245:60)
	at /home/jinsu_park/.vscode-server/extensions/ms-vscode.cmake-tools-1.15.31/dist/main.js:53289:38
	at process.processTicksAndRejections (node:internal/process/task_queues:95:5)
