2023-10-22 21:55:17.663 [info] 로그 수준: Info
2023-10-22 21:55:17.663 [info] "git"에서 찾은 git 유효성을 검사하는 중
2023-10-22 21:55:17.663 [info] "2.17.1"에서 git "git"을(를) 사용하는 중
2023-10-22 21:55:17.663 [info] > git rev-parse --show-toplevel [6ms]
2023-10-22 21:55:17.663 [info] > git rev-parse --show-toplevel [1ms]
2023-10-22 21:55:17.670 [info] > git rev-parse --show-toplevel [8ms]
2023-10-22 21:55:17.686 [info] > git rev-parse --show-toplevel [2ms]
2023-10-22 21:55:17.696 [info] > git rev-parse --show-toplevel [2ms]
2023-10-22 21:55:17.704 [info] > git rev-parse --show-toplevel [2ms]
2023-10-22 21:55:17.712 [info] > git rev-parse --show-toplevel [2ms]
2023-10-22 21:55:17.721 [info] > git rev-parse --show-toplevel [3ms]
2023-10-22 21:55:17.728 [info] > git rev-parse --show-toplevel [2ms]
2023-10-22 21:55:17.740 [info] > git rev-parse --show-toplevel [2ms]
2023-10-22 21:55:17.749 [info] > git rev-parse --show-toplevel [2ms]
2023-10-22 21:55:17.758 [info] > git rev-parse --git-dir --git-common-dir [2ms]
2023-10-22 21:55:17.785 [info] Open repository: /home/jinsu_park/H-mobility_Robotics_study
2023-10-22 21:55:17.803 [info] > git rev-parse --show-toplevel [2ms]
2023-10-22 21:55:17.804 [info] > git config --get commit.template [9ms]
2023-10-22 21:55:17.824 [info] > git for-each-ref --format=%(refname)%00%(upstream:short)%00%(objectname)%00%(upstream:track)%00%(upstream:remotename)%00%(upstream:remoteref) refs/heads/main refs/remotes/main [12ms]
2023-10-22 21:55:17.838 [info] > git rev-parse --show-toplevel [16ms]
2023-10-22 21:55:17.852 [info] > git status -z -uall [16ms]
2023-10-22 21:55:18.003 [info] > git rev-parse --show-toplevel [157ms]
2023-10-22 21:55:18.035 [info] > git config --get commit.template [151ms]
2023-10-22 21:55:18.184 [info] > git for-each-ref --format=%(refname)%00%(upstream:short)%00%(objectname)%00%(upstream:track)%00%(upstream:remotename)%00%(upstream:remoteref) refs/heads/main refs/remotes/main [118ms]
2023-10-22 21:55:18.196 [info] > git rev-parse --show-toplevel [144ms]
2023-10-22 21:55:18.202 [info] > git status -z -uall [7ms]
2023-10-22 21:55:18.252 [info] > git rev-parse --show-toplevel [29ms]
2023-10-22 21:55:18.271 [info] > git rev-parse --show-toplevel [2ms]
2023-10-22 21:55:18.289 [info] > git rev-parse --show-toplevel [4ms]
2023-10-22 21:55:18.312 [info] > git rev-parse --show-toplevel [1ms]
2023-10-22 21:55:18.321 [info] > git rev-parse --show-toplevel [1ms]
2023-10-22 21:55:18.595 [info] > git rev-parse --show-toplevel [254ms]
2023-10-22 21:55:19.125 [info] > git rev-parse --show-toplevel [6ms]
2023-10-22 21:56:00.089 [info] > git rev-parse --show-toplevel [2ms]
2023-10-22 21:57:48.724 [info] > git check-ignore -v -z --stdin [2ms]
2023-10-22 21:58:04.582 [info] > git check-ignore -v -z --stdin [2ms]
2023-10-22 21:58:59.730 [info] > git rev-parse --show-toplevel [4ms]
2023-10-22 21:59:13.467 [info] > git rev-parse --show-toplevel [0ms]
2023-10-22 21:59:26.703 [info] > git rev-parse --show-toplevel [1ms]
2023-10-22 21:59:33.748 [info] > git rev-parse --show-toplevel [2ms]
2023-10-22 21:59:33.748 [info] fatal: detected dubious ownership in repository at '/home/jinsu_park/catkin_ws1'
To add an exception for this directory, call:

	git config --global --add safe.directory /home/jinsu_park/catkin_ws1
2023-10-22 22:00:48.711 [info] > git rev-parse --show-toplevel [2ms]
2023-10-22 22:00:48.711 [info] fatal: detected dubious ownership in repository at '/home/jinsu_park/catkin_ws1'
To add an exception for this directory, call:

	git config --global --add safe.directory /home/jinsu_park/catkin_ws1
2023-10-22 22:00:55.638 [info] > git rev-parse --show-toplevel [1ms]
2023-10-22 22:00:55.638 [info] fatal: detected dubious ownership in repository at '/home/jinsu_park/catkin_ws1'
To add an exception for this directory, call:

	git config --global --add safe.directory /home/jinsu_park/catkin_ws1
2023-10-22 22:01:11.670 [info] > git rev-parse --show-toplevel [1ms]
2023-10-22 22:01:11.670 [info] fatal: detected dubious ownership in repository at '/home/jinsu_park/catkin_ws1'
To add an exception for this directory, call:

	git config --global --add safe.directory /home/jinsu_park/catkin_ws1
2023-10-22 22:01:15.488 [info] > git rev-parse --show-toplevel [1ms]
2023-10-22 22:01:15.488 [info] fatal: detected dubious ownership in repository at '/home/jinsu_park/catkin_ws1'
To add an exception for this directory, call:

	git config --global --add safe.directory /home/jinsu_park/catkin_ws1
2023-10-22 22:01:16.145 [info] > git rev-parse --show-toplevel [1ms]
2023-10-22 22:01:16.145 [info] fatal: detected dubious ownership in repository at '/home/jinsu_park/catkin_ws1'
To add an exception for this directory, call:

	git config --global --add safe.directory /home/jinsu_park/catkin_ws1
2023-10-22 22:02:13.802 [info] > git rev-parse --show-toplevel [2ms]
2023-10-22 22:02:19.097 [info] > git config --get commit.template [1ms]
2023-10-22 22:02:19.103 [info] > git for-each-ref --format=%(refname)%00%(upstream:short)%00%(objectname)%00%(upstream:track)%00%(upstream:remotename)%00%(upstream:remoteref) refs/heads/main refs/remotes/main [1ms]
2023-10-22 22:02:19.110 [info] > git status -z -uall [1ms]
2023-10-22 22:02:19.139 [info] > git rev-parse --show-toplevel [1ms]
2023-10-22 22:02:19.145 [info] > git rev-parse --show-toplevel [1ms]
2023-10-22 22:02:19.150 [info] > git rev-parse --git-dir --git-common-dir [0ms]
2023-10-22 22:02:19.158 [info] Open repository: /home/jinsu_park/catkin_ws/src/turtlebot3
2023-10-22 22:02:19.172 [info] > git config --get commit.template [6ms]
2023-10-22 22:02:19.172 [info] > git rev-parse --show-toplevel [1ms]
2023-10-22 22:02:19.182 [info] > git rev-parse --git-dir --git-common-dir [0ms]
2023-10-22 22:02:19.187 [info] Open repository: /home/jinsu_park/catkin_ws/src/turtlebot3_msgs
2023-10-22 22:02:19.199 [info] > git for-each-ref --format=%(refname)%00%(upstream:short)%00%(objectname)%00%(upstream:track)%00%(upstream:remotename)%00%(upstream:remoteref) refs/heads/master refs/remotes/master [22ms]
2023-10-22 22:02:19.206 [info] > git rev-parse --show-toplevel [8ms]
2023-10-22 22:02:19.206 [info] > git config --get commit.template [12ms]
2023-10-22 22:02:19.212 [info] > git status -z -uall [8ms]
2023-10-22 22:02:19.237 [info] > git rev-parse --git-dir --git-common-dir [25ms]
2023-10-22 22:02:19.243 [info] Open repository: /home/jinsu_park/catkin_ws/src/turtlebot3_simulations
2023-10-22 22:02:19.261 [info] > git config --get commit.template [24ms]
2023-10-22 22:02:19.261 [info] > git for-each-ref --format=%(refname)%00%(upstream:short)%00%(objectname)%00%(upstream:track)%00%(upstream:remotename)%00%(upstream:remoteref) refs/heads/master refs/remotes/master [32ms]
2023-10-22 22:02:19.269 [info] > git status -z -uall [3ms]
2023-10-22 22:02:19.275 [info] > git rev-parse --show-toplevel [19ms]
2023-10-22 22:02:19.275 [info] > git config --get commit.template [26ms]
2023-10-22 22:02:19.298 [info] > git rev-parse --git-dir --git-common-dir [7ms]
2023-10-22 22:02:19.302 [info] Open repository: /home/jinsu_park/catkin_ws1/H-mobility_Robotics_study
2023-10-22 22:02:19.303 [info] > git config --get commit.template [17ms]
2023-10-22 22:02:19.303 [info] > git for-each-ref --format=%(refname)%00%(upstream:short)%00%(objectname)%00%(upstream:track)%00%(upstream:remotename)%00%(upstream:remoteref) refs/heads/master refs/remotes/master [22ms]
2023-10-22 22:02:19.319 [info] > git status -z -uall [11ms]
2023-10-22 22:02:19.319 [info] > git for-each-ref --format=%(refname)%00%(upstream:short)%00%(objectname)%00%(upstream:track)%00%(upstream:remotename)%00%(upstream:remoteref) refs/heads/robotics-course refs/remotes/robotics-course [22ms]
2023-10-22 22:02:19.330 [info] > git status -z -uall [6ms]
2023-10-22 22:02:19.330 [info] > git rev-parse --show-toplevel [11ms]
2023-10-22 22:02:19.330 [info] > git config --get commit.template [16ms]
2023-10-22 22:02:19.337 [info] > git for-each-ref --format=%(refname)%00%(upstream:short)%00%(objectname)%00%(upstream:track)%00%(upstream:remotename)%00%(upstream:remoteref) refs/heads/master refs/remotes/master [8ms]
2023-10-22 22:02:19.377 [info] > git status -z -uall [29ms]
2023-10-22 22:02:19.379 [info] > git rev-parse --git-dir --git-common-dir [42ms]
2023-10-22 22:02:19.382 [info] Open repository: /home/jinsu_park/catkin_ws1/src/OpenBase
2023-10-22 22:02:19.393 [info] > git config --get commit.template [17ms]
2023-10-22 22:02:19.393 [info] > git for-each-ref --format=%(refname)%00%(upstream:short)%00%(objectname)%00%(upstream:track)%00%(upstream:remotename)%00%(upstream:remoteref) refs/heads/main refs/remotes/main [22ms]
2023-10-22 22:02:19.399 [info] > git status -z -uall [1ms]
2023-10-22 22:02:19.399 [info] > git rev-parse --show-toplevel [6ms]
2023-10-22 22:02:19.399 [info] > git config --get commit.template [11ms]
2023-10-22 22:02:19.427 [info] > git rev-parse --git-dir --git-common-dir [18ms]
2023-10-22 22:02:19.431 [info] Open repository: /home/jinsu_park/catkin_ws1/src/ntrip_ros
2023-10-22 22:02:19.432 [info] > git for-each-ref --format=%(refname)%00%(upstream:short)%00%(objectname)%00%(upstream:track)%00%(upstream:remotename)%00%(upstream:remoteref) refs/heads/robotics-course refs/remotes/robotics-course [28ms]
2023-10-22 22:02:19.452 [info] > git status -z -uall [14ms]
2023-10-22 22:02:19.453 [info] > git config --get commit.template [26ms]
2023-10-22 22:02:19.453 [info] > git for-each-ref --format=%(refname)%00%(upstream:short)%00%(objectname)%00%(upstream:track)%00%(upstream:remotename)%00%(upstream:remoteref) refs/heads/master refs/remotes/master [33ms]
2023-10-22 22:02:19.462 [info] > git rev-parse --show-toplevel [10ms]
2023-10-22 22:02:19.462 [info] > git config --get commit.template [17ms]
2023-10-22 22:02:19.481 [info] > git status -z -uall [21ms]
2023-10-22 22:02:19.500 [info] > git rev-parse --git-dir --git-common-dir [22ms]
2023-10-22 22:02:19.503 [info] Open repository: /home/jinsu_park/catkin_ws1/src/puma560_description
2023-10-22 22:02:19.504 [info] > git for-each-ref --format=%(refname)%00%(upstream:short)%00%(objectname)%00%(upstream:track)%00%(upstream:remotename)%00%(upstream:remoteref) refs/heads/main refs/remotes/main [31ms]
2023-10-22 22:02:19.520 [info] > git status -z -uall [12ms]
2023-10-22 22:02:19.520 [info] > git config --get commit.template [23ms]
2023-10-22 22:02:19.521 [info] > git for-each-ref --format=%(refname)%00%(upstream:short)%00%(objectname)%00%(upstream:track)%00%(upstream:remotename)%00%(upstream:remoteref) refs/heads/master refs/remotes/master [29ms]
2023-10-22 22:02:19.527 [info] > git status -z -uall [1ms]
2023-10-22 22:02:19.527 [info] > git rev-parse --show-toplevel [7ms]
2023-10-22 22:02:19.527 [info] > git config --get commit.template [12ms]
2023-10-22 22:02:19.555 [info] > git rev-parse --git-dir --git-common-dir [16ms]
2023-10-22 22:02:19.560 [info] Open repository: /home/jinsu_park/catkin_ws1/src/rtcm_msgs
2023-10-22 22:02:19.561 [info] > git for-each-ref --format=%(refname)%00%(upstream:short)%00%(objectname)%00%(upstream:track)%00%(upstream:remotename)%00%(upstream:remoteref) refs/heads/master refs/remotes/master [27ms]
2023-10-22 22:02:19.580 [info] > git config --get commit.template [27ms]
2023-10-22 22:02:19.581 [info] > git for-each-ref --format=%(refname)%00%(upstream:short)%00%(objectname)%00%(upstream:track)%00%(upstream:remotename)%00%(upstream:remoteref) refs/heads/master refs/remotes/master [32ms]
2023-10-22 22:02:19.595 [info] > git status -z -uall [28ms]
2023-10-22 22:02:19.595 [info] > git status -z -uall [9ms]
2023-10-22 22:02:19.595 [info] > git rev-parse --show-toplevel [16ms]
2023-10-22 22:02:19.595 [info] > git config --get commit.template [22ms]
2023-10-22 22:02:19.631 [info] > git rev-parse --git-dir --git-common-dir [19ms]
2023-10-22 22:02:19.642 [info] Open repository: /home/jinsu_park/catkin_ws1/src/turtlebot3
2023-10-22 22:02:19.643 [info] > git for-each-ref --format=%(refname)%00%(upstream:short)%00%(objectname)%00%(upstream:track)%00%(upstream:remotename)%00%(upstream:remoteref) refs/heads/master refs/remotes/master [37ms]
2023-10-22 22:02:19.690 [info] > git status -z -uall [41ms]
2023-10-22 22:02:19.693 [info] > git config --get commit.template [61ms]
2023-10-22 22:02:19.693 [info] > git for-each-ref --format=%(refname)%00%(upstream:short)%00%(objectname)%00%(upstream:track)%00%(upstream:remotename)%00%(upstream:remoteref) refs/heads/master refs/remotes/master [68ms]
2023-10-22 22:02:19.700 [info] > git rev-parse --show-toplevel [38ms]
2023-10-22 22:02:19.701 [info] > git config --get commit.template [44ms]
2023-10-22 22:02:19.711 [info] > git status -z -uall [14ms]
2023-10-22 22:02:19.728 [info] > git rev-parse --git-dir --git-common-dir [18ms]
2023-10-22 22:02:19.732 [info] Open repository: /home/jinsu_park/catkin_ws1/src/turtlebot3_msgs
2023-10-22 22:02:19.733 [info] > git for-each-ref --format=%(refname)%00%(upstream:short)%00%(objectname)%00%(upstream:track)%00%(upstream:remotename)%00%(upstream:remoteref) refs/heads/master refs/remotes/master [27ms]
2023-10-22 22:02:19.752 [info] > git config --get commit.template [24ms]
2023-10-22 22:02:19.752 [info] > git for-each-ref --format=%(refname)%00%(upstream:short)%00%(objectname)%00%(upstream:track)%00%(upstream:remotename)%00%(upstream:remoteref) refs/heads/master refs/remotes/master [29ms]
2023-10-22 22:02:19.760 [info] > git status -z -uall [22ms]
2023-10-22 22:02:19.760 [info] > git status -z -uall [2ms]
2023-10-22 22:02:19.760 [info] > git rev-parse --show-toplevel [9ms]
2023-10-22 22:02:19.760 [info] > git config --get commit.template [14ms]
2023-10-22 22:02:19.811 [info] > git check-ignore -v -z --stdin [43ms]
2023-10-22 22:02:19.812 [info] > git rev-parse --git-dir --git-common-dir [29ms]
2023-10-22 22:02:19.817 [info] Open repository: /home/jinsu_park/catkin_ws1/src/turtlebot3_simulations
2023-10-22 22:02:19.818 [info] > git for-each-ref --format=%(refname)%00%(upstream:short)%00%(objectname)%00%(upstream:track)%00%(upstream:remotename)%00%(upstream:remoteref) refs/heads/master refs/remotes/master [44ms]
2023-10-22 22:02:19.841 [info] > git status -z -uall [17ms]
2023-10-22 22:02:19.843 [info] > git config --get commit.template [35ms]
2023-10-22 22:02:19.843 [info] > git for-each-ref --format=%(refname)%00%(upstream:short)%00%(objectname)%00%(upstream:track)%00%(upstream:remotename)%00%(upstream:remoteref) refs/heads/master refs/remotes/master [44ms]
2023-10-22 22:02:19.883 [info] > git status -z -uall [36ms]
2023-10-22 22:02:19.888 [info] > git rev-parse --show-toplevel [51ms]
2023-10-22 22:02:19.888 [info] > git config --get commit.template [56ms]
2023-10-22 22:02:19.948 [info] > git rev-parse --git-dir --git-common-dir [35ms]
2023-10-22 22:02:19.957 [info] Open repository: /home/jinsu_park/catkin_ws1/src/ublox_f9p
2023-10-22 22:02:19.958 [info] > git config --get commit.template [49ms]
2023-10-22 22:02:19.958 [info] > git for-each-ref --format=%(refname)%00%(upstream:short)%00%(objectname)%00%(upstream:track)%00%(upstream:remotename)%00%(upstream:remoteref) refs/heads/master refs/remotes/master [55ms]
2023-10-22 22:02:19.980 [info] > git status -z -uall [16ms]
2023-10-22 22:02:19.980 [info] > git for-each-ref --format=%(refname)%00%(upstream:short)%00%(objectname)%00%(upstream:track)%00%(upstream:remotename)%00%(upstream:remoteref) refs/heads/robotics-course refs/remotes/robotics-course [34ms]
2023-10-22 22:02:19.998 [info] > git rev-parse --show-toplevel [20ms]
2023-10-22 22:02:19.998 [info] > git config --get commit.template [27ms]
2023-10-22 22:02:20.007 [info] > git status -z -uall [19ms]
2023-10-22 22:02:20.008 [info] > git for-each-ref --format=%(refname)%00%(upstream:short)%00%(objectname)%00%(upstream:track)%00%(upstream:remotename)%00%(upstream:remoteref) refs/heads/master refs/remotes/master [11ms]
2023-10-22 22:02:20.037 [info] > git status -z -uall [19ms]
2023-10-22 22:02:20.039 [info] > git rev-parse --git-dir --git-common-dir [32ms]
2023-10-22 22:02:20.042 [info] Open repository: /home/jinsu_park/catkin_ws1/src/velarray_ROI
2023-10-22 22:02:20.062 [info] > git config --get commit.template [26ms]
2023-10-22 22:02:20.062 [info] > git for-each-ref --format=%(refname)%00%(upstream:short)%00%(objectname)%00%(upstream:track)%00%(upstream:remotename)%00%(upstream:remoteref) refs/heads/master refs/remotes/master [33ms]
2023-10-22 22:02:20.073 [info] > git status -z -uall [5ms]
2023-10-22 22:02:20.074 [info] > git rev-parse --show-toplevel [15ms]
2023-10-22 22:02:20.074 [info] > git config --get commit.template [22ms]
2023-10-22 22:02:20.116 [info] > git rev-parse --git-dir --git-common-dir [27ms]
2023-10-22 22:02:20.120 [info] Open repository: /home/jinsu_park/catkin_ws1/src/velodyne
2023-10-22 22:02:20.121 [info] > git for-each-ref --format=%(refname)%00%(upstream:short)%00%(objectname)%00%(upstream:track)%00%(upstream:remotename)%00%(upstream:remoteref) refs/heads/robotics-course refs/remotes/robotics-course [41ms]
2023-10-22 22:02:20.147 [info] > git config --get commit.template [32ms]
2023-10-22 22:02:20.147 [info] > git for-each-ref --format=%(refname)%00%(upstream:short)%00%(objectname)%00%(upstream:track)%00%(upstream:remotename)%00%(upstream:remoteref) refs/heads/main refs/remotes/main [39ms]
2023-10-22 22:02:20.170 [info] > git status -z -uall [43ms]
2023-10-22 22:02:20.170 [info] > git status -z -uall [15ms]
2023-10-22 22:02:20.176 [info] > git rev-parse --show-toplevel [33ms]
2023-10-22 22:02:20.176 [info] > git config --get commit.template [41ms]
2023-10-22 22:02:20.214 [info] > git rev-parse --git-dir --git-common-dir [16ms]
2023-10-22 22:02:20.217 [info] Open repository: /home/jinsu_park/external_libs/yaml-cpp
2023-10-22 22:02:20.218 [info] > git config --get commit.template [26ms]
2023-10-22 22:02:20.218 [info] > git for-each-ref --format=%(refname)%00%(upstream:short)%00%(objectname)%00%(upstream:track)%00%(upstream:remotename)%00%(upstream:remoteref) refs/heads/master refs/remotes/master [35ms]
2023-10-22 22:02:20.238 [info] > git for-each-ref --format=%(refname)%00%(upstream:short)%00%(objectname)%00%(upstream:track)%00%(upstream:remotename)%00%(upstream:remoteref) refs/heads/master refs/remotes/master [34ms]
2023-10-22 22:02:20.263 [info] > git status -z -uall [38ms]
2023-10-22 22:02:20.263 [info] > git status -z -uall [17ms]
2023-10-22 22:02:20.267 [info] > git config --get commit.template [35ms]
2023-10-22 22:02:20.283 [info] > git for-each-ref --format=%(refname)%00%(upstream:short)%00%(objectname)%00%(upstream:track)%00%(upstream:remotename)%00%(upstream:remoteref) refs/heads/main refs/remotes/main [30ms]
2023-10-22 22:02:20.301 [info] > git status -z -uall [11ms]
2023-10-22 22:02:20.308 [info] > git config --get commit.template [26ms]
2023-10-22 22:02:20.313 [info] > git for-each-ref --format=%(refname)%00%(upstream:short)%00%(objectname)%00%(upstream:track)%00%(upstream:remotename)%00%(upstream:remoteref) refs/heads/master refs/remotes/master [13ms]
2023-10-22 22:02:20.332 [info] > git status -z -uall [10ms]
2023-10-22 22:02:20.332 [info] > git for-each-ref --format=%(refname)%00%(upstream:short)%00%(objectname)%00%(upstream:track)%00%(upstream:remotename)%00%(upstream:remoteref) refs/heads/master refs/remotes/master [3ms]
2023-10-22 22:02:20.355 [info] > git status -z -uall [16ms]
2023-10-22 22:02:20.358 [info] > git config --get commit.template [6ms]
2023-10-22 22:02:20.368 [info] > git for-each-ref --format=%(refname)%00%(upstream:short)%00%(objectname)%00%(upstream:track)%00%(upstream:remotename)%00%(upstream:remoteref) refs/heads/master refs/remotes/master [2ms]
2023-10-22 22:02:20.376 [info] > git status -z -uall [2ms]
2023-10-22 22:02:20.689 [info] > git check-ignore -v -z --stdin [22ms]
2023-10-22 22:02:20.690 [info] > git check-ignore -v -z --stdin [11ms]
2023-10-22 22:02:20.691 [info] > git check-ignore -v -z --stdin [4ms]
2023-10-22 22:02:35.857 [info] > git rev-parse --show-toplevel [2ms]
2023-10-22 22:02:41.978 [info] > git rev-parse --show-toplevel [2ms]
2023-10-22 22:02:42.655 [info] > git rev-parse --show-toplevel [1ms]
2023-10-22 22:03:00.359 [info] > git rev-parse --show-toplevel [2ms]
2023-10-22 22:03:15.830 [info] > git rev-parse --show-toplevel [3ms]
2023-10-22 22:03:29.320 [info] > git rev-parse --show-toplevel [1ms]
2023-10-22 22:05:42.624 [info] > git rev-parse --show-toplevel [1ms]
2023-10-22 22:06:03.093 [info] > git rev-parse --show-toplevel [0ms]
2023-10-22 22:10:58.039 [info] > git rev-parse --show-toplevel [3ms]
2023-10-22 22:11:15.075 [info] > git rev-parse --show-toplevel [2ms]
2023-10-22 22:11:26.595 [info] > git rev-parse --show-toplevel [4ms]
2023-10-22 22:12:39.531 [info] > git rev-parse --show-toplevel [2ms]
2023-10-22 22:13:14.406 [info] > git rev-parse --show-toplevel [1ms]
2023-10-22 22:14:08.601 [info] > git rev-parse --show-toplevel [1ms]
