2023-09-05 12:48:35.534 [info] 로그 수준: Info
2023-09-05 12:48:35.534 [info] "git"에서 찾은 git 유효성을 검사하는 중
2023-09-05 12:48:35.534 [info] "2.17.1"에서 git "git"을(를) 사용하는 중
2023-09-05 12:48:35.534 [info] > git rev-parse --show-toplevel [13ms]
2023-09-05 12:48:35.534 [info] fatal: not a git repository (or any of the parent directories): .git
2023-09-05 12:48:35.556 [info] > git rev-parse --show-toplevel [7ms]
2023-09-05 12:48:35.556 [info] fatal: not a git repository (or any of the parent directories): .git
2023-09-05 12:48:35.598 [info] > git rev-parse --show-toplevel [25ms]
2023-09-05 12:48:35.598 [info] fatal: not a git repository (or any of the parent directories): .git
2023-09-05 12:48:35.609 [info] > git rev-parse --show-toplevel [3ms]
2023-09-05 12:48:35.610 [info] fatal: not a git repository (or any of the parent directories): .git
2023-09-05 12:48:35.633 [info] > git rev-parse --show-toplevel [11ms]
2023-09-05 12:48:35.644 [info] > git rev-parse --git-dir --git-common-dir [1ms]
2023-09-05 12:48:35.675 [info] Open repository: /home/jinsu_park/catkin_ws/src/puma560_description
2023-09-05 12:48:35.837 [info] > git config --get commit.template [146ms]
2023-09-05 12:48:35.839 [info] > git rev-parse --show-toplevel [4ms]
2023-09-05 12:48:35.839 [info] fatal: not a git repository (or any of the parent directories): .git
2023-09-05 12:48:35.861 [info] > git for-each-ref --format=%(refname)%00%(upstream:short)%00%(objectname)%00%(upstream:track)%00%(upstream:remotename)%00%(upstream:remoteref) refs/heads/master refs/remotes/master [16ms]
2023-09-05 12:48:35.880 [info] > git rev-parse --show-toplevel [20ms]
2023-09-05 12:48:35.880 [info] fatal: not a git repository (or any of the parent directories): .git
2023-09-05 12:48:35.887 [info] > git rev-parse --show-toplevel [1ms]
2023-09-05 12:48:35.887 [info] fatal: not a git repository (or any of the parent directories): .git
2023-09-05 12:48:35.897 [info] > git rev-parse --show-toplevel [3ms]
2023-09-05 12:48:35.897 [info] fatal: not a git repository (or any of the parent directories): .git
2023-09-05 12:48:35.909 [info] > git rev-parse --show-toplevel [1ms]
2023-09-05 12:48:35.909 [info] fatal: not a git repository (or any of the parent directories): .git
2023-09-05 12:48:35.961 [info] > git status -z -uall [84ms]
2023-09-05 12:48:35.995 [info] > git config --get commit.template [1ms]
2023-09-05 12:48:36.003 [info] > git for-each-ref --format=%(refname)%00%(upstream:short)%00%(objectname)%00%(upstream:track)%00%(upstream:remotename)%00%(upstream:remoteref) refs/heads/master refs/remotes/master [2ms]
2023-09-05 12:48:36.031 [info] > git status -z -uall [20ms]
2023-09-05 12:48:36.472 [info] > git check-ignore -v -z --stdin [5ms]
2023-09-05 12:48:40.823 [info] > git rev-parse --show-toplevel [1ms]
2023-09-05 12:48:40.824 [info] fatal: not a git repository (or any of the parent directories): .git
2023-09-05 12:48:49.374 [info] > git rev-parse --show-toplevel [2ms]
2023-09-05 12:48:49.374 [info] fatal: not a git repository (or any of the parent directories): .git
2023-09-05 12:48:52.707 [info] > git rev-parse --show-toplevel [1ms]
2023-09-05 12:48:52.707 [info] fatal: not a git repository (or any of the parent directories): .git
2023-09-05 12:49:07.764 [info] > git rev-parse --show-toplevel [2ms]
2023-09-05 12:49:07.764 [info] fatal: not a git repository (or any of the parent directories): .git
2023-09-05 12:52:41.182 [info] > git rev-parse --show-toplevel [2ms]
2023-09-05 12:52:41.182 [info] fatal: not a git repository (or any of the parent directories): .git
2023-09-05 13:01:40.474 [info] > git rev-parse --show-toplevel [2ms]
2023-09-05 13:01:40.474 [info] fatal: not a git repository (or any of the parent directories): .git
2023-09-05 13:01:48.439 [info] > git check-ignore -v -z --stdin [5ms]
2023-09-05 13:07:10.331 [info] > git rev-parse --show-toplevel [1ms]
2023-09-05 13:07:10.331 [info] fatal: not a git repository (or any of the parent directories): .git
2023-09-05 13:07:10.810 [info] > git rev-parse --show-toplevel [2ms]
2023-09-05 13:07:10.810 [info] fatal: not a git repository (or any of the parent directories): .git
2023-09-05 13:07:12.568 [info] > git rev-parse --show-toplevel [3ms]
2023-09-05 13:07:12.568 [info] fatal: not a git repository (or any of the parent directories): .git
