2023-10-19 12:47:25.966 [info] 로그 수준: Info
2023-10-19 12:47:25.966 [info] "git"에서 찾은 git 유효성을 검사하는 중
2023-10-19 12:47:25.966 [info] "2.17.1"에서 git "git"을(를) 사용하는 중
2023-10-19 12:47:25.972 [info] > git rev-parse --show-toplevel [14ms]
2023-10-19 12:47:26.005 [info] > git rev-parse --show-toplevel [11ms]
2023-10-19 12:47:26.023 [info] > git rev-parse --show-toplevel [5ms]
2023-10-19 12:47:26.034 [info] > git rev-parse --show-toplevel [2ms]
2023-10-19 12:47:26.051 [info] > git rev-parse --show-toplevel [6ms]
2023-10-19 12:47:26.060 [info] > git rev-parse --show-toplevel [2ms]
2023-10-19 12:47:26.071 [info] > git rev-parse --show-toplevel [2ms]
2023-10-19 12:47:26.085 [info] > git rev-parse --show-toplevel [1ms]
2023-10-19 12:47:26.094 [info] > git rev-parse --show-toplevel [2ms]
2023-10-19 12:47:26.103 [info] > git rev-parse --show-toplevel [2ms]
2023-10-19 12:47:26.262 [info] > git rev-parse --show-toplevel [146ms]
2023-10-19 12:47:26.383 [info] > git rev-parse --show-toplevel [109ms]
2023-10-19 12:47:26.632 [info] > git rev-parse --show-toplevel [6ms]
2023-10-19 12:47:26.649 [info] > git rev-parse --show-toplevel [8ms]
2023-10-19 12:47:26.696 [info] > git rev-parse --show-toplevel [35ms]
2023-10-19 12:47:26.717 [info] > git rev-parse --show-toplevel [8ms]
2023-10-19 12:47:26.830 [info] > git rev-parse --show-toplevel [16ms]
2023-10-19 12:47:26.846 [info] > git rev-parse --show-toplevel [4ms]
2023-10-19 12:47:26.867 [info] > git rev-parse --show-toplevel [14ms]
2023-10-19 12:47:26.942 [info] > git rev-parse --show-toplevel [57ms]
2023-10-19 13:01:50.839 [info] > git rev-parse --show-toplevel [6ms]
2023-10-19 13:03:20.152 [info] > git rev-parse --show-toplevel [2ms]
2023-10-19 13:03:20.163 [info] > git rev-parse --git-dir --git-common-dir [2ms]
2023-10-19 13:03:20.194 [info] Open repository: /home/jinsu_park/catkin_ws1/H-mobility_Robotics_study
2023-10-19 13:03:20.206 [info] > git config --get commit.template [2ms]
2023-10-19 13:03:20.214 [info] > git for-each-ref --format=%(refname)%00%(upstream:short)%00%(objectname)%00%(upstream:track)%00%(upstream:remotename)%00%(upstream:remoteref) refs/heads/master refs/remotes/master [3ms]
2023-10-19 13:03:20.226 [info] > git status -z -uall [1ms]
2023-10-19 13:03:20.277 [info] > git config --get commit.template [2ms]
2023-10-19 13:03:20.285 [info] > git for-each-ref --format=%(refname)%00%(upstream:short)%00%(objectname)%00%(upstream:track)%00%(upstream:remotename)%00%(upstream:remoteref) refs/heads/master refs/remotes/master [1ms]
2023-10-19 13:03:20.291 [info] > git status -z -uall [1ms]
2023-10-19 13:03:21.609 [info] > git config --get commit.template [8ms]
2023-10-19 13:03:21.610 [info] > git for-each-ref --format=%(refname)%00%(upstream:short)%00%(objectname)%00%(upstream:track)%00%(upstream:remotename)%00%(upstream:remoteref) refs/heads/main refs/remotes/main [2ms]
2023-10-19 13:03:21.620 [info] > git status -z -uall [1ms]
2023-10-19 13:04:27.421 [info] > git rev-parse --show-toplevel [1ms]
2023-10-19 13:04:27.429 [info] > git rev-parse --git-dir --git-common-dir [0ms]
2023-10-19 13:04:27.434 [info] Open repository: /home/jinsu_park/H-mobility_Robotics_study
2023-10-19 13:04:27.447 [info] > git config --get commit.template [6ms]
2023-10-19 13:04:27.448 [info] > git for-each-ref --format=%(refname)%00%(upstream:short)%00%(objectname)%00%(upstream:track)%00%(upstream:remotename)%00%(upstream:remoteref) refs/heads/master refs/remotes/master [2ms]
2023-10-19 13:04:27.454 [info] > git status -z -uall [2ms]
2023-10-19 13:04:27.470 [info] > git config --get commit.template [8ms]
2023-10-19 13:04:27.471 [info] > git for-each-ref --format=%(refname)%00%(upstream:short)%00%(objectname)%00%(upstream:track)%00%(upstream:remotename)%00%(upstream:remoteref) refs/heads/master refs/remotes/master [2ms]
2023-10-19 13:04:27.477 [info] > git status -z -uall [1ms]
2023-10-19 13:04:27.935 [info] > git rev-parse --show-toplevel [4ms]
2023-10-19 13:04:28.030 [info] > git check-ignore -v -z --stdin [6ms]
2023-10-19 13:04:28.760 [info] > git config --get commit.template [11ms]
2023-10-19 13:04:28.761 [info] > git for-each-ref --format=%(refname)%00%(upstream:short)%00%(objectname)%00%(upstream:track)%00%(upstream:remotename)%00%(upstream:remoteref) refs/heads/main refs/remotes/main [2ms]
2023-10-19 13:04:28.770 [info] > git status -z -uall [2ms]
2023-10-19 13:04:39.603 [info] > git rev-parse --show-toplevel [2ms]
2023-10-19 13:04:49.616 [info] > git rev-parse --show-toplevel [1ms]
2023-10-19 13:04:56.318 [info] > git rev-parse --show-toplevel [5ms]
2023-10-19 13:06:47.641 [info] > git rev-parse --show-toplevel [1ms]
