[rospy.client][INFO] 2023-09-05 13:15:14,396: init_node, name[/joint_state_publisher], pid[5600]
[xmlrpc][INFO] 2023-09-05 13:15:14,396: XML-RPC server binding to 0.0.0.0:0
[xmlrpc][INFO] 2023-09-05 13:15:14,397: Started XML-RPC server [http://LAPTOP-CB8EFKQO:35205/]
[rospy.init][INFO] 2023-09-05 13:15:14,398: ROS Slave URI: [http://LAPTOP-CB8EFKQO:35205/]
[rospy.impl.masterslave][INFO] 2023-09-05 13:15:14,398: _ready: http://LAPTOP-CB8EFKQO:35205/
[xmlrpc][INFO] 2023-09-05 13:15:14,399: xml rpc node: starting XML-RPC server
[rospy.registration][INFO] 2023-09-05 13:15:14,400: Registering with master node http://localhost:11311
[rospy.init][INFO] 2023-09-05 13:15:14,498: registered with master
[rospy.rosout][INFO] 2023-09-05 13:15:14,499: initializing /rosout core topic
[rospy.rosout][INFO] 2023-09-05 13:15:14,504: connected to core topic /rosout
[rospy.simtime][INFO] 2023-09-05 13:15:14,505: /use_sim_time is not set, will not subscribe to simulated time [/clock] topic
[rospy.internal][INFO] 2023-09-05 13:15:14,643: topic[/move_group/fake_controller_joint_states] adding connection to [http://LAPTOP-CB8EFKQO:37235/], count 0
[rospy.internal][INFO] 2023-09-05 13:15:14,796: topic[/rosout] adding connection to [/rosout], count 0
[rospy.internal][INFO] 2023-09-05 13:15:14,823: topic[/joint_states] adding connection to [/robot_state_publisher], count 0
[rospy.internal][INFO] 2023-09-05 13:15:14,897: topic[/joint_states] adding connection to [/move_group], count 1
[rospy.core][INFO] 2023-09-05 13:16:46,565: signal_shutdown [signal-2]
[rospy.internal][INFO] 2023-09-05 13:16:46,571: topic[/joint_states] removing connection to /robot_state_publisher
[rospy.internal][INFO] 2023-09-05 13:16:46,572: topic[/joint_states] removing connection to /move_group
[rospy.internal][INFO] 2023-09-05 13:16:46,573: topic[/rosout] removing connection to /rosout
[rospy.internal][INFO] 2023-09-05 13:16:46,573: topic[/move_group/fake_controller_joint_states] removing connection to http://LAPTOP-CB8EFKQO:37235/
[rospy.impl.masterslave][INFO] 2023-09-05 13:16:46,575: signal-2
[rospy.core][INFO] 2023-09-05 13:16:46,677: signal_shutdown [atexit]
