

1693799165.939645109  Node Startup
1693799428.192903026 INFO /moveit_setup_assistant [/tmp/binarydeb/ros-melodic-moveit-setup-assistant-1.0.11/src/widgets/start_screen_widget.cpp:570(StartScreenWidget::loadURDFFile)] [topics: /rosout] Loaded Puma560 robot model.
1693799428.194375026 INFO /moveit_setup_assistant [/tmp/binarydeb/ros-melodic-moveit-setup-assistant-1.0.11/src/widgets/start_screen_widget.cpp:583(StartScreenWidget::loadURDFFile)] [topics: /rosout] Setting Param Server with Robot Description
1693799428.197073126 INFO /moveit_setup_assistant [/tmp/binarydeb/ros-melodic-moveit-setup-assistant-1.0.11/src/widgets/start_screen_widget.cpp:617(StartScreenWidget::setSRDFFile)] [topics: /rosout] Robot semantic model successfully loaded.
1693799428.197117826 INFO /moveit_setup_assistant [/tmp/binarydeb/ros-melodic-moveit-setup-assistant-1.0.11/src/widgets/start_screen_widget.cpp:630(StartScreenWidget::setSRDFFile)] [topics: /rosout] Setting Param Server with Robot Semantic Description
1693799428.209430326 INFO /moveit_setup_assistant [/tmp/binarydeb/ros-melodic-moveit-core-1.0.11/robot_model/src/robot_model.cpp:95(core::RobotModel::buildModel)] [topics: /rosout, /moveit_robot_state] Loading robot model 'Puma560'...
1693799428.209501326 INFO /moveit_setup_assistant [/tmp/binarydeb/ros-melodic-moveit-core-1.0.11/robot_model/src/robot_model.cpp:955(core::JointModel* moveit::core::RobotModel::constructJointModel)] [topics: /rosout, /moveit_robot_state] No root/virtual joint specified in SRDF. Assuming fixed joint
1693799428.407440630 INFO /moveit_setup_assistant [/tmp/binarydeb/ros-melodic-rviz-1.13.30/src/rviz/ogre_helpers/render_system.cpp:462(RenderWindow* rviz::RenderSystem::makeRenderWindow)] [topics: /rosout, /moveit_robot_state] Stereo is NOT SUPPORTED
1693799428.407525330 INFO /moveit_setup_assistant [/tmp/binarydeb/ros-melodic-rviz-1.13.30/src/rviz/ogre_helpers/render_system.cpp:183(RenderSystem::detectGlVersion)] [topics: /rosout, /moveit_robot_state] OpenGL device: llvmpipe (LLVM 10.0.0, 256 bits)
1693799428.407566030 INFO /moveit_setup_assistant [/tmp/binarydeb/ros-melodic-rviz-1.13.30/src/rviz/ogre_helpers/render_system.cpp:230(RenderSystem::detectGlVersion)] [topics: /rosout, /moveit_robot_state] OpenGl version: 3.1 (GLSL 1.4).
1693799428.597762334 INFO /moveit_setup_assistant [/tmp/binarydeb/ros-melodic-moveit-core-1.0.11/robot_model/src/robot_model.cpp:95(core::RobotModel::buildModel)] [topics: /rosout, /moveit_robot_state, /initialpose, /goal] Loading robot model 'Puma560'...
1693799428.597878134 INFO /moveit_setup_assistant [/tmp/binarydeb/ros-melodic-moveit-core-1.0.11/robot_model/src/robot_model.cpp:955(core::JointModel* moveit::core::RobotModel::constructJointModel)] [topics: /rosout, /moveit_robot_state, /initialpose, /goal] No root/virtual joint specified in SRDF. Assuming fixed joint
1693799428.897820040 INFO /moveit_setup_assistant [/tmp/binarydeb/ros-melodic-moveit-setup-assistant-1.0.11/src/widgets/start_screen_widget.cpp:540(StartScreenWidget::loadNewFiles)] [topics: /rosout, /moveit_robot_state, /initialpose, /goal] Loading Setup Assistant Complete
1693799462.536190249 INFO /moveit_setup_assistant [/tmp/binarydeb/ros-melodic-moveit-setup-assistant-1.0.11/src/tools/compute_default_collisions.cpp:255(LinkPairMap moveit_setup_assistant::computeDefaultCollisions)] [topics: /rosout, /moveit_robot_state, /initialpose, /goal] -------------------------------------------------------------------------------
1693799462.536258949 INFO /moveit_setup_assistant [/tmp/binarydeb/ros-melodic-moveit-setup-assistant-1.0.11/src/tools/compute_default_collisions.cpp:256(LinkPairMap moveit_setup_assistant::computeDefaultCollisions)] [topics: /rosout, /moveit_robot_state, /initialpose, /goal] Statistics:
1693799462.536293049 INFO /moveit_setup_assistant [/tmp/binarydeb/ros-melodic-moveit-setup-assistant-1.0.11/src/tools/compute_default_collisions.cpp:261(LinkPairMap moveit_setup_assistant::computeDefaultCollisions)] [topics: /rosout, /moveit_robot_state, /initialpose, /goal]      7 : Total Links
1693799462.536316849 INFO /moveit_setup_assistant [/tmp/binarydeb/ros-melodic-moveit-setup-assistant-1.0.11/src/tools/compute_default_collisions.cpp:262(LinkPairMap moveit_setup_assistant::computeDefaultCollisions)] [topics: /rosout, /moveit_robot_state, /initialpose, /goal]     21 : Total possible collisions
1693799462.536324949 INFO /moveit_setup_assistant [/tmp/binarydeb/ros-melodic-moveit-setup-assistant-1.0.11/src/tools/compute_default_collisions.cpp:263(LinkPairMap moveit_setup_assistant::computeDefaultCollisions)] [topics: /rosout, /moveit_robot_state, /initialpose, /goal]      0 : Always in collision
1693799462.536369249 INFO /moveit_setup_assistant [/tmp/binarydeb/ros-melodic-moveit-setup-assistant-1.0.11/src/tools/compute_default_collisions.cpp:264(LinkPairMap moveit_setup_assistant::computeDefaultCollisions)] [topics: /rosout, /moveit_robot_state, /initialpose, /goal]      3 : Never in collision
1693799462.536401249 INFO /moveit_setup_assistant [/tmp/binarydeb/ros-melodic-moveit-setup-assistant-1.0.11/src/tools/compute_default_collisions.cpp:265(LinkPairMap moveit_setup_assistant::computeDefaultCollisions)] [topics: /rosout, /moveit_robot_state, /initialpose, /goal]      0 : Default in collision
1693799462.536416049 INFO /moveit_setup_assistant [/tmp/binarydeb/ros-melodic-moveit-setup-assistant-1.0.11/src/tools/compute_default_collisions.cpp:266(LinkPairMap moveit_setup_assistant::computeDefaultCollisions)] [topics: /rosout, /moveit_robot_state, /initialpose, /goal]      6 : Adjacent links disabled
1693799462.536475649 INFO /moveit_setup_assistant [/tmp/binarydeb/ros-melodic-moveit-setup-assistant-1.0.11/src/tools/compute_default_collisions.cpp:267(LinkPairMap moveit_setup_assistant::computeDefaultCollisions)] [topics: /rosout, /moveit_robot_state, /initialpose, /goal]     12 : Sometimes in collision
1693799462.536537349 INFO /moveit_setup_assistant [/tmp/binarydeb/ros-melodic-moveit-setup-assistant-1.0.11/src/tools/compute_default_collisions.cpp:268(LinkPairMap moveit_setup_assistant::computeDefaultCollisions)] [topics: /rosout, /moveit_robot_state, /initialpose, /goal]      9 : TOTAL DISABLED
1693799462.536614849 INFO /moveit_setup_assistant [/tmp/binarydeb/ros-melodic-moveit-setup-assistant-1.0.11/src/widgets/default_collisions_widget.cpp:283(DefaultCollisionsWidget::generateCollisionTable)] [topics: /rosout, /moveit_robot_state, /initialpose, /goal] Thread complete 21
1693799484.413393567 INFO /moveit_setup_assistant [/tmp/binarydeb/ros-melodic-moveit-setup-assistant-1.0.11/src/tools/moveit_config_data.cpp:106(MoveItConfigData::updateRobotModel)] [topics: /rosout, /moveit_robot_state, /initialpose, /goal] Updating kinematic model
1693799484.413892267 INFO /moveit_setup_assistant [/tmp/binarydeb/ros-melodic-moveit-core-1.0.11/robot_model/src/robot_model.cpp:95(core::RobotModel::buildModel)] [topics: /rosout, /moveit_robot_state, /initialpose, /goal] Loading robot model 'Puma560'...
1693799484.442943467 INFO /moveit_setup_assistant [/tmp/binarydeb/ros-melodic-moveit-core-1.0.11/robot_model/src/robot_model.cpp:95(core::RobotModel::buildModel)] [topics: /rosout, /moveit_robot_state, /initialpose, /goal] Loading robot model 'Puma560'...
1693799484.443096367 INFO /moveit_setup_assistant [/tmp/binarydeb/ros-melodic-moveit-core-1.0.11/robot_model/src/robot_model.cpp:955(core::JointModel* moveit::core::RobotModel::constructJointModel)] [topics: /rosout, /moveit_robot_state, /initialpose, /goal] No root/virtual joint specified in SRDF. Assuming fixed joint
1693799513.936115702 INFO /moveit_setup_assistant [/tmp/binarydeb/ros-melodic-moveit-setup-assistant-1.0.11/src/tools/moveit_config_data.cpp:106(MoveItConfigData::updateRobotModel)] [topics: /rosout, /moveit_robot_state, /initialpose, /goal] Updating kinematic model
1693799513.936679202 INFO /moveit_setup_assistant [/tmp/binarydeb/ros-melodic-moveit-core-1.0.11/robot_model/src/robot_model.cpp:95(core::RobotModel::buildModel)] [topics: /rosout, /moveit_robot_state, /initialpose, /goal] Loading robot model 'Puma560'...
1693799527.178526525 INFO /moveit_setup_assistant [/tmp/binarydeb/ros-melodic-moveit-setup-assistant-1.0.11/src/tools/moveit_config_data.cpp:106(MoveItConfigData::updateRobotModel)] [topics: /rosout, /moveit_robot_state, /initialpose, /goal] Updating kinematic model
1693799527.179043725 INFO /moveit_setup_assistant [/tmp/binarydeb/ros-melodic-moveit-core-1.0.11/robot_model/src/robot_model.cpp:95(core::RobotModel::buildModel)] [topics: /rosout, /moveit_robot_state, /initialpose, /goal] Loading robot model 'Puma560'...
