[rospy.client][INFO] 2023-08-25 13:00:03,278: init_node, name[/joint_state_publisher], pid[14407]
[xmlrpc][INFO] 2023-08-25 13:00:03,279: XML-RPC server binding to 0.0.0.0:0
[xmlrpc][INFO] 2023-08-25 13:00:03,280: Started XML-RPC server [http://LAPTOP-CB8EFKQO:44569/]
[rospy.impl.masterslave][INFO] 2023-08-25 13:00:03,280: _ready: http://LAPTOP-CB8EFKQO:44569/
[rospy.init][INFO] 2023-08-25 13:00:03,280: ROS Slave URI: [http://LAPTOP-CB8EFKQO:44569/]
[xmlrpc][INFO] 2023-08-25 13:00:03,281: xml rpc node: starting XML-RPC server
[rospy.registration][INFO] 2023-08-25 13:00:03,281: Registering with master node http://localhost:11311
[rospy.init][INFO] 2023-08-25 13:00:03,381: registered with master
[rospy.rosout][INFO] 2023-08-25 13:00:03,381: initializing /rosout core topic
[rospy.rosout][INFO] 2023-08-25 13:00:03,385: connected to core topic /rosout
[rospy.simtime][INFO] 2023-08-25 13:00:03,387: /use_sim_time is not set, will not subscribe to simulated time [/clock] topic
[rospy.internal][INFO] 2023-08-25 13:00:03,573: topic[/move_group/fake_controller_joint_states] adding connection to [http://LAPTOP-CB8EFKQO:33863/], count 0
[rospy.internal][INFO] 2023-08-25 13:00:03,735: topic[/rosout] adding connection to [/rosout], count 0
[rospy.internal][INFO] 2023-08-25 13:00:03,760: topic[/joint_states] adding connection to [/robot_state_publisher], count 0
[rospy.internal][INFO] 2023-08-25 13:00:03,831: topic[/joint_states] adding connection to [/move_group], count 1
[rospy.internal][INFO] 2023-08-25 13:00:14,345: topic[/joint_states] adding connection to [/my_puma], count 2
[rospy.internal][INFO] 2023-08-25 13:01:23,348: topic[/joint_states] removing connection to /my_puma
[rospy.core][INFO] 2023-08-25 13:01:26,820: signal_shutdown [signal-2]
[rospy.internal][INFO] 2023-08-25 13:01:26,834: topic[/joint_states] removing connection to /robot_state_publisher
[rospy.internal][INFO] 2023-08-25 13:01:26,835: topic[/joint_states] removing connection to /move_group
[rospy.internal][INFO] 2023-08-25 13:01:26,836: topic[/rosout] removing connection to /rosout
[rospy.internal][INFO] 2023-08-25 13:01:26,836: topic[/move_group/fake_controller_joint_states] removing connection to http://LAPTOP-CB8EFKQO:33863/
[rospy.impl.masterslave][INFO] 2023-08-25 13:01:26,837: signal-2
[rospy.core][INFO] 2023-08-25 13:01:27,454: signal_shutdown [atexit]
