[rosmaster.main][INFO] 2023-09-25 12:39:28,217: initialization complete, waiting for shutdown
[rosmaster.main][INFO] 2023-09-25 12:39:28,217: Starting ROS Master Node
[xmlrpc][INFO] 2023-09-25 12:39:28,219: XML-RPC server binding to 0.0.0.0:11311
[xmlrpc][INFO] 2023-09-25 12:39:28,219: Started XML-RPC server [http://LAPTOP-CB8EFKQO:11311/]
[xmlrpc][INFO] 2023-09-25 12:39:28,219: xml rpc node: starting XML-RPC server
[rosmaster.master][INFO] 2023-09-25 12:39:28,219: Master initialized: port[11311], uri[http://LAPTOP-CB8EFKQO:11311/]
[rosmaster.master][INFO] 2023-09-25 12:39:28,315: +PARAM [/run_id] by /roslaunch
[rosmaster.master][INFO] 2023-09-25 12:39:28,320: +PARAM [/roslaunch/uris/host_laptop_cb8efkqo__40909] by /roslaunch
[rosmaster.master][INFO] 2023-09-25 12:39:28,538: +PUB [/rosout] /rqt_gui_py_node_3601 http://LAPTOP-CB8EFKQO:36501/
[rosmaster.master][INFO] 2023-09-25 12:39:28,540: +SERVICE [/rqt_gui_py_node_3601/get_loggers] /rqt_gui_py_node_3601 http://LAPTOP-CB8EFKQO:36501/
[rosmaster.master][INFO] 2023-09-25 12:39:28,541: +SERVICE [/rqt_gui_py_node_3601/set_logger_level] /rqt_gui_py_node_3601 http://LAPTOP-CB8EFKQO:36501/
[rosmaster.master][INFO] 2023-09-25 12:39:28,607: +PARAM [/rosversion] by /roslaunch
[rosmaster.master][INFO] 2023-09-25 12:39:28,607: +PARAM [/robot_description] by /roslaunch
[rosmaster.master][INFO] 2023-09-25 12:39:28,607: +PARAM [/rosdistro] by /roslaunch
[rosmaster.master][INFO] 2023-09-25 12:39:28,607: +PARAM [/tb3_model] by /roslaunch
[rosmaster.master][INFO] 2023-09-25 12:39:28,608: +PARAM [/robot_state_publisher/publish_frequency] by /roslaunch
[rosmaster.master][INFO] 2023-09-25 12:39:28,621: +SERVICE [/rosout/get_loggers] /rosout http://LAPTOP-CB8EFKQO:38393/
[rosmaster.master][INFO] 2023-09-25 12:39:28,623: +SERVICE [/rosout/set_logger_level] /rosout http://LAPTOP-CB8EFKQO:38393/
[rosmaster.master][INFO] 2023-09-25 12:39:28,625: +PUB [/rosout_agg] /rosout http://LAPTOP-CB8EFKQO:38393/
[rosmaster.master][INFO] 2023-09-25 12:39:28,631: +SUB [/rosout] /rosout http://LAPTOP-CB8EFKQO:38393/
[rosmaster.master][INFO] 2023-09-25 12:39:28,754: +PUB [/rosout] /robot_state_publisher http://LAPTOP-CB8EFKQO:38925/
[rosmaster.master][INFO] 2023-09-25 12:39:28,755: +SERVICE [/robot_state_publisher/get_loggers] /robot_state_publisher http://LAPTOP-CB8EFKQO:38925/
[rosmaster.master][INFO] 2023-09-25 12:39:28,755: +SERVICE [/robot_state_publisher/set_logger_level] /robot_state_publisher http://LAPTOP-CB8EFKQO:38925/
[rosmaster.master][INFO] 2023-09-25 12:39:28,759: +PUB [/tf] /robot_state_publisher http://LAPTOP-CB8EFKQO:38925/
[rosmaster.master][INFO] 2023-09-25 12:39:28,760: +PUB [/tf_static] /robot_state_publisher http://LAPTOP-CB8EFKQO:38925/
[rosmaster.master][INFO] 2023-09-25 12:39:28,767: +SUB [/joint_states] /robot_state_publisher http://LAPTOP-CB8EFKQO:38925/
[rosmaster.master][INFO] 2023-09-25 12:39:28,820: publisherUpdate[/rosout] -> http://LAPTOP-CB8EFKQO:38393/ ['http://LAPTOP-CB8EFKQO:36501/', 'http://LAPTOP-CB8EFKQO:38925/']
[rosmaster.master][INFO] 2023-09-25 12:39:28,836: publisherUpdate[/rosout] -> http://LAPTOP-CB8EFKQO:38393/ ['http://LAPTOP-CB8EFKQO:36501/', 'http://LAPTOP-CB8EFKQO:38925/']: sec=0.02, result=[1, '', 0]
[rosmaster.master][INFO] 2023-09-25 12:39:28,942: +PUB [/rosout] /rviz http://LAPTOP-CB8EFKQO:36727/
[rosmaster.master][INFO] 2023-09-25 12:39:28,943: +SERVICE [/rviz/get_loggers] /rviz http://LAPTOP-CB8EFKQO:36727/
[rosmaster.master][INFO] 2023-09-25 12:39:28,944: +SERVICE [/rviz/set_logger_level] /rviz http://LAPTOP-CB8EFKQO:36727/
[rosmaster.master][INFO] 2023-09-25 12:39:28,945: +CACHEDPARAM [/rosout_disable_topics_generation] by /rviz
[rosmaster.master][INFO] 2023-09-25 12:39:29,003: +SERVICE [/rqt_gui_py_node_3601/tf2_frames] /rqt_gui_py_node_3601 http://LAPTOP-CB8EFKQO:36501/
[rosmaster.master][INFO] 2023-09-25 12:39:29,005: +SUB [/tf] /rqt_gui_py_node_3601 http://LAPTOP-CB8EFKQO:36501/
[rosmaster.master][INFO] 2023-09-25 12:39:29,007: +SUB [/tf_static] /rqt_gui_py_node_3601 http://LAPTOP-CB8EFKQO:36501/
[rosmaster.master][INFO] 2023-09-25 12:39:29,021: publisherUpdate[/rosout] -> http://LAPTOP-CB8EFKQO:38393/ ['http://LAPTOP-CB8EFKQO:36501/', 'http://LAPTOP-CB8EFKQO:38925/', 'http://LAPTOP-CB8EFKQO:36727/']
[rosmaster.master][INFO] 2023-09-25 12:39:29,032: publisherUpdate[/rosout] -> http://LAPTOP-CB8EFKQO:38393/ ['http://LAPTOP-CB8EFKQO:36501/', 'http://LAPTOP-CB8EFKQO:38925/', 'http://LAPTOP-CB8EFKQO:36727/']: sec=0.01, result=[1, '', 0]
[rosmaster.master][INFO] 2023-09-25 12:39:29,139: +SUB [/tf] /rviz http://LAPTOP-CB8EFKQO:36727/
[rosmaster.master][INFO] 2023-09-25 12:39:29,143: +SUB [/tf_static] /rviz http://LAPTOP-CB8EFKQO:36727/
[rosmaster.master][INFO] 2023-09-25 12:39:29,180: +PUB [/initialpose] /rviz http://LAPTOP-CB8EFKQO:36727/
[rosmaster.master][INFO] 2023-09-25 12:39:29,182: +PUB [/goal] /rviz http://LAPTOP-CB8EFKQO:36727/
[rosmaster.master][INFO] 2023-09-25 12:39:29,234: +CACHEDPARAM [/rosout/omit_topics] by /rosout
[rosmaster.master][INFO] 2023-09-25 12:39:29,343: +SUB [/odom] /rviz http://LAPTOP-CB8EFKQO:36727/
[rosmaster.master][INFO] 2023-09-25 12:39:29,344: -PUB [/goal] /rviz http://LAPTOP-CB8EFKQO:36727/
[rosmaster.master][INFO] 2023-09-25 12:39:29,345: -PUB [/initialpose] /rviz http://LAPTOP-CB8EFKQO:36727/
[rosmaster.master][INFO] 2023-09-25 12:39:29,348: +PUB [/initialpose] /rviz http://LAPTOP-CB8EFKQO:36727/
[rosmaster.master][INFO] 2023-09-25 12:39:29,349: +PUB [/goal] /rviz http://LAPTOP-CB8EFKQO:36727/
[rosmaster.master][INFO] 2023-09-25 12:39:29,350: +PUB [/move_base_simple/goal] /rviz http://LAPTOP-CB8EFKQO:36727/
[rosmaster.master][INFO] 2023-09-25 12:39:29,350: -PUB [/goal] /rviz http://LAPTOP-CB8EFKQO:36727/
[rosmaster.master][INFO] 2023-09-25 12:39:29,351: +PUB [/clicked_point] /rviz http://LAPTOP-CB8EFKQO:36727/
[rosmaster.master][INFO] 2023-09-25 12:39:29,380: +SERVICE [/rviz/reload_shaders] /rviz http://LAPTOP-CB8EFKQO:36727/
[rosmaster.master][INFO] 2023-09-25 12:39:29,381: +SERVICE [/rviz/load_config] /rviz http://LAPTOP-CB8EFKQO:36727/
[rosmaster.master][INFO] 2023-09-25 12:39:29,382: +SERVICE [/rviz/save_config] /rviz http://LAPTOP-CB8EFKQO:36727/
[rosmaster.master][INFO] 2023-09-25 12:39:47,022: -SUB [/tf_static] /rqt_gui_py_node_3601 http://LAPTOP-CB8EFKQO:36501/
[rosmaster.master][INFO] 2023-09-25 12:39:47,023: -SUB [/tf] /rqt_gui_py_node_3601 http://LAPTOP-CB8EFKQO:36501/
[rosmaster.master][INFO] 2023-09-25 12:39:47,024: -PUB [/rosout] /rqt_gui_py_node_3601 http://LAPTOP-CB8EFKQO:36501/
[rosmaster.master][INFO] 2023-09-25 12:39:47,025: -SERVICE [/rqt_gui_py_node_3601/tf2_frames] /rqt_gui_py_node_3601 rosrpc://LAPTOP-CB8EFKQO:41463
[rosmaster.master][INFO] 2023-09-25 12:39:47,025: -SERVICE [/rqt_gui_py_node_3601/set_logger_level] /rqt_gui_py_node_3601 rosrpc://LAPTOP-CB8EFKQO:41463
[rosmaster.master][INFO] 2023-09-25 12:39:47,028: -SERVICE [/rqt_gui_py_node_3601/get_loggers] /rqt_gui_py_node_3601 rosrpc://LAPTOP-CB8EFKQO:41463
[rosmaster.master][INFO] 2023-09-25 12:39:47,096: publisherUpdate[/rosout] -> http://LAPTOP-CB8EFKQO:38393/ ['http://LAPTOP-CB8EFKQO:38925/', 'http://LAPTOP-CB8EFKQO:36727/']
[rosmaster.master][INFO] 2023-09-25 12:39:47,147: publisherUpdate[/rosout] -> http://LAPTOP-CB8EFKQO:38393/ ['http://LAPTOP-CB8EFKQO:38925/', 'http://LAPTOP-CB8EFKQO:36727/']: sec=0.05, result=[1, '', 0]
[rosmaster.master][INFO] 2023-09-25 12:39:48,716: -SUB [/odom] /rviz http://LAPTOP-CB8EFKQO:36727/
[rosmaster.master][INFO] 2023-09-25 12:39:48,724: -PUB [/clicked_point] /rviz http://LAPTOP-CB8EFKQO:36727/
[rosmaster.master][INFO] 2023-09-25 12:39:48,730: -PUB [/move_base_simple/goal] /rviz http://LAPTOP-CB8EFKQO:36727/
[rosmaster.master][INFO] 2023-09-25 12:39:48,733: -PUB [/initialpose] /rviz http://LAPTOP-CB8EFKQO:36727/
[rosmaster.master][INFO] 2023-09-25 12:39:48,737: -SUB [/tf_static] /rviz http://LAPTOP-CB8EFKQO:36727/
[rosmaster.master][INFO] 2023-09-25 12:39:48,740: -SUB [/tf] /rviz http://LAPTOP-CB8EFKQO:36727/
[rosmaster.master][INFO] 2023-09-25 12:39:48,744: -SERVICE [/rviz/save_config] /rviz rosrpc://LAPTOP-CB8EFKQO:39635
[rosmaster.master][INFO] 2023-09-25 12:39:48,746: -SERVICE [/rviz/load_config] /rviz rosrpc://LAPTOP-CB8EFKQO:39635
[rosmaster.master][INFO] 2023-09-25 12:39:48,747: -SERVICE [/rviz/reload_shaders] /rviz rosrpc://LAPTOP-CB8EFKQO:39635
[rosmaster.master][INFO] 2023-09-25 12:39:48,910: -PUB [/rosout] /rviz http://LAPTOP-CB8EFKQO:36727/
[rosmaster.master][INFO] 2023-09-25 12:39:48,913: -SERVICE [/rviz/get_loggers] /rviz rosrpc://LAPTOP-CB8EFKQO:39635
[rosmaster.master][INFO] 2023-09-25 12:39:48,916: -SERVICE [/rviz/set_logger_level] /rviz rosrpc://LAPTOP-CB8EFKQO:39635
[rosmaster.master][INFO] 2023-09-25 12:39:48,917: -CACHEDPARAM [/rosout_disable_topics_generation] by /rviz
[rosmaster.master][INFO] 2023-09-25 12:39:48,919: publisherUpdate[/rosout] -> http://LAPTOP-CB8EFKQO:38393/ ['http://LAPTOP-CB8EFKQO:38925/']
[rosmaster.master][INFO] 2023-09-25 12:39:48,922: publisherUpdate[/rosout] -> http://LAPTOP-CB8EFKQO:38393/ ['http://LAPTOP-CB8EFKQO:38925/']: sec=0.00, result=[1, '', 0]
[rosmaster.master][INFO] 2023-09-25 12:40:25,738: -PUB [/rosout] /robot_state_publisher http://LAPTOP-CB8EFKQO:38925/
[rosmaster.master][INFO] 2023-09-25 12:40:25,739: -PUB [/tf] /robot_state_publisher http://LAPTOP-CB8EFKQO:38925/
[rosmaster.master][INFO] 2023-09-25 12:40:25,739: -PUB [/tf_static] /robot_state_publisher http://LAPTOP-CB8EFKQO:38925/
[rosmaster.master][INFO] 2023-09-25 12:40:25,740: -SUB [/joint_states] /robot_state_publisher http://LAPTOP-CB8EFKQO:38925/
[rosmaster.master][INFO] 2023-09-25 12:40:25,741: -SERVICE [/robot_state_publisher/get_loggers] /robot_state_publisher rosrpc://LAPTOP-CB8EFKQO:35491
[rosmaster.master][INFO] 2023-09-25 12:40:25,742: -SERVICE [/robot_state_publisher/set_logger_level] /robot_state_publisher rosrpc://LAPTOP-CB8EFKQO:35491
[rosmaster.master][INFO] 2023-09-25 12:40:25,764: publisherUpdate[/rosout] -> http://LAPTOP-CB8EFKQO:38393/ []
[rosmaster.master][INFO] 2023-09-25 12:40:25,765: publisherUpdate[/rosout] -> http://LAPTOP-CB8EFKQO:38393/ []: sec=0.00, result=[1, '', 0]
[rosmaster.master][INFO] 2023-09-25 12:40:25,866: -PUB [/rosout_agg] /rosout http://LAPTOP-CB8EFKQO:38393/
[rosmaster.master][INFO] 2023-09-25 12:40:25,867: -SUB [/rosout] /rosout http://LAPTOP-CB8EFKQO:38393/
[rosmaster.master][INFO] 2023-09-25 12:40:25,867: -SERVICE [/rosout/get_loggers] /rosout rosrpc://LAPTOP-CB8EFKQO:48033
[rosmaster.master][INFO] 2023-09-25 12:40:25,868: -SERVICE [/rosout/set_logger_level] /rosout rosrpc://LAPTOP-CB8EFKQO:48033
[rosmaster.master][INFO] 2023-09-25 12:40:25,868: -CACHEDPARAM [/rosout/omit_topics] by /rosout
[rosmaster.main][INFO] 2023-09-25 12:40:25,891: keyboard interrupt, will exit
[rosmaster.main][INFO] 2023-09-25 12:40:25,891: stopping master...
[rospy.core][INFO] 2023-09-25 12:40:25,891: signal_shutdown [atexit]
