[rospy.client][INFO] 2023-09-05 20:45:08,257: init_node, name[/joint_state_publisher], pid[2340]
[xmlrpc][INFO] 2023-09-05 20:45:08,257: XML-RPC server binding to 0.0.0.0:0
[xmlrpc][INFO] 2023-09-05 20:45:08,258: Started XML-RPC server [http://LAPTOP-CB8EFKQO:40775/]
[rospy.init][INFO] 2023-09-05 20:45:08,259: ROS Slave URI: [http://LAPTOP-CB8EFKQO:40775/]
[rospy.impl.masterslave][INFO] 2023-09-05 20:45:08,259: _ready: http://LAPTOP-CB8EFKQO:40775/
[xmlrpc][INFO] 2023-09-05 20:45:08,260: xml rpc node: starting XML-RPC server
[rospy.registration][INFO] 2023-09-05 20:45:08,261: Registering with master node http://localhost:11311
[rospy.init][INFO] 2023-09-05 20:45:08,359: registered with master
[rospy.rosout][INFO] 2023-09-05 20:45:08,360: initializing /rosout core topic
[rospy.rosout][INFO] 2023-09-05 20:45:08,364: connected to core topic /rosout
[rospy.simtime][INFO] 2023-09-05 20:45:08,365: /use_sim_time is not set, will not subscribe to simulated time [/clock] topic
[rospy.internal][INFO] 2023-09-05 20:45:08,553: topic[/move_group/fake_controller_joint_states] adding connection to [http://LAPTOP-CB8EFKQO:39635/], count 0
[rospy.internal][INFO] 2023-09-05 20:45:08,596: topic[/joint_states] adding connection to [/robot_state_publisher], count 0
[rospy.internal][INFO] 2023-09-05 20:45:08,604: topic[/rosout] adding connection to [/rosout], count 0
[rospy.internal][INFO] 2023-09-05 20:45:08,654: topic[/joint_states] adding connection to [/move_group], count 1
[rospy.core][INFO] 2023-09-05 20:48:25,711: signal_shutdown [signal-2]
[rospy.internal][INFO] 2023-09-05 20:48:25,716: topic[/joint_states] removing connection to /robot_state_publisher
[rospy.internal][INFO] 2023-09-05 20:48:25,716: topic[/joint_states] removing connection to /move_group
[rospy.internal][INFO] 2023-09-05 20:48:25,717: topic[/rosout] removing connection to /rosout
[rospy.internal][INFO] 2023-09-05 20:48:25,717: topic[/move_group/fake_controller_joint_states] removing connection to http://LAPTOP-CB8EFKQO:39635/
[rospy.impl.masterslave][INFO] 2023-09-05 20:48:25,719: signal-2
[rospy.core][INFO] 2023-09-05 20:48:25,853: signal_shutdown [atexit]
