[rospy.client][INFO] 2023-09-20 13:02:36,875: init_node, name[/open_base/controller_spawner], pid[10226]
[xmlrpc][INFO] 2023-09-20 13:02:36,876: XML-RPC server binding to 0.0.0.0:0
[xmlrpc][INFO] 2023-09-20 13:02:36,877: Started XML-RPC server [http://LAPTOP-CB8EFKQO:45801/]
[rospy.impl.masterslave][INFO] 2023-09-20 13:02:36,877: _ready: http://LAPTOP-CB8EFKQO:45801/
[xmlrpc][INFO] 2023-09-20 13:02:36,879: xml rpc node: starting XML-RPC server
[rospy.init][INFO] 2023-09-20 13:02:36,878: ROS Slave URI: [http://LAPTOP-CB8EFKQO:45801/]
[rospy.registration][INFO] 2023-09-20 13:02:36,880: Registering with master node http://localhost:11311
[rospy.init][INFO] 2023-09-20 13:02:36,980: registered with master
[rospy.rosout][INFO] 2023-09-20 13:02:36,980: initializing /rosout core topic
[rospy.rosout][INFO] 2023-09-20 13:02:36,983: connected to core topic /rosout
[rospy.simtime][INFO] 2023-09-20 13:02:36,984: /use_sim_time is not set, will not subscribe to simulated time [/clock] topic
[rosout][INFO] 2023-09-20 13:02:36,987: Controller Spawner: Waiting for service controller_manager/load_controller
[rospy.internal][INFO] 2023-09-20 13:02:37,277: topic[/rosout] adding connection to [/rosout], count 0
[rosout][WARNING] 2023-09-20 13:03:07,231: Controller Spawner couldn't find the expected controller_manager ROS interface.
[rospy.core][INFO] 2023-09-20 13:03:07,233: signal_shutdown [atexit]
[rospy.internal][INFO] 2023-09-20 13:03:07,236: topic[/rosout] removing connection to /rosout
[rospy.impl.masterslave][INFO] 2023-09-20 13:03:07,236: atexit
[rospy.client][INFO] 2023-09-20 13:06:37,887: init_node, name[/open_base/controller_spawner], pid[10781]
[xmlrpc][INFO] 2023-09-20 13:06:37,888: XML-RPC server binding to 0.0.0.0:0
[xmlrpc][INFO] 2023-09-20 13:06:37,889: Started XML-RPC server [http://LAPTOP-CB8EFKQO:40249/]
[rospy.init][INFO] 2023-09-20 13:06:37,889: ROS Slave URI: [http://LAPTOP-CB8EFKQO:40249/]
[rospy.impl.masterslave][INFO] 2023-09-20 13:06:37,889: _ready: http://LAPTOP-CB8EFKQO:40249/
[rospy.registration][INFO] 2023-09-20 13:06:37,890: Registering with master node http://localhost:11311
[xmlrpc][INFO] 2023-09-20 13:06:37,891: xml rpc node: starting XML-RPC server
[rospy.init][INFO] 2023-09-20 13:06:37,990: registered with master
[rospy.rosout][INFO] 2023-09-20 13:06:37,990: initializing /rosout core topic
[rospy.rosout][INFO] 2023-09-20 13:06:37,994: connected to core topic /rosout
[rospy.simtime][INFO] 2023-09-20 13:06:37,995: /use_sim_time is not set, will not subscribe to simulated time [/clock] topic
[rosout][INFO] 2023-09-20 13:06:37,998: Controller Spawner: Waiting for service controller_manager/load_controller
[rospy.internal][INFO] 2023-09-20 13:06:38,287: topic[/rosout] adding connection to [/rosout], count 0
[rosout][WARNING] 2023-09-20 13:07:08,238: Controller Spawner couldn't find the expected controller_manager ROS interface.
[rospy.core][INFO] 2023-09-20 13:07:08,243: signal_shutdown [atexit]
[rospy.internal][INFO] 2023-09-20 13:07:08,250: topic[/rosout] removing connection to /rosout
[rospy.impl.masterslave][INFO] 2023-09-20 13:07:08,251: atexit
