2023-09-29 23:08:54.717 [info] 로그 수준: Info
2023-09-29 23:08:54.717 [info] "git"에서 찾은 git 유효성을 검사하는 중
2023-09-29 23:08:54.717 [info] "2.17.1"에서 git "git"을(를) 사용하는 중
2023-09-29 23:08:54.717 [info] > git rev-parse --show-toplevel [108ms]
2023-09-29 23:08:54.737 [info] > git rev-parse --show-toplevel [3ms]
2023-09-29 23:08:54.749 [info] > git rev-parse --git-dir --git-common-dir [4ms]
2023-09-29 23:08:54.762 [info] Open repository: /home/jinsu_park/catkin_ws/src/turtlebot3_simulations
2023-09-29 23:08:54.896 [info] > git rev-parse --show-toplevel [4ms]
2023-09-29 23:08:54.898 [info] > git config --get commit.template [10ms]
2023-09-29 23:08:54.936 [info] > git for-each-ref --format=%(refname)%00%(upstream:short)%00%(objectname)%00%(upstream:track)%00%(upstream:remotename)%00%(upstream:remoteref) refs/heads/robotics-course refs/remotes/robotics-course [30ms]
2023-09-29 23:08:54.969 [info] > git rev-parse --show-toplevel [55ms]
2023-09-29 23:08:54.993 [info] > git rev-parse --show-toplevel [4ms]
2023-09-29 23:08:55.270 [info] > git status -z -uall [323ms]
2023-09-29 23:08:55.274 [info] > git rev-parse --show-toplevel [34ms]
2023-09-29 23:08:55.316 [info] > git rev-parse --show-toplevel [8ms]
2023-09-29 23:08:55.317 [info] > git config --get commit.template [23ms]
2023-09-29 23:08:55.340 [info] > git for-each-ref --format=%(refname)%00%(upstream:short)%00%(objectname)%00%(upstream:track)%00%(upstream:remotename)%00%(upstream:remoteref) refs/heads/robotics-course refs/remotes/robotics-course [14ms]
2023-09-29 23:08:55.348 [info] > git rev-parse --show-toplevel [10ms]
2023-09-29 23:08:55.367 [info] > git status -z -uall [21ms]
2023-09-29 23:08:55.368 [info] > git rev-parse --show-toplevel [10ms]
2023-09-29 23:08:55.559 [info] > git rev-parse --show-toplevel [172ms]
2023-09-29 23:08:55.571 [info] > git check-ignore -v -z --stdin [100ms]
2023-09-29 23:08:55.579 [info] > git rev-parse --show-toplevel [1ms]
2023-09-29 23:08:55.610 [info] > git rev-parse --show-toplevel [22ms]
2023-09-29 23:08:55.626 [info] > git rev-parse --show-toplevel [4ms]
2023-09-29 23:08:55.642 [info] > git rev-parse --show-toplevel [2ms]
2023-09-29 23:08:55.655 [info] > git rev-parse --show-toplevel [1ms]
2023-09-29 23:08:55.663 [info] > git rev-parse --show-toplevel [1ms]
2023-09-29 23:08:55.672 [info] > git rev-parse --show-toplevel [1ms]
2023-09-29 23:08:55.695 [info] > git rev-parse --show-toplevel [16ms]
2023-09-29 23:08:55.733 [info] > git rev-parse --show-toplevel [9ms]
2023-09-29 23:08:55.773 [info] > git show --textconv :turtlebot3_fake/msg/WheelMsg.msg [19ms]
2023-09-29 23:08:55.774 [info] > git ls-files --stage -- /home/jinsu_park/catkin_ws/src/turtlebot3_simulations/turtlebot3_fake/msg/WheelMsg.msg [14ms]
2023-09-29 23:08:55.785 [info] > git cat-file -s 261db449326f9f1df712f44035d7759102f2a2a4 [5ms]
2023-09-29 23:08:55.788 [info] > git rev-parse --show-toplevel [20ms]
2023-09-29 23:08:56.056 [info] > git check-ignore -v -z --stdin [0ms]
2023-09-29 23:21:41.729 [info] > git rev-parse --show-toplevel [1ms]
2023-09-29 23:21:50.005 [info] > git rev-parse --show-toplevel [1ms]
2023-09-29 23:21:57.548 [info] > git rev-parse --show-toplevel [0ms]
2023-09-29 23:22:01.923 [info] > git rev-parse --show-toplevel [1ms]
2023-09-29 23:22:14.853 [info] > git rev-parse --show-toplevel [1ms]
2023-09-29 23:22:15.539 [info] > git rev-parse --show-toplevel [2ms]
2023-09-29 23:22:18.051 [info] > git rev-parse --show-toplevel [1ms]
2023-09-29 23:48:52.653 [info] > git rev-parse --show-toplevel [1ms]
2023-09-29 23:50:19.832 [info] > git rev-parse --show-toplevel [1ms]
2023-09-29 23:50:32.820 [info] > git rev-parse --show-toplevel [1ms]
2023-09-29 23:50:47.289 [info] > git rev-parse --show-toplevel [1ms]
2023-09-29 23:52:14.954 [info] > git rev-parse --show-toplevel [1ms]
2023-09-29 23:54:37.272 [info] > git rev-parse --show-toplevel [2ms]
2023-09-29 23:56:07.448 [info] > git rev-parse --show-toplevel [0ms]
2023-09-29 23:56:09.318 [info] > git rev-parse --show-toplevel [2ms]
2023-09-29 23:56:10.842 [info] > git rev-parse --show-toplevel [2ms]
2023-09-29 23:56:12.427 [info] > git rev-parse --show-toplevel [3ms]
2023-09-29 23:56:15.277 [info] > git rev-parse --show-toplevel [1ms]
2023-09-29 23:56:16.524 [info] > git rev-parse --show-toplevel [1ms]
2023-09-29 23:56:44.193 [info] > git rev-parse --show-toplevel [1ms]
2023-09-30 00:20:49.856 [info] > git rev-parse --show-toplevel [6ms]
2023-09-30 00:21:03.173 [info] > git rev-parse --show-toplevel [1ms]
2023-09-30 00:21:12.369 [info] > git rev-parse --show-toplevel [1ms]
2023-09-30 00:21:15.094 [info] > git rev-parse --show-toplevel [1ms]
2023-09-30 00:21:20.682 [info] > git rev-parse --show-toplevel [1ms]
2023-09-30 00:21:53.159 [info] > git rev-parse --show-toplevel [1ms]
2023-09-30 00:22:05.520 [info] > git rev-parse --show-toplevel [1ms]
2023-09-30 00:22:08.281 [info] > git rev-parse --show-toplevel [1ms]
2023-09-30 00:22:12.271 [info] > git rev-parse --show-toplevel [2ms]
2023-09-30 00:22:36.602 [info] > git rev-parse --show-toplevel [1ms]
2023-09-30 00:22:45.755 [info] > git rev-parse --show-toplevel [1ms]
2023-09-30 00:28:40.639 [info] > git rev-parse --show-toplevel [1ms]
2023-09-30 00:47:30.605 [info] > git rev-parse --show-toplevel [1ms]
2023-09-30 00:47:43.991 [info] > git rev-parse --show-toplevel [1ms]
2023-09-30 00:47:47.046 [info] > git rev-parse --show-toplevel [1ms]
2023-09-30 00:47:48.813 [info] > git rev-parse --show-toplevel [4ms]
2023-09-30 00:47:55.039 [info] > git rev-parse --show-toplevel [1ms]
2023-09-30 00:48:00.316 [info] > git rev-parse --show-toplevel [2ms]
