2023-09-05 20:37:40.026 [info] 로그 수준: Info
2023-09-05 20:37:40.026 [info] "git"에서 찾은 git 유효성을 검사하는 중
2023-09-05 20:37:40.026 [info] "2.17.1"에서 git "git"을(를) 사용하는 중
2023-09-05 20:37:40.026 [info] > git rev-parse --show-toplevel [18ms]
2023-09-05 20:37:40.026 [info] fatal: not a git repository (or any of the parent directories): .git
2023-09-05 20:37:40.063 [info] > git rev-parse --show-toplevel [19ms]
2023-09-05 20:37:40.063 [info] fatal: not a git repository (or any of the parent directories): .git
2023-09-05 20:37:40.092 [info] > git rev-parse --show-toplevel [22ms]
2023-09-05 20:37:40.092 [info] fatal: not a git repository (or any of the parent directories): .git
2023-09-05 20:37:40.100 [info] > git rev-parse --show-toplevel [2ms]
2023-09-05 20:37:40.101 [info] fatal: not a git repository (or any of the parent directories): .git
2023-09-05 20:37:40.287 [info] > git rev-parse --show-toplevel [162ms]
2023-09-05 20:37:40.304 [info] > git rev-parse --git-dir --git-common-dir [9ms]
2023-09-05 20:37:40.355 [info] Open repository: /home/jinsu_park/catkin_ws/src/puma560_description
2023-09-05 20:37:40.378 [info] > git config --get commit.template [13ms]
2023-09-05 20:37:40.400 [info] > git rev-parse --show-toplevel [13ms]
2023-09-05 20:37:40.400 [info] fatal: not a git repository (or any of the parent directories): .git
2023-09-05 20:37:40.410 [info] > git rev-parse --show-toplevel [2ms]
2023-09-05 20:37:40.410 [info] fatal: not a git repository (or any of the parent directories): .git
2023-09-05 20:37:40.411 [info] > git for-each-ref --format=%(refname)%00%(upstream:short)%00%(objectname)%00%(upstream:track)%00%(upstream:remotename)%00%(upstream:remoteref) refs/heads/master refs/remotes/master [13ms]
2023-09-05 20:37:40.439 [info] > git rev-parse --show-toplevel [3ms]
2023-09-05 20:37:40.439 [info] fatal: not a git repository (or any of the parent directories): .git
2023-09-05 20:37:40.460 [info] > git rev-parse --show-toplevel [6ms]
2023-09-05 20:37:40.460 [info] fatal: not a git repository (or any of the parent directories): .git
2023-09-05 20:37:40.475 [info] > git rev-parse --show-toplevel [4ms]
2023-09-05 20:37:40.475 [info] fatal: not a git repository (or any of the parent directories): .git
2023-09-05 20:37:40.482 [info] > git status -z -uall [59ms]
2023-09-05 20:37:40.506 [info] > git config --get commit.template [5ms]
2023-09-05 20:37:40.515 [info] > git for-each-ref --format=%(refname)%00%(upstream:short)%00%(objectname)%00%(upstream:track)%00%(upstream:remotename)%00%(upstream:remoteref) refs/heads/master refs/remotes/master [2ms]
2023-09-05 20:37:40.548 [info] > git status -z -uall [22ms]
2023-09-05 20:37:40.678 [info] > git rev-parse --show-toplevel [1ms]
2023-09-05 20:37:40.679 [info] fatal: not a git repository (or any of the parent directories): .git
2023-09-05 20:37:40.982 [info] > git check-ignore -v -z --stdin [1ms]
2023-09-05 20:46:45.709 [info] > git rev-parse --show-toplevel [1ms]
2023-09-05 20:46:45.709 [info] fatal: not a git repository (or any of the parent directories): .git
2023-09-05 20:49:09.324 [info] > git rev-parse --show-toplevel [1ms]
2023-09-05 20:49:09.324 [info] fatal: not a git repository (or any of the parent directories): .git
