2023-09-09 18:28:05.897 [info] 로그 수준: Info
2023-09-09 18:28:05.897 [info] "git"에서 찾은 git 유효성을 검사하는 중
2023-09-09 18:28:05.897 [info] "2.17.1"에서 git "git"을(를) 사용하는 중
2023-09-09 18:28:05.897 [info] > git rev-parse --show-toplevel [4ms]
2023-09-09 18:28:05.897 [info] > git rev-parse --git-dir --git-common-dir [4ms]
2023-09-09 18:28:05.897 [info] Open repository: /home/jinsu_park/My-project
2023-09-09 18:28:05.926 [info] > git rev-parse --show-toplevel [11ms]
2023-09-09 18:28:05.927 [info] > git config --get commit.template [24ms]
2023-09-09 18:28:05.943 [info] > git for-each-ref --format=%(refname)%00%(upstream:short)%00%(objectname)%00%(upstream:track)%00%(upstream:remotename)%00%(upstream:remoteref) refs/heads/main refs/remotes/main [2ms]
2023-09-09 18:28:05.949 [info] > git rev-parse --git-dir --git-common-dir [13ms]
2023-09-09 18:28:05.954 [info] Open repository: /home/jinsu_park/My-project-1
2023-09-09 18:28:05.968 [info] > git status -z -uall [19ms]
2023-09-09 18:28:06.008 [info] > git config --get commit.template [41ms]
2023-09-09 18:28:06.009 [info] > git config --get commit.template [6ms]
2023-09-09 18:28:06.023 [info] > git for-each-ref --format=%(refname)%00%(upstream:short)%00%(objectname)%00%(upstream:track)%00%(upstream:remotename)%00%(upstream:remoteref) refs/heads/main refs/remotes/main [7ms]
2023-09-09 18:28:06.030 [info] > git for-each-ref --format=%(refname)%00%(upstream:short)%00%(objectname)%00%(upstream:track)%00%(upstream:remotename)%00%(upstream:remoteref) refs/heads/main refs/remotes/main [10ms]
2023-09-09 18:28:06.038 [info] > git status -z -uall [10ms]
2023-09-09 18:28:06.052 [info] > git status -z -uall [14ms]
2023-09-09 18:28:06.083 [info] > git config --get commit.template [32ms]
2023-09-09 18:28:06.090 [info] > git for-each-ref --format=%(refname)%00%(upstream:short)%00%(objectname)%00%(upstream:track)%00%(upstream:remotename)%00%(upstream:remoteref) refs/heads/main refs/remotes/main [1ms]
2023-09-09 18:28:06.095 [info] > git status -z -uall [1ms]
2023-09-09 18:28:06.514 [info] > git check-ignore -v -z --stdin [5ms]
2023-09-09 18:28:06.515 [info] > git check-ignore -v -z --stdin [2ms]
2023-09-09 18:28:18.440 [info] > git check-ignore -v -z --stdin [1ms]
2023-09-09 18:28:19.770 [info] > git check-ignore -v -z --stdin [3ms]
