2023-09-09 18:34:39.195 [info] 로그 수준: Info
2023-09-09 18:34:39.195 [info] "git"에서 찾은 git 유효성을 검사하는 중
2023-09-09 18:34:39.195 [info] "2.17.1"에서 git "git"을(를) 사용하는 중
2023-09-09 18:34:39.195 [info] > git rev-parse --show-toplevel [4ms]
2023-09-09 18:34:39.195 [info] fatal: not a git repository (or any of the parent directories): .git
2023-09-09 18:34:39.195 [info] > git rev-parse --show-toplevel [3ms]
2023-09-09 18:34:39.195 [info] fatal: not a git repository (or any of the parent directories): .git
2023-09-09 18:34:39.200 [info] > git rev-parse --show-toplevel [2ms]
2023-09-09 18:34:39.200 [info] fatal: not a git repository (or any of the parent directories): .git
2023-09-09 18:34:39.211 [info] > git rev-parse --show-toplevel [6ms]
2023-09-09 18:34:39.212 [info] fatal: not a git repository (or any of the parent directories): .git
2023-09-09 18:34:39.218 [info] > git rev-parse --show-toplevel [0ms]
2023-09-09 18:34:39.218 [info] fatal: not a git repository (or any of the parent directories): .git
2023-09-09 18:34:39.223 [info] > git rev-parse --show-toplevel [1ms]
2023-09-09 18:34:39.223 [info] fatal: not a git repository (or any of the parent directories): .git
2023-09-09 18:34:39.227 [info] > git rev-parse --show-toplevel [1ms]
2023-09-09 18:34:39.227 [info] fatal: not a git repository (or any of the parent directories): .git
2023-09-09 18:34:39.232 [info] > git rev-parse --show-toplevel [1ms]
2023-09-09 18:34:39.232 [info] fatal: not a git repository (or any of the parent directories): .git
2023-09-09 18:34:39.239 [info] > git rev-parse --show-toplevel [1ms]
2023-09-09 18:34:39.247 [info] > git rev-parse --git-dir --git-common-dir [1ms]
2023-09-09 18:34:39.261 [info] Open repository: /home/jinsu_park/My-project
2023-09-09 18:34:39.326 [info] > git rev-parse --show-toplevel [54ms]
2023-09-09 18:34:39.327 [info] > git config --get commit.template [59ms]
2023-09-09 18:34:39.346 [info] > git rev-parse --git-dir --git-common-dir [13ms]
2023-09-09 18:34:39.352 [info] Open repository: /home/jinsu_park/My-project-1
2023-09-09 18:34:39.365 [info] > git for-each-ref --format=%(refname)%00%(upstream:short)%00%(objectname)%00%(upstream:track)%00%(upstream:remotename)%00%(upstream:remoteref) refs/heads/main refs/remotes/main [22ms]
2023-09-09 18:34:39.375 [info] > git status -z -uall [4ms]
2023-09-09 18:34:39.375 [info] > git rev-parse --show-toplevel [11ms]
2023-09-09 18:34:39.375 [info] fatal: not a git repository (or any of the parent directories): .git
2023-09-09 18:34:39.376 [info] > git config --get commit.template [15ms]
2023-09-09 18:34:39.409 [info] > git rev-parse --show-toplevel [29ms]
2023-09-09 18:34:39.409 [info] fatal: not a git repository (or any of the parent directories): .git
2023-09-09 18:34:39.415 [info] > git config --get commit.template [7ms]
2023-09-09 18:34:39.416 [info] > git for-each-ref --format=%(refname)%00%(upstream:short)%00%(objectname)%00%(upstream:track)%00%(upstream:remotename)%00%(upstream:remoteref) refs/heads/main refs/remotes/main [20ms]
2023-09-09 18:34:39.425 [info] > git rev-parse --show-toplevel [11ms]
2023-09-09 18:34:39.425 [info] fatal: not a git repository (or any of the parent directories): .git
2023-09-09 18:34:39.437 [info] > git status -z -uall [16ms]
2023-09-09 18:34:39.511 [info] > git rev-parse --show-toplevel [75ms]
2023-09-09 18:34:39.511 [info] fatal: not a git repository (or any of the parent directories): .git
2023-09-09 18:34:39.511 [info] > git for-each-ref --format=%(refname)%00%(upstream:short)%00%(objectname)%00%(upstream:track)%00%(upstream:remotename)%00%(upstream:remoteref) refs/heads/main refs/remotes/main [80ms]
2023-09-09 18:34:39.532 [info] > git status -z -uall [17ms]
2023-09-09 18:34:39.536 [info] > git config --get commit.template [87ms]
2023-09-09 18:34:39.537 [info] > git rev-parse --show-toplevel [8ms]
2023-09-09 18:34:39.538 [info] fatal: not a git repository (or any of the parent directories): .git
2023-09-09 18:34:39.560 [info] > git rev-parse --show-toplevel [14ms]
2023-09-09 18:34:39.560 [info] fatal: not a git repository (or any of the parent directories): .git
2023-09-09 18:34:39.563 [info] > git for-each-ref --format=%(refname)%00%(upstream:short)%00%(objectname)%00%(upstream:track)%00%(upstream:remotename)%00%(upstream:remoteref) refs/heads/main refs/remotes/main [21ms]
2023-09-09 18:34:39.569 [info] > git status -z -uall [3ms]
2023-09-09 18:34:39.887 [info] > git check-ignore -v -z --stdin [9ms]
2023-09-09 18:34:39.888 [info] > git check-ignore -v -z --stdin [5ms]
2023-09-09 18:35:01.891 [warning] ENOENT: no such file or directory, open '/home/jinsu_park/My-project-1/.git/HEAD'
2023-09-09 18:35:01.900 [warning] getRemotes() - ENOENT: no such file or directory, open '/home/jinsu_park/My-project-1/.git/config'
2023-09-09 18:35:01.911 [warning] ENOENT: no such file or directory, open '/home/jinsu_park/My-project-1/.git/HEAD'
2023-09-09 18:35:01.921 [warning] getRemotes() - ENOENT: no such file or directory, open '/home/jinsu_park/My-project-1/.git/config'
2023-09-09 18:35:02.528 [info] > git check-ignore -v -z --stdin [3ms]
2023-09-09 18:35:10.918 [info] > git rev-parse --show-toplevel [2ms]
2023-09-09 18:35:10.918 [info] fatal: not a git repository (or any of the parent directories): .git
2023-09-09 18:35:11.415 [info] > git check-ignore -v -z --stdin [0ms]
2023-09-09 18:35:20.826 [warning] ENOENT: no such file or directory, open '/home/jinsu_park/My-project/.git/HEAD'
2023-09-09 18:35:20.836 [warning] getRemotes() - ENOENT: no such file or directory, open '/home/jinsu_park/My-project/.git/config'
2023-09-09 18:35:20.851 [warning] ENOENT: no such file or directory, open '/home/jinsu_park/My-project/.git/HEAD'
2023-09-09 18:35:20.860 [warning] getRemotes() - ENOENT: no such file or directory, open '/home/jinsu_park/My-project/.git/config'
2023-09-09 18:36:06.321 [info] > git init [4ms]
2023-09-09 18:36:06.930 [info] > git rev-parse --show-toplevel [1ms]
2023-09-09 18:36:06.939 [info] > git rev-parse --git-dir --git-common-dir [2ms]
2023-09-09 18:36:06.945 [info] Open repository: /home/jinsu_park
2023-09-09 18:36:06.956 [info] > git config --get commit.template [2ms]
2023-09-09 18:36:06.963 [info] No remotes found in the git config file.
2023-09-09 18:36:06.963 [info] > git for-each-ref --format=%(refname)%00%(upstream:short)%00%(objectname)%00%(upstream:track)%00%(upstream:remotename)%00%(upstream:remoteref) refs/heads/master refs/remotes/master [1ms]
2023-09-09 18:36:07.027 [info] > git status -z -uall [57ms]
2023-09-09 18:36:07.500 [info] > git config --get commit.template [32ms]
2023-09-09 18:36:07.511 [info] No remotes found in the git config file.
2023-09-09 18:36:07.515 [info] > git for-each-ref --format=%(refname)%00%(upstream:short)%00%(objectname)%00%(upstream:track)%00%(upstream:remotename)%00%(upstream:remoteref) refs/heads/master refs/remotes/master [5ms]
2023-09-09 18:36:07.539 [info] > git status -z -uall [17ms]
2023-09-09 18:36:08.597 [info] > git check-ignore -v -z --stdin [1ms]
2023-09-09 18:36:14.252 [info] > git check-ignore -v -z --stdin [1ms]
2023-09-09 18:37:15.587 [info] > git check-ignore -v -z --stdin [1ms]
