2023-09-21 12:21:15.503 [info] 로그 수준: Info
2023-09-21 12:21:15.503 [info] "git"에서 찾은 git 유효성을 검사하는 중
2023-09-21 12:21:15.503 [info] "2.17.1"에서 git "git"을(를) 사용하는 중
2023-09-21 12:21:15.503 [info] > git rev-parse --show-toplevel [194ms]
2023-09-21 12:21:15.503 [info] > git rev-parse --git-dir --git-common-dir [14ms]
2023-09-21 12:21:15.503 [info] Open repository: /home/jinsu_park
2023-09-21 12:21:15.519 [info] > git rev-parse --show-toplevel [37ms]
2023-09-21 12:21:15.524 [info] > git config --get commit.template [50ms]
2023-09-21 12:21:15.914 [info] > git rev-parse --git-dir --git-common-dir [363ms]
2023-09-21 12:21:15.929 [info] Open repository: /home/jinsu_park/catkin_ws/src/OpenBase
2023-09-21 12:21:15.974 [info] > git for-each-ref --format=%(refname)%00%(upstream:short)%00%(objectname)%00%(upstream:track)%00%(upstream:remotename)%00%(upstream:remoteref) refs/heads/master refs/remotes/master [75ms]
2023-09-21 12:21:16.032 [info] > git rev-parse --show-toplevel [80ms]
2023-09-21 12:21:16.035 [info] > git config --get commit.template [89ms]
2023-09-21 12:21:16.082 [info] > git check-ignore -v -z --stdin [76ms]
2023-09-21 12:21:16.091 [info] > git rev-parse --show-toplevel [41ms]
2023-09-21 12:21:16.102 [info] > git for-each-ref --format=%(refname)%00%(upstream:short)%00%(objectname)%00%(upstream:track)%00%(upstream:remotename)%00%(upstream:remoteref) refs/heads/master refs/remotes/master [35ms]
2023-09-21 12:21:16.115 [info] > git rev-parse --show-toplevel [14ms]
2023-09-21 12:21:16.431 [info] > git status -z -uall [317ms]
2023-09-21 12:21:16.476 [info] > git rev-parse --show-toplevel [346ms]
2023-09-21 12:21:16.525 [info] > git rev-parse --show-toplevel [16ms]
2023-09-21 12:21:16.525 [info] > git config --get commit.template [28ms]
2023-09-21 12:21:16.574 [info] > git rev-parse --show-toplevel [27ms]
2023-09-21 12:21:16.641 [info] > git for-each-ref --format=%(refname)%00%(upstream:short)%00%(objectname)%00%(upstream:track)%00%(upstream:remotename)%00%(upstream:remoteref) refs/heads/master refs/remotes/master [76ms]
2023-09-21 12:21:16.785 [info] > git check-ignore -v -z --stdin [186ms]
2023-09-21 12:21:16.786 [info] > git check-ignore -v -z --stdin [179ms]
2023-09-21 12:21:16.798 [info] > git status -z -uall [150ms]
2023-09-21 12:21:16.799 [info] > git rev-parse --show-toplevel [182ms]
2023-09-21 12:21:16.839 [info] > git status -z -uall [849ms]
2023-09-21 12:21:16.840 [info] > git rev-parse --show-toplevel [24ms]
2023-09-21 12:21:19.593 [info] > git config --get commit.template [39ms]
2023-09-21 12:21:19.593 [info] > git rev-parse --show-toplevel [47ms]
2023-09-21 12:21:19.727 [info] > git for-each-ref --format=%(refname)%00%(upstream:short)%00%(objectname)%00%(upstream:track)%00%(upstream:remotename)%00%(upstream:remoteref) refs/heads/master refs/remotes/master [96ms]
2023-09-21 12:21:19.735 [info] > git rev-parse --show-toplevel [120ms]
2023-09-21 12:21:19.752 [info] > git rev-parse --show-toplevel [7ms]
2023-09-21 12:21:19.762 [info] > git rev-parse --show-toplevel [1ms]
2023-09-21 12:21:19.790 [info] > git rev-parse --show-toplevel [6ms]
2023-09-21 12:21:19.819 [info] > git rev-parse --show-toplevel [2ms]
2023-09-21 12:21:19.849 [info] > git rev-parse --show-toplevel [9ms]
2023-09-21 12:21:19.872 [info] > git status -z -uall [137ms]
2023-09-21 12:21:19.872 [info] > git rev-parse --show-toplevel [13ms]
2023-09-21 12:21:22.408 [info] > git show --textconv :ROS/open_base/CMakeLists.txt [2515ms]
2023-09-21 12:21:22.409 [info] > git ls-files --stage -- /home/jinsu_park/catkin_ws/src/OpenBase/ROS/open_base/CMakeLists.txt [2507ms]
2023-09-21 12:21:22.461 [info] > git cat-file -s 7ac78056fe5d348f780070baea1416b1889080bb [44ms]
2023-09-21 12:23:17.170 [info] > git config --get commit.template [3ms]
2023-09-21 12:23:17.186 [info] > git for-each-ref --format=%(refname)%00%(upstream:short)%00%(objectname)%00%(upstream:track)%00%(upstream:remotename)%00%(upstream:remoteref) refs/heads/master refs/remotes/master [3ms]
2023-09-21 12:23:17.300 [info] > git status -z -uall [102ms]
2023-09-21 12:23:22.616 [info] > git config --get commit.template [1ms]
2023-09-21 12:23:22.626 [info] > git for-each-ref --format=%(refname)%00%(upstream:short)%00%(objectname)%00%(upstream:track)%00%(upstream:remotename)%00%(upstream:remoteref) refs/heads/master refs/remotes/master [1ms]
2023-09-21 12:23:22.681 [info] > git status -z -uall [47ms]
2023-09-21 12:23:27.832 [info] > git config --get commit.template [1ms]
2023-09-21 12:23:27.842 [info] > git for-each-ref --format=%(refname)%00%(upstream:short)%00%(objectname)%00%(upstream:track)%00%(upstream:remotename)%00%(upstream:remoteref) refs/heads/master refs/remotes/master [1ms]
2023-09-21 12:23:27.900 [info] > git status -z -uall [49ms]
2023-09-21 12:23:33.128 [info] > git config --get commit.template [30ms]
2023-09-21 12:23:33.130 [info] > git for-each-ref --format=%(refname)%00%(upstream:short)%00%(objectname)%00%(upstream:track)%00%(upstream:remotename)%00%(upstream:remoteref) refs/heads/master refs/remotes/master [4ms]
2023-09-21 12:23:33.303 [info] > git status -z -uall [133ms]
2023-09-21 12:23:39.082 [info] > git config --get commit.template [1ms]
2023-09-21 12:23:39.093 [info] > git for-each-ref --format=%(refname)%00%(upstream:short)%00%(objectname)%00%(upstream:track)%00%(upstream:remotename)%00%(upstream:remoteref) refs/heads/master refs/remotes/master [1ms]
2023-09-21 12:23:39.140 [info] > git status -z -uall [39ms]
2023-09-21 12:23:44.921 [info] > git config --get commit.template [3ms]
2023-09-21 12:23:44.955 [info] > git for-each-ref --format=%(refname)%00%(upstream:short)%00%(objectname)%00%(upstream:track)%00%(upstream:remotename)%00%(upstream:remoteref) refs/heads/master refs/remotes/master [8ms]
2023-09-21 12:23:45.073 [info] > git status -z -uall [87ms]
2023-09-21 12:23:50.253 [info] > git config --get commit.template [3ms]
2023-09-21 12:23:50.289 [info] > git for-each-ref --format=%(refname)%00%(upstream:short)%00%(objectname)%00%(upstream:track)%00%(upstream:remotename)%00%(upstream:remoteref) refs/heads/master refs/remotes/master [6ms]
2023-09-21 12:23:50.456 [info] > git status -z -uall [128ms]
2023-09-21 12:23:58.344 [info] > git config --get commit.template [37ms]
2023-09-21 12:23:58.346 [info] > git for-each-ref --format=%(refname)%00%(upstream:short)%00%(objectname)%00%(upstream:track)%00%(upstream:remotename)%00%(upstream:remoteref) refs/heads/master refs/remotes/master [6ms]
2023-09-21 12:23:58.461 [info] > git status -z -uall [90ms]
2023-09-21 12:24:03.647 [info] > git config --get commit.template [27ms]
2023-09-21 12:24:03.647 [info] > git for-each-ref --format=%(refname)%00%(upstream:short)%00%(objectname)%00%(upstream:track)%00%(upstream:remotename)%00%(upstream:remoteref) refs/heads/master refs/remotes/master [3ms]
2023-09-21 12:24:03.748 [info] > git status -z -uall [87ms]
2023-09-21 12:24:08.905 [info] > git config --get commit.template [1ms]
2023-09-21 12:24:08.917 [info] > git for-each-ref --format=%(refname)%00%(upstream:short)%00%(objectname)%00%(upstream:track)%00%(upstream:remotename)%00%(upstream:remoteref) refs/heads/master refs/remotes/master [1ms]
2023-09-21 12:24:08.968 [info] > git status -z -uall [40ms]
2023-09-21 12:24:14.117 [info] > git config --get commit.template [1ms]
2023-09-21 12:24:14.137 [info] > git for-each-ref --format=%(refname)%00%(upstream:short)%00%(objectname)%00%(upstream:track)%00%(upstream:remotename)%00%(upstream:remoteref) refs/heads/master refs/remotes/master [1ms]
2023-09-21 12:24:14.208 [info] > git status -z -uall [56ms]
2023-09-21 12:24:20.834 [info] > git config --get commit.template [5ms]
2023-09-21 12:24:20.872 [info] > git for-each-ref --format=%(refname)%00%(upstream:short)%00%(objectname)%00%(upstream:track)%00%(upstream:remotename)%00%(upstream:remoteref) refs/heads/master refs/remotes/master [2ms]
2023-09-21 12:24:21.076 [info] > git status -z -uall [162ms]
2023-09-21 12:24:26.551 [info] > git config --get commit.template [31ms]
2023-09-21 12:24:26.551 [info] > git for-each-ref --format=%(refname)%00%(upstream:short)%00%(objectname)%00%(upstream:track)%00%(upstream:remotename)%00%(upstream:remoteref) refs/heads/master refs/remotes/master [1ms]
2023-09-21 12:24:26.614 [info] > git status -z -uall [47ms]
2023-09-21 12:24:31.856 [info] > git config --get commit.template [49ms]
2023-09-21 12:24:31.859 [info] > git for-each-ref --format=%(refname)%00%(upstream:short)%00%(objectname)%00%(upstream:track)%00%(upstream:remotename)%00%(upstream:remoteref) refs/heads/master refs/remotes/master [7ms]
2023-09-21 12:24:31.998 [info] > git status -z -uall [100ms]
2023-09-21 12:24:37.267 [info] > git config --get commit.template [3ms]
2023-09-21 12:24:37.303 [info] > git for-each-ref --format=%(refname)%00%(upstream:short)%00%(objectname)%00%(upstream:track)%00%(upstream:remotename)%00%(upstream:remoteref) refs/heads/master refs/remotes/master [3ms]
2023-09-21 12:24:37.512 [info] > git status -z -uall [175ms]
2023-09-21 12:24:42.799 [info] > git config --get commit.template [35ms]
2023-09-21 12:24:42.800 [info] > git for-each-ref --format=%(refname)%00%(upstream:short)%00%(objectname)%00%(upstream:track)%00%(upstream:remotename)%00%(upstream:remoteref) refs/heads/master refs/remotes/master [3ms]
2023-09-21 12:24:43.003 [info] > git status -z -uall [172ms]
2023-09-21 12:24:48.261 [info] > git config --get commit.template [1ms]
2023-09-21 12:24:48.273 [info] > git for-each-ref --format=%(refname)%00%(upstream:short)%00%(objectname)%00%(upstream:track)%00%(upstream:remotename)%00%(upstream:remoteref) refs/heads/master refs/remotes/master [1ms]
2023-09-21 12:24:48.336 [info] > git status -z -uall [52ms]
2023-09-21 12:24:57.258 [info] > git config --get commit.template [1ms]
2023-09-21 12:24:57.269 [info] > git for-each-ref --format=%(refname)%00%(upstream:short)%00%(objectname)%00%(upstream:track)%00%(upstream:remotename)%00%(upstream:remoteref) refs/heads/master refs/remotes/master [1ms]
2023-09-21 12:24:57.319 [info] > git status -z -uall [40ms]
2023-09-21 12:25:02.560 [info] > git config --get commit.template [71ms]
2023-09-21 12:25:02.562 [info] > git for-each-ref --format=%(refname)%00%(upstream:short)%00%(objectname)%00%(upstream:track)%00%(upstream:remotename)%00%(upstream:remoteref) refs/heads/master refs/remotes/master [7ms]
2023-09-21 12:25:02.774 [info] > git status -z -uall [164ms]
2023-09-21 12:25:08.017 [info] > git config --get commit.template [3ms]
2023-09-21 12:25:08.063 [info] > git for-each-ref --format=%(refname)%00%(upstream:short)%00%(objectname)%00%(upstream:track)%00%(upstream:remotename)%00%(upstream:remoteref) refs/heads/master refs/remotes/master [3ms]
2023-09-21 12:25:08.248 [info] > git status -z -uall [150ms]
2023-09-21 12:25:13.461 [info] > git config --get commit.template [26ms]
2023-09-21 12:25:13.462 [info] > git for-each-ref --format=%(refname)%00%(upstream:short)%00%(objectname)%00%(upstream:track)%00%(upstream:remotename)%00%(upstream:remoteref) refs/heads/master refs/remotes/master [2ms]
2023-09-21 12:25:13.549 [info] > git status -z -uall [65ms]
2023-09-21 12:25:18.768 [info] > git config --get commit.template [6ms]
2023-09-21 12:25:18.808 [info] > git for-each-ref --format=%(refname)%00%(upstream:short)%00%(objectname)%00%(upstream:track)%00%(upstream:remotename)%00%(upstream:remoteref) refs/heads/master refs/remotes/master [2ms]
2023-09-21 12:25:19.068 [info] > git status -z -uall [172ms]
2023-09-21 12:25:24.363 [info] > git config --get commit.template [5ms]
2023-09-21 12:25:24.399 [info] > git for-each-ref --format=%(refname)%00%(upstream:short)%00%(objectname)%00%(upstream:track)%00%(upstream:remotename)%00%(upstream:remoteref) refs/heads/master refs/remotes/master [2ms]
2023-09-21 12:25:24.587 [info] > git status -z -uall [158ms]
2023-09-21 12:25:29.862 [info] > git config --get commit.template [2ms]
2023-09-21 12:25:29.881 [info] > git for-each-ref --format=%(refname)%00%(upstream:short)%00%(objectname)%00%(upstream:track)%00%(upstream:remotename)%00%(upstream:remoteref) refs/heads/master refs/remotes/master [2ms]
2023-09-21 12:25:29.939 [info] > git status -z -uall [45ms]
2023-09-21 12:25:36.566 [info] > git config --get commit.template [1ms]
2023-09-21 12:25:36.581 [info] > git for-each-ref --format=%(refname)%00%(upstream:short)%00%(objectname)%00%(upstream:track)%00%(upstream:remotename)%00%(upstream:remoteref) refs/heads/master refs/remotes/master [1ms]
2023-09-21 12:25:36.653 [info] > git status -z -uall [52ms]
2023-09-21 12:25:46.629 [info] > git config --get commit.template [31ms]
2023-09-21 12:25:46.630 [info] > git for-each-ref --format=%(refname)%00%(upstream:short)%00%(objectname)%00%(upstream:track)%00%(upstream:remotename)%00%(upstream:remoteref) refs/heads/master refs/remotes/master [3ms]
2023-09-21 12:25:46.728 [info] > git status -z -uall [72ms]
2023-09-21 12:25:52.157 [info] > git config --get commit.template [5ms]
2023-09-21 12:25:52.183 [info] > git for-each-ref --format=%(refname)%00%(upstream:short)%00%(objectname)%00%(upstream:track)%00%(upstream:remotename)%00%(upstream:remoteref) refs/heads/master refs/remotes/master [2ms]
2023-09-21 12:25:52.251 [info] > git status -z -uall [49ms]
2023-09-21 12:25:57.472 [info] > git config --get commit.template [22ms]
2023-09-21 12:25:57.473 [info] > git for-each-ref --format=%(refname)%00%(upstream:short)%00%(objectname)%00%(upstream:track)%00%(upstream:remotename)%00%(upstream:remoteref) refs/heads/master refs/remotes/master [3ms]
2023-09-21 12:25:57.606 [info] > git status -z -uall [113ms]
2023-09-21 12:26:04.756 [info] > git config --get commit.template [17ms]
2023-09-21 12:26:04.757 [info] > git for-each-ref --format=%(refname)%00%(upstream:short)%00%(objectname)%00%(upstream:track)%00%(upstream:remotename)%00%(upstream:remoteref) refs/heads/master refs/remotes/master [2ms]
2023-09-21 12:26:04.817 [info] > git status -z -uall [47ms]
2023-09-21 12:26:10.000 [info] > git config --get commit.template [21ms]
2023-09-21 12:26:10.000 [info] > git for-each-ref --format=%(refname)%00%(upstream:short)%00%(objectname)%00%(upstream:track)%00%(upstream:remotename)%00%(upstream:remoteref) refs/heads/master refs/remotes/master [3ms]
2023-09-21 12:26:10.144 [info] > git status -z -uall [120ms]
2023-09-21 12:26:16.319 [info] > git config --get commit.template [1ms]
2023-09-21 12:26:16.336 [info] > git for-each-ref --format=%(refname)%00%(upstream:short)%00%(objectname)%00%(upstream:track)%00%(upstream:remotename)%00%(upstream:remoteref) refs/heads/master refs/remotes/master [2ms]
2023-09-21 12:26:16.435 [info] > git status -z -uall [82ms]
2023-09-21 12:26:21.681 [info] > git config --get commit.template [26ms]
2023-09-21 12:26:21.682 [info] > git for-each-ref --format=%(refname)%00%(upstream:short)%00%(objectname)%00%(upstream:track)%00%(upstream:remotename)%00%(upstream:remoteref) refs/heads/master refs/remotes/master [3ms]
2023-09-21 12:26:21.771 [info] > git status -z -uall [59ms]
2023-09-21 12:26:26.988 [info] > git config --get commit.template [3ms]
2023-09-21 12:26:27.009 [info] > git for-each-ref --format=%(refname)%00%(upstream:short)%00%(objectname)%00%(upstream:track)%00%(upstream:remotename)%00%(upstream:remoteref) refs/heads/master refs/remotes/master [3ms]
2023-09-21 12:26:27.101 [info] > git status -z -uall [69ms]
2023-09-21 12:26:34.392 [info] > git config --get commit.template [1ms]
2023-09-21 12:26:34.414 [info] > git for-each-ref --format=%(refname)%00%(upstream:short)%00%(objectname)%00%(upstream:track)%00%(upstream:remotename)%00%(upstream:remoteref) refs/heads/master refs/remotes/master [2ms]
2023-09-21 12:26:34.490 [info] > git status -z -uall [63ms]
2023-09-21 12:26:39.700 [info] > git config --get commit.template [34ms]
2023-09-21 12:26:39.700 [info] > git for-each-ref --format=%(refname)%00%(upstream:short)%00%(objectname)%00%(upstream:track)%00%(upstream:remotename)%00%(upstream:remoteref) refs/heads/master refs/remotes/master [3ms]
2023-09-21 12:26:39.826 [info] > git status -z -uall [103ms]
2023-09-21 12:26:45.023 [info] > git config --get commit.template [1ms]
2023-09-21 12:26:45.038 [info] > git for-each-ref --format=%(refname)%00%(upstream:short)%00%(objectname)%00%(upstream:track)%00%(upstream:remotename)%00%(upstream:remoteref) refs/heads/master refs/remotes/master [1ms]
2023-09-21 12:26:45.096 [info] > git status -z -uall [48ms]
2023-09-21 12:26:50.280 [info] > git config --get commit.template [17ms]
2023-09-21 12:26:50.281 [info] > git for-each-ref --format=%(refname)%00%(upstream:short)%00%(objectname)%00%(upstream:track)%00%(upstream:remotename)%00%(upstream:remoteref) refs/heads/master refs/remotes/master [2ms]
2023-09-21 12:26:50.410 [info] > git status -z -uall [95ms]
2023-09-21 12:26:55.658 [info] > git config --get commit.template [14ms]
2023-09-21 12:26:55.659 [info] > git for-each-ref --format=%(refname)%00%(upstream:short)%00%(objectname)%00%(upstream:track)%00%(upstream:remotename)%00%(upstream:remoteref) refs/heads/master refs/remotes/master [2ms]
2023-09-21 12:26:55.717 [info] > git status -z -uall [46ms]
2023-09-21 12:27:08.653 [info] > git config --get commit.template [2ms]
2023-09-21 12:27:08.670 [info] > git for-each-ref --format=%(refname)%00%(upstream:short)%00%(objectname)%00%(upstream:track)%00%(upstream:remotename)%00%(upstream:remoteref) refs/heads/master refs/remotes/master [2ms]
2023-09-21 12:27:08.783 [info] > git status -z -uall [81ms]
2023-09-21 12:27:13.995 [info] > git config --get commit.template [25ms]
2023-09-21 12:27:13.997 [info] > git for-each-ref --format=%(refname)%00%(upstream:short)%00%(objectname)%00%(upstream:track)%00%(upstream:remotename)%00%(upstream:remoteref) refs/heads/master refs/remotes/master [5ms]
2023-09-21 12:27:14.099 [info] > git status -z -uall [84ms]
2023-09-21 12:27:19.290 [info] > git config --get commit.template [1ms]
2023-09-21 12:27:19.303 [info] > git for-each-ref --format=%(refname)%00%(upstream:short)%00%(objectname)%00%(upstream:track)%00%(upstream:remotename)%00%(upstream:remoteref) refs/heads/master refs/remotes/master [1ms]
2023-09-21 12:27:19.368 [info] > git status -z -uall [55ms]
2023-09-21 12:28:50.036 [info] > git config --get commit.template [24ms]
2023-09-21 12:28:50.038 [info] > git for-each-ref --format=%(refname)%00%(upstream:short)%00%(objectname)%00%(upstream:track)%00%(upstream:remotename)%00%(upstream:remoteref) refs/heads/master refs/remotes/master [5ms]
2023-09-21 12:28:50.150 [info] > git status -z -uall [95ms]
2023-09-21 12:30:40.226 [info] > git config --get commit.template [4ms]
2023-09-21 12:30:40.248 [info] > git for-each-ref --format=%(refname)%00%(upstream:short)%00%(objectname)%00%(upstream:track)%00%(upstream:remotename)%00%(upstream:remoteref) refs/heads/master refs/remotes/master [1ms]
2023-09-21 12:30:40.368 [info] > git status -z -uall [101ms]
2023-09-21 12:30:45.656 [info] > git config --get commit.template [28ms]
2023-09-21 12:30:45.657 [info] > git for-each-ref --format=%(refname)%00%(upstream:short)%00%(objectname)%00%(upstream:track)%00%(upstream:remotename)%00%(upstream:remoteref) refs/heads/master refs/remotes/master [4ms]
2023-09-21 12:30:45.741 [info] > git status -z -uall [65ms]
2023-09-21 12:30:48.516 [info] > git check-ignore -v -z --stdin [3ms]
2023-09-21 12:30:49.458 [info] > git check-ignore -v -z --stdin [2ms]
2023-09-21 12:30:50.084 [info] > git check-ignore -v -z --stdin [2ms]
2023-09-21 12:30:50.805 [info] > git check-ignore -v -z --stdin [3ms]
2023-09-21 12:30:50.934 [info] > git config --get commit.template [1ms]
2023-09-21 12:30:50.951 [info] > git for-each-ref --format=%(refname)%00%(upstream:short)%00%(objectname)%00%(upstream:track)%00%(upstream:remotename)%00%(upstream:remoteref) refs/heads/master refs/remotes/master [1ms]
2023-09-21 12:30:51.016 [info] > git status -z -uall [53ms]
2023-09-21 12:30:53.047 [info] > git check-ignore -v -z --stdin [30ms]
2023-09-21 12:30:55.127 [info] > git show --textconv :ROS/open_base/launch/wheel_command.launch [23ms]
2023-09-21 12:30:55.129 [info] > git ls-files --stage -- /home/jinsu_park/catkin_ws/src/OpenBase/ROS/open_base/launch/wheel_command.launch [4ms]
2023-09-21 12:30:55.149 [info] > git cat-file -s a93d1a3a7d9fe72a993f2b729c8310ff8e95d555 [2ms]
2023-09-21 12:30:56.243 [info] > git config --get commit.template [29ms]
2023-09-21 12:30:56.243 [info] > git for-each-ref --format=%(refname)%00%(upstream:short)%00%(objectname)%00%(upstream:track)%00%(upstream:remotename)%00%(upstream:remoteref) refs/heads/master refs/remotes/master [1ms]
2023-09-21 12:30:56.330 [info] > git status -z -uall [67ms]
2023-09-21 12:31:01.599 [info] > git config --get commit.template [29ms]
2023-09-21 12:31:01.600 [info] > git for-each-ref --format=%(refname)%00%(upstream:short)%00%(objectname)%00%(upstream:track)%00%(upstream:remotename)%00%(upstream:remoteref) refs/heads/master refs/remotes/master [3ms]
2023-09-21 12:31:01.738 [info] > git status -z -uall [110ms]
2023-09-21 12:31:04.903 [info] > git show --textconv :ROS/open_base/package.xml [28ms]
2023-09-21 12:31:04.906 [info] > git ls-files --stage -- /home/jinsu_park/catkin_ws/src/OpenBase/ROS/open_base/package.xml [6ms]
2023-09-21 12:31:04.948 [info] > git cat-file -s 27da57565a3101c649ffcb7ea7b61f6a678a7615 [5ms]
2023-09-21 12:31:06.944 [info] > git config --get commit.template [23ms]
2023-09-21 12:31:06.945 [info] > git for-each-ref --format=%(refname)%00%(upstream:short)%00%(objectname)%00%(upstream:track)%00%(upstream:remotename)%00%(upstream:remoteref) refs/heads/master refs/remotes/master [4ms]
2023-09-21 12:31:07.056 [info] > git status -z -uall [90ms]
2023-09-21 12:32:33.525 [info] > git config --get commit.template [21ms]
2023-09-21 12:32:33.526 [info] > git config --get commit.template [2ms]
2023-09-21 12:32:33.555 [info] > git for-each-ref --format=%(refname)%00%(upstream:short)%00%(objectname)%00%(upstream:track)%00%(upstream:remotename)%00%(upstream:remoteref) refs/heads/master refs/remotes/master [17ms]
2023-09-21 12:32:33.575 [info] > git for-each-ref --format=%(refname)%00%(upstream:short)%00%(objectname)%00%(upstream:track)%00%(upstream:remotename)%00%(upstream:remoteref) refs/heads/master refs/remotes/master [21ms]
2023-09-21 12:32:33.594 [info] > git status -z -uall [24ms]
2023-09-21 12:32:33.687 [info] > git status -z -uall [97ms]
2023-09-21 12:32:38.985 [info] > git config --get commit.template [23ms]
2023-09-21 12:32:38.986 [info] > git for-each-ref --format=%(refname)%00%(upstream:short)%00%(objectname)%00%(upstream:track)%00%(upstream:remotename)%00%(upstream:remoteref) refs/heads/master refs/remotes/master [2ms]
2023-09-21 12:32:39.087 [info] > git status -z -uall [83ms]
2023-09-21 12:32:44.351 [info] > git config --get commit.template [31ms]
2023-09-21 12:32:44.351 [info] > git for-each-ref --format=%(refname)%00%(upstream:short)%00%(objectname)%00%(upstream:track)%00%(upstream:remotename)%00%(upstream:remoteref) refs/heads/master refs/remotes/master [2ms]
2023-09-21 12:32:44.462 [info] > git status -z -uall [83ms]
2023-09-21 12:32:49.676 [info] > git config --get commit.template [16ms]
2023-09-21 12:32:49.677 [info] > git for-each-ref --format=%(refname)%00%(upstream:short)%00%(objectname)%00%(upstream:track)%00%(upstream:remotename)%00%(upstream:remoteref) refs/heads/master refs/remotes/master [1ms]
2023-09-21 12:32:49.736 [info] > git status -z -uall [45ms]
2023-09-21 12:32:54.923 [info] > git config --get commit.template [18ms]
2023-09-21 12:32:54.924 [info] > git for-each-ref --format=%(refname)%00%(upstream:short)%00%(objectname)%00%(upstream:track)%00%(upstream:remotename)%00%(upstream:remoteref) refs/heads/master refs/remotes/master [2ms]
2023-09-21 12:32:54.994 [info] > git status -z -uall [54ms]
2023-09-21 12:33:00.897 [info] > git config --get commit.template [7ms]
2023-09-21 12:33:00.924 [info] > git for-each-ref --format=%(refname)%00%(upstream:short)%00%(objectname)%00%(upstream:track)%00%(upstream:remotename)%00%(upstream:remoteref) refs/heads/master refs/remotes/master [1ms]
2023-09-21 12:33:01.058 [info] > git status -z -uall [107ms]
2023-09-21 12:33:06.223 [info] > git config --get commit.template [11ms]
2023-09-21 12:33:06.224 [info] > git for-each-ref --format=%(refname)%00%(upstream:short)%00%(objectname)%00%(upstream:track)%00%(upstream:remotename)%00%(upstream:remoteref) refs/heads/master refs/remotes/master [2ms]
2023-09-21 12:33:06.283 [info] > git status -z -uall [49ms]
2023-09-21 12:33:11.445 [info] > git config --get commit.template [2ms]
2023-09-21 12:33:11.459 [info] > git for-each-ref --format=%(refname)%00%(upstream:short)%00%(objectname)%00%(upstream:track)%00%(upstream:remotename)%00%(upstream:remoteref) refs/heads/master refs/remotes/master [1ms]
2023-09-21 12:33:11.523 [info] > git status -z -uall [52ms]
2023-09-21 12:33:18.430 [info] > git config --get commit.template [2ms]
2023-09-21 12:33:18.454 [info] > git for-each-ref --format=%(refname)%00%(upstream:short)%00%(objectname)%00%(upstream:track)%00%(upstream:remotename)%00%(upstream:remoteref) refs/heads/master refs/remotes/master [3ms]
2023-09-21 12:33:18.575 [info] > git status -z -uall [101ms]
2023-09-21 12:34:24.759 [info] > git config --get commit.template [5ms]
2023-09-21 12:34:24.784 [info] > git for-each-ref --format=%(refname)%00%(upstream:short)%00%(objectname)%00%(upstream:track)%00%(upstream:remotename)%00%(upstream:remoteref) refs/heads/master refs/remotes/master [2ms]
2023-09-21 12:34:24.903 [info] > git status -z -uall [107ms]
2023-09-21 12:34:27.372 [info] > git check-ignore -v -z --stdin [11ms]
2023-09-21 12:34:28.731 [info] > git check-ignore -v -z --stdin [1ms]
2023-09-21 12:34:30.215 [info] > git config --get commit.template [2ms]
2023-09-21 12:34:30.232 [info] > git for-each-ref --format=%(refname)%00%(upstream:short)%00%(objectname)%00%(upstream:track)%00%(upstream:remotename)%00%(upstream:remoteref) refs/heads/master refs/remotes/master [1ms]
2023-09-21 12:34:30.315 [info] > git status -z -uall [69ms]
2023-09-21 12:36:12.504 [info] > git config --get commit.template [2ms]
2023-09-21 12:36:12.542 [info] > git for-each-ref --format=%(refname)%00%(upstream:short)%00%(objectname)%00%(upstream:track)%00%(upstream:remotename)%00%(upstream:remoteref) refs/heads/master refs/remotes/master [4ms]
2023-09-21 12:36:12.682 [info] > git status -z -uall [120ms]
2023-09-21 12:36:15.549 [info] > git check-ignore -v -z --stdin [7ms]
2023-09-21 12:36:18.054 [info] > git config --get commit.template [31ms]
2023-09-21 12:36:18.054 [info] > git for-each-ref --format=%(refname)%00%(upstream:short)%00%(objectname)%00%(upstream:track)%00%(upstream:remotename)%00%(upstream:remoteref) refs/heads/master refs/remotes/master [1ms]
2023-09-21 12:36:18.155 [info] > git status -z -uall [85ms]
2023-09-21 12:36:22.356 [info] > git show --textconv :ROS/open_base/launch/rviz.launch [53ms]
2023-09-21 12:36:22.362 [info] > git ls-files --stage -- /home/jinsu_park/catkin_ws/src/OpenBase/ROS/open_base/launch/rviz.launch [9ms]
2023-09-21 12:36:22.429 [info] > git cat-file -s b738ccaad70019bdbb6aae58e52683d7795aed59 [11ms]
2023-09-21 12:36:24.712 [info] > git config --get commit.template [2ms]
2023-09-21 12:36:24.764 [info] > git for-each-ref --format=%(refname)%00%(upstream:short)%00%(objectname)%00%(upstream:track)%00%(upstream:remotename)%00%(upstream:remoteref) refs/heads/master refs/remotes/master [2ms]
2023-09-21 12:36:24.933 [info] > git status -z -uall [134ms]
2023-09-21 12:36:30.449 [info] > git config --get commit.template [29ms]
2023-09-21 12:36:30.450 [info] > git for-each-ref --format=%(refname)%00%(upstream:short)%00%(objectname)%00%(upstream:track)%00%(upstream:remotename)%00%(upstream:remoteref) refs/heads/master refs/remotes/master [2ms]
2023-09-21 12:36:30.549 [info] > git status -z -uall [76ms]
2023-09-21 12:36:35.799 [info] > git config --get commit.template [30ms]
2023-09-21 12:36:35.800 [info] > git for-each-ref --format=%(refname)%00%(upstream:short)%00%(objectname)%00%(upstream:track)%00%(upstream:remotename)%00%(upstream:remoteref) refs/heads/master refs/remotes/master [3ms]
2023-09-21 12:36:35.901 [info] > git status -z -uall [77ms]
2023-09-21 12:36:41.156 [info] > git config --get commit.template [39ms]
2023-09-21 12:36:41.157 [info] > git for-each-ref --format=%(refname)%00%(upstream:short)%00%(objectname)%00%(upstream:track)%00%(upstream:remotename)%00%(upstream:remoteref) refs/heads/master refs/remotes/master [3ms]
2023-09-21 12:36:41.265 [info] > git status -z -uall [58ms]
2023-09-21 12:36:47.143 [info] > git config --get commit.template [44ms]
2023-09-21 12:36:47.144 [info] > git for-each-ref --format=%(refname)%00%(upstream:short)%00%(objectname)%00%(upstream:track)%00%(upstream:remotename)%00%(upstream:remoteref) refs/heads/master refs/remotes/master [3ms]
2023-09-21 12:36:47.351 [info] > git status -z -uall [171ms]
2023-09-21 12:36:55.841 [info] > git config --get commit.template [2ms]
2023-09-21 12:36:55.856 [info] > git for-each-ref --format=%(refname)%00%(upstream:short)%00%(objectname)%00%(upstream:track)%00%(upstream:remotename)%00%(upstream:remoteref) refs/heads/master refs/remotes/master [1ms]
2023-09-21 12:36:55.921 [info] > git status -z -uall [52ms]
2023-09-21 12:37:03.017 [info] > git config --get commit.template [28ms]
2023-09-21 12:37:03.020 [info] > git for-each-ref --format=%(refname)%00%(upstream:short)%00%(objectname)%00%(upstream:track)%00%(upstream:remotename)%00%(upstream:remoteref) refs/heads/master refs/remotes/master [7ms]
2023-09-21 12:37:03.142 [info] > git status -z -uall [96ms]
2023-09-21 12:37:17.915 [info] > git config --get commit.template [39ms]
2023-09-21 12:37:17.917 [info] > git for-each-ref --format=%(refname)%00%(upstream:short)%00%(objectname)%00%(upstream:track)%00%(upstream:remotename)%00%(upstream:remoteref) refs/heads/master refs/remotes/master [4ms]
2023-09-21 12:37:18.030 [info] > git status -z -uall [83ms]
2023-09-21 12:37:49.968 [info] > git config --get commit.template [5ms]
2023-09-21 12:37:49.985 [info] > git for-each-ref --format=%(refname)%00%(upstream:short)%00%(objectname)%00%(upstream:track)%00%(upstream:remotename)%00%(upstream:remoteref) refs/heads/master refs/remotes/master [2ms]
2023-09-21 12:37:50.065 [info] > git status -z -uall [61ms]
2023-09-21 12:37:55.305 [info] > git config --get commit.template [11ms]
2023-09-21 12:37:55.305 [info] > git for-each-ref --format=%(refname)%00%(upstream:short)%00%(objectname)%00%(upstream:track)%00%(upstream:remotename)%00%(upstream:remoteref) refs/heads/master refs/remotes/master [1ms]
2023-09-21 12:37:55.360 [info] > git status -z -uall [44ms]
2023-09-21 12:38:00.584 [info] > git config --get commit.template [29ms]
2023-09-21 12:38:00.585 [info] > git for-each-ref --format=%(refname)%00%(upstream:short)%00%(objectname)%00%(upstream:track)%00%(upstream:remotename)%00%(upstream:remoteref) refs/heads/master refs/remotes/master [2ms]
2023-09-21 12:38:00.688 [info] > git status -z -uall [83ms]
2023-09-21 12:38:05.902 [info] > git config --get commit.template [16ms]
2023-09-21 12:38:05.902 [info] > git for-each-ref --format=%(refname)%00%(upstream:short)%00%(objectname)%00%(upstream:track)%00%(upstream:remotename)%00%(upstream:remoteref) refs/heads/master refs/remotes/master [2ms]
2023-09-21 12:38:05.959 [info] > git status -z -uall [46ms]
2023-09-21 12:38:56.759 [info] > git config --get commit.template [2ms]
2023-09-21 12:38:56.784 [info] > git for-each-ref --format=%(refname)%00%(upstream:short)%00%(objectname)%00%(upstream:track)%00%(upstream:remotename)%00%(upstream:remoteref) refs/heads/master refs/remotes/master [2ms]
2023-09-21 12:38:56.867 [info] > git status -z -uall [68ms]
2023-09-21 12:40:45.826 [info] > git config --get commit.template [22ms]
2023-09-21 12:40:45.831 [info] > git for-each-ref --format=%(refname)%00%(upstream:short)%00%(objectname)%00%(upstream:track)%00%(upstream:remotename)%00%(upstream:remoteref) refs/heads/master refs/remotes/master [6ms]
2023-09-21 12:40:45.977 [info] > git status -z -uall [132ms]
2023-09-21 12:40:49.740 [info] > git show --textconv :ROS/open_base/CMakeLists.txt [23ms]
2023-09-21 12:40:49.742 [info] > git ls-files --stage -- /home/jinsu_park/catkin_ws/src/OpenBase/ROS/open_base/CMakeLists.txt [5ms]
2023-09-21 12:40:49.758 [info] > git cat-file -s 7ac78056fe5d348f780070baea1416b1889080bb [3ms]
2023-09-21 12:42:39.246 [info] > git config --get commit.template [5ms]
2023-09-21 12:42:39.273 [info] > git for-each-ref --format=%(refname)%00%(upstream:short)%00%(objectname)%00%(upstream:track)%00%(upstream:remotename)%00%(upstream:remoteref) refs/heads/master refs/remotes/master [2ms]
2023-09-21 12:42:39.394 [info] > git status -z -uall [110ms]
2023-09-21 12:42:42.874 [info] > git show --textconv :ROS/open_base/src/wheel_command.cpp [27ms]
2023-09-21 12:42:42.881 [info] > git ls-files --stage -- /home/jinsu_park/catkin_ws/src/OpenBase/ROS/open_base/src/wheel_command.cpp [9ms]
2023-09-21 12:42:42.912 [info] > git cat-file -s 8b0851b5bb65b7a814a23072adbbfd660caf51d1 [1ms]
2023-09-21 12:42:44.729 [info] > git config --get commit.template [24ms]
2023-09-21 12:42:44.730 [info] > git for-each-ref --format=%(refname)%00%(upstream:short)%00%(objectname)%00%(upstream:track)%00%(upstream:remotename)%00%(upstream:remoteref) refs/heads/master refs/remotes/master [3ms]
2023-09-21 12:42:44.894 [info] > git status -z -uall [140ms]
2023-09-21 12:42:56.029 [info] > git config --get commit.template [40ms]
2023-09-21 12:42:56.030 [info] > git for-each-ref --format=%(refname)%00%(upstream:short)%00%(objectname)%00%(upstream:track)%00%(upstream:remotename)%00%(upstream:remoteref) refs/heads/master refs/remotes/master [3ms]
2023-09-21 12:42:56.157 [info] > git status -z -uall [98ms]
2023-09-21 12:43:01.440 [info] > git config --get commit.template [36ms]
2023-09-21 12:43:01.441 [info] > git for-each-ref --format=%(refname)%00%(upstream:short)%00%(objectname)%00%(upstream:track)%00%(upstream:remotename)%00%(upstream:remoteref) refs/heads/master refs/remotes/master [3ms]
2023-09-21 12:43:01.559 [info] > git status -z -uall [87ms]
2023-09-21 12:43:06.756 [info] > git config --get commit.template [2ms]
2023-09-21 12:43:06.774 [info] > git for-each-ref --format=%(refname)%00%(upstream:short)%00%(objectname)%00%(upstream:track)%00%(upstream:remotename)%00%(upstream:remoteref) refs/heads/master refs/remotes/master [2ms]
2023-09-21 12:43:06.864 [info] > git status -z -uall [73ms]
2023-09-21 12:43:12.082 [info] > git config --get commit.template [2ms]
2023-09-21 12:43:12.109 [info] > git for-each-ref --format=%(refname)%00%(upstream:short)%00%(objectname)%00%(upstream:track)%00%(upstream:remotename)%00%(upstream:remoteref) refs/heads/master refs/remotes/master [3ms]
2023-09-21 12:43:12.219 [info] > git status -z -uall [84ms]
2023-09-21 12:43:17.498 [info] > git config --get commit.template [3ms]
2023-09-21 12:43:17.530 [info] > git for-each-ref --format=%(refname)%00%(upstream:short)%00%(objectname)%00%(upstream:track)%00%(upstream:remotename)%00%(upstream:remoteref) refs/heads/master refs/remotes/master [3ms]
2023-09-21 12:43:17.681 [info] > git status -z -uall [121ms]
2023-09-21 12:43:22.952 [info] > git config --get commit.template [24ms]
2023-09-21 12:43:22.954 [info] > git for-each-ref --format=%(refname)%00%(upstream:short)%00%(objectname)%00%(upstream:track)%00%(upstream:remotename)%00%(upstream:remoteref) refs/heads/master refs/remotes/master [4ms]
2023-09-21 12:43:23.039 [info] > git status -z -uall [66ms]
2023-09-21 12:43:28.270 [info] > git config --get commit.template [18ms]
2023-09-21 12:43:28.272 [info] > git for-each-ref --format=%(refname)%00%(upstream:short)%00%(objectname)%00%(upstream:track)%00%(upstream:remotename)%00%(upstream:remoteref) refs/heads/master refs/remotes/master [3ms]
2023-09-21 12:43:28.346 [info] > git status -z -uall [61ms]
2023-09-21 12:43:33.592 [info] > git config --get commit.template [20ms]
2023-09-21 12:43:33.593 [info] > git for-each-ref --format=%(refname)%00%(upstream:short)%00%(objectname)%00%(upstream:track)%00%(upstream:remotename)%00%(upstream:remoteref) refs/heads/master refs/remotes/master [2ms]
2023-09-21 12:43:33.683 [info] > git status -z -uall [62ms]
2023-09-21 12:43:38.928 [info] > git config --get commit.template [28ms]
2023-09-21 12:43:38.929 [info] > git for-each-ref --format=%(refname)%00%(upstream:short)%00%(objectname)%00%(upstream:track)%00%(upstream:remotename)%00%(upstream:remoteref) refs/heads/master refs/remotes/master [5ms]
2023-09-21 12:43:39.052 [info] > git status -z -uall [96ms]
2023-09-21 12:43:48.267 [info] > git config --get commit.template [26ms]
2023-09-21 12:43:48.270 [info] > git for-each-ref --format=%(refname)%00%(upstream:short)%00%(objectname)%00%(upstream:track)%00%(upstream:remotename)%00%(upstream:remoteref) refs/heads/master refs/remotes/master [5ms]
2023-09-21 12:43:48.446 [info] > git status -z -uall [141ms]
2023-09-21 12:43:54.052 [info] > git config --get commit.template [3ms]
2023-09-21 12:43:54.101 [info] > git for-each-ref --format=%(refname)%00%(upstream:short)%00%(objectname)%00%(upstream:track)%00%(upstream:remotename)%00%(upstream:remoteref) refs/heads/master refs/remotes/master [4ms]
2023-09-21 12:43:54.277 [info] > git status -z -uall [144ms]
2023-09-21 12:44:02.068 [info] > git config --get commit.template [2ms]
2023-09-21 12:44:02.090 [info] > git for-each-ref --format=%(refname)%00%(upstream:short)%00%(objectname)%00%(upstream:track)%00%(upstream:remotename)%00%(upstream:remoteref) refs/heads/master refs/remotes/master [2ms]
2023-09-21 12:44:02.209 [info] > git status -z -uall [96ms]
2023-09-21 12:44:08.668 [info] > git config --get commit.template [27ms]
2023-09-21 12:44:08.669 [info] > git for-each-ref --format=%(refname)%00%(upstream:short)%00%(objectname)%00%(upstream:track)%00%(upstream:remotename)%00%(upstream:remoteref) refs/heads/master refs/remotes/master [3ms]
2023-09-21 12:44:08.778 [info] > git status -z -uall [82ms]
2023-09-21 12:44:14.159 [info] > git config --get commit.template [22ms]
2023-09-21 12:44:14.161 [info] > git for-each-ref --format=%(refname)%00%(upstream:short)%00%(objectname)%00%(upstream:track)%00%(upstream:remotename)%00%(upstream:remoteref) refs/heads/master refs/remotes/master [3ms]
2023-09-21 12:44:14.248 [info] > git status -z -uall [68ms]
2023-09-21 12:44:21.695 [info] > git config --get commit.template [44ms]
2023-09-21 12:44:21.706 [info] > git for-each-ref --format=%(refname)%00%(upstream:short)%00%(objectname)%00%(upstream:track)%00%(upstream:remotename)%00%(upstream:remoteref) refs/heads/master refs/remotes/master [11ms]
2023-09-21 12:44:21.858 [info] > git status -z -uall [118ms]
2023-09-21 13:02:06.369 [info] > git config --get commit.template [21ms]
2023-09-21 13:02:06.370 [info] > git for-each-ref --format=%(refname)%00%(upstream:short)%00%(objectname)%00%(upstream:track)%00%(upstream:remotename)%00%(upstream:remoteref) refs/heads/master refs/remotes/master [4ms]
2023-09-21 13:02:06.566 [info] > git status -z -uall [150ms]
2023-09-21 13:02:26.469 [info] > git config --get commit.template [1ms]
2023-09-21 13:02:26.488 [info] > git for-each-ref --format=%(refname)%00%(upstream:short)%00%(objectname)%00%(upstream:track)%00%(upstream:remotename)%00%(upstream:remoteref) refs/heads/master refs/remotes/master [1ms]
2023-09-21 13:02:26.582 [info] > git status -z -uall [71ms]
2023-09-21 13:02:31.931 [info] > git config --get commit.template [24ms]
2023-09-21 13:02:31.935 [info] > git for-each-ref --format=%(refname)%00%(upstream:short)%00%(objectname)%00%(upstream:track)%00%(upstream:remotename)%00%(upstream:remoteref) refs/heads/master refs/remotes/master [6ms]
2023-09-21 13:02:32.079 [info] > git status -z -uall [103ms]
2023-09-21 13:02:39.355 [info] > git config --get commit.template [1ms]
2023-09-21 13:02:39.370 [info] > git for-each-ref --format=%(refname)%00%(upstream:short)%00%(objectname)%00%(upstream:track)%00%(upstream:remotename)%00%(upstream:remoteref) refs/heads/master refs/remotes/master [2ms]
2023-09-21 13:02:39.456 [info] > git status -z -uall [70ms]
2023-09-21 13:02:44.674 [info] > git config --get commit.template [20ms]
2023-09-21 13:02:44.674 [info] > git for-each-ref --format=%(refname)%00%(upstream:short)%00%(objectname)%00%(upstream:track)%00%(upstream:remotename)%00%(upstream:remoteref) refs/heads/master refs/remotes/master [1ms]
2023-09-21 13:02:44.734 [info] > git status -z -uall [46ms]
2023-09-21 13:03:13.418 [info] > git config --get commit.template [4ms]
2023-09-21 13:03:13.466 [info] > git for-each-ref --format=%(refname)%00%(upstream:short)%00%(objectname)%00%(upstream:track)%00%(upstream:remotename)%00%(upstream:remoteref) refs/heads/master refs/remotes/master [25ms]
2023-09-21 13:03:13.543 [info] > git status -z -uall [64ms]
2023-09-21 13:03:18.800 [info] > git config --get commit.template [36ms]
2023-09-21 13:03:18.802 [info] > git for-each-ref --format=%(refname)%00%(upstream:short)%00%(objectname)%00%(upstream:track)%00%(upstream:remotename)%00%(upstream:remoteref) refs/heads/master refs/remotes/master [5ms]
2023-09-21 13:03:18.999 [info] > git status -z -uall [167ms]
2023-09-21 13:03:24.288 [info] > git config --get commit.template [36ms]
2023-09-21 13:03:24.289 [info] > git for-each-ref --format=%(refname)%00%(upstream:short)%00%(objectname)%00%(upstream:track)%00%(upstream:remotename)%00%(upstream:remoteref) refs/heads/master refs/remotes/master [3ms]
2023-09-21 13:03:24.384 [info] > git status -z -uall [77ms]
2023-09-21 13:03:29.581 [info] > git config --get commit.template [30ms]
2023-09-21 13:03:29.582 [info] > git for-each-ref --format=%(refname)%00%(upstream:short)%00%(objectname)%00%(upstream:track)%00%(upstream:remotename)%00%(upstream:remoteref) refs/heads/master refs/remotes/master [3ms]
2023-09-21 13:03:29.749 [info] > git status -z -uall [140ms]
2023-09-21 13:03:35.044 [info] > git config --get commit.template [35ms]
2023-09-21 13:03:35.046 [info] > git for-each-ref --format=%(refname)%00%(upstream:short)%00%(objectname)%00%(upstream:track)%00%(upstream:remotename)%00%(upstream:remoteref) refs/heads/master refs/remotes/master [5ms]
2023-09-21 13:03:35.254 [info] > git status -z -uall [162ms]
2023-09-21 13:03:40.503 [info] > git config --get commit.template [20ms]
2023-09-21 13:03:40.504 [info] > git for-each-ref --format=%(refname)%00%(upstream:short)%00%(objectname)%00%(upstream:track)%00%(upstream:remotename)%00%(upstream:remoteref) refs/heads/master refs/remotes/master [2ms]
2023-09-21 13:03:40.594 [info] > git status -z -uall [73ms]
2023-09-21 13:03:45.756 [info] > git config --get commit.template [2ms]
2023-09-21 13:03:45.776 [info] > git for-each-ref --format=%(refname)%00%(upstream:short)%00%(objectname)%00%(upstream:track)%00%(upstream:remotename)%00%(upstream:remoteref) refs/heads/master refs/remotes/master [2ms]
2023-09-21 13:03:45.854 [info] > git status -z -uall [57ms]
2023-09-21 13:03:51.051 [info] > git config --get commit.template [33ms]
2023-09-21 13:03:51.053 [info] > git for-each-ref --format=%(refname)%00%(upstream:short)%00%(objectname)%00%(upstream:track)%00%(upstream:remotename)%00%(upstream:remoteref) refs/heads/master refs/remotes/master [3ms]
2023-09-21 13:03:51.276 [info] > git status -z -uall [194ms]
2023-09-21 13:03:56.471 [info] > git config --get commit.template [4ms]
2023-09-21 13:03:56.505 [info] > git for-each-ref --format=%(refname)%00%(upstream:short)%00%(objectname)%00%(upstream:track)%00%(upstream:remotename)%00%(upstream:remoteref) refs/heads/master refs/remotes/master [3ms]
2023-09-21 13:03:56.642 [info] > git status -z -uall [107ms]
2023-09-21 13:04:01.802 [info] > git config --get commit.template [12ms]
2023-09-21 13:04:01.802 [info] > git for-each-ref --format=%(refname)%00%(upstream:short)%00%(objectname)%00%(upstream:track)%00%(upstream:remotename)%00%(upstream:remoteref) refs/heads/master refs/remotes/master [1ms]
2023-09-21 13:04:01.853 [info] > git status -z -uall [40ms]
2023-09-21 13:04:03.956 [info] > git check-ignore -v -z --stdin [2ms]
2023-09-21 13:04:08.552 [info] > git config --get commit.template [2ms]
2023-09-21 13:04:08.571 [info] > git for-each-ref --format=%(refname)%00%(upstream:short)%00%(objectname)%00%(upstream:track)%00%(upstream:remotename)%00%(upstream:remoteref) refs/heads/master refs/remotes/master [2ms]
2023-09-21 13:04:08.651 [info] > git status -z -uall [63ms]
2023-09-21 13:04:15.187 [info] > git config --get commit.template [3ms]
2023-09-21 13:04:15.206 [info] > git for-each-ref --format=%(refname)%00%(upstream:short)%00%(objectname)%00%(upstream:track)%00%(upstream:remotename)%00%(upstream:remoteref) refs/heads/master refs/remotes/master [1ms]
2023-09-21 13:04:15.334 [info] > git status -z -uall [103ms]
2023-09-21 13:06:22.804 [info] > git config --get commit.template [5ms]
2023-09-21 13:06:22.832 [info] > git for-each-ref --format=%(refname)%00%(upstream:short)%00%(objectname)%00%(upstream:track)%00%(upstream:remotename)%00%(upstream:remoteref) refs/heads/master refs/remotes/master [2ms]
2023-09-21 13:06:22.982 [info] > git status -z -uall [125ms]
2023-09-21 13:06:28.275 [info] > git config --get commit.template [20ms]
2023-09-21 13:06:28.281 [info] > git for-each-ref --format=%(refname)%00%(upstream:short)%00%(objectname)%00%(upstream:track)%00%(upstream:remotename)%00%(upstream:remoteref) refs/heads/master refs/remotes/master [8ms]
2023-09-21 13:06:28.364 [info] > git status -z -uall [67ms]
2023-09-21 13:06:33.624 [info] > git config --get commit.template [17ms]
2023-09-21 13:06:33.624 [info] > git for-each-ref --format=%(refname)%00%(upstream:short)%00%(objectname)%00%(upstream:track)%00%(upstream:remotename)%00%(upstream:remoteref) refs/heads/master refs/remotes/master [3ms]
2023-09-21 13:06:33.724 [info] > git status -z -uall [85ms]
2023-09-21 13:06:36.049 [info] > git show --textconv :catkin_ws/src/velarray_ROI/lidar_roi_example/CMakeLists.txt [14ms]
2023-09-21 13:06:36.050 [info] > git ls-files --stage -- /home/jinsu_park/catkin_ws/src/velarray_ROI/lidar_roi_example/CMakeLists.txt [2ms]
2023-09-21 13:06:36.301 [info] > git check-ignore -v -z --stdin [9ms]
2023-09-21 13:06:36.788 [warning] ENOENT: no such file or directory, open '/home/jinsu_park/catkin_ws/src/OpenBase/.git/HEAD'
2023-09-21 13:06:36.865 [warning] getRemotes() - ENOENT: no such file or directory, open '/home/jinsu_park/catkin_ws/src/OpenBase/.git/config'
2023-09-21 13:06:36.959 [warning] ENOENT: no such file or directory, open '/home/jinsu_park/catkin_ws/src/OpenBase/.git/HEAD'
2023-09-21 13:06:37.026 [warning] getRemotes() - ENOENT: no such file or directory, open '/home/jinsu_park/catkin_ws/src/OpenBase/.git/config'
2023-09-21 13:06:37.679 [info] > git check-ignore -v -z --stdin [27ms]
2023-09-21 13:06:39.048 [info] > git config --get commit.template [41ms]
2023-09-21 13:06:39.051 [info] > git for-each-ref --format=%(refname)%00%(upstream:short)%00%(objectname)%00%(upstream:track)%00%(upstream:remotename)%00%(upstream:remoteref) refs/heads/master refs/remotes/master [6ms]
2023-09-21 13:06:39.286 [info] > git status -z -uall [189ms]
2023-09-21 13:06:42.581 [info] > git check-ignore -v -z --stdin [3ms]
2023-09-21 13:06:44.658 [info] > git config --get commit.template [45ms]
2023-09-21 13:06:44.660 [info] > git for-each-ref --format=%(refname)%00%(upstream:short)%00%(objectname)%00%(upstream:track)%00%(upstream:remotename)%00%(upstream:remoteref) refs/heads/master refs/remotes/master [5ms]
2023-09-21 13:06:44.828 [info] > git status -z -uall [129ms]
2023-09-21 13:06:50.749 [info] > git config --get commit.template [66ms]
2023-09-21 13:06:50.752 [info] > git for-each-ref --format=%(refname)%00%(upstream:short)%00%(objectname)%00%(upstream:track)%00%(upstream:remotename)%00%(upstream:remoteref) refs/heads/master refs/remotes/master [5ms]
2023-09-21 13:06:50.867 [info] > git status -z -uall [68ms]
2023-09-21 13:06:56.067 [info] > git config --get commit.template [2ms]
2023-09-21 13:06:56.087 [info] > git for-each-ref --format=%(refname)%00%(upstream:short)%00%(objectname)%00%(upstream:track)%00%(upstream:remotename)%00%(upstream:remoteref) refs/heads/master refs/remotes/master [2ms]
2023-09-21 13:06:56.211 [info] > git status -z -uall [99ms]
2023-09-21 13:07:01.453 [info] > git config --get commit.template [49ms]
2023-09-21 13:07:01.454 [info] > git for-each-ref --format=%(refname)%00%(upstream:short)%00%(objectname)%00%(upstream:track)%00%(upstream:remotename)%00%(upstream:remoteref) refs/heads/master refs/remotes/master [5ms]
2023-09-21 13:07:01.611 [info] > git status -z -uall [119ms]
2023-09-21 13:07:06.848 [info] > git config --get commit.template [50ms]
2023-09-21 13:07:06.853 [info] > git for-each-ref --format=%(refname)%00%(upstream:short)%00%(objectname)%00%(upstream:track)%00%(upstream:remotename)%00%(upstream:remoteref) refs/heads/master refs/remotes/master [11ms]
2023-09-21 13:07:06.973 [info] > git status -z -uall [92ms]
2023-09-21 13:07:12.882 [info] > git config --get commit.template [7ms]
2023-09-21 13:07:12.926 [info] > git for-each-ref --format=%(refname)%00%(upstream:short)%00%(objectname)%00%(upstream:track)%00%(upstream:remotename)%00%(upstream:remoteref) refs/heads/master refs/remotes/master [4ms]
2023-09-21 13:07:13.137 [info] > git status -z -uall [178ms]
2023-09-21 13:07:23.576 [info] > git config --get commit.template [10ms]
2023-09-21 13:07:23.605 [info] > git for-each-ref --format=%(refname)%00%(upstream:short)%00%(objectname)%00%(upstream:track)%00%(upstream:remotename)%00%(upstream:remoteref) refs/heads/master refs/remotes/master [3ms]
2023-09-21 13:07:23.691 [info] > git status -z -uall [69ms]
2023-09-21 13:07:34.088 [info] > git config --get commit.template [3ms]
2023-09-21 13:07:34.101 [info] > git for-each-ref --format=%(refname)%00%(upstream:short)%00%(objectname)%00%(upstream:track)%00%(upstream:remotename)%00%(upstream:remoteref) refs/heads/master refs/remotes/master [2ms]
2023-09-21 13:07:34.169 [info] > git status -z -uall [58ms]
2023-09-21 13:07:39.467 [info] > git config --get commit.template [45ms]
2023-09-21 13:07:39.473 [info] > git for-each-ref --format=%(refname)%00%(upstream:short)%00%(objectname)%00%(upstream:track)%00%(upstream:remotename)%00%(upstream:remoteref) refs/heads/master refs/remotes/master [10ms]
2023-09-21 13:07:39.635 [info] > git status -z -uall [126ms]
2023-09-21 13:07:41.874 [info] > git check-ignore -v -z --stdin [3ms]
2023-09-21 13:07:43.872 [info] > git check-ignore -v -z --stdin [9ms]
2023-09-21 13:07:44.877 [info] > git config --get commit.template [28ms]
2023-09-21 13:07:44.879 [info] > git for-each-ref --format=%(refname)%00%(upstream:short)%00%(objectname)%00%(upstream:track)%00%(upstream:remotename)%00%(upstream:remoteref) refs/heads/master refs/remotes/master [2ms]
2023-09-21 13:07:45.001 [info] > git status -z -uall [92ms]
2023-09-21 13:07:48.970 [info] > git check-ignore -v -z --stdin [12ms]
2023-09-21 13:07:50.270 [info] > git config --get commit.template [72ms]
2023-09-21 13:07:50.272 [info] > git for-each-ref --format=%(refname)%00%(upstream:short)%00%(objectname)%00%(upstream:track)%00%(upstream:remotename)%00%(upstream:remoteref) refs/heads/master refs/remotes/master [5ms]
2023-09-21 13:07:50.473 [info] > git status -z -uall [163ms]
2023-09-21 13:10:54.612 [info] > git config --get commit.template [12ms]
2023-09-21 13:10:54.613 [info] > git for-each-ref --format=%(refname)%00%(upstream:short)%00%(objectname)%00%(upstream:track)%00%(upstream:remotename)%00%(upstream:remoteref) refs/heads/master refs/remotes/master [3ms]
2023-09-21 13:10:54.691 [info] > git status -z -uall [67ms]
2023-09-21 13:10:56.444 [info] > git check-ignore -v -z --stdin [46ms]
2023-09-21 13:10:59.921 [info] > git config --get commit.template [6ms]
2023-09-21 13:10:59.971 [info] > git for-each-ref --format=%(refname)%00%(upstream:short)%00%(objectname)%00%(upstream:track)%00%(upstream:remotename)%00%(upstream:remoteref) refs/heads/master refs/remotes/master [4ms]
2023-09-21 13:11:00.120 [info] > git status -z -uall [120ms]
2023-09-21 13:11:06.016 [info] > git config --get commit.template [7ms]
2023-09-21 13:11:06.059 [info] > git for-each-ref --format=%(refname)%00%(upstream:short)%00%(objectname)%00%(upstream:track)%00%(upstream:remotename)%00%(upstream:remoteref) refs/heads/master refs/remotes/master [10ms]
2023-09-21 13:11:06.259 [info] > git status -z -uall [162ms]
2023-09-21 13:11:11.643 [info] > git config --get commit.template [53ms]
2023-09-21 13:11:11.643 [info] > git for-each-ref --format=%(refname)%00%(upstream:short)%00%(objectname)%00%(upstream:track)%00%(upstream:remotename)%00%(upstream:remoteref) refs/heads/master refs/remotes/master [2ms]
2023-09-21 13:11:11.737 [info] > git status -z -uall [65ms]
2023-09-21 13:11:16.979 [info] > git config --get commit.template [37ms]
2023-09-21 13:11:16.981 [info] > git for-each-ref --format=%(refname)%00%(upstream:short)%00%(objectname)%00%(upstream:track)%00%(upstream:remotename)%00%(upstream:remoteref) refs/heads/master refs/remotes/master [4ms]
2023-09-21 13:11:17.147 [info] > git status -z -uall [132ms]
2023-09-21 13:11:22.523 [info] > git config --get commit.template [40ms]
2023-09-21 13:11:22.524 [info] > git for-each-ref --format=%(refname)%00%(upstream:short)%00%(objectname)%00%(upstream:track)%00%(upstream:remotename)%00%(upstream:remoteref) refs/heads/master refs/remotes/master [3ms]
2023-09-21 13:11:22.679 [info] > git status -z -uall [127ms]
2023-09-21 13:11:27.858 [info] > git config --get commit.template [3ms]
2023-09-21 13:11:27.893 [info] > git for-each-ref --format=%(refname)%00%(upstream:short)%00%(objectname)%00%(upstream:track)%00%(upstream:remotename)%00%(upstream:remoteref) refs/heads/master refs/remotes/master [3ms]
2023-09-21 13:11:28.059 [info] > git status -z -uall [125ms]
2023-09-21 13:11:33.225 [info] > git config --get commit.template [18ms]
2023-09-21 13:11:33.226 [info] > git for-each-ref --format=%(refname)%00%(upstream:short)%00%(objectname)%00%(upstream:track)%00%(upstream:remotename)%00%(upstream:remoteref) refs/heads/master refs/remotes/master [3ms]
2023-09-21 13:11:33.359 [info] > git status -z -uall [111ms]
2023-09-21 13:11:35.507 [info] > git check-ignore -v -z --stdin [7ms]
2023-09-21 13:11:38.547 [info] > git config --get commit.template [11ms]
2023-09-21 13:11:38.547 [info] > git for-each-ref --format=%(refname)%00%(upstream:short)%00%(objectname)%00%(upstream:track)%00%(upstream:remotename)%00%(upstream:remoteref) refs/heads/master refs/remotes/master [1ms]
2023-09-21 13:11:38.598 [info] > git status -z -uall [42ms]
2023-09-21 13:11:43.758 [info] > git config --get commit.template [16ms]
2023-09-21 13:11:43.758 [info] > git for-each-ref --format=%(refname)%00%(upstream:short)%00%(objectname)%00%(upstream:track)%00%(upstream:remotename)%00%(upstream:remoteref) refs/heads/master refs/remotes/master [1ms]
2023-09-21 13:11:43.812 [info] > git status -z -uall [43ms]
2023-09-21 13:11:48.977 [info] > git config --get commit.template [4ms]
2023-09-21 13:11:49.006 [info] > git for-each-ref --format=%(refname)%00%(upstream:short)%00%(objectname)%00%(upstream:track)%00%(upstream:remotename)%00%(upstream:remoteref) refs/heads/master refs/remotes/master [2ms]
2023-09-21 13:11:49.202 [info] > git status -z -uall [168ms]
2023-09-21 13:11:54.522 [info] > git config --get commit.template [38ms]
2023-09-21 13:11:54.523 [info] > git for-each-ref --format=%(refname)%00%(upstream:short)%00%(objectname)%00%(upstream:track)%00%(upstream:remotename)%00%(upstream:remoteref) refs/heads/master refs/remotes/master [5ms]
2023-09-21 13:11:54.684 [info] > git status -z -uall [133ms]
2023-09-21 13:11:59.990 [info] > git config --get commit.template [38ms]
2023-09-21 13:11:59.991 [info] > git for-each-ref --format=%(refname)%00%(upstream:short)%00%(objectname)%00%(upstream:track)%00%(upstream:remotename)%00%(upstream:remoteref) refs/heads/master refs/remotes/master [4ms]
2023-09-21 13:12:00.091 [info] > git check-ignore -v -z --stdin [3ms]
2023-09-21 13:12:00.102 [info] > git status -z -uall [79ms]
2023-09-21 13:12:05.325 [info] > git config --get commit.template [26ms]
2023-09-21 13:12:05.326 [info] > git for-each-ref --format=%(refname)%00%(upstream:short)%00%(objectname)%00%(upstream:track)%00%(upstream:remotename)%00%(upstream:remoteref) refs/heads/master refs/remotes/master [3ms]
2023-09-21 13:12:05.411 [info] > git status -z -uall [70ms]
2023-09-21 13:12:07.464 [info] > git check-ignore -v -z --stdin [6ms]
2023-09-21 13:12:10.555 [info] > git config --get commit.template [11ms]
2023-09-21 13:12:10.556 [info] > git for-each-ref --format=%(refname)%00%(upstream:short)%00%(objectname)%00%(upstream:track)%00%(upstream:remotename)%00%(upstream:remoteref) refs/heads/master refs/remotes/master [1ms]
2023-09-21 13:12:10.609 [info] > git status -z -uall [44ms]
2023-09-21 13:12:16.284 [info] > git config --get commit.template [37ms]
2023-09-21 13:12:16.287 [info] > git for-each-ref --format=%(refname)%00%(upstream:short)%00%(objectname)%00%(upstream:track)%00%(upstream:remotename)%00%(upstream:remoteref) refs/heads/master refs/remotes/master [4ms]
2023-09-21 13:12:16.515 [info] > git status -z -uall [191ms]
2023-09-21 13:12:22.181 [info] > git config --get commit.template [3ms]
2023-09-21 13:12:22.213 [info] > git for-each-ref --format=%(refname)%00%(upstream:short)%00%(objectname)%00%(upstream:track)%00%(upstream:remotename)%00%(upstream:remoteref) refs/heads/master refs/remotes/master [4ms]
2023-09-21 13:12:22.380 [info] > git status -z -uall [131ms]
2023-09-21 13:12:27.562 [info] > git config --get commit.template [4ms]
2023-09-21 13:12:27.603 [info] > git for-each-ref --format=%(refname)%00%(upstream:short)%00%(objectname)%00%(upstream:track)%00%(upstream:remotename)%00%(upstream:remoteref) refs/heads/master refs/remotes/master [2ms]
2023-09-21 13:12:27.671 [info] > git status -z -uall [51ms]
2023-09-21 13:12:32.854 [info] > git config --get commit.template [31ms]
2023-09-21 13:12:32.856 [info] > git for-each-ref --format=%(refname)%00%(upstream:short)%00%(objectname)%00%(upstream:track)%00%(upstream:remotename)%00%(upstream:remoteref) refs/heads/master refs/remotes/master [3ms]
2023-09-21 13:12:32.998 [info] > git status -z -uall [102ms]
2023-09-21 13:12:38.622 [info] > git config --get commit.template [2ms]
2023-09-21 13:12:38.644 [info] > git for-each-ref --format=%(refname)%00%(upstream:short)%00%(objectname)%00%(upstream:track)%00%(upstream:remotename)%00%(upstream:remoteref) refs/heads/master refs/remotes/master [2ms]
2023-09-21 13:12:38.716 [info] > git status -z -uall [58ms]
2023-09-21 13:12:43.941 [info] > git config --get commit.template [35ms]
2023-09-21 13:12:43.943 [info] > git for-each-ref --format=%(refname)%00%(upstream:short)%00%(objectname)%00%(upstream:track)%00%(upstream:remotename)%00%(upstream:remoteref) refs/heads/master refs/remotes/master [4ms]
2023-09-21 13:12:44.093 [info] > git status -z -uall [117ms]
2023-09-21 13:12:49.397 [info] > git config --get commit.template [23ms]
2023-09-21 13:12:49.398 [info] > git for-each-ref --format=%(refname)%00%(upstream:short)%00%(objectname)%00%(upstream:track)%00%(upstream:remotename)%00%(upstream:remoteref) refs/heads/master refs/remotes/master [2ms]
2023-09-21 13:12:49.473 [info] > git status -z -uall [58ms]
2023-09-21 13:12:55.359 [info] > git config --get commit.template [3ms]
2023-09-21 13:12:55.377 [info] > git for-each-ref --format=%(refname)%00%(upstream:short)%00%(objectname)%00%(upstream:track)%00%(upstream:remotename)%00%(upstream:remoteref) refs/heads/master refs/remotes/master [2ms]
2023-09-21 13:12:55.528 [info] > git status -z -uall [130ms]
2023-09-21 13:13:00.699 [info] > git config --get commit.template [12ms]
2023-09-21 13:13:00.699 [info] > git for-each-ref --format=%(refname)%00%(upstream:short)%00%(objectname)%00%(upstream:track)%00%(upstream:remotename)%00%(upstream:remoteref) refs/heads/master refs/remotes/master [1ms]
2023-09-21 13:13:00.751 [info] > git status -z -uall [42ms]
2023-09-21 13:13:05.899 [info] > git config --get commit.template [1ms]
2023-09-21 13:13:05.912 [info] > git for-each-ref --format=%(refname)%00%(upstream:short)%00%(objectname)%00%(upstream:track)%00%(upstream:remotename)%00%(upstream:remoteref) refs/heads/master refs/remotes/master [1ms]
2023-09-21 13:13:05.971 [info] > git status -z -uall [46ms]
2023-09-21 13:13:12.731 [info] > git config --get commit.template [24ms]
2023-09-21 13:13:12.733 [info] > git for-each-ref --format=%(refname)%00%(upstream:short)%00%(objectname)%00%(upstream:track)%00%(upstream:remotename)%00%(upstream:remoteref) refs/heads/master refs/remotes/master [5ms]
2023-09-21 13:13:12.834 [info] > git status -z -uall [84ms]
2023-09-21 13:13:21.700 [info] > git config --get commit.template [3ms]
2023-09-21 13:13:21.716 [info] > git for-each-ref --format=%(refname)%00%(upstream:short)%00%(objectname)%00%(upstream:track)%00%(upstream:remotename)%00%(upstream:remoteref) refs/heads/master refs/remotes/master [2ms]
2023-09-21 13:13:21.803 [info] > git status -z -uall [68ms]
2023-09-21 13:13:23.884 [info] > git check-ignore -v -z --stdin [52ms]
2023-09-21 13:13:26.999 [info] > git config --get commit.template [13ms]
2023-09-21 13:13:26.999 [info] > git for-each-ref --format=%(refname)%00%(upstream:short)%00%(objectname)%00%(upstream:track)%00%(upstream:remotename)%00%(upstream:remoteref) refs/heads/master refs/remotes/master [1ms]
2023-09-21 13:13:27.054 [info] > git status -z -uall [45ms]
2023-09-21 13:13:32.211 [info] > git config --get commit.template [14ms]
2023-09-21 13:13:32.211 [info] > git for-each-ref --format=%(refname)%00%(upstream:short)%00%(objectname)%00%(upstream:track)%00%(upstream:remotename)%00%(upstream:remoteref) refs/heads/master refs/remotes/master [1ms]
2023-09-21 13:13:32.300 [info] > git status -z -uall [77ms]
2023-09-21 13:13:37.987 [info] > git config --get commit.template [23ms]
2023-09-21 13:13:37.988 [info] > git for-each-ref --format=%(refname)%00%(upstream:short)%00%(objectname)%00%(upstream:track)%00%(upstream:remotename)%00%(upstream:remoteref) refs/heads/master refs/remotes/master [2ms]
2023-09-21 13:13:38.077 [info] > git status -z -uall [62ms]
2023-09-21 13:13:40.601 [info] > git check-ignore -v -z --stdin [3ms]
2023-09-21 13:13:41.726 [info] > git check-ignore -v -z --stdin [3ms]
2023-09-21 13:13:43.275 [info] > git config --get commit.template [12ms]
2023-09-21 13:13:43.275 [info] > git for-each-ref --format=%(refname)%00%(upstream:short)%00%(objectname)%00%(upstream:track)%00%(upstream:remotename)%00%(upstream:remoteref) refs/heads/master refs/remotes/master [2ms]
2023-09-21 13:13:43.334 [info] > git status -z -uall [49ms]
2023-09-21 13:13:45.554 [info] > git check-ignore -v -z --stdin [2ms]
2023-09-21 13:13:49.070 [info] > git show --textconv :catkin_ws/src/turtlebot3_simulations/turtlebot3_fake/include/turtlebot3_fake/turtlebot3_fake.h [13ms]
2023-09-21 13:13:49.071 [info] > git ls-files --stage -- /home/jinsu_park/catkin_ws/src/turtlebot3_simulations/turtlebot3_fake/include/turtlebot3_fake/turtlebot3_fake.h [2ms]
2023-09-21 13:13:49.149 [info] > git config --get commit.template [13ms]
2023-09-21 13:13:49.149 [info] > git for-each-ref --format=%(refname)%00%(upstream:short)%00%(objectname)%00%(upstream:track)%00%(upstream:remotename)%00%(upstream:remoteref) refs/heads/master refs/remotes/master [1ms]
2023-09-21 13:13:49.217 [info] > git status -z -uall [54ms]
2023-09-21 13:13:56.050 [info] > git config --get commit.template [1ms]
2023-09-21 13:13:56.063 [info] > git for-each-ref --format=%(refname)%00%(upstream:short)%00%(objectname)%00%(upstream:track)%00%(upstream:remotename)%00%(upstream:remoteref) refs/heads/master refs/remotes/master [1ms]
2023-09-21 13:13:56.117 [info] > git status -z -uall [42ms]
2023-09-21 13:14:02.002 [info] > git config --get commit.template [11ms]
2023-09-21 13:14:02.002 [info] > git for-each-ref --format=%(refname)%00%(upstream:short)%00%(objectname)%00%(upstream:track)%00%(upstream:remotename)%00%(upstream:remoteref) refs/heads/master refs/remotes/master [1ms]
2023-09-21 13:14:02.057 [info] > git status -z -uall [44ms]
2023-09-21 13:14:09.901 [info] > git config --get commit.template [13ms]
2023-09-21 13:14:09.901 [info] > git for-each-ref --format=%(refname)%00%(upstream:short)%00%(objectname)%00%(upstream:track)%00%(upstream:remotename)%00%(upstream:remoteref) refs/heads/master refs/remotes/master [1ms]
2023-09-21 13:14:09.953 [info] > git status -z -uall [42ms]
2023-09-21 13:14:15.184 [info] > git config --get commit.template [44ms]
2023-09-21 13:14:15.185 [info] > git for-each-ref --format=%(refname)%00%(upstream:short)%00%(objectname)%00%(upstream:track)%00%(upstream:remotename)%00%(upstream:remoteref) refs/heads/master refs/remotes/master [4ms]
2023-09-21 13:14:15.351 [info] > git status -z -uall [127ms]
2023-09-21 13:14:20.579 [info] > git config --get commit.template [33ms]
2023-09-21 13:14:20.581 [info] > git for-each-ref --format=%(refname)%00%(upstream:short)%00%(objectname)%00%(upstream:track)%00%(upstream:remotename)%00%(upstream:remoteref) refs/heads/master refs/remotes/master [3ms]
2023-09-21 13:14:20.746 [info] > git status -z -uall [136ms]
2023-09-21 13:14:45.219 [info] > git config --get commit.template [2ms]
2023-09-21 13:14:45.228 [info] > git for-each-ref --format=%(refname)%00%(upstream:short)%00%(objectname)%00%(upstream:track)%00%(upstream:remotename)%00%(upstream:remoteref) refs/heads/master refs/remotes/master [1ms]
2023-09-21 13:14:45.296 [info] > git status -z -uall [58ms]
2023-09-21 13:14:47.230 [info] > git check-ignore -v -z --stdin [56ms]
2023-09-21 13:14:47.458 [info] > git show --textconv :catkin_ws/src/turtlebot3_simulations/turtlebot3_fake/src/turtlebot3_fake.cpp [15ms]
2023-09-21 13:14:47.461 [info] > git ls-files --stage -- /home/jinsu_park/catkin_ws/src/turtlebot3_simulations/turtlebot3_fake/src/turtlebot3_fake.cpp [4ms]
2023-09-21 13:14:54.259 [info] > git config --get commit.template [40ms]
2023-09-21 13:14:54.260 [info] > git for-each-ref --format=%(refname)%00%(upstream:short)%00%(objectname)%00%(upstream:track)%00%(upstream:remotename)%00%(upstream:remoteref) refs/heads/master refs/remotes/master [9ms]
2023-09-21 13:14:54.415 [info] > git status -z -uall [110ms]
2023-09-21 13:14:59.653 [info] > git config --get commit.template [3ms]
2023-09-21 13:14:59.664 [info] > git for-each-ref --format=%(refname)%00%(upstream:short)%00%(objectname)%00%(upstream:track)%00%(upstream:remotename)%00%(upstream:remoteref) refs/heads/master refs/remotes/master [1ms]
2023-09-21 13:14:59.718 [info] > git status -z -uall [42ms]
2023-09-21 13:15:04.958 [info] > git config --get commit.template [53ms]
2023-09-21 13:15:04.961 [info] > git for-each-ref --format=%(refname)%00%(upstream:short)%00%(objectname)%00%(upstream:track)%00%(upstream:remotename)%00%(upstream:remoteref) refs/heads/master refs/remotes/master [5ms]
2023-09-21 13:15:05.182 [info] > git status -z -uall [176ms]
2023-09-21 13:15:10.407 [info] > git config --get commit.template [39ms]
2023-09-21 13:15:10.409 [info] > git for-each-ref --format=%(refname)%00%(upstream:short)%00%(objectname)%00%(upstream:track)%00%(upstream:remotename)%00%(upstream:remoteref) refs/heads/master refs/remotes/master [6ms]
2023-09-21 13:15:10.552 [info] > git status -z -uall [105ms]
2023-09-21 13:15:15.784 [info] > git config --get commit.template [54ms]
2023-09-21 13:15:15.786 [info] > git for-each-ref --format=%(refname)%00%(upstream:short)%00%(objectname)%00%(upstream:track)%00%(upstream:remotename)%00%(upstream:remoteref) refs/heads/master refs/remotes/master [6ms]
2023-09-21 13:15:15.912 [info] > git status -z -uall [71ms]
2023-09-21 13:15:21.141 [info] > git config --get commit.template [52ms]
2023-09-21 13:15:21.143 [info] > git for-each-ref --format=%(refname)%00%(upstream:short)%00%(objectname)%00%(upstream:track)%00%(upstream:remotename)%00%(upstream:remoteref) refs/heads/master refs/remotes/master [4ms]
2023-09-21 13:15:21.362 [info] > git status -z -uall [178ms]
2023-09-21 13:15:26.567 [info] > git config --get commit.template [6ms]
2023-09-21 13:15:26.604 [info] > git for-each-ref --format=%(refname)%00%(upstream:short)%00%(objectname)%00%(upstream:track)%00%(upstream:remotename)%00%(upstream:remoteref) refs/heads/master refs/remotes/master [2ms]
2023-09-21 13:15:26.736 [info] > git status -z -uall [97ms]
2023-09-21 13:15:31.990 [info] > git config --get commit.template [47ms]
2023-09-21 13:15:31.992 [info] > git for-each-ref --format=%(refname)%00%(upstream:short)%00%(objectname)%00%(upstream:track)%00%(upstream:remotename)%00%(upstream:remoteref) refs/heads/master refs/remotes/master [3ms]
2023-09-21 13:15:32.137 [info] > git status -z -uall [106ms]
2023-09-21 13:15:47.476 [info] > git config --get commit.template [16ms]
2023-09-21 13:15:47.477 [info] > git for-each-ref --format=%(refname)%00%(upstream:short)%00%(objectname)%00%(upstream:track)%00%(upstream:remotename)%00%(upstream:remoteref) refs/heads/master refs/remotes/master [2ms]
2023-09-21 13:15:47.547 [info] > git status -z -uall [56ms]
2023-09-21 13:15:52.728 [info] > git config --get commit.template [2ms]
2023-09-21 13:15:52.751 [info] > git for-each-ref --format=%(refname)%00%(upstream:short)%00%(objectname)%00%(upstream:track)%00%(upstream:remotename)%00%(upstream:remoteref) refs/heads/master refs/remotes/master [2ms]
2023-09-21 13:15:52.841 [info] > git status -z -uall [67ms]
2023-09-21 13:15:58.026 [info] > git config --get commit.template [4ms]
2023-09-21 13:15:58.052 [info] > git for-each-ref --format=%(refname)%00%(upstream:short)%00%(objectname)%00%(upstream:track)%00%(upstream:remotename)%00%(upstream:remoteref) refs/heads/master refs/remotes/master [2ms]
2023-09-21 13:15:58.167 [info] > git status -z -uall [97ms]
2023-09-21 13:16:03.432 [info] > git config --get commit.template [44ms]
2023-09-21 13:16:03.434 [info] > git for-each-ref --format=%(refname)%00%(upstream:short)%00%(objectname)%00%(upstream:track)%00%(upstream:remotename)%00%(upstream:remoteref) refs/heads/master refs/remotes/master [2ms]
2023-09-21 13:16:03.503 [info] > git status -z -uall [54ms]
2023-09-21 13:16:10.306 [info] > git config --get commit.template [44ms]
2023-09-21 13:16:10.307 [info] > git for-each-ref --format=%(refname)%00%(upstream:short)%00%(objectname)%00%(upstream:track)%00%(upstream:remotename)%00%(upstream:remoteref) refs/heads/master refs/remotes/master [4ms]
2023-09-21 13:16:10.461 [info] > git status -z -uall [118ms]
2023-09-21 13:16:18.234 [info] > git config --get commit.template [6ms]
2023-09-21 13:16:18.283 [info] > git for-each-ref --format=%(refname)%00%(upstream:short)%00%(objectname)%00%(upstream:track)%00%(upstream:remotename)%00%(upstream:remoteref) refs/heads/master refs/remotes/master [5ms]
2023-09-21 13:16:18.482 [info] > git status -z -uall [161ms]
2023-09-21 13:16:23.701 [info] > git config --get commit.template [12ms]
2023-09-21 13:16:23.701 [info] > git for-each-ref --format=%(refname)%00%(upstream:short)%00%(objectname)%00%(upstream:track)%00%(upstream:remotename)%00%(upstream:remoteref) refs/heads/master refs/remotes/master [1ms]
2023-09-21 13:16:23.756 [info] > git status -z -uall [43ms]
2023-09-21 13:16:28.273 [info] > git check-ignore -v -z --stdin [7ms]
2023-09-21 13:16:28.948 [info] > git config --get commit.template [5ms]
2023-09-21 13:16:28.992 [info] > git for-each-ref --format=%(refname)%00%(upstream:short)%00%(objectname)%00%(upstream:track)%00%(upstream:remotename)%00%(upstream:remoteref) refs/heads/master refs/remotes/master [3ms]
2023-09-21 13:16:29.219 [info] > git status -z -uall [166ms]
2023-09-21 13:16:31.292 [info] > git show --textconv :catkin_ws/src/turtlebot3_simulations/turtlebot3_fake/msg/WheelMsg.msg [13ms]
2023-09-21 13:16:31.294 [info] > git ls-files --stage -- /home/jinsu_park/catkin_ws/src/turtlebot3_simulations/turtlebot3_fake/msg/WheelMsg.msg [4ms]
2023-09-21 13:17:17.157 [info] > git config --get commit.template [24ms]
2023-09-21 13:17:17.159 [info] > git for-each-ref --format=%(refname)%00%(upstream:short)%00%(objectname)%00%(upstream:track)%00%(upstream:remotename)%00%(upstream:remoteref) refs/heads/master refs/remotes/master [5ms]
2023-09-21 13:17:17.309 [info] > git status -z -uall [130ms]
2023-09-21 13:17:19.408 [info] > git show --textconv :catkin_ws/src/turtlebot3_simulations/turtlebot3_fake/CMakeLists.txt [10ms]
2023-09-21 13:17:19.409 [info] > git ls-files --stage -- /home/jinsu_park/catkin_ws/src/turtlebot3_simulations/turtlebot3_fake/CMakeLists.txt [3ms]
2023-09-21 13:17:22.576 [info] > git config --get commit.template [39ms]
2023-09-21 13:17:22.579 [info] > git for-each-ref --format=%(refname)%00%(upstream:short)%00%(objectname)%00%(upstream:track)%00%(upstream:remotename)%00%(upstream:remoteref) refs/heads/master refs/remotes/master [6ms]
2023-09-21 13:17:22.712 [info] > git status -z -uall [111ms]
2023-09-21 13:17:28.567 [info] > git config --get commit.template [2ms]
2023-09-21 13:17:28.582 [info] > git for-each-ref --format=%(refname)%00%(upstream:short)%00%(objectname)%00%(upstream:track)%00%(upstream:remotename)%00%(upstream:remoteref) refs/heads/master refs/remotes/master [2ms]
2023-09-21 13:17:28.633 [info] > git status -z -uall [41ms]
2023-09-21 13:17:33.852 [info] > git config --get commit.template [33ms]
2023-09-21 13:17:34.003 [info] > git for-each-ref --format=%(refname)%00%(upstream:short)%00%(objectname)%00%(upstream:track)%00%(upstream:remotename)%00%(upstream:remoteref) refs/heads/master refs/remotes/master [152ms]
2023-09-21 13:17:34.147 [info] > git status -z -uall [110ms]
2023-09-21 13:58:45.051 [info] > git config --get commit.template [4ms]
2023-09-21 13:58:45.078 [info] > git for-each-ref --format=%(refname)%00%(upstream:short)%00%(objectname)%00%(upstream:track)%00%(upstream:remotename)%00%(upstream:remoteref) refs/heads/master refs/remotes/master [3ms]
2023-09-21 13:58:45.191 [info] > git status -z -uall [96ms]
