Determining if the pthread_create exist failed with the following output:
Change Dir: /home/jinsu_park/catkin_ws/build/CMakeFiles/CMakeTmp

Run Build Command:"/usr/bin/make" "cmTC_14531/fast"
/usr/bin/make -f CMakeFiles/cmTC_14531.dir/build.make CMakeFiles/cmTC_14531.dir/build
make[1]: Entering directory '/home/jinsu_park/catkin_ws/build/CMakeFiles/CMakeTmp'
Building C object CMakeFiles/cmTC_14531.dir/CheckSymbolExists.c.o
/usr/bin/cc    -o CMakeFiles/cmTC_14531.dir/CheckSymbolExists.c.o   -c /home/jinsu_park/catkin_ws/build/CMakeFiles/CMakeTmp/CheckSymbolExists.c
Linking C executable cmTC_14531
/usr/bin/cmake -E cmake_link_script CMakeFiles/cmTC_14531.dir/link.txt --verbose=1
/usr/bin/cc      -rdynamic CMakeFiles/cmTC_14531.dir/CheckSymbolExists.c.o  -o cmTC_14531 
CMakeFiles/cmTC_14531.dir/CheckSymbolExists.c.o: In function `main':
CheckSymbolExists.c:(.text+0x1b): undefined reference to `pthread_create'
collect2: error: ld returned 1 exit status
CMakeFiles/cmTC_14531.dir/build.make:97: recipe for target 'cmTC_14531' failed
make[1]: *** [cmTC_14531] Error 1
make[1]: Leaving directory '/home/jinsu_park/catkin_ws/build/CMakeFiles/CMakeTmp'
Makefile:126: recipe for target 'cmTC_14531/fast' failed
make: *** [cmTC_14531/fast] Error 2

File /home/jinsu_park/catkin_ws/build/CMakeFiles/CMakeTmp/CheckSymbolExists.c:
/* */
#include <pthread.h>

int main(int argc, char** argv)
{
  (void)argv;
#ifndef pthread_create
  return ((int*)(&pthread_create))[argc];
#else
  (void)argc;
  return 0;
#endif
}

Determining if the function pthread_create exists in the pthreads failed with the following output:
Change Dir: /home/jinsu_park/catkin_ws/build/CMakeFiles/CMakeTmp

Run Build Command:"/usr/bin/make" "cmTC_e91fb/fast"
/usr/bin/make -f CMakeFiles/cmTC_e91fb.dir/build.make CMakeFiles/cmTC_e91fb.dir/build
make[1]: Entering directory '/home/jinsu_park/catkin_ws/build/CMakeFiles/CMakeTmp'
Building C object CMakeFiles/cmTC_e91fb.dir/CheckFunctionExists.c.o
/usr/bin/cc   -DCHECK_FUNCTION_EXISTS=pthread_create   -o CMakeFiles/cmTC_e91fb.dir/CheckFunctionExists.c.o   -c /usr/share/cmake-3.10/Modules/CheckFunctionExists.c
Linking C executable cmTC_e91fb
/usr/bin/cmake -E cmake_link_script CMakeFiles/cmTC_e91fb.dir/link.txt --verbose=1
/usr/bin/cc  -DCHECK_FUNCTION_EXISTS=pthread_create    -rdynamic CMakeFiles/cmTC_e91fb.dir/CheckFunctionExists.c.o  -o cmTC_e91fb -lpthreads 
/usr/bin/ld: cannot find -lpthreads
collect2: error: ld returned 1 exit status
CMakeFiles/cmTC_e91fb.dir/build.make:97: recipe for target 'cmTC_e91fb' failed
make[1]: *** [cmTC_e91fb] Error 1
make[1]: Leaving directory '/home/jinsu_park/catkin_ws/build/CMakeFiles/CMakeTmp'
Makefile:126: recipe for target 'cmTC_e91fb/fast' failed
make: *** [cmTC_e91fb/fast] Error 2


