[rospy.client][INFO] 2023-09-04 13:30:54,777: init_node, name[/joint_state_publisher], pid[12063]
[xmlrpc][INFO] 2023-09-04 13:30:54,778: XML-RPC server binding to 0.0.0.0:0
[xmlrpc][INFO] 2023-09-04 13:30:54,779: Started XML-RPC server [http://LAPTOP-CB8EFKQO:37697/]
[rospy.init][INFO] 2023-09-04 13:30:54,780: ROS Slave URI: [http://LAPTOP-CB8EFKQO:37697/]
[rospy.impl.masterslave][INFO] 2023-09-04 13:30:54,780: _ready: http://LAPTOP-CB8EFKQO:37697/
[xmlrpc][INFO] 2023-09-04 13:30:54,781: xml rpc node: starting XML-RPC server
[rospy.registration][INFO] 2023-09-04 13:30:54,781: Registering with master node http://localhost:11311
[rospy.init][INFO] 2023-09-04 13:30:54,880: registered with master
[rospy.rosout][INFO] 2023-09-04 13:30:54,881: initializing /rosout core topic
[rospy.rosout][INFO] 2023-09-04 13:30:54,892: connected to core topic /rosout
[rospy.simtime][INFO] 2023-09-04 13:30:54,895: /use_sim_time is not set, will not subscribe to simulated time [/clock] topic
[rospy.internal][INFO] 2023-09-04 13:30:55,159: topic[/move_group/fake_controller_joint_states] adding connection to [http://LAPTOP-CB8EFKQO:44645/], count 0
[rospy.internal][INFO] 2023-09-04 13:30:55,160: topic[/joint_states] adding connection to [/move_group], count 0
[rospy.internal][INFO] 2023-09-04 13:30:55,214: topic[/rosout] adding connection to [/rosout], count 0
[rospy.internal][INFO] 2023-09-04 13:30:55,236: topic[/joint_states] adding connection to [/robot_state_publisher], count 1
[rospy.core][INFO] 2023-09-04 13:42:33,531: signal_shutdown [signal-2]
[rospy.internal][INFO] 2023-09-04 13:42:33,546: topic[/joint_states] removing connection to /move_group
[rospy.internal][INFO] 2023-09-04 13:42:33,548: topic[/joint_states] removing connection to /robot_state_publisher
[rospy.internal][INFO] 2023-09-04 13:42:33,548: topic[/rosout] removing connection to /rosout
[rospy.internal][INFO] 2023-09-04 13:42:33,549: topic[/move_group/fake_controller_joint_states] removing connection to http://LAPTOP-CB8EFKQO:44645/
[rospy.impl.masterslave][INFO] 2023-09-04 13:42:33,582: signal-2
[rospy.core][INFO] 2023-09-04 13:42:33,688: signal_shutdown [atexit]
