[rosmaster.main][INFO] 2023-09-20 12:56:03,266: initialization complete, waiting for shutdown
[rosmaster.main][INFO] 2023-09-20 12:56:03,266: Starting ROS Master Node
[xmlrpc][INFO] 2023-09-20 12:56:03,268: XML-RPC server binding to 0.0.0.0:11311
[xmlrpc][INFO] 2023-09-20 12:56:03,268: Started XML-RPC server [http://LAPTOP-CB8EFKQO:11311/]
[rosmaster.master][INFO] 2023-09-20 12:56:03,269: Master initialized: port[11311], uri[http://LAPTOP-CB8EFKQO:11311/]
[xmlrpc][INFO] 2023-09-20 12:56:03,269: xml rpc node: starting XML-RPC server
[rosmaster.master][INFO] 2023-09-20 12:56:03,360: +PARAM [/run_id] by /roslaunch
[rosmaster.master][INFO] 2023-09-20 12:56:03,361: +PARAM [/roslaunch/uris/host_laptop_cb8efkqo__40627] by /roslaunch
[rosmaster.master][INFO] 2023-09-20 12:56:03,543: +PARAM [/open_base/left_joint_velocity_controller/pid/d] by /roslaunch
[rosmaster.master][INFO] 2023-09-20 12:56:03,543: +PARAM [/open_base/left_joint_velocity_controller/pid/i] by /roslaunch
[rosmaster.master][INFO] 2023-09-20 12:56:03,543: +PARAM [/open_base/parameter/initial/y] by /roslaunch
[rosmaster.master][INFO] 2023-09-20 12:56:03,543: +PARAM [/open_base/parameter/initial/x] by /roslaunch
[rosmaster.master][INFO] 2023-09-20 12:56:03,544: +PARAM [/open_base/left_joint_velocity_controller/pid/p] by /roslaunch
[rosmaster.master][INFO] 2023-09-20 12:56:03,544: +PARAM [/open_base/joint_state_controller/type] by /roslaunch
[rosmaster.master][INFO] 2023-09-20 12:56:03,544: +PARAM [/open_base/right_joint_velocity_controller/pid/p] by /roslaunch
[rosmaster.master][INFO] 2023-09-20 12:56:03,544: +PARAM [/open_base/right_joint_velocity_controller/joint] by /roslaunch
[rosmaster.master][INFO] 2023-09-20 12:56:03,544: +PARAM [/open_base/right_joint_velocity_controller/pid/i] by /roslaunch
[rosmaster.master][INFO] 2023-09-20 12:56:03,544: +PARAM [/open_base/parameter/initial/theta] by /roslaunch
[rosmaster.master][INFO] 2023-09-20 12:56:03,544: +PARAM [/open_base/right_joint_velocity_controller/pid/d] by /roslaunch
[rosmaster.master][INFO] 2023-09-20 12:56:03,544: +PARAM [/open_base/back_joint_velocity_controller/type] by /roslaunch
[rosmaster.master][INFO] 2023-09-20 12:56:03,544: +PARAM [/open_base/parameter/stop/angle] by /roslaunch
[rosmaster.master][INFO] 2023-09-20 12:56:03,544: +PARAM [/open_base/parameter/max/omega] by /roslaunch
[rosmaster.master][INFO] 2023-09-20 12:56:03,545: +PARAM [/open_base/back_joint_velocity_controller/pid/d] by /roslaunch
[rosmaster.master][INFO] 2023-09-20 12:56:03,545: +PARAM [/rosdistro] by /roslaunch
[rosmaster.master][INFO] 2023-09-20 12:56:03,545: +PARAM [/open_base/back_joint_velocity_controller/pid/i] by /roslaunch
[rosmaster.master][INFO] 2023-09-20 12:56:03,545: +PARAM [/rosversion] by /roslaunch
[rosmaster.master][INFO] 2023-09-20 12:56:03,545: +PARAM [/open_base/left_joint_velocity_controller/joint] by /roslaunch
[rosmaster.master][INFO] 2023-09-20 12:56:03,545: +PARAM [/open_base/back_joint_velocity_controller/pid/p] by /roslaunch
[rosmaster.master][INFO] 2023-09-20 12:56:03,545: +PARAM [/open_base/robot_description] by /roslaunch
[rosmaster.master][INFO] 2023-09-20 12:56:03,545: +PARAM [/open_base/right_joint_velocity_controller/type] by /roslaunch
[rosmaster.master][INFO] 2023-09-20 12:56:03,545: +PARAM [/open_base/parameter/stop/distance] by /roslaunch
[rosmaster.master][INFO] 2023-09-20 12:56:03,545: +PARAM [/open_base/back_joint_velocity_controller/joint] by /roslaunch
[rosmaster.master][INFO] 2023-09-20 12:56:03,545: +PARAM [/open_base/parameter/max/v] by /roslaunch
[rosmaster.master][INFO] 2023-09-20 12:56:03,545: +PARAM [/open_base/parameter/control/P] by /roslaunch
[rosmaster.master][INFO] 2023-09-20 12:56:03,545: +PARAM [/open_base/parameter/wheel/radius] by /roslaunch
[rosmaster.master][INFO] 2023-09-20 12:56:03,545: +PARAM [/open_base/parameter/control/I] by /roslaunch
[rosmaster.master][INFO] 2023-09-20 12:56:03,546: +PARAM [/open_base/left_joint_velocity_controller/type] by /roslaunch
[rosmaster.master][INFO] 2023-09-20 12:56:03,546: +PARAM [/open_base/joint_state_controller/publish_rate] by /roslaunch
[rosmaster.master][INFO] 2023-09-20 12:56:03,549: +SERVICE [/rosout/get_loggers] /rosout http://LAPTOP-CB8EFKQO:40895/
[rosmaster.master][INFO] 2023-09-20 12:56:03,549: +SERVICE [/rosout/set_logger_level] /rosout http://LAPTOP-CB8EFKQO:40895/
[rosmaster.master][INFO] 2023-09-20 12:56:03,550: +PUB [/rosout_agg] /rosout http://LAPTOP-CB8EFKQO:40895/
[rosmaster.master][INFO] 2023-09-20 12:56:03,553: +SUB [/rosout] /rosout http://LAPTOP-CB8EFKQO:40895/
[rosmaster.master][INFO] 2023-09-20 12:56:03,819: +PUB [/rosout] /open_base/robot_state_publisher http://LAPTOP-CB8EFKQO:43213/
[rosmaster.master][INFO] 2023-09-20 12:56:03,820: +SERVICE [/open_base/robot_state_publisher/get_loggers] /open_base/robot_state_publisher http://LAPTOP-CB8EFKQO:43213/
[rosmaster.master][INFO] 2023-09-20 12:56:03,821: +SERVICE [/open_base/robot_state_publisher/set_logger_level] /open_base/robot_state_publisher http://LAPTOP-CB8EFKQO:43213/
[rosmaster.master][INFO] 2023-09-20 12:56:03,822: +CACHEDPARAM [/rosout_disable_topics_generation] by /open_base/robot_state_publisher
[rosmaster.master][INFO] 2023-09-20 12:56:03,828: +PUB [/tf] /open_base/robot_state_publisher http://LAPTOP-CB8EFKQO:43213/
[rosmaster.master][INFO] 2023-09-20 12:56:03,829: +PUB [/tf_static] /open_base/robot_state_publisher http://LAPTOP-CB8EFKQO:43213/
[rosmaster.master][INFO] 2023-09-20 12:56:03,835: +SUB [/open_base/joint_states] /open_base/robot_state_publisher http://LAPTOP-CB8EFKQO:43213/
[rosmaster.master][INFO] 2023-09-20 12:56:03,868: publisherUpdate[/rosout] -> http://LAPTOP-CB8EFKQO:40895/ ['http://LAPTOP-CB8EFKQO:43213/']
[rosmaster.master][INFO] 2023-09-20 12:56:03,886: publisherUpdate[/rosout] -> http://LAPTOP-CB8EFKQO:40895/ ['http://LAPTOP-CB8EFKQO:43213/']: sec=0.02, result=[1, '', 0]
[rosmaster.master][INFO] 2023-09-20 12:56:04,031: +PUB [/rosout] /open_base/controller_spawner http://LAPTOP-CB8EFKQO:39835/
[rosmaster.master][INFO] 2023-09-20 12:56:04,035: +SERVICE [/open_base/controller_spawner/get_loggers] /open_base/controller_spawner http://LAPTOP-CB8EFKQO:39835/
[rosmaster.master][INFO] 2023-09-20 12:56:04,036: +SERVICE [/open_base/controller_spawner/set_logger_level] /open_base/controller_spawner http://LAPTOP-CB8EFKQO:39835/
[rosmaster.master][INFO] 2023-09-20 12:56:04,038: +CACHEDPARAM [/rosout_disable_topics_generation] by /open_base/controller_spawner
[rosmaster.master][INFO] 2023-09-20 12:56:04,069: publisherUpdate[/rosout] -> http://LAPTOP-CB8EFKQO:40895/ ['http://LAPTOP-CB8EFKQO:43213/', 'http://LAPTOP-CB8EFKQO:39835/']
[rosmaster.master][INFO] 2023-09-20 12:56:04,080: publisherUpdate[/rosout] -> http://LAPTOP-CB8EFKQO:40895/ ['http://LAPTOP-CB8EFKQO:43213/', 'http://LAPTOP-CB8EFKQO:39835/']: sec=0.01, result=[1, '', 0]
[rosmaster.master][INFO] 2023-09-20 12:56:04,129: +PUB [/rosout] /open_base/rviz http://LAPTOP-CB8EFKQO:34419/
[rosmaster.master][INFO] 2023-09-20 12:56:04,129: +SERVICE [/open_base/rviz/get_loggers] /open_base/rviz http://LAPTOP-CB8EFKQO:34419/
[rosmaster.master][INFO] 2023-09-20 12:56:04,130: +SERVICE [/open_base/rviz/set_logger_level] /open_base/rviz http://LAPTOP-CB8EFKQO:34419/
[rosmaster.master][INFO] 2023-09-20 12:56:04,131: +CACHEDPARAM [/rosout_disable_topics_generation] by /open_base/rviz
[rosmaster.master][INFO] 2023-09-20 12:56:04,170: publisherUpdate[/rosout] -> http://LAPTOP-CB8EFKQO:40895/ ['http://LAPTOP-CB8EFKQO:43213/', 'http://LAPTOP-CB8EFKQO:39835/', 'http://LAPTOP-CB8EFKQO:34419/']
[rosmaster.master][INFO] 2023-09-20 12:56:04,183: publisherUpdate[/rosout] -> http://LAPTOP-CB8EFKQO:40895/ ['http://LAPTOP-CB8EFKQO:43213/', 'http://LAPTOP-CB8EFKQO:39835/', 'http://LAPTOP-CB8EFKQO:34419/']: sec=0.01, result=[1, '', 0]
[rosmaster.master][INFO] 2023-09-20 12:56:04,185: +CACHEDPARAM [/rosout/omit_topics] by /rosout
[rosmaster.master][INFO] 2023-09-20 12:56:04,666: +SUB [/tf] /open_base/rviz http://LAPTOP-CB8EFKQO:34419/
[rosmaster.master][INFO] 2023-09-20 12:56:04,675: +SUB [/tf_static] /open_base/rviz http://LAPTOP-CB8EFKQO:34419/
[rosmaster.master][INFO] 2023-09-20 12:56:04,795: +PUB [/open_base/initialpose] /open_base/rviz http://LAPTOP-CB8EFKQO:34419/
[rosmaster.master][INFO] 2023-09-20 12:56:04,796: +PUB [/open_base/goal] /open_base/rviz http://LAPTOP-CB8EFKQO:34419/
[rosmaster.master][INFO] 2023-09-20 12:56:04,841: -PUB [/open_base/goal] /open_base/rviz http://LAPTOP-CB8EFKQO:34419/
[rosmaster.master][INFO] 2023-09-20 12:56:04,842: -PUB [/open_base/initialpose] /open_base/rviz http://LAPTOP-CB8EFKQO:34419/
[rosmaster.master][INFO] 2023-09-20 12:56:04,845: +PUB [/open_base/initialpose] /open_base/rviz http://LAPTOP-CB8EFKQO:34419/
[rosmaster.master][INFO] 2023-09-20 12:56:04,846: +PUB [/initialpose] /open_base/rviz http://LAPTOP-CB8EFKQO:34419/
[rosmaster.master][INFO] 2023-09-20 12:56:04,847: -PUB [/open_base/initialpose] /open_base/rviz http://LAPTOP-CB8EFKQO:34419/
[rosmaster.master][INFO] 2023-09-20 12:56:04,848: +PUB [/open_base/goal] /open_base/rviz http://LAPTOP-CB8EFKQO:34419/
[rosmaster.master][INFO] 2023-09-20 12:56:04,849: +PUB [/move_base_simple/goal] /open_base/rviz http://LAPTOP-CB8EFKQO:34419/
[rosmaster.master][INFO] 2023-09-20 12:56:04,850: -PUB [/open_base/goal] /open_base/rviz http://LAPTOP-CB8EFKQO:34419/
[rosmaster.master][INFO] 2023-09-20 12:56:04,851: +PUB [/clicked_point] /open_base/rviz http://LAPTOP-CB8EFKQO:34419/
[rosmaster.master][INFO] 2023-09-20 12:56:05,141: +SERVICE [/open_base/rviz/reload_shaders] /open_base/rviz http://LAPTOP-CB8EFKQO:34419/
[rosmaster.master][INFO] 2023-09-20 12:56:05,142: +SERVICE [/open_base/rviz/load_config] /open_base/rviz http://LAPTOP-CB8EFKQO:34419/
[rosmaster.master][INFO] 2023-09-20 12:56:05,142: +SERVICE [/open_base/rviz/save_config] /open_base/rviz http://LAPTOP-CB8EFKQO:34419/
[rosmaster.master][INFO] 2023-09-20 12:56:34,240: +CACHEDPARAM [/rosout_disable_topics_generation] by /open_base/controller_spawner
[rosmaster.master][INFO] 2023-09-20 12:56:34,244: -PUB [/rosout] /open_base/controller_spawner http://LAPTOP-CB8EFKQO:39835/
[rosmaster.master][INFO] 2023-09-20 12:56:34,245: -SERVICE [/open_base/controller_spawner/set_logger_level] /open_base/controller_spawner rosrpc://LAPTOP-CB8EFKQO:33365
[rosmaster.master][INFO] 2023-09-20 12:56:34,245: -SERVICE [/open_base/controller_spawner/get_loggers] /open_base/controller_spawner rosrpc://LAPTOP-CB8EFKQO:33365
[rosmaster.master][INFO] 2023-09-20 12:56:34,258: publisherUpdate[/rosout] -> http://LAPTOP-CB8EFKQO:40895/ ['http://LAPTOP-CB8EFKQO:43213/', 'http://LAPTOP-CB8EFKQO:34419/']
[rosmaster.master][INFO] 2023-09-20 12:56:34,260: publisherUpdate[/rosout] -> http://LAPTOP-CB8EFKQO:40895/ ['http://LAPTOP-CB8EFKQO:43213/', 'http://LAPTOP-CB8EFKQO:34419/']: sec=0.00, result=[1, '', 0]
[rosmaster.master][INFO] 2023-09-20 12:58:01,118: -PUB [/rosout] /open_base/robot_state_publisher http://LAPTOP-CB8EFKQO:43213/
[rosmaster.master][INFO] 2023-09-20 12:58:01,121: -PUB [/tf] /open_base/robot_state_publisher http://LAPTOP-CB8EFKQO:43213/
[rosmaster.master][INFO] 2023-09-20 12:58:01,122: -PUB [/tf_static] /open_base/robot_state_publisher http://LAPTOP-CB8EFKQO:43213/
[rosmaster.master][INFO] 2023-09-20 12:58:01,123: -SUB [/open_base/joint_states] /open_base/robot_state_publisher http://LAPTOP-CB8EFKQO:43213/
[rosmaster.master][INFO] 2023-09-20 12:58:01,124: -PUB [/rosout] /open_base/rviz http://LAPTOP-CB8EFKQO:34419/
[rosmaster.master][INFO] 2023-09-20 12:58:01,126: -SERVICE [/open_base/robot_state_publisher/get_loggers] /open_base/robot_state_publisher rosrpc://LAPTOP-CB8EFKQO:37937
[rosmaster.master][INFO] 2023-09-20 12:58:01,128: -PUB [/initialpose] /open_base/rviz http://LAPTOP-CB8EFKQO:34419/
[rosmaster.master][INFO] 2023-09-20 12:58:01,130: publisherUpdate[/rosout] -> http://LAPTOP-CB8EFKQO:40895/ ['http://LAPTOP-CB8EFKQO:34419/']
[rosmaster.master][INFO] 2023-09-20 12:58:01,131: -SERVICE [/open_base/robot_state_publisher/set_logger_level] /open_base/robot_state_publisher rosrpc://LAPTOP-CB8EFKQO:37937
[rosmaster.master][INFO] 2023-09-20 12:58:01,133: publisherUpdate[/rosout] -> http://LAPTOP-CB8EFKQO:40895/ ['http://LAPTOP-CB8EFKQO:34419/']: sec=0.00, result=[1, '', 0]
[rosmaster.master][INFO] 2023-09-20 12:58:01,133: publisherUpdate[/tf] -> http://LAPTOP-CB8EFKQO:34419/ []
[rosmaster.master][INFO] 2023-09-20 12:58:01,135: publisherUpdate[/rosout] -> http://LAPTOP-CB8EFKQO:40895/ []
[rosmaster.master][INFO] 2023-09-20 12:58:01,135: -PUB [/move_base_simple/goal] /open_base/rviz http://LAPTOP-CB8EFKQO:34419/
[rosmaster.master][INFO] 2023-09-20 12:58:01,137: publisherUpdate[/rosout] -> http://LAPTOP-CB8EFKQO:40895/ []: sec=0.00, result=[1, '', 0]
[rosmaster.master][INFO] 2023-09-20 12:58:01,138: -CACHEDPARAM [/rosout_disable_topics_generation] by /open_base/robot_state_publisher
[rosmaster.master][INFO] 2023-09-20 12:58:01,140: -PUB [/clicked_point] /open_base/rviz http://LAPTOP-CB8EFKQO:34419/
[rosmaster.master][INFO] 2023-09-20 12:58:01,142: -SUB [/tf] /open_base/rviz http://LAPTOP-CB8EFKQO:34419/
[rosmaster.master][INFO] 2023-09-20 12:58:01,143: -SUB [/tf_static] /open_base/rviz http://LAPTOP-CB8EFKQO:34419/
[rosmaster.master][INFO] 2023-09-20 12:58:01,145: -SERVICE [/open_base/rviz/get_loggers] /open_base/rviz rosrpc://LAPTOP-CB8EFKQO:38879
[rosmaster.master][INFO] 2023-09-20 12:58:01,145: -SERVICE [/open_base/rviz/set_logger_level] /open_base/rviz rosrpc://LAPTOP-CB8EFKQO:38879
[rosmaster.master][INFO] 2023-09-20 12:58:01,147: -SERVICE [/open_base/rviz/reload_shaders] /open_base/rviz rosrpc://LAPTOP-CB8EFKQO:38879
[rosmaster.master][INFO] 2023-09-20 12:58:01,150: -SERVICE [/open_base/rviz/load_config] /open_base/rviz rosrpc://LAPTOP-CB8EFKQO:38879
[rosmaster.master][INFO] 2023-09-20 12:58:01,152: -SERVICE [/open_base/rviz/save_config] /open_base/rviz rosrpc://LAPTOP-CB8EFKQO:38879
[rosmaster.master][INFO] 2023-09-20 12:58:01,153: -CACHEDPARAM [/rosout_disable_topics_generation] by /open_base/rviz
[rosmaster.master][INFO] 2023-09-20 12:58:01,154: publisherUpdate[/tf] -> http://LAPTOP-CB8EFKQO:34419/ []: sec=0.02, exception=<Fault -1: 'publisherUpdate: unknown method name'>
[rosmaster.threadpool][ERROR] 2023-09-20 12:58:01,155: Traceback (most recent call last):
  File "/opt/ros/melodic/lib/python2.7/dist-packages/rosmaster/threadpool.py", line 218, in run
    result = cmd(*args)
  File "/opt/ros/melodic/lib/python2.7/dist-packages/rosmaster/master_api.py", line 210, in publisher_update_task
    ret = xmlrpcapi(api).publisherUpdate('/master', topic, pub_uris)
  File "/usr/lib/python2.7/xmlrpclib.py", line 1243, in __call__
    return self.__send(self.__name, args)
  File "/usr/lib/python2.7/xmlrpclib.py", line 1602, in __request
    verbose=self.__verbose
  File "/usr/lib/python2.7/xmlrpclib.py", line 1283, in request
    return self.single_request(host, handler, request_body, verbose)
  File "/usr/lib/python2.7/xmlrpclib.py", line 1316, in single_request
    return self.parse_response(response)
  File "/usr/lib/python2.7/xmlrpclib.py", line 1493, in parse_response
    return u.close()
  File "/usr/lib/python2.7/xmlrpclib.py", line 800, in close
    raise Fault(**self._stack[0])
Fault: <Fault -1: 'publisherUpdate: unknown method name'>

[rosmaster.master][INFO] 2023-09-20 12:58:01,155: publisherUpdate[/tf_static] -> http://LAPTOP-CB8EFKQO:34419/ []
[rosmaster.master][INFO] 2023-09-20 12:58:01,156: publisherUpdate[/tf_static] -> http://LAPTOP-CB8EFKQO:34419/ []: sec=0.00, exception=<Fault -1: 'publisherUpdate: unknown method name'>
[rosmaster.threadpool][ERROR] 2023-09-20 12:58:01,156: Traceback (most recent call last):
  File "/opt/ros/melodic/lib/python2.7/dist-packages/rosmaster/threadpool.py", line 218, in run
    result = cmd(*args)
  File "/opt/ros/melodic/lib/python2.7/dist-packages/rosmaster/master_api.py", line 210, in publisher_update_task
    ret = xmlrpcapi(api).publisherUpdate('/master', topic, pub_uris)
  File "/usr/lib/python2.7/xmlrpclib.py", line 1243, in __call__
    return self.__send(self.__name, args)
  File "/usr/lib/python2.7/xmlrpclib.py", line 1602, in __request
    verbose=self.__verbose
  File "/usr/lib/python2.7/xmlrpclib.py", line 1283, in request
    return self.single_request(host, handler, request_body, verbose)
  File "/usr/lib/python2.7/xmlrpclib.py", line 1316, in single_request
    return self.parse_response(response)
  File "/usr/lib/python2.7/xmlrpclib.py", line 1493, in parse_response
    return u.close()
  File "/usr/lib/python2.7/xmlrpclib.py", line 800, in close
    raise Fault(**self._stack[0])
Fault: <Fault -1: 'publisherUpdate: unknown method name'>

[rosmaster.master][INFO] 2023-09-20 12:58:01,638: -PUB [/rosout_agg] /rosout http://LAPTOP-CB8EFKQO:40895/
[rosmaster.master][INFO] 2023-09-20 12:58:01,639: -SUB [/rosout] /rosout http://LAPTOP-CB8EFKQO:40895/
[rosmaster.master][INFO] 2023-09-20 12:58:01,639: -SERVICE [/rosout/get_loggers] /rosout rosrpc://LAPTOP-CB8EFKQO:55035
[rosmaster.master][INFO] 2023-09-20 12:58:01,640: -SERVICE [/rosout/set_logger_level] /rosout rosrpc://LAPTOP-CB8EFKQO:55035
[rosmaster.master][INFO] 2023-09-20 12:58:01,640: -CACHEDPARAM [/rosout/omit_topics] by /rosout
[rosmaster.main][INFO] 2023-09-20 12:58:01,672: keyboard interrupt, will exit
[rosmaster.main][INFO] 2023-09-20 12:58:01,673: stopping master...
[rospy.core][INFO] 2023-09-20 12:58:01,673: signal_shutdown [atexit]
