2023-09-21 12:21:13.187 [info] Extension host with pid 706 started
2023-09-21 12:21:13.203 [error] Error: EEXIST: file already exists, open '/home/jinsu_park/.vscode-server/data/User/workspaceStorage/af3df743b1184086b992de086fda9df2/vscode.lock'
2023-09-21 12:21:13.232 [info] Lock '/home/jinsu_park/.vscode-server/data/User/workspaceStorage/af3df743b1184086b992de086fda9df2/vscode.lock': Could not acquire lock, checking if the file is stale.
2023-09-21 12:21:13.242 [info] Lock '/home/jinsu_park/.vscode-server/data/User/workspaceStorage/af3df743b1184086b992de086fda9df2/vscode.lock': The lockfile is scheduled to have been released.
2023-09-21 12:21:13.242 [info] Lock '/home/jinsu_park/.vscode-server/data/User/workspaceStorage/af3df743b1184086b992de086fda9df2/vscode.lock': Deleting a stale lock.
2023-09-21 12:21:13.305 [info] ExtensionService#_doActivateExtension vscode.tunnel-forwarding, startup: false, activationEvent: 'onTunnel'
2023-09-21 12:21:13.306 [info] ExtensionService#_doActivateExtension vscode.emmet, startup: false, activationEvent: 'onLanguage'
2023-09-21 12:21:13.307 [info] ExtensionService#_doActivateExtension twxs.cmake, startup: false, activationEvent: 'onLanguage:cmake'
2023-09-21 12:21:13.350 [info] Lock '/home/jinsu_park/.vscode-server/data/User/workspaceStorage/af3df743b1184086b992de086fda9df2/vscode.lock': Lock acquired.
2023-09-21 12:21:13.385 [error] No bundle location found for extension vscode.tunnel-forwarding
2023-09-21 12:21:13.554 [info] ExtensionService#_doActivateExtension vscode.git-base, startup: true, activationEvent: '*', root cause: vscode.git
2023-09-21 12:21:13.700 [info] ExtensionService#_doActivateExtension vscode.git, startup: true, activationEvent: '*'
2023-09-21 12:21:13.700 [info] ExtensionService#_doActivateExtension vscode.github, startup: true, activationEvent: '*'
2023-09-21 12:21:13.702 [info] ExtensionService#_doActivateExtension ms-vscode.cmake-tools, startup: true, activationEvent: 'workspaceContains:*/CMakeLists.txt,*/*/CMakeLists.txt,*/*/*/CMakeLists.txt'
2023-09-21 12:21:17.348 [warning] [Decorations] CAPPING events from decorations provider vscode.git 7691
2023-09-21 12:21:20.127 [warning] [Decorations] CAPPING events from decorations provider vscode.git 7691
2023-09-21 12:21:22.807 [info] Eager extensions activated
2023-09-21 12:21:22.807 [info] ExtensionService#_doActivateExtension vscode.debug-auto-launch, startup: false, activationEvent: 'onStartupFinished'
2023-09-21 12:21:22.808 [info] ExtensionService#_doActivateExtension vscode.merge-conflict, startup: false, activationEvent: 'onStartupFinished'
2023-09-21 12:23:17.567 [warning] [Decorations] CAPPING events from decorations provider vscode.git 7691
2023-09-21 12:23:22.803 [warning] [Decorations] CAPPING events from decorations provider vscode.git 7685
2023-09-21 12:23:28.036 [warning] [Decorations] CAPPING events from decorations provider vscode.git 7685
2023-09-21 12:23:33.444 [warning] [Decorations] CAPPING events from decorations provider vscode.git 7685
2023-09-21 12:23:39.245 [warning] [Decorations] CAPPING events from decorations provider vscode.git 7685
2023-09-21 12:23:45.186 [warning] [Decorations] CAPPING events from decorations provider vscode.git 7685
2023-09-21 12:23:50.562 [warning] [Decorations] CAPPING events from decorations provider vscode.git 7685
2023-09-21 12:23:58.563 [warning] [Decorations] CAPPING events from decorations provider vscode.git 7685
2023-09-21 12:24:03.865 [warning] [Decorations] CAPPING events from decorations provider vscode.git 7685
2023-09-21 12:24:09.077 [warning] [Decorations] CAPPING events from decorations provider vscode.git 7685
2023-09-21 12:24:14.314 [warning] [Decorations] CAPPING events from decorations provider vscode.git 7685
2023-09-21 12:24:21.444 [warning] [Decorations] CAPPING events from decorations provider vscode.git 7685
2023-09-21 12:24:26.725 [warning] [Decorations] CAPPING events from decorations provider vscode.git 7685
2023-09-21 12:24:32.199 [warning] [Decorations] CAPPING events from decorations provider vscode.git 7685
2023-09-21 12:24:37.697 [warning] [Decorations] CAPPING events from decorations provider vscode.git 7685
2023-09-21 12:24:43.233 [warning] [Decorations] CAPPING events from decorations provider vscode.git 7685
2023-09-21 12:24:48.484 [warning] [Decorations] CAPPING events from decorations provider vscode.git 7685
2023-09-21 12:24:57.422 [warning] [Decorations] CAPPING events from decorations provider vscode.git 7685
2023-09-21 12:25:02.951 [warning] [Decorations] CAPPING events from decorations provider vscode.git 7685
2023-09-21 12:25:08.386 [warning] [Decorations] CAPPING events from decorations provider vscode.git 7685
2023-09-21 12:25:13.692 [warning] [Decorations] CAPPING events from decorations provider vscode.git 7685
2023-09-21 12:25:19.289 [warning] [Decorations] CAPPING events from decorations provider vscode.git 7685
2023-09-21 12:25:24.817 [warning] [Decorations] CAPPING events from decorations provider vscode.git 7685
2023-09-21 12:25:30.064 [warning] [Decorations] CAPPING events from decorations provider vscode.git 7685
2023-09-21 12:25:36.763 [warning] [Decorations] CAPPING events from decorations provider vscode.git 7685
2023-09-21 12:25:47.004 [warning] [Decorations] CAPPING events from decorations provider vscode.git 7692
2023-09-21 12:25:52.402 [warning] [Decorations] CAPPING events from decorations provider vscode.git 7692
2023-09-21 12:25:57.748 [warning] [Decorations] CAPPING events from decorations provider vscode.git 7692
2023-09-21 12:26:01.581 [info] ExtensionService#_doActivateExtension vscode.npm, startup: false, activationEvent: 'onTerminalQuickFixRequest:ms-vscode.npm-command'
2023-09-21 12:26:04.934 [warning] [Decorations] CAPPING events from decorations provider vscode.git 7692
2023-09-21 12:26:10.306 [warning] [Decorations] CAPPING events from decorations provider vscode.git 7692
2023-09-21 12:26:16.605 [warning] [Decorations] CAPPING events from decorations provider vscode.git 7692
2023-09-21 12:26:21.932 [warning] [Decorations] CAPPING events from decorations provider vscode.git 7692
2023-09-21 12:26:27.262 [warning] [Decorations] CAPPING events from decorations provider vscode.git 7692
2023-09-21 12:26:34.617 [warning] [Decorations] CAPPING events from decorations provider vscode.git 7692
2023-09-21 12:26:39.985 [warning] [Decorations] CAPPING events from decorations provider vscode.git 7692
2023-09-21 12:26:45.218 [warning] [Decorations] CAPPING events from decorations provider vscode.git 7692
2023-09-21 12:26:50.607 [warning] [Decorations] CAPPING events from decorations provider vscode.git 7692
2023-09-21 12:26:55.833 [warning] [Decorations] CAPPING events from decorations provider vscode.git 7692
2023-09-21 12:27:08.924 [warning] [Decorations] CAPPING events from decorations provider vscode.git 7692
2023-09-21 12:27:14.253 [warning] [Decorations] CAPPING events from decorations provider vscode.git 7692
2023-09-21 12:27:19.497 [warning] [Decorations] CAPPING events from decorations provider vscode.git 7692
2023-09-21 12:28:50.490 [warning] [Decorations] CAPPING events from decorations provider vscode.git 7693
2023-09-21 12:30:40.589 [warning] [Decorations] CAPPING events from decorations provider vscode.git 7693
2023-09-21 12:30:45.894 [warning] [Decorations] CAPPING events from decorations provider vscode.git 7693
2023-09-21 12:30:51.154 [warning] [Decorations] CAPPING events from decorations provider vscode.git 7693
2023-09-21 12:30:56.515 [warning] [Decorations] CAPPING events from decorations provider vscode.git 7693
2023-09-21 12:31:01.878 [warning] [Decorations] CAPPING events from decorations provider vscode.git 7693
2023-09-21 12:31:07.225 [warning] [Decorations] CAPPING events from decorations provider vscode.git 7693
2023-09-21 12:32:33.907 [warning] [Decorations] CAPPING events from decorations provider vscode.git 7695
2023-09-21 12:32:39.264 [warning] [Decorations] CAPPING events from decorations provider vscode.git 7695
2023-09-21 12:32:44.614 [warning] [Decorations] CAPPING events from decorations provider vscode.git 7695
2023-09-21 12:32:49.862 [warning] [Decorations] CAPPING events from decorations provider vscode.git 7695
2023-09-21 12:32:55.119 [warning] [Decorations] CAPPING events from decorations provider vscode.git 7695
2023-09-21 12:33:01.175 [warning] [Decorations] CAPPING events from decorations provider vscode.git 7695
2023-09-21 12:33:06.403 [warning] [Decorations] CAPPING events from decorations provider vscode.git 7695
2023-09-21 12:33:11.641 [warning] [Decorations] CAPPING events from decorations provider vscode.git 7695
2023-09-21 12:33:18.708 [warning] [Decorations] CAPPING events from decorations provider vscode.git 7695
2023-09-21 12:34:25.146 [warning] [Decorations] CAPPING events from decorations provider vscode.git 7695
2023-09-21 12:34:30.455 [warning] [Decorations] CAPPING events from decorations provider vscode.git 7695
2023-09-21 12:36:12.954 [warning] [Decorations] CAPPING events from decorations provider vscode.git 7695
2023-09-21 12:36:18.325 [warning] [Decorations] CAPPING events from decorations provider vscode.git 7695
2023-09-21 12:36:25.326 [warning] [Decorations] CAPPING events from decorations provider vscode.git 7695
2023-09-21 12:36:30.710 [warning] [Decorations] CAPPING events from decorations provider vscode.git 7695
2023-09-21 12:36:36.050 [warning] [Decorations] CAPPING events from decorations provider vscode.git 7695
2023-09-21 12:36:41.414 [warning] [Decorations] CAPPING events from decorations provider vscode.git 7695
2023-09-21 12:36:47.795 [warning] [Decorations] CAPPING events from decorations provider vscode.git 7695
2023-09-21 12:36:56.086 [warning] [Decorations] CAPPING events from decorations provider vscode.git 7695
2023-09-21 12:37:03.371 [warning] [Decorations] CAPPING events from decorations provider vscode.git 7695
2023-09-21 12:37:18.219 [warning] [Decorations] CAPPING events from decorations provider vscode.git 7695
2023-09-21 12:37:50.258 [warning] [Decorations] CAPPING events from decorations provider vscode.git 7695
2023-09-21 12:37:55.498 [warning] [Decorations] CAPPING events from decorations provider vscode.git 7695
2023-09-21 12:38:00.838 [warning] [Decorations] CAPPING events from decorations provider vscode.git 7695
2023-09-21 12:38:06.076 [warning] [Decorations] CAPPING events from decorations provider vscode.git 7695
2023-09-21 12:38:57.099 [warning] [Decorations] CAPPING events from decorations provider vscode.git 7695
2023-09-21 12:40:46.322 [warning] [Decorations] CAPPING events from decorations provider vscode.git 7695
2023-09-21 12:42:39.653 [warning] [Decorations] CAPPING events from decorations provider vscode.git 7695
2023-09-21 12:42:45.247 [warning] [Decorations] CAPPING events from decorations provider vscode.git 7695
2023-09-21 12:42:56.342 [warning] [Decorations] CAPPING events from decorations provider vscode.git 7695
2023-09-21 12:43:01.712 [warning] [Decorations] CAPPING events from decorations provider vscode.git 7695
2023-09-21 12:43:07.023 [warning] [Decorations] CAPPING events from decorations provider vscode.git 7695
2023-09-21 12:43:12.427 [warning] [Decorations] CAPPING events from decorations provider vscode.git 7695
2023-09-21 12:43:17.888 [warning] [Decorations] CAPPING events from decorations provider vscode.git 7695
2023-09-21 12:43:23.208 [warning] [Decorations] CAPPING events from decorations provider vscode.git 7695
2023-09-21 12:43:28.523 [warning] [Decorations] CAPPING events from decorations provider vscode.git 7695
2023-09-21 12:43:33.842 [warning] [Decorations] CAPPING events from decorations provider vscode.git 7695
2023-09-21 12:43:39.403 [warning] [Decorations] CAPPING events from decorations provider vscode.git 7695
2023-09-21 12:43:48.733 [warning] [Decorations] CAPPING events from decorations provider vscode.git 7695
2023-09-21 12:43:54.585 [warning] [Decorations] CAPPING events from decorations provider vscode.git 7695
2023-09-21 12:44:02.386 [warning] [Decorations] CAPPING events from decorations provider vscode.git 7695
2023-09-21 12:44:08.949 [warning] [Decorations] CAPPING events from decorations provider vscode.git 7695
2023-09-21 12:44:14.401 [warning] [Decorations] CAPPING events from decorations provider vscode.git 7695
2023-09-21 12:44:22.124 [warning] [Decorations] CAPPING events from decorations provider vscode.git 7695
2023-09-21 13:02:06.976 [warning] [Decorations] CAPPING events from decorations provider vscode.git 7695
2023-09-21 13:02:26.772 [warning] [Decorations] CAPPING events from decorations provider vscode.git 7695
2023-09-21 13:02:32.271 [warning] [Decorations] CAPPING events from decorations provider vscode.git 7702
2023-09-21 13:02:39.584 [warning] [Decorations] CAPPING events from decorations provider vscode.git 7702
2023-09-21 13:02:44.851 [warning] [Decorations] CAPPING events from decorations provider vscode.git 7702
2023-09-21 13:03:13.696 [warning] [Decorations] CAPPING events from decorations provider vscode.git 7702
2023-09-21 13:03:19.195 [warning] [Decorations] CAPPING events from decorations provider vscode.git 7702
2023-09-21 13:03:24.498 [warning] [Decorations] CAPPING events from decorations provider vscode.git 7702
2023-09-21 13:03:29.948 [warning] [Decorations] CAPPING events from decorations provider vscode.git 7702
2023-09-21 13:03:35.441 [warning] [Decorations] CAPPING events from decorations provider vscode.git 7702
2023-09-21 13:03:40.708 [warning] [Decorations] CAPPING events from decorations provider vscode.git 7702
2023-09-21 13:03:45.953 [warning] [Decorations] CAPPING events from decorations provider vscode.git 7702
2023-09-21 13:03:51.408 [warning] [Decorations] CAPPING events from decorations provider vscode.git 7702
2023-09-21 13:03:56.760 [warning] [Decorations] CAPPING events from decorations provider vscode.git 7702
2023-09-21 13:04:01.957 [warning] [Decorations] CAPPING events from decorations provider vscode.git 7702
2023-09-21 13:04:08.753 [warning] [Decorations] CAPPING events from decorations provider vscode.git 7713
2023-09-21 13:04:15.540 [warning] [Decorations] CAPPING events from decorations provider vscode.git 7720
2023-09-21 13:06:23.219 [warning] [Decorations] CAPPING events from decorations provider vscode.git 7720
2023-09-21 13:06:28.564 [warning] [Decorations] CAPPING events from decorations provider vscode.git 7720
2023-09-21 13:06:33.916 [warning] [Decorations] CAPPING events from decorations provider vscode.git 7720
2023-09-21 13:06:39.532 [warning] [Decorations] CAPPING events from decorations provider vscode.git 7720
2023-09-21 13:06:44.936 [warning] [Decorations] CAPPING events from decorations provider vscode.git 7720
2023-09-21 13:06:51.018 [warning] [Decorations] CAPPING events from decorations provider vscode.git 7720
2023-09-21 13:06:56.345 [warning] [Decorations] CAPPING events from decorations provider vscode.git 7720
2023-09-21 13:07:01.720 [warning] [Decorations] CAPPING events from decorations provider vscode.git 7720
2023-09-21 13:07:07.190 [warning] [Decorations] CAPPING events from decorations provider vscode.git 7720
2023-09-21 13:07:13.379 [warning] [Decorations] CAPPING events from decorations provider vscode.git 7720
2023-09-21 13:07:23.825 [warning] [Decorations] CAPPING events from decorations provider vscode.git 7720
2023-09-21 13:07:34.352 [warning] [Decorations] CAPPING events from decorations provider vscode.git 7727
2023-09-21 13:07:39.793 [warning] [Decorations] CAPPING events from decorations provider vscode.git 7727
2023-09-21 13:07:45.132 [warning] [Decorations] CAPPING events from decorations provider vscode.git 7727
2023-09-21 13:07:50.717 [warning] [Decorations] CAPPING events from decorations provider vscode.git 7727
2023-09-21 13:10:54.856 [warning] [Decorations] CAPPING events from decorations provider vscode.git 7727
2023-09-21 13:11:00.284 [warning] [Decorations] CAPPING events from decorations provider vscode.git 7727
2023-09-21 13:11:06.506 [warning] [Decorations] CAPPING events from decorations provider vscode.git 7727
2023-09-21 13:11:11.876 [warning] [Decorations] CAPPING events from decorations provider vscode.git 7727
2023-09-21 13:11:17.394 [warning] [Decorations] CAPPING events from decorations provider vscode.git 7727
2023-09-21 13:11:22.791 [warning] [Decorations] CAPPING events from decorations provider vscode.git 7727
2023-09-21 13:11:28.174 [warning] [Decorations] CAPPING events from decorations provider vscode.git 7727
2023-09-21 13:11:33.509 [warning] [Decorations] CAPPING events from decorations provider vscode.git 7727
2023-09-21 13:11:38.701 [warning] [Decorations] CAPPING events from decorations provider vscode.git 7727
2023-09-21 13:11:43.916 [warning] [Decorations] CAPPING events from decorations provider vscode.git 7727
2023-09-21 13:11:49.420 [warning] [Decorations] CAPPING events from decorations provider vscode.git 7727
2023-09-21 13:11:54.880 [warning] [Decorations] CAPPING events from decorations provider vscode.git 7727
2023-09-21 13:12:00.243 [warning] [Decorations] CAPPING events from decorations provider vscode.git 7727
2023-09-21 13:12:05.521 [warning] [Decorations] CAPPING events from decorations provider vscode.git 7727
2023-09-21 13:12:10.715 [warning] [Decorations] CAPPING events from decorations provider vscode.git 7727
2023-09-21 13:12:16.633 [warning] [Decorations] CAPPING events from decorations provider vscode.git 7727
2023-09-21 13:12:22.504 [warning] [Decorations] CAPPING events from decorations provider vscode.git 7727
2023-09-21 13:12:27.772 [warning] [Decorations] CAPPING events from decorations provider vscode.git 7727
2023-09-21 13:12:33.150 [warning] [Decorations] CAPPING events from decorations provider vscode.git 7727
2023-09-21 13:12:38.841 [warning] [Decorations] CAPPING events from decorations provider vscode.git 7727
2023-09-21 13:12:44.313 [warning] [Decorations] CAPPING events from decorations provider vscode.git 7727
2023-09-21 13:12:49.589 [warning] [Decorations] CAPPING events from decorations provider vscode.git 7727
2023-09-21 13:12:55.659 [warning] [Decorations] CAPPING events from decorations provider vscode.git 7727
2023-09-21 13:13:00.864 [warning] [Decorations] CAPPING events from decorations provider vscode.git 7727
2023-09-21 13:13:06.086 [warning] [Decorations] CAPPING events from decorations provider vscode.git 7727
2023-09-21 13:13:12.984 [warning] [Decorations] CAPPING events from decorations provider vscode.git 7727
2023-09-21 13:13:21.955 [warning] [Decorations] CAPPING events from decorations provider vscode.git 7727
2023-09-21 13:13:27.168 [warning] [Decorations] CAPPING events from decorations provider vscode.git 7727
2023-09-21 13:13:32.484 [warning] [Decorations] CAPPING events from decorations provider vscode.git 7727
2023-09-21 13:13:38.230 [warning] [Decorations] CAPPING events from decorations provider vscode.git 7727
2023-09-21 13:13:43.446 [warning] [Decorations] CAPPING events from decorations provider vscode.git 7727
2023-09-21 13:13:49.365 [warning] [Decorations] CAPPING events from decorations provider vscode.git 7727
2023-09-21 13:13:56.227 [warning] [Decorations] CAPPING events from decorations provider vscode.git 7727
2023-09-21 13:14:02.170 [warning] [Decorations] CAPPING events from decorations provider vscode.git 7727
2023-09-21 13:14:10.071 [warning] [Decorations] CAPPING events from decorations provider vscode.git 7727
2023-09-21 13:14:15.476 [warning] [Decorations] CAPPING events from decorations provider vscode.git 7727
2023-09-21 13:14:20.944 [warning] [Decorations] CAPPING events from decorations provider vscode.git 7727
2023-09-21 13:14:45.467 [warning] [Decorations] CAPPING events from decorations provider vscode.git 7727
2023-09-21 13:14:54.614 [warning] [Decorations] CAPPING events from decorations provider vscode.git 7727
2023-09-21 13:14:59.836 [warning] [Decorations] CAPPING events from decorations provider vscode.git 7727
2023-09-21 13:15:05.296 [warning] [Decorations] CAPPING events from decorations provider vscode.git 7727
2023-09-21 13:15:10.672 [warning] [Decorations] CAPPING events from decorations provider vscode.git 7727
2023-09-21 13:15:16.020 [warning] [Decorations] CAPPING events from decorations provider vscode.git 7727
2023-09-21 13:15:21.506 [warning] [Decorations] CAPPING events from decorations provider vscode.git 7727
2023-09-21 13:15:26.887 [warning] [Decorations] CAPPING events from decorations provider vscode.git 7727
2023-09-21 13:15:32.252 [warning] [Decorations] CAPPING events from decorations provider vscode.git 7727
2023-09-21 13:15:47.664 [warning] [Decorations] CAPPING events from decorations provider vscode.git 7727
2023-09-21 13:15:52.963 [warning] [Decorations] CAPPING events from decorations provider vscode.git 7727
2023-09-21 13:15:58.322 [warning] [Decorations] CAPPING events from decorations provider vscode.git 7727
2023-09-21 13:16:03.617 [warning] [Decorations] CAPPING events from decorations provider vscode.git 7727
2023-09-21 13:16:10.567 [warning] [Decorations] CAPPING events from decorations provider vscode.git 7727
2023-09-21 13:16:18.652 [warning] [Decorations] CAPPING events from decorations provider vscode.git 7727
2023-09-21 13:16:23.859 [warning] [Decorations] CAPPING events from decorations provider vscode.git 7727
2023-09-21 13:16:29.423 [warning] [Decorations] CAPPING events from decorations provider vscode.git 7727
2023-09-21 13:17:17.477 [warning] [Decorations] CAPPING events from decorations provider vscode.git 7727
2023-09-21 13:17:22.889 [warning] [Decorations] CAPPING events from decorations provider vscode.git 7727
2023-09-21 13:17:28.763 [warning] [Decorations] CAPPING events from decorations provider vscode.git 7727
2023-09-21 13:17:34.333 [warning] [Decorations] CAPPING events from decorations provider vscode.git 7727
2023-09-21 13:58:45.635 [warning] [Decorations] CAPPING events from decorations provider vscode.git 7727
2023-09-21 13:58:47.886 [info] Extension host terminating: received terminate message from renderer
2023-09-21 13:58:47.888 [info] Lock '/home/jinsu_park/.vscode-server/data/User/workspaceStorage/af3df743b1184086b992de086fda9df2/vscode.lock': Marking the lockfile as scheduled to be released in 6000 ms.
2023-09-21 13:58:47.930 [error] Canceled: Canceled
	at Object.I [as $4] (/home/jinsu_park/.vscode-server/bin/abd2f3db4bdb28f9e95536dfa84d8479f1eb312d/out/vs/workbench/api/node/extensionHostProcess.js:10:1032)
	at /home/jinsu_park/.vscode-server/bin/abd2f3db4bdb28f9e95536dfa84d8479f1eb312d/out/vs/workbench/api/node/extensionHostProcess.js:117:7647
	at Array.forEach (<anonymous>)
	at i.dispose (/home/jinsu_park/.vscode-server/bin/abd2f3db4bdb28f9e95536dfa84d8479f1eb312d/out/vs/workbench/api/node/extensionHostProcess.js:117:7612)
	at n.terminate (/home/jinsu_park/.vscode-server/bin/abd2f3db4bdb28f9e95536dfa84d8479f1eb312d/out/vs/workbench/api/node/extensionHostProcess.js:119:7821)
	at o.terminate (/home/jinsu_park/.vscode-server/bin/abd2f3db4bdb28f9e95536dfa84d8479f1eb312d/out/vs/workbench/api/node/extensionHostProcess.js:123:1513)
	at D (/home/jinsu_park/.vscode-server/bin/abd2f3db4bdb28f9e95536dfa84d8479f1eb312d/out/vs/workbench/api/node/extensionHostProcess.js:136:9800)
	at n.value (/home/jinsu_park/.vscode-server/bin/abd2f3db4bdb28f9e95536dfa84d8479f1eb312d/out/vs/workbench/api/node/extensionHostProcess.js:136:7847)
	at m.w (/home/jinsu_park/.vscode-server/bin/abd2f3db4bdb28f9e95536dfa84d8479f1eb312d/out/vs/workbench/api/node/extensionHostProcess.js:63:1902)
	at m.fire (/home/jinsu_park/.vscode-server/bin/abd2f3db4bdb28f9e95536dfa84d8479f1eb312d/out/vs/workbench/api/node/extensionHostProcess.js:63:2119)
	at v.fire (/home/jinsu_park/.vscode-server/bin/abd2f3db4bdb28f9e95536dfa84d8479f1eb312d/out/vs/workbench/api/node/extensionHostProcess.js:79:13940)
	at s.z (/home/jinsu_park/.vscode-server/bin/abd2f3db4bdb28f9e95536dfa84d8479f1eb312d/out/vs/workbench/api/node/extensionHostProcess.js:79:17005)
	at n.value (/home/jinsu_park/.vscode-server/bin/abd2f3db4bdb28f9e95536dfa84d8479f1eb312d/out/vs/workbench/api/node/extensionHostProcess.js:79:16410)
	at m.w (/home/jinsu_park/.vscode-server/bin/abd2f3db4bdb28f9e95536dfa84d8479f1eb312d/out/vs/workbench/api/node/extensionHostProcess.js:63:1902)
	at m.fire (/home/jinsu_park/.vscode-server/bin/abd2f3db4bdb28f9e95536dfa84d8479f1eb312d/out/vs/workbench/api/node/extensionHostProcess.js:63:2119)
	at n.acceptChunk (/home/jinsu_park/.vscode-server/bin/abd2f3db4bdb28f9e95536dfa84d8479f1eb312d/out/vs/workbench/api/node/extensionHostProcess.js:79:11714)
	at n.value (/home/jinsu_park/.vscode-server/bin/abd2f3db4bdb28f9e95536dfa84d8479f1eb312d/out/vs/workbench/api/node/extensionHostProcess.js:79:11001)
	at m.w (/home/jinsu_park/.vscode-server/bin/abd2f3db4bdb28f9e95536dfa84d8479f1eb312d/out/vs/workbench/api/node/extensionHostProcess.js:63:1902)
	at m.fire (/home/jinsu_park/.vscode-server/bin/abd2f3db4bdb28f9e95536dfa84d8479f1eb312d/out/vs/workbench/api/node/extensionHostProcess.js:63:2119)
	at m.u (/home/jinsu_park/.vscode-server/bin/abd2f3db4bdb28f9e95536dfa84d8479f1eb312d/out/vs/workbench/api/node/extensionHostProcess.js:133:19093)
	at m.acceptFrame (/home/jinsu_park/.vscode-server/bin/abd2f3db4bdb28f9e95536dfa84d8479f1eb312d/out/vs/workbench/api/node/extensionHostProcess.js:133:18899)
	at a.l (/home/jinsu_park/.vscode-server/bin/abd2f3db4bdb28f9e95536dfa84d8479f1eb312d/out/vs/workbench/api/node/extensionHostProcess.js:133:17532)
	at /home/jinsu_park/.vscode-server/bin/abd2f3db4bdb28f9e95536dfa84d8479f1eb312d/out/vs/workbench/api/node/extensionHostProcess.js:133:14879
	at Socket.p (/home/jinsu_park/.vscode-server/bin/abd2f3db4bdb28f9e95536dfa84d8479f1eb312d/out/vs/workbench/api/node/extensionHostProcess.js:133:12793)
	at Socket.emit (node:events:513:28)
	at addChunk (node:internal/streams/readable:324:12)
	at readableAddChunk (node:internal/streams/readable:297:9)
	at Readable.push (node:internal/streams/readable:234:10)
	at TCP.onStreamRead (node:internal/stream_base_commons:190:23) setContext undefined
2023-09-21 13:58:47.930 [error] Canceled: Canceled
	at Object.I [as $4] (/home/jinsu_park/.vscode-server/bin/abd2f3db4bdb28f9e95536dfa84d8479f1eb312d/out/vs/workbench/api/node/extensionHostProcess.js:10:1032)
	at /home/jinsu_park/.vscode-server/bin/abd2f3db4bdb28f9e95536dfa84d8479f1eb312d/out/vs/workbench/api/node/extensionHostProcess.js:117:7647
	at Array.forEach (<anonymous>)
	at i.dispose (/home/jinsu_park/.vscode-server/bin/abd2f3db4bdb28f9e95536dfa84d8479f1eb312d/out/vs/workbench/api/node/extensionHostProcess.js:117:7612)
	at n.terminate (/home/jinsu_park/.vscode-server/bin/abd2f3db4bdb28f9e95536dfa84d8479f1eb312d/out/vs/workbench/api/node/extensionHostProcess.js:119:7821)
	at o.terminate (/home/jinsu_park/.vscode-server/bin/abd2f3db4bdb28f9e95536dfa84d8479f1eb312d/out/vs/workbench/api/node/extensionHostProcess.js:123:1513)
	at D (/home/jinsu_park/.vscode-server/bin/abd2f3db4bdb28f9e95536dfa84d8479f1eb312d/out/vs/workbench/api/node/extensionHostProcess.js:136:9800)
	at n.value (/home/jinsu_park/.vscode-server/bin/abd2f3db4bdb28f9e95536dfa84d8479f1eb312d/out/vs/workbench/api/node/extensionHostProcess.js:136:7847)
	at m.w (/home/jinsu_park/.vscode-server/bin/abd2f3db4bdb28f9e95536dfa84d8479f1eb312d/out/vs/workbench/api/node/extensionHostProcess.js:63:1902)
	at m.fire (/home/jinsu_park/.vscode-server/bin/abd2f3db4bdb28f9e95536dfa84d8479f1eb312d/out/vs/workbench/api/node/extensionHostProcess.js:63:2119)
	at v.fire (/home/jinsu_park/.vscode-server/bin/abd2f3db4bdb28f9e95536dfa84d8479f1eb312d/out/vs/workbench/api/node/extensionHostProcess.js:79:13940)
	at s.z (/home/jinsu_park/.vscode-server/bin/abd2f3db4bdb28f9e95536dfa84d8479f1eb312d/out/vs/workbench/api/node/extensionHostProcess.js:79:17005)
	at n.value (/home/jinsu_park/.vscode-server/bin/abd2f3db4bdb28f9e95536dfa84d8479f1eb312d/out/vs/workbench/api/node/extensionHostProcess.js:79:16410)
	at m.w (/home/jinsu_park/.vscode-server/bin/abd2f3db4bdb28f9e95536dfa84d8479f1eb312d/out/vs/workbench/api/node/extensionHostProcess.js:63:1902)
	at m.fire (/home/jinsu_park/.vscode-server/bin/abd2f3db4bdb28f9e95536dfa84d8479f1eb312d/out/vs/workbench/api/node/extensionHostProcess.js:63:2119)
	at n.acceptChunk (/home/jinsu_park/.vscode-server/bin/abd2f3db4bdb28f9e95536dfa84d8479f1eb312d/out/vs/workbench/api/node/extensionHostProcess.js:79:11714)
	at n.value (/home/jinsu_park/.vscode-server/bin/abd2f3db4bdb28f9e95536dfa84d8479f1eb312d/out/vs/workbench/api/node/extensionHostProcess.js:79:11001)
	at m.w (/home/jinsu_park/.vscode-server/bin/abd2f3db4bdb28f9e95536dfa84d8479f1eb312d/out/vs/workbench/api/node/extensionHostProcess.js:63:1902)
	at m.fire (/home/jinsu_park/.vscode-server/bin/abd2f3db4bdb28f9e95536dfa84d8479f1eb312d/out/vs/workbench/api/node/extensionHostProcess.js:63:2119)
	at m.u (/home/jinsu_park/.vscode-server/bin/abd2f3db4bdb28f9e95536dfa84d8479f1eb312d/out/vs/workbench/api/node/extensionHostProcess.js:133:19093)
	at m.acceptFrame (/home/jinsu_park/.vscode-server/bin/abd2f3db4bdb28f9e95536dfa84d8479f1eb312d/out/vs/workbench/api/node/extensionHostProcess.js:133:18899)
	at a.l (/home/jinsu_park/.vscode-server/bin/abd2f3db4bdb28f9e95536dfa84d8479f1eb312d/out/vs/workbench/api/node/extensionHostProcess.js:133:17532)
	at /home/jinsu_park/.vscode-server/bin/abd2f3db4bdb28f9e95536dfa84d8479f1eb312d/out/vs/workbench/api/node/extensionHostProcess.js:133:14879
	at Socket.p (/home/jinsu_park/.vscode-server/bin/abd2f3db4bdb28f9e95536dfa84d8479f1eb312d/out/vs/workbench/api/node/extensionHostProcess.js:133:12793)
	at Socket.emit (node:events:513:28)
	at addChunk (node:internal/streams/readable:324:12)
	at readableAddChunk (node:internal/streams/readable:297:9)
	at Readable.push (node:internal/streams/readable:234:10)
	at TCP.onStreamRead (node:internal/stream_base_commons:190:23) setContext undefined
2023-09-21 13:58:47.932 [error] Canceled: Canceled
	at new h (/home/jinsu_park/.vscode-server/bin/abd2f3db4bdb28f9e95536dfa84d8479f1eb312d/out/vs/workbench/api/node/extensionHostProcess.js:108:57382)
	at i.O (/home/jinsu_park/.vscode-server/bin/abd2f3db4bdb28f9e95536dfa84d8479f1eb312d/out/vs/workbench/api/node/extensionHostProcess.js:117:10850)
	at j.<computed>.T.charCodeAt.j.<computed> (/home/jinsu_park/.vscode-server/bin/abd2f3db4bdb28f9e95536dfa84d8479f1eb312d/out/vs/workbench/api/node/extensionHostProcess.js:117:8289)
	at r.g (/home/jinsu_park/.vscode-server/bin/abd2f3db4bdb28f9e95536dfa84d8479f1eb312d/out/vs/workbench/api/node/extensionHostProcess.js:108:82208)
	at r.executeCommand (/home/jinsu_park/.vscode-server/bin/abd2f3db4bdb28f9e95536dfa84d8479f1eb312d/out/vs/workbench/api/node/extensionHostProcess.js:108:81646)
	at u.registerCommand.description (/home/jinsu_park/.vscode-server/bin/abd2f3db4bdb28f9e95536dfa84d8479f1eb312d/out/vs/workbench/api/node/extensionHostProcess.js:108:80967)
	at r.h (/home/jinsu_park/.vscode-server/bin/abd2f3db4bdb28f9e95536dfa84d8479f1eb312d/out/vs/workbench/api/node/extensionHostProcess.js:108:82744)
	at r.g (/home/jinsu_park/.vscode-server/bin/abd2f3db4bdb28f9e95536dfa84d8479f1eb312d/out/vs/workbench/api/node/extensionHostProcess.js:108:81739)
	at r.executeCommand (/home/jinsu_park/.vscode-server/bin/abd2f3db4bdb28f9e95536dfa84d8479f1eb312d/out/vs/workbench/api/node/extensionHostProcess.js:108:81646)
	at Object.executeCommand (/home/jinsu_park/.vscode-server/bin/abd2f3db4bdb28f9e95536dfa84d8479f1eb312d/out/vs/workbench/api/node/extensionHostProcess.js:123:21247)
	at n.D [as value] (/home/jinsu_park/.vscode-server/bin/abd2f3db4bdb28f9e95536dfa84d8479f1eb312d/extensions/git/dist/main.js:2:1309000)
	at m.w (/home/jinsu_park/.vscode-server/bin/abd2f3db4bdb28f9e95536dfa84d8479f1eb312d/out/vs/workbench/api/node/extensionHostProcess.js:63:1902)
	at m.x (/home/jinsu_park/.vscode-server/bin/abd2f3db4bdb28f9e95536dfa84d8479f1eb312d/out/vs/workbench/api/node/extensionHostProcess.js:63:1972)
	at m.fire (/home/jinsu_park/.vscode-server/bin/abd2f3db4bdb28f9e95536dfa84d8479f1eb312d/out/vs/workbench/api/node/extensionHostProcess.js:63:2188)
	at Object.m [as dispose] (/home/jinsu_park/.vscode-server/bin/abd2f3db4bdb28f9e95536dfa84d8479f1eb312d/extensions/git/dist/main.js:2:1324784)
	at /home/jinsu_park/.vscode-server/bin/abd2f3db4bdb28f9e95536dfa84d8479f1eb312d/extensions/git/dist/main.js:2:1329625
	at Array.forEach (<anonymous>)
	at g.dispose (/home/jinsu_park/.vscode-server/bin/abd2f3db4bdb28f9e95536dfa84d8479f1eb312d/extensions/git/dist/main.js:2:1329611)
	at E.<anonymous> (/home/jinsu_park/.vscode-server/bin/abd2f3db4bdb28f9e95536dfa84d8479f1eb312d/out/vs/workbench/api/node/extensionHostProcess.js:104:3484)
	at E.dispose (/home/jinsu_park/.vscode-server/bin/abd2f3db4bdb28f9e95536dfa84d8479f1eb312d/out/vs/workbench/api/node/extensionHostProcess.js:104:3581)
	at E.<anonymous> (/home/jinsu_park/.vscode-server/bin/abd2f3db4bdb28f9e95536dfa84d8479f1eb312d/extensions/git/dist/main.js:2:1311012)
	at E.dispose (/home/jinsu_park/.vscode-server/bin/abd2f3db4bdb28f9e95536dfa84d8479f1eb312d/out/vs/workbench/api/node/extensionHostProcess.js:104:3581)
	at k (/home/jinsu_park/.vscode-server/bin/abd2f3db4bdb28f9e95536dfa84d8479f1eb312d/out/vs/workbench/api/node/extensionHostProcess.js:13:11730)
	at n.Z (/home/jinsu_park/.vscode-server/bin/abd2f3db4bdb28f9e95536dfa84d8479f1eb312d/out/vs/workbench/api/node/extensionHostProcess.js:119:9652)
	at /home/jinsu_park/.vscode-server/bin/abd2f3db4bdb28f9e95536dfa84d8479f1eb312d/out/vs/workbench/api/node/extensionHostProcess.js:119:7585
	at Array.map (<anonymous>)
	at n.S (/home/jinsu_park/.vscode-server/bin/abd2f3db4bdb28f9e95536dfa84d8479f1eb312d/out/vs/workbench/api/node/extensionHostProcess.js:119:7572)
	at n.terminate (/home/jinsu_park/.vscode-server/bin/abd2f3db4bdb28f9e95536dfa84d8479f1eb312d/out/vs/workbench/api/node/extensionHostProcess.js:119:7844)
	at o.terminate (/home/jinsu_park/.vscode-server/bin/abd2f3db4bdb28f9e95536dfa84d8479f1eb312d/out/vs/workbench/api/node/extensionHostProcess.js:123:1513)
	at D (/home/jinsu_park/.vscode-server/bin/abd2f3db4bdb28f9e95536dfa84d8479f1eb312d/out/vs/workbench/api/node/extensionHostProcess.js:136:9800)
	at n.value (/home/jinsu_park/.vscode-server/bin/abd2f3db4bdb28f9e95536dfa84d8479f1eb312d/out/vs/workbench/api/node/extensionHostProcess.js:136:7847)
	at m.w (/home/jinsu_park/.vscode-server/bin/abd2f3db4bdb28f9e95536dfa84d8479f1eb312d/out/vs/workbench/api/node/extensionHostProcess.js:63:1902)
	at m.fire (/home/jinsu_park/.vscode-server/bin/abd2f3db4bdb28f9e95536dfa84d8479f1eb312d/out/vs/workbench/api/node/extensionHostProcess.js:63:2119)
	at v.fire (/home/jinsu_park/.vscode-server/bin/abd2f3db4bdb28f9e95536dfa84d8479f1eb312d/out/vs/workbench/api/node/extensionHostProcess.js:79:13940)
	at s.z (/home/jinsu_park/.vscode-server/bin/abd2f3db4bdb28f9e95536dfa84d8479f1eb312d/out/vs/workbench/api/node/extensionHostProcess.js:79:17005)
	at n.value (/home/jinsu_park/.vscode-server/bin/abd2f3db4bdb28f9e95536dfa84d8479f1eb312d/out/vs/workbench/api/node/extensionHostProcess.js:79:16410)
	at m.w (/home/jinsu_park/.vscode-server/bin/abd2f3db4bdb28f9e95536dfa84d8479f1eb312d/out/vs/workbench/api/node/extensionHostProcess.js:63:1902)
	at m.fire (/home/jinsu_park/.vscode-server/bin/abd2f3db4bdb28f9e95536dfa84d8479f1eb312d/out/vs/workbench/api/node/extensionHostProcess.js:63:2119)
	at n.acceptChunk (/home/jinsu_park/.vscode-server/bin/abd2f3db4bdb28f9e95536dfa84d8479f1eb312d/out/vs/workbench/api/node/extensionHostProcess.js:79:11714)
	at n.value (/home/jinsu_park/.vscode-server/bin/abd2f3db4bdb28f9e95536dfa84d8479f1eb312d/out/vs/workbench/api/node/extensionHostProcess.js:79:11001)
	at m.w (/home/jinsu_park/.vscode-server/bin/abd2f3db4bdb28f9e95536dfa84d8479f1eb312d/out/vs/workbench/api/node/extensionHostProcess.js:63:1902)
	at m.fire (/home/jinsu_park/.vscode-server/bin/abd2f3db4bdb28f9e95536dfa84d8479f1eb312d/out/vs/workbench/api/node/extensionHostProcess.js:63:2119)
	at m.u (/home/jinsu_park/.vscode-server/bin/abd2f3db4bdb28f9e95536dfa84d8479f1eb312d/out/vs/workbench/api/node/extensionHostProcess.js:133:19093)
	at m.acceptFrame (/home/jinsu_park/.vscode-server/bin/abd2f3db4bdb28f9e95536dfa84d8479f1eb312d/out/vs/workbench/api/node/extensionHostProcess.js:133:18899)
	at a.l (/home/jinsu_park/.vscode-server/bin/abd2f3db4bdb28f9e95536dfa84d8479f1eb312d/out/vs/workbench/api/node/extensionHostProcess.js:133:17532)
	at /home/jinsu_park/.vscode-server/bin/abd2f3db4bdb28f9e95536dfa84d8479f1eb312d/out/vs/workbench/api/node/extensionHostProcess.js:133:14879
	at Socket.p (/home/jinsu_park/.vscode-server/bin/abd2f3db4bdb28f9e95536dfa84d8479f1eb312d/out/vs/workbench/api/node/extensionHostProcess.js:133:12793)
	at Socket.emit (node:events:513:28)
	at addChunk (node:internal/streams/readable:324:12)
	at readableAddChunk (node:internal/streams/readable:297:9)
	at Readable.push (node:internal/streams/readable:234:10)
	at TCP.onStreamRead (node:internal/stream_base_commons:190:23) setContext undefined
2023-09-21 13:58:47.932 [error] Canceled: Canceled
	at new h (/home/jinsu_park/.vscode-server/bin/abd2f3db4bdb28f9e95536dfa84d8479f1eb312d/out/vs/workbench/api/node/extensionHostProcess.js:108:57382)
	at i.O (/home/jinsu_park/.vscode-server/bin/abd2f3db4bdb28f9e95536dfa84d8479f1eb312d/out/vs/workbench/api/node/extensionHostProcess.js:117:10850)
	at j.<computed>.T.charCodeAt.j.<computed> (/home/jinsu_park/.vscode-server/bin/abd2f3db4bdb28f9e95536dfa84d8479f1eb312d/out/vs/workbench/api/node/extensionHostProcess.js:117:8289)
	at r.g (/home/jinsu_park/.vscode-server/bin/abd2f3db4bdb28f9e95536dfa84d8479f1eb312d/out/vs/workbench/api/node/extensionHostProcess.js:108:82208)
	at r.executeCommand (/home/jinsu_park/.vscode-server/bin/abd2f3db4bdb28f9e95536dfa84d8479f1eb312d/out/vs/workbench/api/node/extensionHostProcess.js:108:81646)
	at u.registerCommand.description (/home/jinsu_park/.vscode-server/bin/abd2f3db4bdb28f9e95536dfa84d8479f1eb312d/out/vs/workbench/api/node/extensionHostProcess.js:108:80967)
	at r.h (/home/jinsu_park/.vscode-server/bin/abd2f3db4bdb28f9e95536dfa84d8479f1eb312d/out/vs/workbench/api/node/extensionHostProcess.js:108:82744)
	at r.g (/home/jinsu_park/.vscode-server/bin/abd2f3db4bdb28f9e95536dfa84d8479f1eb312d/out/vs/workbench/api/node/extensionHostProcess.js:108:81739)
	at r.executeCommand (/home/jinsu_park/.vscode-server/bin/abd2f3db4bdb28f9e95536dfa84d8479f1eb312d/out/vs/workbench/api/node/extensionHostProcess.js:108:81646)
	at Object.executeCommand (/home/jinsu_park/.vscode-server/bin/abd2f3db4bdb28f9e95536dfa84d8479f1eb312d/out/vs/workbench/api/node/extensionHostProcess.js:123:21247)
	at set b [as b] (/home/jinsu_park/.vscode-server/bin/abd2f3db4bdb28f9e95536dfa84d8479f1eb312d/extensions/github/dist/extension.js:2:714434)
	at /home/jinsu_park/.vscode-server/bin/abd2f3db4bdb28f9e95536dfa84d8479f1eb312d/extensions/github/dist/extension.js:2:715075
	at n.value (/home/jinsu_park/.vscode-server/bin/abd2f3db4bdb28f9e95536dfa84d8479f1eb312d/extensions/git/dist/main.js:2:1396602)
	at m.w (/home/jinsu_park/.vscode-server/bin/abd2f3db4bdb28f9e95536dfa84d8479f1eb312d/out/vs/workbench/api/node/extensionHostProcess.js:63:1902)
	at m.x (/home/jinsu_park/.vscode-server/bin/abd2f3db4bdb28f9e95536dfa84d8479f1eb312d/out/vs/workbench/api/node/extensionHostProcess.js:63:1972)
	at m.fire (/home/jinsu_park/.vscode-server/bin/abd2f3db4bdb28f9e95536dfa84d8479f1eb312d/out/vs/workbench/api/node/extensionHostProcess.js:63:2188)
	at Object.m [as dispose] (/home/jinsu_park/.vscode-server/bin/abd2f3db4bdb28f9e95536dfa84d8479f1eb312d/extensions/git/dist/main.js:2:1324784)
	at /home/jinsu_park/.vscode-server/bin/abd2f3db4bdb28f9e95536dfa84d8479f1eb312d/extensions/git/dist/main.js:2:1329625
	at Array.forEach (<anonymous>)
	at g.dispose (/home/jinsu_park/.vscode-server/bin/abd2f3db4bdb28f9e95536dfa84d8479f1eb312d/extensions/git/dist/main.js:2:1329611)
	at E.<anonymous> (/home/jinsu_park/.vscode-server/bin/abd2f3db4bdb28f9e95536dfa84d8479f1eb312d/out/vs/workbench/api/node/extensionHostProcess.js:104:3484)
	at E.dispose (/home/jinsu_park/.vscode-server/bin/abd2f3db4bdb28f9e95536dfa84d8479f1eb312d/out/vs/workbench/api/node/extensionHostProcess.js:104:3581)
	at E.<anonymous> (/home/jinsu_park/.vscode-server/bin/abd2f3db4bdb28f9e95536dfa84d8479f1eb312d/extensions/git/dist/main.js:2:1311012)
	at E.dispose (/home/jinsu_park/.vscode-server/bin/abd2f3db4bdb28f9e95536dfa84d8479f1eb312d/out/vs/workbench/api/node/extensionHostProcess.js:104:3581)
	at k (/home/jinsu_park/.vscode-server/bin/abd2f3db4bdb28f9e95536dfa84d8479f1eb312d/out/vs/workbench/api/node/extensionHostProcess.js:13:11730)
	at n.Z (/home/jinsu_park/.vscode-server/bin/abd2f3db4bdb28f9e95536dfa84d8479f1eb312d/out/vs/workbench/api/node/extensionHostProcess.js:119:9652)
	at /home/jinsu_park/.vscode-server/bin/abd2f3db4bdb28f9e95536dfa84d8479f1eb312d/out/vs/workbench/api/node/extensionHostProcess.js:119:7585
	at Array.map (<anonymous>)
	at n.S (/home/jinsu_park/.vscode-server/bin/abd2f3db4bdb28f9e95536dfa84d8479f1eb312d/out/vs/workbench/api/node/extensionHostProcess.js:119:7572)
	at n.terminate (/home/jinsu_park/.vscode-server/bin/abd2f3db4bdb28f9e95536dfa84d8479f1eb312d/out/vs/workbench/api/node/extensionHostProcess.js:119:7844)
	at o.terminate (/home/jinsu_park/.vscode-server/bin/abd2f3db4bdb28f9e95536dfa84d8479f1eb312d/out/vs/workbench/api/node/extensionHostProcess.js:123:1513)
	at D (/home/jinsu_park/.vscode-server/bin/abd2f3db4bdb28f9e95536dfa84d8479f1eb312d/out/vs/workbench/api/node/extensionHostProcess.js:136:9800)
	at n.value (/home/jinsu_park/.vscode-server/bin/abd2f3db4bdb28f9e95536dfa84d8479f1eb312d/out/vs/workbench/api/node/extensionHostProcess.js:136:7847)
	at m.w (/home/jinsu_park/.vscode-server/bin/abd2f3db4bdb28f9e95536dfa84d8479f1eb312d/out/vs/workbench/api/node/extensionHostProcess.js:63:1902)
	at m.fire (/home/jinsu_park/.vscode-server/bin/abd2f3db4bdb28f9e95536dfa84d8479f1eb312d/out/vs/workbench/api/node/extensionHostProcess.js:63:2119)
	at v.fire (/home/jinsu_park/.vscode-server/bin/abd2f3db4bdb28f9e95536dfa84d8479f1eb312d/out/vs/workbench/api/node/extensionHostProcess.js:79:13940)
	at s.z (/home/jinsu_park/.vscode-server/bin/abd2f3db4bdb28f9e95536dfa84d8479f1eb312d/out/vs/workbench/api/node/extensionHostProcess.js:79:17005)
	at n.value (/home/jinsu_park/.vscode-server/bin/abd2f3db4bdb28f9e95536dfa84d8479f1eb312d/out/vs/workbench/api/node/extensionHostProcess.js:79:16410)
	at m.w (/home/jinsu_park/.vscode-server/bin/abd2f3db4bdb28f9e95536dfa84d8479f1eb312d/out/vs/workbench/api/node/extensionHostProcess.js:63:1902)
	at m.fire (/home/jinsu_park/.vscode-server/bin/abd2f3db4bdb28f9e95536dfa84d8479f1eb312d/out/vs/workbench/api/node/extensionHostProcess.js:63:2119)
	at n.acceptChunk (/home/jinsu_park/.vscode-server/bin/abd2f3db4bdb28f9e95536dfa84d8479f1eb312d/out/vs/workbench/api/node/extensionHostProcess.js:79:11714)
	at n.value (/home/jinsu_park/.vscode-server/bin/abd2f3db4bdb28f9e95536dfa84d8479f1eb312d/out/vs/workbench/api/node/extensionHostProcess.js:79:11001)
	at m.w (/home/jinsu_park/.vscode-server/bin/abd2f3db4bdb28f9e95536dfa84d8479f1eb312d/out/vs/workbench/api/node/extensionHostProcess.js:63:1902)
	at m.fire (/home/jinsu_park/.vscode-server/bin/abd2f3db4bdb28f9e95536dfa84d8479f1eb312d/out/vs/workbench/api/node/extensionHostProcess.js:63:2119)
	at m.u (/home/jinsu_park/.vscode-server/bin/abd2f3db4bdb28f9e95536dfa84d8479f1eb312d/out/vs/workbench/api/node/extensionHostProcess.js:133:19093)
	at m.acceptFrame (/home/jinsu_park/.vscode-server/bin/abd2f3db4bdb28f9e95536dfa84d8479f1eb312d/out/vs/workbench/api/node/extensionHostProcess.js:133:18899)
	at a.l (/home/jinsu_park/.vscode-server/bin/abd2f3db4bdb28f9e95536dfa84d8479f1eb312d/out/vs/workbench/api/node/extensionHostProcess.js:133:17532)
	at /home/jinsu_park/.vscode-server/bin/abd2f3db4bdb28f9e95536dfa84d8479f1eb312d/out/vs/workbench/api/node/extensionHostProcess.js:133:14879
	at Socket.p (/home/jinsu_park/.vscode-server/bin/abd2f3db4bdb28f9e95536dfa84d8479f1eb312d/out/vs/workbench/api/node/extensionHostProcess.js:133:12793)
	at Socket.emit (node:events:513:28)
	at addChunk (node:internal/streams/readable:324:12)
	at readableAddChunk (node:internal/streams/readable:297:9)
	at Readable.push (node:internal/streams/readable:234:10)
	at TCP.onStreamRead (node:internal/stream_base_commons:190:23) setContext undefined
2023-09-21 13:58:47.955 [error] SyntaxError: Unexpected end of JSON input
	at JSON.parse (<anonymous>)
	at n (/home/jinsu_park/.vscode-server/bin/abd2f3db4bdb28f9e95536dfa84d8479f1eb312d/out/vs/workbench/api/node/extensionHostProcess.js:117:4102)
	at async /home/jinsu_park/.vscode-server/bin/abd2f3db4bdb28f9e95536dfa84d8479f1eb312d/out/vs/workbench/api/node/extensionHostProcess.js:117:3026
2023-09-21 13:58:47.955 [info] Lock '/home/jinsu_park/.vscode-server/data/User/workspaceStorage/af3df743b1184086b992de086fda9df2/vscode.lock': The lock was lost unexpectedly.
2023-09-21 13:58:49.007 [error] Error: Extension 'ms-vscode.cmake-tools' CANNOT use API proposal: extensionRuntime.
Its package.json#enabledApiProposals-property declares: [] but NOT extensionRuntime.
 The missing proposal MUST be added and you must start in extension development mode or use the following command line switch: --enable-proposed-api ms-vscode.cmake-tools
	at k (/home/jinsu_park/.vscode-server/bin/abd2f3db4bdb28f9e95536dfa84d8479f1eb312d/out/vs/workbench/api/node/extensionHostProcess.js:106:70089)
	at get extensionRuntime [as extensionRuntime] (/home/jinsu_park/.vscode-server/bin/abd2f3db4bdb28f9e95536dfa84d8479f1eb312d/out/vs/workbench/api/node/extensionHostProcess.js:119:12330)
	at JSON.stringify (<anonymous>)
	at RollbarController.exception (/home/jinsu_park/.vscode-server/extensions/ms-vscode.cmake-tools-1.15.31/dist/main.js:53245:60)
	at /home/jinsu_park/.vscode-server/extensions/ms-vscode.cmake-tools-1.15.31/dist/main.js:53289:38
	at process.processTicksAndRejections (node:internal/process/task_queues:95:5)
