[rospy.client][INFO] 2023-08-22 13:11:42,580: init_node, name[/joint_state_publisher], pid[8014]
[xmlrpc][INFO] 2023-08-22 13:11:42,581: XML-RPC server binding to 0.0.0.0:0
[xmlrpc][INFO] 2023-08-22 13:11:42,582: Started XML-RPC server [http://LAPTOP-CB8EFKQO:43385/]
[rospy.impl.masterslave][INFO] 2023-08-22 13:11:42,582: _ready: http://LAPTOP-CB8EFKQO:43385/
[rospy.init][INFO] 2023-08-22 13:11:42,582: ROS Slave URI: [http://LAPTOP-CB8EFKQO:43385/]
[xmlrpc][INFO] 2023-08-22 13:11:42,583: xml rpc node: starting XML-RPC server
[rospy.registration][INFO] 2023-08-22 13:11:42,584: Registering with master node http://localhost:11311
[rospy.init][INFO] 2023-08-22 13:11:42,683: registered with master
[rospy.rosout][INFO] 2023-08-22 13:11:42,683: initializing /rosout core topic
[rospy.rosout][INFO] 2023-08-22 13:11:42,687: connected to core topic /rosout
[rospy.simtime][INFO] 2023-08-22 13:11:42,689: /use_sim_time is not set, will not subscribe to simulated time [/clock] topic
[rospy.internal][INFO] 2023-08-22 13:11:42,903: topic[/move_group/fake_controller_joint_states] adding connection to [http://LAPTOP-CB8EFKQO:46345/], count 0
[rospy.internal][INFO] 2023-08-22 13:11:42,947: topic[/rosout] adding connection to [/rosout], count 0
[rospy.internal][INFO] 2023-08-22 13:11:42,949: topic[/joint_states] adding connection to [/robot_state_publisher], count 0
[rospy.internal][INFO] 2023-08-22 13:11:43,005: topic[/joint_states] adding connection to [/move_group], count 1
[rospy.core][INFO] 2023-08-22 13:12:06,859: signal_shutdown [signal-2]
[rospy.internal][INFO] 2023-08-22 13:12:06,867: topic[/joint_states] removing connection to /robot_state_publisher
[rospy.internal][INFO] 2023-08-22 13:12:06,868: topic[/joint_states] removing connection to /move_group
[rospy.internal][INFO] 2023-08-22 13:12:06,868: topic[/rosout] removing connection to /rosout
[rospy.internal][INFO] 2023-08-22 13:12:06,869: topic[/move_group/fake_controller_joint_states] removing connection to http://LAPTOP-CB8EFKQO:46345/
[rospy.impl.masterslave][INFO] 2023-08-22 13:12:06,870: signal-2
[rospy.core][INFO] 2023-08-22 13:12:06,977: signal_shutdown [atexit]
