[rospy.client][INFO] 2023-09-05 12:16:58,652: init_node, name[/joint_state_publisher], pid[1597]
[xmlrpc][INFO] 2023-09-05 12:16:58,653: XML-RPC server binding to 0.0.0.0:0
[xmlrpc][INFO] 2023-09-05 12:16:58,653: Started XML-RPC server [http://LAPTOP-CB8EFKQO:43397/]
[rospy.impl.masterslave][INFO] 2023-09-05 12:16:58,653: _ready: http://LAPTOP-CB8EFKQO:43397/
[rospy.init][INFO] 2023-09-05 12:16:58,654: ROS Slave URI: [http://LAPTOP-CB8EFKQO:43397/]
[xmlrpc][INFO] 2023-09-05 12:16:58,654: xml rpc node: starting XML-RPC server
[rospy.registration][INFO] 2023-09-05 12:16:58,655: Registering with master node http://localhost:11311
[rospy.init][INFO] 2023-09-05 12:16:58,754: registered with master
[rospy.rosout][INFO] 2023-09-05 12:16:58,755: initializing /rosout core topic
[rospy.rosout][INFO] 2023-09-05 12:16:58,757: connected to core topic /rosout
[rospy.simtime][INFO] 2023-09-05 12:16:58,759: /use_sim_time is not set, will not subscribe to simulated time [/clock] topic
[rospy.internal][INFO] 2023-09-05 12:16:58,959: topic[/joint_states] adding connection to [/move_group], count 0
[rospy.internal][INFO] 2023-09-05 12:16:58,999: topic[/move_group/fake_controller_joint_states] adding connection to [http://LAPTOP-CB8EFKQO:36743/], count 0
[rospy.internal][INFO] 2023-09-05 12:16:59,060: topic[/joint_states] adding connection to [/robot_state_publisher], count 1
[rospy.internal][INFO] 2023-09-05 12:16:59,150: topic[/rosout] adding connection to [/rosout], count 0
[rospy.core][INFO] 2023-09-05 12:40:00,173: signal_shutdown [signal-2]
[rospy.internal][INFO] 2023-09-05 12:40:00,229: topic[/joint_states] removing connection to /move_group
[rospy.internal][INFO] 2023-09-05 12:40:00,230: topic[/joint_states] removing connection to /robot_state_publisher
[rospy.internal][INFO] 2023-09-05 12:40:00,230: topic[/rosout] removing connection to /rosout
[rospy.internal][INFO] 2023-09-05 12:40:00,231: topic[/move_group/fake_controller_joint_states] removing connection to http://LAPTOP-CB8EFKQO:36743/
[rospy.impl.masterslave][INFO] 2023-09-05 12:40:00,231: signal-2
[rospy.core][INFO] 2023-09-05 12:40:00,848: signal_shutdown [atexit]
