

1693800224.442241607  Node Startup
1693800273.074109528 INFO /moveit_setup_assistant [/tmp/binarydeb/ros-melodic-moveit-setup-assistant-1.0.11/src/widgets/start_screen_widget.cpp:570(StartScreenWidget::loadURDFFile)] [topics: /rosout] Loaded rrr_description robot model.
1693800273.077513329 INFO /moveit_setup_assistant [/tmp/binarydeb/ros-melodic-moveit-setup-assistant-1.0.11/src/widgets/start_screen_widget.cpp:583(StartScreenWidget::loadURDFFile)] [topics: /rosout] Setting Param Server with Robot Description
1693800273.085409329 INFO /moveit_setup_assistant [/tmp/binarydeb/ros-melodic-moveit-setup-assistant-1.0.11/src/widgets/start_screen_widget.cpp:617(StartScreenWidget::setSRDFFile)] [topics: /rosout] Robot semantic model successfully loaded.
1693800273.085506129 INFO /moveit_setup_assistant [/tmp/binarydeb/ros-melodic-moveit-setup-assistant-1.0.11/src/widgets/start_screen_widget.cpp:630(StartScreenWidget::setSRDFFile)] [topics: /rosout] Setting Param Server with Robot Semantic Description
1693800273.098531131 INFO /moveit_setup_assistant [/tmp/binarydeb/ros-melodic-moveit-core-1.0.11/robot_model/src/robot_model.cpp:95(core::RobotModel::buildModel)] [topics: /rosout, /moveit_robot_state] Loading robot model 'rrr_description'...
1693800273.100295731 INFO /moveit_setup_assistant [/tmp/binarydeb/ros-melodic-moveit-core-1.0.11/robot_model/src/robot_model.cpp:955(core::JointModel* moveit::core::RobotModel::constructJointModel)] [topics: /rosout, /moveit_robot_state] No root/virtual joint specified in SRDF. Assuming fixed joint
1693800273.190551538 INFO /moveit_setup_assistant [/tmp/binarydeb/ros-melodic-rviz-1.13.30/src/rviz/ogre_helpers/render_system.cpp:462(RenderWindow* rviz::RenderSystem::makeRenderWindow)] [topics: /rosout, /moveit_robot_state] Stereo is NOT SUPPORTED
1693800273.190665638 INFO /moveit_setup_assistant [/tmp/binarydeb/ros-melodic-rviz-1.13.30/src/rviz/ogre_helpers/render_system.cpp:183(RenderSystem::detectGlVersion)] [topics: /rosout, /moveit_robot_state] OpenGL device: llvmpipe (LLVM 10.0.0, 256 bits)
1693800273.190712738 INFO /moveit_setup_assistant [/tmp/binarydeb/ros-melodic-rviz-1.13.30/src/rviz/ogre_helpers/render_system.cpp:230(RenderSystem::detectGlVersion)] [topics: /rosout, /moveit_robot_state] OpenGl version: 3.1 (GLSL 1.4).
1693800273.258337444 INFO /moveit_setup_assistant [/tmp/binarydeb/ros-melodic-moveit-core-1.0.11/robot_model/src/robot_model.cpp:95(core::RobotModel::buildModel)] [topics: /rosout, /moveit_robot_state, /initialpose, /goal] Loading robot model 'rrr_description'...
1693800273.258420544 INFO /moveit_setup_assistant [/tmp/binarydeb/ros-melodic-moveit-core-1.0.11/robot_model/src/robot_model.cpp:955(core::JointModel* moveit::core::RobotModel::constructJointModel)] [topics: /rosout, /moveit_robot_state, /initialpose, /goal] No root/virtual joint specified in SRDF. Assuming fixed joint
1693800273.374528254 INFO /moveit_setup_assistant [/tmp/binarydeb/ros-melodic-moveit-setup-assistant-1.0.11/src/widgets/start_screen_widget.cpp:540(StartScreenWidget::loadNewFiles)] [topics: /rosout, /moveit_robot_state, /initialpose, /goal] Loading Setup Assistant Complete
1693800289.736240030 INFO /moveit_setup_assistant [/tmp/binarydeb/ros-melodic-moveit-setup-assistant-1.0.11/src/tools/compute_default_collisions.cpp:255(LinkPairMap moveit_setup_assistant::computeDefaultCollisions)] [topics: /rosout, /moveit_robot_state, /initialpose, /goal] -------------------------------------------------------------------------------
1693800289.736301230 INFO /moveit_setup_assistant [/tmp/binarydeb/ros-melodic-moveit-setup-assistant-1.0.11/src/tools/compute_default_collisions.cpp:256(LinkPairMap moveit_setup_assistant::computeDefaultCollisions)] [topics: /rosout, /moveit_robot_state, /initialpose, /goal] Statistics:
1693800289.736337130 INFO /moveit_setup_assistant [/tmp/binarydeb/ros-melodic-moveit-setup-assistant-1.0.11/src/tools/compute_default_collisions.cpp:261(LinkPairMap moveit_setup_assistant::computeDefaultCollisions)] [topics: /rosout, /moveit_robot_state, /initialpose, /goal]      4 : Total Links
1693800289.736390530 INFO /moveit_setup_assistant [/tmp/binarydeb/ros-melodic-moveit-setup-assistant-1.0.11/src/tools/compute_default_collisions.cpp:262(LinkPairMap moveit_setup_assistant::computeDefaultCollisions)] [topics: /rosout, /moveit_robot_state, /initialpose, /goal]      6 : Total possible collisions
1693800289.736443330 INFO /moveit_setup_assistant [/tmp/binarydeb/ros-melodic-moveit-setup-assistant-1.0.11/src/tools/compute_default_collisions.cpp:263(LinkPairMap moveit_setup_assistant::computeDefaultCollisions)] [topics: /rosout, /moveit_robot_state, /initialpose, /goal]      0 : Always in collision
1693800289.736480130 INFO /moveit_setup_assistant [/tmp/binarydeb/ros-melodic-moveit-setup-assistant-1.0.11/src/tools/compute_default_collisions.cpp:264(LinkPairMap moveit_setup_assistant::computeDefaultCollisions)] [topics: /rosout, /moveit_robot_state, /initialpose, /goal]      0 : Never in collision
1693800289.736530730 INFO /moveit_setup_assistant [/tmp/binarydeb/ros-melodic-moveit-setup-assistant-1.0.11/src/tools/compute_default_collisions.cpp:265(LinkPairMap moveit_setup_assistant::computeDefaultCollisions)] [topics: /rosout, /moveit_robot_state, /initialpose, /goal]      0 : Default in collision
1693800289.736589730 INFO /moveit_setup_assistant [/tmp/binarydeb/ros-melodic-moveit-setup-assistant-1.0.11/src/tools/compute_default_collisions.cpp:266(LinkPairMap moveit_setup_assistant::computeDefaultCollisions)] [topics: /rosout, /moveit_robot_state, /initialpose, /goal]      3 : Adjacent links disabled
1693800289.736641030 INFO /moveit_setup_assistant [/tmp/binarydeb/ros-melodic-moveit-setup-assistant-1.0.11/src/tools/compute_default_collisions.cpp:267(LinkPairMap moveit_setup_assistant::computeDefaultCollisions)] [topics: /rosout, /moveit_robot_state, /initialpose, /goal]      3 : Sometimes in collision
1693800289.736691330 INFO /moveit_setup_assistant [/tmp/binarydeb/ros-melodic-moveit-setup-assistant-1.0.11/src/tools/compute_default_collisions.cpp:268(LinkPairMap moveit_setup_assistant::computeDefaultCollisions)] [topics: /rosout, /moveit_robot_state, /initialpose, /goal]      3 : TOTAL DISABLED
1693800289.736756930 INFO /moveit_setup_assistant [/tmp/binarydeb/ros-melodic-moveit-setup-assistant-1.0.11/src/widgets/default_collisions_widget.cpp:283(DefaultCollisionsWidget::generateCollisionTable)] [topics: /rosout, /moveit_robot_state, /initialpose, /goal] Thread complete 6
1693800328.332578581 INFO /moveit_setup_assistant [/tmp/binarydeb/ros-melodic-moveit-setup-assistant-1.0.11/src/tools/moveit_config_data.cpp:106(MoveItConfigData::updateRobotModel)] [topics: /rosout, /moveit_robot_state, /initialpose, /goal] Updating kinematic model
1693800328.333155081 INFO /moveit_setup_assistant [/tmp/binarydeb/ros-melodic-moveit-core-1.0.11/robot_model/src/robot_model.cpp:95(core::RobotModel::buildModel)] [topics: /rosout, /moveit_robot_state, /initialpose, /goal] Loading robot model 'rrr_description'...
1693800328.342959372 INFO /moveit_setup_assistant [/tmp/binarydeb/ros-melodic-moveit-core-1.0.11/robot_model/src/robot_model.cpp:95(core::RobotModel::buildModel)] [topics: /rosout, /moveit_robot_state, /initialpose, /goal] Loading robot model 'rrr_description'...
1693800328.343108372 INFO /moveit_setup_assistant [/tmp/binarydeb/ros-melodic-moveit-core-1.0.11/robot_model/src/robot_model.cpp:955(core::JointModel* moveit::core::RobotModel::constructJointModel)] [topics: /rosout, /moveit_robot_state, /initialpose, /goal] No root/virtual joint specified in SRDF. Assuming fixed joint
1693800360.103356049 INFO /moveit_setup_assistant [/tmp/binarydeb/ros-melodic-moveit-setup-assistant-1.0.11/src/tools/moveit_config_data.cpp:106(MoveItConfigData::updateRobotModel)] [topics: /rosout, /moveit_robot_state, /initialpose, /goal] Updating kinematic model
1693800360.103961447 INFO /moveit_setup_assistant [/tmp/binarydeb/ros-melodic-moveit-core-1.0.11/robot_model/src/robot_model.cpp:95(core::RobotModel::buildModel)] [topics: /rosout, /moveit_robot_state, /initialpose, /goal] Loading robot model 'rrr_description'...
1693800373.998033660 INFO /moveit_setup_assistant [/tmp/binarydeb/ros-melodic-moveit-setup-assistant-1.0.11/src/tools/moveit_config_data.cpp:106(MoveItConfigData::updateRobotModel)] [topics: /rosout, /moveit_robot_state, /initialpose, /goal] Updating kinematic model
1693800373.998323760 INFO /moveit_setup_assistant [/tmp/binarydeb/ros-melodic-moveit-core-1.0.11/robot_model/src/robot_model.cpp:95(core::RobotModel::buildModel)] [topics: /rosout, /moveit_robot_state, /initialpose, /goal] Loading robot model 'rrr_description'...
1693800492.680603437 ERROR /moveit_setup_assistant [/tmp/binarydeb/ros-melodic-moveit-setup-assistant-1.0.11/src/widgets/configuration_files_widget.cpp:896(ConfigurationFilesWidget::savePackage)] [topics: /rosout, /moveit_robot_state, /initialpose, /goal] Failed to generate entire configuration package
