2023-09-08 12:18:41.836 [info] 로그 수준: Info
2023-09-08 12:18:41.836 [info] "git"에서 찾은 git 유효성을 검사하는 중
2023-09-08 12:18:41.836 [info] "2.17.1"에서 git "git"을(를) 사용하는 중
2023-09-08 12:18:41.836 [info] > git rev-parse --show-toplevel [18ms]
2023-09-08 12:18:41.836 [info] fatal: not a git repository (or any of the parent directories): .git
2023-09-08 12:18:41.854 [info] > git rev-parse --show-toplevel [29ms]
2023-09-08 12:18:41.854 [info] fatal: not a git repository (or any of the parent directories): .git
2023-09-08 12:18:41.889 [info] > git rev-parse --show-toplevel [19ms]
2023-09-08 12:18:41.889 [info] fatal: not a git repository (or any of the parent directories): .git
2023-09-08 12:18:41.900 [info] > git rev-parse --show-toplevel [2ms]
2023-09-08 12:18:41.900 [info] fatal: not a git repository (or any of the parent directories): .git
2023-09-08 12:18:41.924 [info] > git rev-parse --show-toplevel [6ms]
2023-09-08 12:18:41.937 [info] > git rev-parse --git-dir --git-common-dir [2ms]
2023-09-08 12:18:41.992 [info] Open repository: /home/jinsu_park/catkin_ws/src/puma560_description
2023-09-08 12:18:42.021 [info] > git config --get commit.template [3ms]
2023-09-08 12:18:42.046 [info] > git rev-parse --show-toplevel [13ms]
2023-09-08 12:18:42.046 [info] fatal: not a git repository (or any of the parent directories): .git
2023-09-08 12:18:42.064 [info] > git rev-parse --show-toplevel [3ms]
2023-09-08 12:18:42.064 [info] fatal: not a git repository (or any of the parent directories): .git
2023-09-08 12:18:42.064 [info] > git for-each-ref --format=%(refname)%00%(upstream:short)%00%(objectname)%00%(upstream:track)%00%(upstream:remotename)%00%(upstream:remoteref) refs/heads/master refs/remotes/master [21ms]
2023-09-08 12:18:42.091 [info] > git rev-parse --show-toplevel [2ms]
2023-09-08 12:18:42.092 [info] fatal: not a git repository (or any of the parent directories): .git
2023-09-08 12:18:42.116 [info] > git rev-parse --show-toplevel [3ms]
2023-09-08 12:18:42.116 [info] fatal: not a git repository (or any of the parent directories): .git
2023-09-08 12:18:42.136 [info] > git rev-parse --show-toplevel [1ms]
2023-09-08 12:18:42.136 [info] fatal: not a git repository (or any of the parent directories): .git
2023-09-08 12:18:42.197 [info] > git status -z -uall [124ms]
2023-09-08 12:18:42.267 [info] > git config --get commit.template [14ms]
2023-09-08 12:18:42.271 [info] > git for-each-ref --format=%(refname)%00%(upstream:short)%00%(objectname)%00%(upstream:track)%00%(upstream:remotename)%00%(upstream:remoteref) refs/heads/master refs/remotes/master [6ms]
2023-09-08 12:18:42.331 [info] > git status -z -uall [42ms]
2023-09-08 12:18:42.787 [info] > git check-ignore -v -z --stdin [19ms]
2023-09-08 12:31:16.247 [info] > git rev-parse --show-toplevel [2ms]
2023-09-08 12:31:16.247 [info] fatal: not a git repository (or any of the parent directories): .git
2023-09-08 12:32:54.132 [info] > git rev-parse --show-toplevel [2ms]
2023-09-08 12:32:54.132 [info] fatal: not a git repository (or any of the parent directories): .git
2023-09-08 12:34:34.966 [info] > git rev-parse --show-toplevel [2ms]
2023-09-08 12:34:34.966 [info] fatal: not a git repository (or any of the parent directories): .git
2023-09-08 12:34:44.838 [info] > git rev-parse --show-toplevel [1ms]
2023-09-08 12:34:44.838 [info] fatal: not a git repository (or any of the parent directories): .git
2023-09-08 12:35:47.696 [info] > git rev-parse --show-toplevel [1ms]
2023-09-08 12:35:47.696 [info] fatal: not a git repository (or any of the parent directories): .git
2023-09-08 12:36:04.893 [info] > git rev-parse --show-toplevel [1ms]
2023-09-08 12:36:04.893 [info] fatal: not a git repository (or any of the parent directories): .git
2023-09-08 12:37:15.448 [info] > git rev-parse --show-toplevel [4ms]
2023-09-08 12:37:15.448 [info] fatal: not a git repository (or any of the parent directories): .git
2023-09-08 12:37:32.112 [info] > git rev-parse --show-toplevel [1ms]
2023-09-08 12:37:32.112 [info] fatal: not a git repository (or any of the parent directories): .git
2023-09-08 12:37:42.706 [info] > git rev-parse --show-toplevel [2ms]
2023-09-08 12:37:42.707 [info] fatal: not a git repository (or any of the parent directories): .git
2023-09-08 12:37:56.434 [info] > git rev-parse --show-toplevel [1ms]
2023-09-08 12:37:56.434 [info] fatal: not a git repository (or any of the parent directories): .git
2023-09-08 12:38:21.161 [info] > git rev-parse --show-toplevel [1ms]
2023-09-08 12:38:21.161 [info] fatal: not a git repository (or any of the parent directories): .git
2023-09-08 12:40:04.386 [info] > git rev-parse --show-toplevel [2ms]
2023-09-08 12:40:04.386 [info] fatal: not a git repository (or any of the parent directories): .git
2023-09-08 12:41:20.449 [info] > git rev-parse --show-toplevel [2ms]
2023-09-08 12:41:20.449 [info] fatal: not a git repository (or any of the parent directories): .git
2023-09-08 12:41:52.567 [info] > git rev-parse --show-toplevel [1ms]
2023-09-08 12:41:52.567 [info] fatal: not a git repository (or any of the parent directories): .git
2023-09-08 13:07:40.812 [info] > git rev-parse --show-toplevel [2ms]
2023-09-08 13:07:40.812 [info] fatal: not a git repository (or any of the parent directories): .git
2023-09-08 13:07:42.804 [info] > git rev-parse --show-toplevel [4ms]
2023-09-08 13:07:42.804 [info] fatal: not a git repository (or any of the parent directories): .git
2023-09-08 13:07:46.844 [info] > git rev-parse --show-toplevel [1ms]
2023-09-08 13:07:46.844 [info] fatal: not a git repository (or any of the parent directories): .git
2023-09-08 13:07:48.655 [info] > git rev-parse --show-toplevel [2ms]
2023-09-08 13:07:48.655 [info] fatal: not a git repository (or any of the parent directories): .git
2023-09-08 13:08:45.092 [info] > git rev-parse --show-toplevel [7ms]
2023-09-08 13:08:45.092 [info] fatal: not a git repository (or any of the parent directories): .git
2023-09-08 13:09:10.630 [info] > git rev-parse --show-toplevel [14ms]
2023-09-08 13:09:10.630 [info] fatal: not a git repository (or any of the parent directories): .git
2023-09-08 13:09:34.724 [info] > git rev-parse --show-toplevel [2ms]
2023-09-08 13:09:34.724 [info] fatal: not a git repository (or any of the parent directories): .git
2023-09-08 13:25:21.968 [info] > git rev-parse --show-toplevel [1ms]
2023-09-08 13:25:21.968 [info] fatal: not a git repository (or any of the parent directories): .git
2023-09-08 13:28:36.975 [info] > git rev-parse --show-toplevel [7ms]
2023-09-08 13:28:36.975 [info] fatal: not a git repository (or any of the parent directories): .git
