[rospy.client][INFO] 2023-09-12 12:25:47,359: init_node, name[/joint_state_publisher], pid[1484]
[xmlrpc][INFO] 2023-09-12 12:25:47,359: XML-RPC server binding to 0.0.0.0:0
[xmlrpc][INFO] 2023-09-12 12:25:47,360: Started XML-RPC server [http://LAPTOP-CB8EFKQO:39133/]
[rospy.init][INFO] 2023-09-12 12:25:47,360: ROS Slave URI: [http://LAPTOP-CB8EFKQO:39133/]
[rospy.impl.masterslave][INFO] 2023-09-12 12:25:47,361: _ready: http://LAPTOP-CB8EFKQO:39133/
[xmlrpc][INFO] 2023-09-12 12:25:47,361: xml rpc node: starting XML-RPC server
[rospy.registration][INFO] 2023-09-12 12:25:47,362: Registering with master node http://localhost:11311
[rospy.init][INFO] 2023-09-12 12:25:47,461: registered with master
[rospy.rosout][INFO] 2023-09-12 12:25:47,461: initializing /rosout core topic
[rospy.rosout][INFO] 2023-09-12 12:25:47,465: connected to core topic /rosout
[rospy.simtime][INFO] 2023-09-12 12:25:47,467: /use_sim_time is not set, will not subscribe to simulated time [/clock] topic
[rospy.internal][INFO] 2023-09-12 12:25:47,655: topic[/move_group/fake_controller_joint_states] adding connection to [http://LAPTOP-CB8EFKQO:45755/], count 0
[rospy.internal][INFO] 2023-09-12 12:25:47,712: topic[/rosout] adding connection to [/rosout], count 0
[rospy.internal][INFO] 2023-09-12 12:25:47,830: topic[/joint_states] adding connection to [/robot_state_publisher], count 0
[rospy.internal][INFO] 2023-09-12 12:25:47,858: topic[/joint_states] adding connection to [/move_group], count 1
[rospy.core][INFO] 2023-09-12 12:27:50,811: signal_shutdown [signal-2]
[rospy.internal][INFO] 2023-09-12 12:27:50,813: topic[/joint_states] removing connection to /robot_state_publisher
[rospy.internal][INFO] 2023-09-12 12:27:50,814: topic[/joint_states] removing connection to /move_group
[rospy.internal][INFO] 2023-09-12 12:27:50,814: topic[/rosout] removing connection to /rosout
[rospy.internal][INFO] 2023-09-12 12:27:50,814: topic[/move_group/fake_controller_joint_states] removing connection to http://LAPTOP-CB8EFKQO:45755/
[rospy.impl.masterslave][INFO] 2023-09-12 12:27:50,815: signal-2
[rospy.core][INFO] 2023-09-12 12:27:50,931: signal_shutdown [atexit]
