[rosmaster.main][INFO] 2023-09-25 13:03:42,726: initialization complete, waiting for shutdown
[rosmaster.main][INFO] 2023-09-25 13:03:42,727: Starting ROS Master Node
[xmlrpc][INFO] 2023-09-25 13:03:42,728: XML-RPC server binding to 0.0.0.0:11311
[rosmaster.master][INFO] 2023-09-25 13:03:42,728: Master initialized: port[11311], uri[http://LAPTOP-CB8EFKQO:11311/]
[xmlrpc][INFO] 2023-09-25 13:03:42,728: Started XML-RPC server [http://LAPTOP-CB8EFKQO:11311/]
[xmlrpc][INFO] 2023-09-25 13:03:42,729: xml rpc node: starting XML-RPC server
[rosmaster.master][INFO] 2023-09-25 13:03:42,785: +PARAM [/run_id] by /roslaunch
[rosmaster.master][INFO] 2023-09-25 13:03:42,787: +PARAM [/roslaunch/uris/host_laptop_cb8efkqo__36269] by /roslaunch
[rosmaster.master][INFO] 2023-09-25 13:03:43,001: +PARAM [/rosversion] by /roslaunch
[rosmaster.master][INFO] 2023-09-25 13:03:43,002: +PARAM [/robot_description] by /roslaunch
[rosmaster.master][INFO] 2023-09-25 13:03:43,002: +PARAM [/rosdistro] by /roslaunch
[rosmaster.master][INFO] 2023-09-25 13:03:43,002: +PARAM [/tb3_model] by /roslaunch
[rosmaster.master][INFO] 2023-09-25 13:03:43,002: +PARAM [/robot_state_publisher/publish_frequency] by /roslaunch
[rosmaster.master][INFO] 2023-09-25 13:03:43,013: +SERVICE [/rosout/get_loggers] /rosout http://LAPTOP-CB8EFKQO:39933/
[rosmaster.master][INFO] 2023-09-25 13:03:43,014: +SERVICE [/rosout/set_logger_level] /rosout http://LAPTOP-CB8EFKQO:39933/
[rosmaster.master][INFO] 2023-09-25 13:03:43,016: +PUB [/rosout_agg] /rosout http://LAPTOP-CB8EFKQO:39933/
[rosmaster.master][INFO] 2023-09-25 13:03:43,019: +SUB [/rosout] /rosout http://LAPTOP-CB8EFKQO:39933/
[rosmaster.master][INFO] 2023-09-25 13:03:43,156: +PUB [/rosout] /robot_state_publisher http://LAPTOP-CB8EFKQO:42503/
[rosmaster.master][INFO] 2023-09-25 13:03:43,156: +SERVICE [/robot_state_publisher/get_loggers] /robot_state_publisher http://LAPTOP-CB8EFKQO:42503/
[rosmaster.master][INFO] 2023-09-25 13:03:43,157: +SERVICE [/robot_state_publisher/set_logger_level] /robot_state_publisher http://LAPTOP-CB8EFKQO:42503/
[rosmaster.master][INFO] 2023-09-25 13:03:43,161: +PUB [/tf] /robot_state_publisher http://LAPTOP-CB8EFKQO:42503/
[rosmaster.master][INFO] 2023-09-25 13:03:43,162: +PUB [/tf_static] /robot_state_publisher http://LAPTOP-CB8EFKQO:42503/
[rosmaster.master][INFO] 2023-09-25 13:03:43,167: +SUB [/joint_states] /robot_state_publisher http://LAPTOP-CB8EFKQO:42503/
[rosmaster.master][INFO] 2023-09-25 13:03:43,228: publisherUpdate[/rosout] -> http://LAPTOP-CB8EFKQO:39933/ ['http://LAPTOP-CB8EFKQO:42503/']
[rosmaster.master][INFO] 2023-09-25 13:03:43,241: publisherUpdate[/rosout] -> http://LAPTOP-CB8EFKQO:39933/ ['http://LAPTOP-CB8EFKQO:42503/']: sec=0.01, result=[1, '', 0]
[rosmaster.master][INFO] 2023-09-25 13:03:43,413: +PUB [/rosout] /rviz http://LAPTOP-CB8EFKQO:44017/
[rosmaster.master][INFO] 2023-09-25 13:03:43,414: +SERVICE [/rviz/get_loggers] /rviz http://LAPTOP-CB8EFKQO:44017/
[rosmaster.master][INFO] 2023-09-25 13:03:43,414: +SERVICE [/rviz/set_logger_level] /rviz http://LAPTOP-CB8EFKQO:44017/
[rosmaster.master][INFO] 2023-09-25 13:03:43,416: +CACHEDPARAM [/rosout_disable_topics_generation] by /rviz
[rosmaster.master][INFO] 2023-09-25 13:03:43,429: publisherUpdate[/rosout] -> http://LAPTOP-CB8EFKQO:39933/ ['http://LAPTOP-CB8EFKQO:42503/', 'http://LAPTOP-CB8EFKQO:44017/']
[rosmaster.master][INFO] 2023-09-25 13:03:43,452: publisherUpdate[/rosout] -> http://LAPTOP-CB8EFKQO:39933/ ['http://LAPTOP-CB8EFKQO:42503/', 'http://LAPTOP-CB8EFKQO:44017/']: sec=0.02, result=[1, '', 0]
[rosmaster.master][INFO] 2023-09-25 13:03:43,655: +CACHEDPARAM [/rosout/omit_topics] by /rosout
[rosmaster.master][INFO] 2023-09-25 13:03:43,680: +SUB [/tf] /rviz http://LAPTOP-CB8EFKQO:44017/
[rosmaster.master][INFO] 2023-09-25 13:03:43,687: +SUB [/tf_static] /rviz http://LAPTOP-CB8EFKQO:44017/
[rosmaster.master][INFO] 2023-09-25 13:03:43,752: +PUB [/initialpose] /rviz http://LAPTOP-CB8EFKQO:44017/
[rosmaster.master][INFO] 2023-09-25 13:03:43,754: +PUB [/goal] /rviz http://LAPTOP-CB8EFKQO:44017/
[rosmaster.master][INFO] 2023-09-25 13:03:43,764: +SUB [/odom] /rviz http://LAPTOP-CB8EFKQO:44017/
[rosmaster.master][INFO] 2023-09-25 13:03:43,997: -PUB [/goal] /rviz http://LAPTOP-CB8EFKQO:44017/
[rosmaster.master][INFO] 2023-09-25 13:03:43,998: -PUB [/initialpose] /rviz http://LAPTOP-CB8EFKQO:44017/
[rosmaster.master][INFO] 2023-09-25 13:03:44,001: +PUB [/initialpose] /rviz http://LAPTOP-CB8EFKQO:44017/
[rosmaster.master][INFO] 2023-09-25 13:03:44,002: +PUB [/goal] /rviz http://LAPTOP-CB8EFKQO:44017/
[rosmaster.master][INFO] 2023-09-25 13:03:44,003: +PUB [/move_base_simple/goal] /rviz http://LAPTOP-CB8EFKQO:44017/
[rosmaster.master][INFO] 2023-09-25 13:03:44,004: -PUB [/goal] /rviz http://LAPTOP-CB8EFKQO:44017/
[rosmaster.master][INFO] 2023-09-25 13:03:44,005: +PUB [/clicked_point] /rviz http://LAPTOP-CB8EFKQO:44017/
[rosmaster.master][INFO] 2023-09-25 13:03:44,050: +SERVICE [/rviz/reload_shaders] /rviz http://LAPTOP-CB8EFKQO:44017/
[rosmaster.master][INFO] 2023-09-25 13:03:44,056: +SERVICE [/rviz/load_config] /rviz http://LAPTOP-CB8EFKQO:44017/
[rosmaster.master][INFO] 2023-09-25 13:03:44,057: +SERVICE [/rviz/save_config] /rviz http://LAPTOP-CB8EFKQO:44017/
[rosmaster.master][INFO] 2023-09-25 13:03:49,810: -SUB [/odom] /rviz http://LAPTOP-CB8EFKQO:44017/
[rosmaster.master][INFO] 2023-09-25 13:03:49,814: -PUB [/clicked_point] /rviz http://LAPTOP-CB8EFKQO:44017/
[rosmaster.master][INFO] 2023-09-25 13:03:49,816: -PUB [/move_base_simple/goal] /rviz http://LAPTOP-CB8EFKQO:44017/
[rosmaster.master][INFO] 2023-09-25 13:03:49,824: -PUB [/initialpose] /rviz http://LAPTOP-CB8EFKQO:44017/
[rosmaster.master][INFO] 2023-09-25 13:03:49,828: -SUB [/tf_static] /rviz http://LAPTOP-CB8EFKQO:44017/
[rosmaster.master][INFO] 2023-09-25 13:03:49,830: -SUB [/tf] /rviz http://LAPTOP-CB8EFKQO:44017/
[rosmaster.master][INFO] 2023-09-25 13:03:49,832: -SERVICE [/rviz/save_config] /rviz rosrpc://LAPTOP-CB8EFKQO:33785
[rosmaster.master][INFO] 2023-09-25 13:03:49,833: -SERVICE [/rviz/load_config] /rviz rosrpc://LAPTOP-CB8EFKQO:33785
[rosmaster.master][INFO] 2023-09-25 13:03:49,835: -SERVICE [/rviz/reload_shaders] /rviz rosrpc://LAPTOP-CB8EFKQO:33785
[rosmaster.master][INFO] 2023-09-25 13:03:49,980: -PUB [/rosout] /rviz http://LAPTOP-CB8EFKQO:44017/
[rosmaster.master][INFO] 2023-09-25 13:03:49,981: -SERVICE [/rviz/get_loggers] /rviz rosrpc://LAPTOP-CB8EFKQO:33785
[rosmaster.master][INFO] 2023-09-25 13:03:49,982: -SERVICE [/rviz/set_logger_level] /rviz rosrpc://LAPTOP-CB8EFKQO:33785
[rosmaster.master][INFO] 2023-09-25 13:03:49,983: -CACHEDPARAM [/rosout_disable_topics_generation] by /rviz
[rosmaster.master][INFO] 2023-09-25 13:03:50,056: publisherUpdate[/rosout] -> http://LAPTOP-CB8EFKQO:39933/ ['http://LAPTOP-CB8EFKQO:42503/']
[rosmaster.master][INFO] 2023-09-25 13:03:50,076: publisherUpdate[/rosout] -> http://LAPTOP-CB8EFKQO:39933/ ['http://LAPTOP-CB8EFKQO:42503/']: sec=0.02, result=[1, '', 0]
[rosmaster.master][INFO] 2023-09-25 13:20:35,771: -PUB [/rosout] /robot_state_publisher http://LAPTOP-CB8EFKQO:42503/
[rosmaster.master][INFO] 2023-09-25 13:20:35,774: -PUB [/tf] /robot_state_publisher http://LAPTOP-CB8EFKQO:42503/
[rosmaster.master][INFO] 2023-09-25 13:20:35,775: publisherUpdate[/rosout] -> http://LAPTOP-CB8EFKQO:39933/ []
[rosmaster.master][INFO] 2023-09-25 13:20:35,777: -PUB [/tf_static] /robot_state_publisher http://LAPTOP-CB8EFKQO:42503/
[rosmaster.master][INFO] 2023-09-25 13:20:35,781: publisherUpdate[/rosout] -> http://LAPTOP-CB8EFKQO:39933/ []: sec=0.00, result=[1, '', 0]
[rosmaster.master][INFO] 2023-09-25 13:20:35,782: -SUB [/joint_states] /robot_state_publisher http://LAPTOP-CB8EFKQO:42503/
[rosmaster.master][INFO] 2023-09-25 13:20:35,784: -SERVICE [/robot_state_publisher/get_loggers] /robot_state_publisher rosrpc://LAPTOP-CB8EFKQO:33859
[rosmaster.master][INFO] 2023-09-25 13:20:35,786: -SERVICE [/robot_state_publisher/set_logger_level] /robot_state_publisher rosrpc://LAPTOP-CB8EFKQO:33859
[rosmaster.master][INFO] 2023-09-25 13:20:36,184: -PUB [/rosout_agg] /rosout http://LAPTOP-CB8EFKQO:39933/
[rosmaster.master][INFO] 2023-09-25 13:20:36,184: -SUB [/rosout] /rosout http://LAPTOP-CB8EFKQO:39933/
[rosmaster.master][INFO] 2023-09-25 13:20:36,185: -SERVICE [/rosout/get_loggers] /rosout rosrpc://LAPTOP-CB8EFKQO:51527
[rosmaster.master][INFO] 2023-09-25 13:20:36,186: -SERVICE [/rosout/set_logger_level] /rosout rosrpc://LAPTOP-CB8EFKQO:51527
[rosmaster.master][INFO] 2023-09-25 13:20:36,186: -CACHEDPARAM [/rosout/omit_topics] by /rosout
[rosmaster.main][INFO] 2023-09-25 13:20:36,290: keyboard interrupt, will exit
[rosmaster.main][INFO] 2023-09-25 13:20:36,290: stopping master...
[rospy.core][INFO] 2023-09-25 13:20:36,291: signal_shutdown [atexit]
