2023-09-25 12:28:15.630 [info] 로그 수준: Info
2023-09-25 12:28:15.630 [info] "git"에서 찾은 git 유효성을 검사하는 중
2023-09-25 12:28:15.630 [info] "2.17.1"에서 git "git"을(를) 사용하는 중
2023-09-25 12:28:15.631 [info] > git rev-parse --show-toplevel [7ms]
2023-09-25 12:28:15.631 [info] > git rev-parse --git-dir --git-common-dir [2ms]
2023-09-25 12:28:15.631 [info] Open repository: /home/jinsu_park
2023-09-25 12:28:15.631 [info] > git rev-parse --show-toplevel [7ms]
2023-09-25 12:28:15.631 [info] > git config --get commit.template [15ms]
2023-09-25 12:28:15.631 [info] > git for-each-ref --format=%(refname)%00%(upstream:short)%00%(objectname)%00%(upstream:track)%00%(upstream:remotename)%00%(upstream:remoteref) refs/heads/master refs/remotes/master [12ms]
2023-09-25 12:28:15.631 [info] > git rev-parse --git-dir --git-common-dir [28ms]
2023-09-25 12:28:15.631 [info] Open repository: /home/jinsu_park/catkin_ws/src/turtlebot3_simulations
2023-09-25 12:28:15.633 [info] > git config --get commit.template [11ms]
2023-09-25 12:28:15.636 [info] > git rev-parse --show-toplevel [7ms]
2023-09-25 12:28:15.654 [info] > git for-each-ref --format=%(refname)%00%(upstream:short)%00%(objectname)%00%(upstream:track)%00%(upstream:remotename)%00%(upstream:remoteref) refs/heads/robotics-course refs/remotes/robotics-course [9ms]
2023-09-25 12:28:15.673 [info] > git rev-parse --show-toplevel [19ms]
2023-09-25 12:28:15.687 [info] > git rev-parse --show-toplevel [3ms]
2023-09-25 12:28:15.700 [info] > git rev-parse --show-toplevel [1ms]
2023-09-25 12:28:15.709 [info] > git rev-parse --show-toplevel [1ms]
2023-09-25 12:28:15.727 [info] > git rev-parse --show-toplevel [3ms]
2023-09-25 12:28:15.764 [info] > git rev-parse --show-toplevel [22ms]
2023-09-25 12:28:15.781 [info] > git rev-parse --show-toplevel [1ms]
2023-09-25 12:28:15.797 [info] > git rev-parse --show-toplevel [7ms]
2023-09-25 12:28:15.811 [info] > git rev-parse --show-toplevel [2ms]
2023-09-25 12:28:15.830 [info] > git rev-parse --show-toplevel [4ms]
2023-09-25 12:28:15.840 [info] > git rev-parse --show-toplevel [2ms]
2023-09-25 12:28:15.853 [info] > git rev-parse --show-toplevel [1ms]
2023-09-25 12:28:15.862 [info] > git rev-parse --show-toplevel [1ms]
2023-09-25 12:28:15.872 [info] > git status -z -uall [201ms]
2023-09-25 12:28:15.903 [info] > git rev-parse --show-toplevel [33ms]
2023-09-25 12:28:15.911 [info] > git config --get commit.template [9ms]
2023-09-25 12:28:15.912 [info] > git rev-parse --show-toplevel [2ms]
2023-09-25 12:28:15.924 [info] > git for-each-ref --format=%(refname)%00%(upstream:short)%00%(objectname)%00%(upstream:track)%00%(upstream:remotename)%00%(upstream:remoteref) refs/heads/robotics-course refs/remotes/robotics-course [2ms]
2023-09-25 12:28:15.954 [info] > git status -z -uall [355ms]
2023-09-25 12:28:18.237 [info] > git status -z -uall [2306ms]
2023-09-25 12:28:18.238 [info] > git check-ignore -v -z --stdin [81ms]
2023-09-25 12:28:18.239 [info] > git check-ignore -v -z --stdin [74ms]
2023-09-25 12:28:18.277 [info] > git config --get commit.template [104ms]
2023-09-25 12:28:18.356 [info] > git for-each-ref --format=%(refname)%00%(upstream:short)%00%(objectname)%00%(upstream:track)%00%(upstream:remotename)%00%(upstream:remoteref) refs/heads/master refs/remotes/master [66ms]
2023-09-25 12:28:18.429 [info] > git status -z -uall [66ms]
2023-09-25 12:28:20.982 [info] > git show --textconv :turtlebot3_fake/CMakeLists.txt [263ms]
2023-09-25 12:28:20.982 [info] > git check-ignore -v -z --stdin [41ms]
2023-09-25 12:28:20.984 [info] > git check-ignore -v -z --stdin [27ms]
2023-09-25 12:28:20.987 [info] > git ls-files --stage -- /home/jinsu_park/catkin_ws/src/turtlebot3_simulations/turtlebot3_fake/CMakeLists.txt [258ms]
2023-09-25 12:28:21.011 [info] > git cat-file -s e5ffa5540b4d3d09e65f2fc50e890a03263fca71 [13ms]
2023-09-25 12:28:24.122 [info] > git config --get commit.template [32ms]
2023-09-25 12:28:24.124 [info] > git for-each-ref --format=%(refname)%00%(upstream:short)%00%(objectname)%00%(upstream:track)%00%(upstream:remotename)%00%(upstream:remoteref) refs/heads/master refs/remotes/master [8ms]
2023-09-25 12:28:24.349 [info] > git status -z -uall [185ms]
2023-09-25 12:28:29.708 [info] > git config --get commit.template [41ms]
2023-09-25 12:28:29.710 [info] > git for-each-ref --format=%(refname)%00%(upstream:short)%00%(objectname)%00%(upstream:track)%00%(upstream:remotename)%00%(upstream:remoteref) refs/heads/master refs/remotes/master [4ms]
2023-09-25 12:28:29.836 [info] > git status -z -uall [102ms]
2023-09-25 12:28:35.163 [info] > git config --get commit.template [11ms]
2023-09-25 12:28:35.163 [info] > git for-each-ref --format=%(refname)%00%(upstream:short)%00%(objectname)%00%(upstream:track)%00%(upstream:remotename)%00%(upstream:remoteref) refs/heads/master refs/remotes/master [2ms]
2023-09-25 12:28:35.213 [info] > git status -z -uall [41ms]
2023-09-25 12:28:40.499 [info] > git config --get commit.template [2ms]
2023-09-25 12:28:40.512 [info] > git for-each-ref --format=%(refname)%00%(upstream:short)%00%(objectname)%00%(upstream:track)%00%(upstream:remotename)%00%(upstream:remoteref) refs/heads/master refs/remotes/master [1ms]
2023-09-25 12:28:40.569 [info] > git status -z -uall [47ms]
2023-09-25 12:28:45.747 [info] > git config --get commit.template [5ms]
2023-09-25 12:28:45.799 [info] > git for-each-ref --format=%(refname)%00%(upstream:short)%00%(objectname)%00%(upstream:track)%00%(upstream:remotename)%00%(upstream:remoteref) refs/heads/master refs/remotes/master [3ms]
2023-09-25 12:28:45.986 [info] > git status -z -uall [155ms]
2023-09-25 12:28:51.353 [info] > git config --get commit.template [55ms]
2023-09-25 12:28:51.355 [info] > git for-each-ref --format=%(refname)%00%(upstream:short)%00%(objectname)%00%(upstream:track)%00%(upstream:remotename)%00%(upstream:remoteref) refs/heads/master refs/remotes/master [8ms]
2023-09-25 12:28:51.613 [info] > git status -z -uall [227ms]
2023-09-25 12:28:55.857 [info] > git check-ignore -v -z --stdin [3ms]
2023-09-25 12:28:56.810 [info] > git config --get commit.template [1ms]
2023-09-25 12:28:56.821 [info] > git for-each-ref --format=%(refname)%00%(upstream:short)%00%(objectname)%00%(upstream:track)%00%(upstream:remotename)%00%(upstream:remoteref) refs/heads/master refs/remotes/master [1ms]
2023-09-25 12:28:56.886 [info] > git status -z -uall [54ms]
2023-09-25 12:28:59.135 [info] > git show --textconv :turtlebot3_fake/include/turtlebot3_fake/turtlebot3_fake.h [12ms]
2023-09-25 12:28:59.136 [info] > git ls-files --stage -- /home/jinsu_park/catkin_ws/src/turtlebot3_simulations/turtlebot3_fake/include/turtlebot3_fake/turtlebot3_fake.h [3ms]
2023-09-25 12:28:59.149 [info] > git cat-file -s 815f981e551045c5778187f92fd0ea486927d20b [1ms]
2023-09-25 12:29:02.187 [info] > git config --get commit.template [48ms]
2023-09-25 12:29:02.188 [info] > git for-each-ref --format=%(refname)%00%(upstream:short)%00%(objectname)%00%(upstream:track)%00%(upstream:remotename)%00%(upstream:remoteref) refs/heads/master refs/remotes/master [5ms]
2023-09-25 12:29:02.307 [info] > git status -z -uall [93ms]
2023-09-25 12:29:07.587 [info] > git config --get commit.template [6ms]
2023-09-25 12:29:07.620 [info] > git for-each-ref --format=%(refname)%00%(upstream:short)%00%(objectname)%00%(upstream:track)%00%(upstream:remotename)%00%(upstream:remoteref) refs/heads/master refs/remotes/master [3ms]
2023-09-25 12:29:07.713 [info] > git status -z -uall [71ms]
2023-09-25 12:29:12.985 [info] > git config --get commit.template [19ms]
2023-09-25 12:29:12.986 [info] > git for-each-ref --format=%(refname)%00%(upstream:short)%00%(objectname)%00%(upstream:track)%00%(upstream:remotename)%00%(upstream:remoteref) refs/heads/master refs/remotes/master [2ms]
2023-09-25 12:29:13.042 [info] > git status -z -uall [45ms]
2023-09-25 12:29:18.203 [info] > git config --get commit.template [4ms]
2023-09-25 12:29:18.243 [info] > git for-each-ref --format=%(refname)%00%(upstream:short)%00%(objectname)%00%(upstream:track)%00%(upstream:remotename)%00%(upstream:remoteref) refs/heads/master refs/remotes/master [5ms]
2023-09-25 12:29:18.403 [info] > git status -z -uall [119ms]
2023-09-25 12:29:22.819 [info] > git show --textconv :turtlebot3_fake/msg/WheelMsg.msg [16ms]
2023-09-25 12:29:22.821 [info] > git ls-files --stage -- /home/jinsu_park/catkin_ws/src/turtlebot3_simulations/turtlebot3_fake/msg/WheelMsg.msg [3ms]
2023-09-25 12:29:22.832 [info] > git cat-file -s 261db449326f9f1df712f44035d7759102f2a2a4 [1ms]
2023-09-25 12:29:23.688 [info] > git config --get commit.template [45ms]
2023-09-25 12:29:23.690 [info] > git for-each-ref --format=%(refname)%00%(upstream:short)%00%(objectname)%00%(upstream:track)%00%(upstream:remotename)%00%(upstream:remoteref) refs/heads/master refs/remotes/master [7ms]
2023-09-25 12:29:23.905 [info] > git status -z -uall [164ms]
2023-09-25 12:29:29.239 [info] > git config --get commit.template [47ms]
2023-09-25 12:29:29.242 [info] > git for-each-ref --format=%(refname)%00%(upstream:short)%00%(objectname)%00%(upstream:track)%00%(upstream:remotename)%00%(upstream:remoteref) refs/heads/master refs/remotes/master [7ms]
2023-09-25 12:29:29.445 [info] > git status -z -uall [167ms]
2023-09-25 12:29:34.641 [info] > git config --get commit.template [1ms]
2023-09-25 12:29:34.657 [info] > git for-each-ref --format=%(refname)%00%(upstream:short)%00%(objectname)%00%(upstream:track)%00%(upstream:remotename)%00%(upstream:remoteref) refs/heads/master refs/remotes/master [1ms]
2023-09-25 12:29:34.714 [info] > git status -z -uall [47ms]
2023-09-25 12:29:37.108 [info] > git show --textconv :turtlebot3_fake/CMakeLists.txt [13ms]
2023-09-25 12:29:37.109 [info] > git ls-files --stage -- /home/jinsu_park/catkin_ws/src/turtlebot3_simulations/turtlebot3_fake/CMakeLists.txt [2ms]
2023-09-25 12:29:37.120 [info] > git cat-file -s e5ffa5540b4d3d09e65f2fc50e890a03263fca71 [1ms]
2023-09-25 12:29:39.890 [info] > git config --get commit.template [20ms]
2023-09-25 12:29:39.891 [info] > git for-each-ref --format=%(refname)%00%(upstream:short)%00%(objectname)%00%(upstream:track)%00%(upstream:remotename)%00%(upstream:remoteref) refs/heads/master refs/remotes/master [2ms]
2023-09-25 12:29:40.025 [info] > git status -z -uall [108ms]
2023-09-25 12:29:45.371 [info] > git config --get commit.template [3ms]
2023-09-25 12:29:45.418 [info] > git for-each-ref --format=%(refname)%00%(upstream:short)%00%(objectname)%00%(upstream:track)%00%(upstream:remotename)%00%(upstream:remoteref) refs/heads/master refs/remotes/master [4ms]
2023-09-25 12:29:45.564 [info] > git status -z -uall [104ms]
2023-09-25 12:30:14.278 [info] > git config --get commit.template [3ms]
2023-09-25 12:30:14.289 [info] > git for-each-ref --format=%(refname)%00%(upstream:short)%00%(objectname)%00%(upstream:track)%00%(upstream:remotename)%00%(upstream:remoteref) refs/heads/master refs/remotes/master [1ms]
2023-09-25 12:30:14.364 [info] > git status -z -uall [65ms]
2023-09-25 12:30:19.619 [info] > git config --get commit.template [24ms]
2023-09-25 12:30:19.620 [info] > git for-each-ref --format=%(refname)%00%(upstream:short)%00%(objectname)%00%(upstream:track)%00%(upstream:remotename)%00%(upstream:remoteref) refs/heads/master refs/remotes/master [3ms]
2023-09-25 12:30:19.721 [info] > git status -z -uall [85ms]
2023-09-25 12:30:22.777 [info] > git show --textconv :turtlebot3_fake/package.xml [20ms]
2023-09-25 12:30:22.779 [info] > git ls-files --stage -- /home/jinsu_park/catkin_ws/src/turtlebot3_simulations/turtlebot3_fake/package.xml [5ms]
2023-09-25 12:30:22.806 [info] > git cat-file -s 07a199c3d6ce7bb3d1aee1b2196aada4657d7886 [2ms]
2023-09-25 12:30:25.039 [info] > git config --get commit.template [57ms]
2023-09-25 12:30:25.041 [info] > git for-each-ref --format=%(refname)%00%(upstream:short)%00%(objectname)%00%(upstream:track)%00%(upstream:remotename)%00%(upstream:remoteref) refs/heads/master refs/remotes/master [5ms]
2023-09-25 12:30:25.257 [info] > git status -z -uall [181ms]
2023-09-25 12:30:32.412 [info] > git config --get commit.template [3ms]
2023-09-25 12:30:32.437 [info] > git for-each-ref --format=%(refname)%00%(upstream:short)%00%(objectname)%00%(upstream:track)%00%(upstream:remotename)%00%(upstream:remoteref) refs/heads/master refs/remotes/master [3ms]
2023-09-25 12:30:32.506 [info] > git status -z -uall [50ms]
2023-09-25 12:30:37.751 [info] > git config --get commit.template [2ms]
2023-09-25 12:30:37.786 [info] > git for-each-ref --format=%(refname)%00%(upstream:short)%00%(objectname)%00%(upstream:track)%00%(upstream:remotename)%00%(upstream:remoteref) refs/heads/master refs/remotes/master [2ms]
2023-09-25 12:30:37.955 [info] > git status -z -uall [150ms]
2023-09-25 12:30:43.290 [info] > git config --get commit.template [23ms]
2023-09-25 12:30:43.291 [info] > git for-each-ref --format=%(refname)%00%(upstream:short)%00%(objectname)%00%(upstream:track)%00%(upstream:remotename)%00%(upstream:remoteref) refs/heads/master refs/remotes/master [3ms]
2023-09-25 12:30:43.418 [info] > git status -z -uall [106ms]
2023-09-25 12:30:48.676 [info] > git config --get commit.template [1ms]
2023-09-25 12:30:48.692 [info] > git for-each-ref --format=%(refname)%00%(upstream:short)%00%(objectname)%00%(upstream:track)%00%(upstream:remotename)%00%(upstream:remoteref) refs/heads/master refs/remotes/master [1ms]
2023-09-25 12:30:48.747 [info] > git status -z -uall [45ms]
2023-09-25 12:30:55.477 [info] > git config --get commit.template [15ms]
2023-09-25 12:30:55.477 [info] > git for-each-ref --format=%(refname)%00%(upstream:short)%00%(objectname)%00%(upstream:track)%00%(upstream:remotename)%00%(upstream:remoteref) refs/heads/master refs/remotes/master [2ms]
2023-09-25 12:30:55.535 [info] > git status -z -uall [45ms]
2023-09-25 12:31:02.467 [info] > git config --get commit.template [3ms]
2023-09-25 12:31:02.485 [info] > git for-each-ref --format=%(refname)%00%(upstream:short)%00%(objectname)%00%(upstream:track)%00%(upstream:remotename)%00%(upstream:remoteref) refs/heads/master refs/remotes/master [2ms]
2023-09-25 12:31:02.609 [info] > git status -z -uall [109ms]
2023-09-25 12:31:07.927 [info] > git config --get commit.template [47ms]
2023-09-25 12:31:07.929 [info] > git for-each-ref --format=%(refname)%00%(upstream:short)%00%(objectname)%00%(upstream:track)%00%(upstream:remotename)%00%(upstream:remoteref) refs/heads/master refs/remotes/master [3ms]
2023-09-25 12:31:08.074 [info] > git status -z -uall [112ms]
2023-09-25 12:31:11.492 [info] > git check-ignore -v -z --stdin [15ms]
2023-09-25 12:31:13.320 [info] > git config --get commit.template [7ms]
2023-09-25 12:31:13.349 [info] > git for-each-ref --format=%(refname)%00%(upstream:short)%00%(objectname)%00%(upstream:track)%00%(upstream:remotename)%00%(upstream:remoteref) refs/heads/master refs/remotes/master [3ms]
2023-09-25 12:31:13.502 [info] > git status -z -uall [131ms]
2023-09-25 12:31:18.802 [info] > git config --get commit.template [3ms]
2023-09-25 12:31:18.837 [info] > git for-each-ref --format=%(refname)%00%(upstream:short)%00%(objectname)%00%(upstream:track)%00%(upstream:remotename)%00%(upstream:remoteref) refs/heads/master refs/remotes/master [3ms]
2023-09-25 12:31:19.033 [info] > git status -z -uall [137ms]
2023-09-25 12:31:24.202 [info] > git config --get commit.template [2ms]
2023-09-25 12:31:24.218 [info] > git for-each-ref --format=%(refname)%00%(upstream:short)%00%(objectname)%00%(upstream:track)%00%(upstream:remotename)%00%(upstream:remoteref) refs/heads/master refs/remotes/master [1ms]
2023-09-25 12:31:24.282 [info] > git status -z -uall [52ms]
2023-09-25 12:31:29.473 [info] > git config --get commit.template [35ms]
2023-09-25 12:31:29.475 [info] > git for-each-ref --format=%(refname)%00%(upstream:short)%00%(objectname)%00%(upstream:track)%00%(upstream:remotename)%00%(upstream:remoteref) refs/heads/master refs/remotes/master [6ms]
2023-09-25 12:31:29.670 [info] > git status -z -uall [160ms]
2023-09-25 12:31:35.059 [info] > git config --get commit.template [39ms]
2023-09-25 12:31:35.059 [info] > git for-each-ref --format=%(refname)%00%(upstream:short)%00%(objectname)%00%(upstream:track)%00%(upstream:remotename)%00%(upstream:remoteref) refs/heads/master refs/remotes/master [1ms]
2023-09-25 12:31:35.166 [info] > git status -z -uall [90ms]
2023-09-25 12:31:40.449 [info] > git config --get commit.template [2ms]
2023-09-25 12:31:40.466 [info] > git for-each-ref --format=%(refname)%00%(upstream:short)%00%(objectname)%00%(upstream:track)%00%(upstream:remotename)%00%(upstream:remoteref) refs/heads/master refs/remotes/master [2ms]
2023-09-25 12:31:40.538 [info] > git status -z -uall [59ms]
2023-09-25 12:32:14.363 [info] > git config --get commit.template [6ms]
2023-09-25 12:32:14.373 [info] > git for-each-ref --format=%(refname)%00%(upstream:short)%00%(objectname)%00%(upstream:track)%00%(upstream:remotename)%00%(upstream:remoteref) refs/heads/master refs/remotes/master [2ms]
2023-09-25 12:32:14.437 [info] > git status -z -uall [54ms]
2023-09-25 12:32:19.638 [info] > git config --get commit.template [4ms]
2023-09-25 12:32:19.668 [info] > git for-each-ref --format=%(refname)%00%(upstream:short)%00%(objectname)%00%(upstream:track)%00%(upstream:remotename)%00%(upstream:remoteref) refs/heads/master refs/remotes/master [4ms]
2023-09-25 12:32:19.847 [info] > git status -z -uall [136ms]
2023-09-25 12:32:25.053 [info] > git config --get commit.template [3ms]
2023-09-25 12:32:25.080 [info] > git for-each-ref --format=%(refname)%00%(upstream:short)%00%(objectname)%00%(upstream:track)%00%(upstream:remotename)%00%(upstream:remoteref) refs/heads/master refs/remotes/master [3ms]
2023-09-25 12:32:25.152 [info] > git status -z -uall [45ms]
2023-09-25 12:32:30.356 [info] > git config --get commit.template [42ms]
2023-09-25 12:32:30.358 [info] > git for-each-ref --format=%(refname)%00%(upstream:short)%00%(objectname)%00%(upstream:track)%00%(upstream:remotename)%00%(upstream:remoteref) refs/heads/master refs/remotes/master [4ms]
2023-09-25 12:32:30.555 [info] > git status -z -uall [170ms]
2023-09-25 12:32:42.405 [info] > git config --get commit.template [2ms]
2023-09-25 12:32:42.415 [info] > git for-each-ref --format=%(refname)%00%(upstream:short)%00%(objectname)%00%(upstream:track)%00%(upstream:remotename)%00%(upstream:remoteref) refs/heads/master refs/remotes/master [2ms]
2023-09-25 12:32:42.475 [info] > git status -z -uall [50ms]
2023-09-25 12:32:46.166 [info] > git check-ignore -v -z --stdin [8ms]
2023-09-25 12:32:47.680 [info] > git config --get commit.template [33ms]
2023-09-25 12:32:47.688 [info] > git for-each-ref --format=%(refname)%00%(upstream:short)%00%(objectname)%00%(upstream:track)%00%(upstream:remotename)%00%(upstream:remoteref) refs/heads/master refs/remotes/master [10ms]
2023-09-25 12:32:47.860 [info] > git status -z -uall [145ms]
2023-09-25 12:32:53.100 [info] > git config --get commit.template [3ms]
2023-09-25 12:32:53.151 [info] > git for-each-ref --format=%(refname)%00%(upstream:short)%00%(objectname)%00%(upstream:track)%00%(upstream:remotename)%00%(upstream:remoteref) refs/heads/master refs/remotes/master [7ms]
2023-09-25 12:32:53.372 [info] > git status -z -uall [192ms]
2023-09-25 12:33:02.297 [info] > git config --get commit.template [3ms]
2023-09-25 12:33:02.329 [info] > git for-each-ref --format=%(refname)%00%(upstream:short)%00%(objectname)%00%(upstream:track)%00%(upstream:remotename)%00%(upstream:remoteref) refs/heads/master refs/remotes/master [8ms]
2023-09-25 12:33:02.484 [info] > git status -z -uall [130ms]
2023-09-25 12:33:07.830 [info] > git config --get commit.template [3ms]
2023-09-25 12:33:07.860 [info] > git for-each-ref --format=%(refname)%00%(upstream:short)%00%(objectname)%00%(upstream:track)%00%(upstream:remotename)%00%(upstream:remoteref) refs/heads/master refs/remotes/master [2ms]
2023-09-25 12:33:08.027 [info] > git status -z -uall [131ms]
2023-09-25 12:33:13.257 [info] > git config --get commit.template [42ms]
2023-09-25 12:33:13.257 [info] > git for-each-ref --format=%(refname)%00%(upstream:short)%00%(objectname)%00%(upstream:track)%00%(upstream:remotename)%00%(upstream:remoteref) refs/heads/master refs/remotes/master [2ms]
2023-09-25 12:33:13.372 [info] > git status -z -uall [98ms]
2023-09-25 12:33:18.597 [info] > git config --get commit.template [1ms]
2023-09-25 12:33:18.609 [info] > git for-each-ref --format=%(refname)%00%(upstream:short)%00%(objectname)%00%(upstream:track)%00%(upstream:remotename)%00%(upstream:remoteref) refs/heads/master refs/remotes/master [1ms]
2023-09-25 12:33:18.671 [info] > git status -z -uall [49ms]
2023-09-25 12:33:21.626 [info] > git check-ignore -v -z --stdin [15ms]
2023-09-25 12:33:23.899 [info] > git config --get commit.template [26ms]
2023-09-25 12:33:23.901 [info] > git for-each-ref --format=%(refname)%00%(upstream:short)%00%(objectname)%00%(upstream:track)%00%(upstream:remotename)%00%(upstream:remoteref) refs/heads/master refs/remotes/master [2ms]
2023-09-25 12:33:24.027 [info] > git status -z -uall [103ms]
2023-09-25 12:33:26.407 [info] > git check-ignore -v -z --stdin [7ms]
2023-09-25 12:33:29.331 [info] > git config --get commit.template [3ms]
2023-09-25 12:33:29.356 [info] > git for-each-ref --format=%(refname)%00%(upstream:short)%00%(objectname)%00%(upstream:track)%00%(upstream:remotename)%00%(upstream:remoteref) refs/heads/master refs/remotes/master [1ms]
2023-09-25 12:33:29.482 [info] > git status -z -uall [96ms]
2023-09-25 12:33:37.329 [info] > git config --get commit.template [18ms]
2023-09-25 12:33:37.368 [info] > git for-each-ref --format=%(refname)%00%(upstream:short)%00%(objectname)%00%(upstream:track)%00%(upstream:remotename)%00%(upstream:remoteref) refs/heads/master refs/remotes/master [3ms]
2023-09-25 12:33:37.452 [info] > git status -z -uall [65ms]
2023-09-25 12:33:42.671 [info] > git config --get commit.template [50ms]
2023-09-25 12:33:42.675 [info] > git for-each-ref --format=%(refname)%00%(upstream:short)%00%(objectname)%00%(upstream:track)%00%(upstream:remotename)%00%(upstream:remoteref) refs/heads/master refs/remotes/master [8ms]
2023-09-25 12:33:42.899 [info] > git status -z -uall [197ms]
2023-09-25 12:33:48.192 [info] > git config --get commit.template [1ms]
2023-09-25 12:33:48.203 [info] > git for-each-ref --format=%(refname)%00%(upstream:short)%00%(objectname)%00%(upstream:track)%00%(upstream:remotename)%00%(upstream:remoteref) refs/heads/master refs/remotes/master [1ms]
2023-09-25 12:33:48.256 [info] > git status -z -uall [42ms]
2023-09-25 12:33:58.504 [info] > git config --get commit.template [3ms]
2023-09-25 12:33:58.537 [info] > git for-each-ref --format=%(refname)%00%(upstream:short)%00%(objectname)%00%(upstream:track)%00%(upstream:remotename)%00%(upstream:remoteref) refs/heads/master refs/remotes/master [2ms]
2023-09-25 12:33:58.785 [info] > git status -z -uall [197ms]
2023-09-25 12:34:03.959 [info] > git config --get commit.template [3ms]
2023-09-25 12:34:04.019 [info] > git for-each-ref --format=%(refname)%00%(upstream:short)%00%(objectname)%00%(upstream:track)%00%(upstream:remotename)%00%(upstream:remoteref) refs/heads/master refs/remotes/master [8ms]
2023-09-25 12:34:04.178 [info] > git status -z -uall [113ms]
2023-09-25 12:34:09.471 [info] > git config --get commit.template [47ms]
2023-09-25 12:34:09.472 [info] > git for-each-ref --format=%(refname)%00%(upstream:short)%00%(objectname)%00%(upstream:track)%00%(upstream:remotename)%00%(upstream:remoteref) refs/heads/master refs/remotes/master [2ms]
2023-09-25 12:34:09.585 [info] > git status -z -uall [84ms]
2023-09-25 12:34:14.792 [info] > git config --get commit.template [1ms]
2023-09-25 12:34:14.803 [info] > git for-each-ref --format=%(refname)%00%(upstream:short)%00%(objectname)%00%(upstream:track)%00%(upstream:remotename)%00%(upstream:remoteref) refs/heads/master refs/remotes/master [1ms]
2023-09-25 12:34:14.881 [info] > git status -z -uall [65ms]
2023-09-25 12:34:20.115 [info] > git config --get commit.template [1ms]
2023-09-25 12:34:20.126 [info] > git for-each-ref --format=%(refname)%00%(upstream:short)%00%(objectname)%00%(upstream:track)%00%(upstream:remotename)%00%(upstream:remoteref) refs/heads/master refs/remotes/master [3ms]
2023-09-25 12:34:20.197 [info] > git status -z -uall [60ms]
2023-09-25 12:34:25.347 [info] > git config --get commit.template [11ms]
2023-09-25 12:34:25.347 [info] > git for-each-ref --format=%(refname)%00%(upstream:short)%00%(objectname)%00%(upstream:track)%00%(upstream:remotename)%00%(upstream:remoteref) refs/heads/master refs/remotes/master [1ms]
2023-09-25 12:34:25.404 [info] > git status -z -uall [48ms]
2023-09-25 12:34:30.564 [info] > git config --get commit.template [2ms]
2023-09-25 12:34:30.581 [info] > git for-each-ref --format=%(refname)%00%(upstream:short)%00%(objectname)%00%(upstream:track)%00%(upstream:remotename)%00%(upstream:remoteref) refs/heads/master refs/remotes/master [1ms]
2023-09-25 12:34:30.646 [info] > git status -z -uall [50ms]
2023-09-25 12:34:35.809 [info] > git config --get commit.template [13ms]
2023-09-25 12:34:35.810 [info] > git for-each-ref --format=%(refname)%00%(upstream:short)%00%(objectname)%00%(upstream:track)%00%(upstream:remotename)%00%(upstream:remoteref) refs/heads/master refs/remotes/master [1ms]
2023-09-25 12:34:35.872 [info] > git status -z -uall [46ms]
2023-09-25 12:34:38.224 [info] > git check-ignore -v -z --stdin [7ms]
2023-09-25 12:34:41.133 [info] > git config --get commit.template [42ms]
2023-09-25 12:34:41.135 [info] > git for-each-ref --format=%(refname)%00%(upstream:short)%00%(objectname)%00%(upstream:track)%00%(upstream:remotename)%00%(upstream:remoteref) refs/heads/master refs/remotes/master [3ms]
2023-09-25 12:34:41.242 [info] > git status -z -uall [81ms]
2023-09-25 12:34:46.567 [info] > git config --get commit.template [48ms]
2023-09-25 12:34:46.568 [info] > git for-each-ref --format=%(refname)%00%(upstream:short)%00%(objectname)%00%(upstream:track)%00%(upstream:remotename)%00%(upstream:remoteref) refs/heads/master refs/remotes/master [4ms]
2023-09-25 12:34:46.706 [info] > git status -z -uall [98ms]
2023-09-25 12:34:52.569 [info] > git config --get commit.template [51ms]
2023-09-25 12:34:52.572 [info] > git for-each-ref --format=%(refname)%00%(upstream:short)%00%(objectname)%00%(upstream:track)%00%(upstream:remotename)%00%(upstream:remoteref) refs/heads/master refs/remotes/master [6ms]
2023-09-25 12:34:52.779 [info] > git status -z -uall [178ms]
2023-09-25 12:34:58.099 [info] > git config --get commit.template [40ms]
2023-09-25 12:34:58.101 [info] > git for-each-ref --format=%(refname)%00%(upstream:short)%00%(objectname)%00%(upstream:track)%00%(upstream:remotename)%00%(upstream:remoteref) refs/heads/master refs/remotes/master [7ms]
2023-09-25 12:34:58.305 [info] > git status -z -uall [165ms]
2023-09-25 12:35:03.647 [info] > git config --get commit.template [49ms]
2023-09-25 12:35:03.649 [info] > git for-each-ref --format=%(refname)%00%(upstream:short)%00%(objectname)%00%(upstream:track)%00%(upstream:remotename)%00%(upstream:remoteref) refs/heads/master refs/remotes/master [5ms]
2023-09-25 12:35:03.820 [info] > git status -z -uall [126ms]
2023-09-25 12:35:09.142 [info] > git config --get commit.template [5ms]
2023-09-25 12:35:09.179 [info] > git for-each-ref --format=%(refname)%00%(upstream:short)%00%(objectname)%00%(upstream:track)%00%(upstream:remotename)%00%(upstream:remoteref) refs/heads/master refs/remotes/master [3ms]
2023-09-25 12:35:09.387 [info] > git status -z -uall [152ms]
2023-09-25 12:35:14.805 [info] > git config --get commit.template [55ms]
2023-09-25 12:35:14.806 [info] > git for-each-ref --format=%(refname)%00%(upstream:short)%00%(objectname)%00%(upstream:track)%00%(upstream:remotename)%00%(upstream:remoteref) refs/heads/master refs/remotes/master [3ms]
2023-09-25 12:35:14.926 [info] > git status -z -uall [102ms]
2023-09-25 12:35:26.868 [info] > git config --get commit.template [3ms]
2023-09-25 12:35:26.914 [info] > git for-each-ref --format=%(refname)%00%(upstream:short)%00%(objectname)%00%(upstream:track)%00%(upstream:remotename)%00%(upstream:remoteref) refs/heads/master refs/remotes/master [9ms]
2023-09-25 12:35:27.145 [info] > git status -z -uall [171ms]
2023-09-25 12:38:19.563 [info] > git config --get commit.template [21ms]
2023-09-25 12:38:19.564 [info] > git for-each-ref --format=%(refname)%00%(upstream:short)%00%(objectname)%00%(upstream:track)%00%(upstream:remotename)%00%(upstream:remoteref) refs/heads/master refs/remotes/master [4ms]
2023-09-25 12:38:19.741 [info] > git status -z -uall [156ms]
2023-09-25 12:38:25.128 [info] > git for-each-ref --format=%(refname)%00%(upstream:short)%00%(objectname)%00%(upstream:track)%00%(upstream:remotename)%00%(upstream:remoteref) refs/heads/master refs/remotes/master [3ms]
2023-09-25 12:38:25.129 [info] > git config --get commit.template [25ms]
2023-09-25 12:38:25.226 [info] > git status -z -uall [81ms]
2023-09-25 12:38:49.241 [info] > git check-ignore -v -z --stdin [5ms]
2023-09-25 12:39:09.442 [info] > git for-each-ref --format=%(refname)%00%(upstream:short)%00%(objectname)%00%(upstream:track)%00%(upstream:remotename)%00%(upstream:remoteref) refs/heads/master refs/remotes/master [6ms]
2023-09-25 12:39:09.443 [info] > git config --get commit.template [23ms]
2023-09-25 12:39:09.642 [info] > git status -z -uall [166ms]
2023-09-25 12:39:14.951 [info] > git config --get commit.template [2ms]
2023-09-25 12:39:14.969 [info] > git for-each-ref --format=%(refname)%00%(upstream:short)%00%(objectname)%00%(upstream:track)%00%(upstream:remotename)%00%(upstream:remoteref) refs/heads/master refs/remotes/master [1ms]
2023-09-25 12:39:15.072 [info] > git status -z -uall [85ms]
2023-09-25 12:39:21.905 [info] > git config --get commit.template [6ms]
2023-09-25 12:39:21.943 [info] > git for-each-ref --format=%(refname)%00%(upstream:short)%00%(objectname)%00%(upstream:track)%00%(upstream:remotename)%00%(upstream:remoteref) refs/heads/master refs/remotes/master [5ms]
2023-09-25 12:39:22.140 [info] > git status -z -uall [154ms]
2023-09-25 12:39:48.841 [info] > git config --get commit.template [2ms]
2023-09-25 12:39:48.855 [info] > git for-each-ref --format=%(refname)%00%(upstream:short)%00%(objectname)%00%(upstream:track)%00%(upstream:remotename)%00%(upstream:remoteref) refs/heads/master refs/remotes/master [2ms]
2023-09-25 12:39:48.977 [info] > git status -z -uall [106ms]
2023-09-25 12:39:54.221 [info] > git config --get commit.template [3ms]
2023-09-25 12:39:54.266 [info] > git for-each-ref --format=%(refname)%00%(upstream:short)%00%(objectname)%00%(upstream:track)%00%(upstream:remotename)%00%(upstream:remoteref) refs/heads/master refs/remotes/master [6ms]
2023-09-25 12:39:54.447 [info] > git status -z -uall [157ms]
2023-09-25 12:40:03.081 [info] > git config --get commit.template [2ms]
2023-09-25 12:40:03.102 [info] > git for-each-ref --format=%(refname)%00%(upstream:short)%00%(objectname)%00%(upstream:track)%00%(upstream:remotename)%00%(upstream:remoteref) refs/heads/master refs/remotes/master [2ms]
2023-09-25 12:40:03.186 [info] > git status -z -uall [65ms]
2023-09-25 12:40:08.406 [info] > git config --get commit.template [7ms]
2023-09-25 12:40:08.479 [info] > git for-each-ref --format=%(refname)%00%(upstream:short)%00%(objectname)%00%(upstream:track)%00%(upstream:remotename)%00%(upstream:remoteref) refs/heads/master refs/remotes/master [2ms]
2023-09-25 12:40:08.560 [info] > git status -z -uall [61ms]
2023-09-25 12:40:14.495 [info] > git config --get commit.template [4ms]
2023-09-25 12:40:14.525 [info] > git for-each-ref --format=%(refname)%00%(upstream:short)%00%(objectname)%00%(upstream:track)%00%(upstream:remotename)%00%(upstream:remoteref) refs/heads/master refs/remotes/master [3ms]
2023-09-25 12:40:14.709 [info] > git status -z -uall [156ms]
2023-09-25 12:40:19.914 [info] > git config --get commit.template [3ms]
2023-09-25 12:40:19.951 [info] > git for-each-ref --format=%(refname)%00%(upstream:short)%00%(objectname)%00%(upstream:track)%00%(upstream:remotename)%00%(upstream:remoteref) refs/heads/master refs/remotes/master [5ms]
2023-09-25 12:40:20.168 [info] > git status -z -uall [177ms]
2023-09-25 12:40:25.487 [info] > git config --get commit.template [40ms]
2023-09-25 12:40:25.488 [info] > git for-each-ref --format=%(refname)%00%(upstream:short)%00%(objectname)%00%(upstream:track)%00%(upstream:remotename)%00%(upstream:remoteref) refs/heads/master refs/remotes/master [2ms]
2023-09-25 12:40:25.618 [info] > git status -z -uall [111ms]
2023-09-25 12:40:30.895 [info] > git config --get commit.template [39ms]
2023-09-25 12:40:30.896 [info] > git for-each-ref --format=%(refname)%00%(upstream:short)%00%(objectname)%00%(upstream:track)%00%(upstream:remotename)%00%(upstream:remoteref) refs/heads/master refs/remotes/master [4ms]
2023-09-25 12:40:31.051 [info] > git status -z -uall [125ms]
2023-09-25 12:40:42.210 [info] > git for-each-ref --format=%(refname)%00%(upstream:short)%00%(objectname)%00%(upstream:track)%00%(upstream:remotename)%00%(upstream:remoteref) refs/heads/master refs/remotes/master [2ms]
2023-09-25 12:40:42.210 [info] > git config --get commit.template [20ms]
2023-09-25 12:40:42.327 [info] > git status -z -uall [101ms]
2023-09-25 12:40:49.480 [info] > git config --get commit.template [24ms]
2023-09-25 12:40:49.482 [info] > git for-each-ref --format=%(refname)%00%(upstream:short)%00%(objectname)%00%(upstream:track)%00%(upstream:remotename)%00%(upstream:remoteref) refs/heads/master refs/remotes/master [4ms]
2023-09-25 12:40:49.553 [info] > git status -z -uall [56ms]
2023-09-25 12:46:45.783 [info] > git config --get commit.template [6ms]
2023-09-25 12:46:45.802 [info] > git for-each-ref --format=%(refname)%00%(upstream:short)%00%(objectname)%00%(upstream:track)%00%(upstream:remotename)%00%(upstream:remoteref) refs/heads/master refs/remotes/master [2ms]
2023-09-25 12:46:45.869 [info] > git status -z -uall [56ms]
2023-09-25 12:46:51.141 [info] > git config --get commit.template [30ms]
2023-09-25 12:46:51.142 [info] > git for-each-ref --format=%(refname)%00%(upstream:short)%00%(objectname)%00%(upstream:track)%00%(upstream:remotename)%00%(upstream:remoteref) refs/heads/master refs/remotes/master [3ms]
2023-09-25 12:46:51.200 [info] > git status -z -uall [44ms]
2023-09-25 12:46:56.351 [info] > git config --get commit.template [13ms]
2023-09-25 12:46:56.352 [info] > git for-each-ref --format=%(refname)%00%(upstream:short)%00%(objectname)%00%(upstream:track)%00%(upstream:remotename)%00%(upstream:remoteref) refs/heads/master refs/remotes/master [1ms]
2023-09-25 12:46:56.427 [info] > git status -z -uall [64ms]
2023-09-25 12:46:59.131 [info] > git check-ignore -v -z --stdin [20ms]
2023-09-25 12:47:00.052 [info] > git check-ignore -v -z --stdin [6ms]
2023-09-25 12:47:01.671 [info] > git config --get commit.template [4ms]
2023-09-25 12:47:01.711 [info] > git for-each-ref --format=%(refname)%00%(upstream:short)%00%(objectname)%00%(upstream:track)%00%(upstream:remotename)%00%(upstream:remoteref) refs/heads/master refs/remotes/master [4ms]
2023-09-25 12:47:01.930 [info] > git status -z -uall [172ms]
2023-09-25 12:47:04.163 [info] > git check-ignore -v -z --stdin [15ms]
2023-09-25 12:48:30.713 [info] > git config --get commit.template [4ms]
2023-09-25 12:48:30.725 [info] > git for-each-ref --format=%(refname)%00%(upstream:short)%00%(objectname)%00%(upstream:track)%00%(upstream:remotename)%00%(upstream:remoteref) refs/heads/master refs/remotes/master [1ms]
2023-09-25 12:48:30.836 [info] > git status -z -uall [100ms]
2023-09-25 12:48:36.241 [info] > git config --get commit.template [2ms]
2023-09-25 12:48:36.273 [info] > git for-each-ref --format=%(refname)%00%(upstream:short)%00%(objectname)%00%(upstream:track)%00%(upstream:remotename)%00%(upstream:remoteref) refs/heads/master refs/remotes/master [5ms]
2023-09-25 12:48:36.450 [info] > git status -z -uall [150ms]
2023-09-25 12:50:27.709 [info] > git config --get commit.template [26ms]
2023-09-25 12:50:27.711 [info] > git for-each-ref --format=%(refname)%00%(upstream:short)%00%(objectname)%00%(upstream:track)%00%(upstream:remotename)%00%(upstream:remoteref) refs/heads/master refs/remotes/master [4ms]
2023-09-25 12:50:27.852 [info] > git status -z -uall [120ms]
2023-09-25 12:50:33.225 [info] > git config --get commit.template [23ms]
2023-09-25 12:50:33.226 [info] > git for-each-ref --format=%(refname)%00%(upstream:short)%00%(objectname)%00%(upstream:track)%00%(upstream:remotename)%00%(upstream:remoteref) refs/heads/master refs/remotes/master [4ms]
2023-09-25 12:50:33.336 [info] > git status -z -uall [91ms]
2023-09-25 12:50:38.533 [info] > git config --get commit.template [3ms]
2023-09-25 12:50:38.565 [info] > git for-each-ref --format=%(refname)%00%(upstream:short)%00%(objectname)%00%(upstream:track)%00%(upstream:remotename)%00%(upstream:remoteref) refs/heads/master refs/remotes/master [3ms]
2023-09-25 12:50:38.783 [info] > git status -z -uall [188ms]
2023-09-25 12:52:01.516 [info] > git config --get commit.template [2ms]
2023-09-25 12:52:01.531 [info] > git for-each-ref --format=%(refname)%00%(upstream:short)%00%(objectname)%00%(upstream:track)%00%(upstream:remotename)%00%(upstream:remoteref) refs/heads/master refs/remotes/master [5ms]
2023-09-25 12:52:01.622 [info] > git status -z -uall [80ms]
2023-09-25 12:52:06.913 [info] > git config --get commit.template [24ms]
2023-09-25 12:52:06.914 [info] > git for-each-ref --format=%(refname)%00%(upstream:short)%00%(objectname)%00%(upstream:track)%00%(upstream:remotename)%00%(upstream:remoteref) refs/heads/master refs/remotes/master [3ms]
2023-09-25 12:52:07.074 [info] > git status -z -uall [134ms]
2023-09-25 12:52:12.062 [info] > git check-ignore -v -z --stdin [1ms]
2023-09-25 12:52:12.457 [info] > git config --get commit.template [10ms]
2023-09-25 12:52:12.458 [info] > git for-each-ref --format=%(refname)%00%(upstream:short)%00%(objectname)%00%(upstream:track)%00%(upstream:remotename)%00%(upstream:remoteref) refs/heads/master refs/remotes/master [2ms]
2023-09-25 12:52:12.513 [info] > git status -z -uall [45ms]
2023-09-25 12:52:17.666 [info] > git config --get commit.template [2ms]
2023-09-25 12:52:17.687 [info] > git for-each-ref --format=%(refname)%00%(upstream:short)%00%(objectname)%00%(upstream:track)%00%(upstream:remotename)%00%(upstream:remoteref) refs/heads/master refs/remotes/master [2ms]
2023-09-25 12:52:17.814 [info] > git status -z -uall [109ms]
2023-09-25 12:52:20.299 [info] > git check-ignore -v -z --stdin [10ms]
2023-09-25 12:52:22.489 [info] > git check-ignore -v -z --stdin [12ms]
2023-09-25 12:52:23.193 [info] > git config --get commit.template [3ms]
2023-09-25 12:52:23.219 [info] > git for-each-ref --format=%(refname)%00%(upstream:short)%00%(objectname)%00%(upstream:track)%00%(upstream:remotename)%00%(upstream:remoteref) refs/heads/master refs/remotes/master [2ms]
2023-09-25 12:52:23.362 [info] > git status -z -uall [117ms]
2023-09-25 12:52:28.633 [info] > git config --get commit.template [2ms]
2023-09-25 12:52:28.656 [info] > git for-each-ref --format=%(refname)%00%(upstream:short)%00%(objectname)%00%(upstream:track)%00%(upstream:remotename)%00%(upstream:remoteref) refs/heads/master refs/remotes/master [2ms]
2023-09-25 12:52:28.783 [info] > git status -z -uall [105ms]
2023-09-25 12:52:34.089 [info] > git config --get commit.template [15ms]
2023-09-25 12:52:34.090 [info] > git for-each-ref --format=%(refname)%00%(upstream:short)%00%(objectname)%00%(upstream:track)%00%(upstream:remotename)%00%(upstream:remoteref) refs/heads/master refs/remotes/master [1ms]
2023-09-25 12:52:34.171 [info] > git status -z -uall [69ms]
2023-09-25 12:52:40.026 [info] > git config --get commit.template [38ms]
2023-09-25 12:52:40.029 [info] > git for-each-ref --format=%(refname)%00%(upstream:short)%00%(objectname)%00%(upstream:track)%00%(upstream:remotename)%00%(upstream:remoteref) refs/heads/master refs/remotes/master [7ms]
2023-09-25 12:52:40.192 [info] > git status -z -uall [108ms]
2023-09-25 12:52:58.450 [info] > git config --get commit.template [1ms]
2023-09-25 12:52:58.469 [info] > git for-each-ref --format=%(refname)%00%(upstream:short)%00%(objectname)%00%(upstream:track)%00%(upstream:remotename)%00%(upstream:remoteref) refs/heads/master refs/remotes/master [2ms]
2023-09-25 12:52:58.538 [info] > git status -z -uall [55ms]
2023-09-25 12:53:03.775 [info] > git config --get commit.template [2ms]
2023-09-25 12:53:03.796 [info] > git for-each-ref --format=%(refname)%00%(upstream:short)%00%(objectname)%00%(upstream:track)%00%(upstream:remotename)%00%(upstream:remoteref) refs/heads/master refs/remotes/master [2ms]
2023-09-25 12:53:03.934 [info] > git status -z -uall [111ms]
2023-09-25 12:53:13.766 [info] > git config --get commit.template [40ms]
2023-09-25 12:53:13.768 [info] > git for-each-ref --format=%(refname)%00%(upstream:short)%00%(objectname)%00%(upstream:track)%00%(upstream:remotename)%00%(upstream:remoteref) refs/heads/master refs/remotes/master [4ms]
2023-09-25 12:53:13.951 [info] > git status -z -uall [152ms]
2023-09-25 12:53:19.278 [info] > git for-each-ref --format=%(refname)%00%(upstream:short)%00%(objectname)%00%(upstream:track)%00%(upstream:remotename)%00%(upstream:remoteref) refs/heads/master refs/remotes/master [1ms]
2023-09-25 12:53:19.278 [info] > git config --get commit.template [35ms]
2023-09-25 12:53:19.413 [info] > git status -z -uall [112ms]
2023-09-25 12:53:26.631 [info] > git config --get commit.template [2ms]
2023-09-25 12:53:26.660 [info] > git for-each-ref --format=%(refname)%00%(upstream:short)%00%(objectname)%00%(upstream:track)%00%(upstream:remotename)%00%(upstream:remoteref) refs/heads/master refs/remotes/master [1ms]
2023-09-25 12:53:26.779 [info] > git status -z -uall [95ms]
2023-09-25 12:53:33.194 [info] > git config --get commit.template [32ms]
2023-09-25 12:53:33.196 [info] > git for-each-ref --format=%(refname)%00%(upstream:short)%00%(objectname)%00%(upstream:track)%00%(upstream:remotename)%00%(upstream:remoteref) refs/heads/master refs/remotes/master [4ms]
2023-09-25 12:53:33.309 [info] > git status -z -uall [88ms]
2023-09-25 12:53:46.415 [info] > git config --get commit.template [5ms]
2023-09-25 12:53:46.441 [info] > git for-each-ref --format=%(refname)%00%(upstream:short)%00%(objectname)%00%(upstream:track)%00%(upstream:remotename)%00%(upstream:remoteref) refs/heads/master refs/remotes/master [2ms]
2023-09-25 12:53:46.614 [info] > git status -z -uall [150ms]
2023-09-25 12:53:51.890 [info] > git config --get commit.template [1ms]
2023-09-25 12:53:51.905 [info] > git for-each-ref --format=%(refname)%00%(upstream:short)%00%(objectname)%00%(upstream:track)%00%(upstream:remotename)%00%(upstream:remoteref) refs/heads/master refs/remotes/master [1ms]
2023-09-25 12:53:52.024 [info] > git status -z -uall [97ms]
2023-09-25 12:59:44.395 [info] > git check-ignore -v -z --stdin [10ms]
2023-09-25 12:59:45.849 [info] > git check-ignore -v -z --stdin [10ms]
2023-09-25 12:59:48.329 [info] > git check-ignore -v -z --stdin [5ms]
2023-09-25 12:59:49.351 [info] > git config --get commit.template [43ms]
2023-09-25 12:59:49.352 [info] > git for-each-ref --format=%(refname)%00%(upstream:short)%00%(objectname)%00%(upstream:track)%00%(upstream:remotename)%00%(upstream:remoteref) refs/heads/master refs/remotes/master [4ms]
2023-09-25 12:59:49.569 [info] > git status -z -uall [184ms]
2023-09-25 12:59:54.789 [info] > git check-ignore -v -z --stdin [7ms]
2023-09-25 12:59:55.075 [info] > git config --get commit.template [20ms]
2023-09-25 12:59:55.076 [info] > git for-each-ref --format=%(refname)%00%(upstream:short)%00%(objectname)%00%(upstream:track)%00%(upstream:remotename)%00%(upstream:remoteref) refs/heads/master refs/remotes/master [5ms]
2023-09-25 12:59:55.199 [info] > git status -z -uall [94ms]
2023-09-25 13:00:00.524 [info] > git config --get commit.template [1ms]
2023-09-25 13:00:00.578 [info] > git for-each-ref --format=%(refname)%00%(upstream:short)%00%(objectname)%00%(upstream:track)%00%(upstream:remotename)%00%(upstream:remoteref) refs/heads/master refs/remotes/master [20ms]
2023-09-25 13:00:00.750 [info] > git status -z -uall [133ms]
2023-09-25 13:00:04.612 [info] > git check-ignore -v -z --stdin [30ms]
2023-09-25 13:00:08.743 [info] > git config --get commit.template [40ms]
2023-09-25 13:00:08.744 [info] > git for-each-ref --format=%(refname)%00%(upstream:short)%00%(objectname)%00%(upstream:track)%00%(upstream:remotename)%00%(upstream:remoteref) refs/heads/master refs/remotes/master [1ms]
2023-09-25 13:00:08.839 [info] > git status -z -uall [79ms]
2023-09-25 13:00:16.834 [info] > git config --get commit.template [3ms]
2023-09-25 13:00:16.861 [info] > git for-each-ref --format=%(refname)%00%(upstream:short)%00%(objectname)%00%(upstream:track)%00%(upstream:remotename)%00%(upstream:remoteref) refs/heads/master refs/remotes/master [1ms]
2023-09-25 13:00:16.955 [info] > git status -z -uall [75ms]
2023-09-25 13:00:23.831 [info] > git config --get commit.template [3ms]
2023-09-25 13:00:23.868 [info] > git for-each-ref --format=%(refname)%00%(upstream:short)%00%(objectname)%00%(upstream:track)%00%(upstream:remotename)%00%(upstream:remoteref) refs/heads/master refs/remotes/master [2ms]
2023-09-25 13:00:23.964 [info] > git status -z -uall [85ms]
2023-09-25 13:00:30.832 [info] > git config --get commit.template [4ms]
2023-09-25 13:00:30.857 [info] > git for-each-ref --format=%(refname)%00%(upstream:short)%00%(objectname)%00%(upstream:track)%00%(upstream:remotename)%00%(upstream:remoteref) refs/heads/master refs/remotes/master [2ms]
2023-09-25 13:00:30.980 [info] > git status -z -uall [87ms]
2023-09-25 13:00:38.060 [info] > git config --get commit.template [2ms]
2023-09-25 13:00:38.087 [info] > git for-each-ref --format=%(refname)%00%(upstream:short)%00%(objectname)%00%(upstream:track)%00%(upstream:remotename)%00%(upstream:remoteref) refs/heads/master refs/remotes/master [4ms]
2023-09-25 13:00:38.196 [info] > git status -z -uall [83ms]
2023-09-25 13:00:46.257 [info] > git check-ignore -v -z --stdin [14ms]
2023-09-25 13:00:52.225 [info] > git config --get commit.template [6ms]
2023-09-25 13:00:52.250 [info] > git for-each-ref --format=%(refname)%00%(upstream:short)%00%(objectname)%00%(upstream:track)%00%(upstream:remotename)%00%(upstream:remoteref) refs/heads/master refs/remotes/master [2ms]
2023-09-25 13:00:52.444 [info] > git status -z -uall [159ms]
2023-09-25 13:01:00.473 [info] > git config --get commit.template [2ms]
2023-09-25 13:01:00.502 [info] > git for-each-ref --format=%(refname)%00%(upstream:short)%00%(objectname)%00%(upstream:track)%00%(upstream:remotename)%00%(upstream:remoteref) refs/heads/master refs/remotes/master [1ms]
2023-09-25 13:01:00.621 [info] > git status -z -uall [91ms]
2023-09-25 13:01:07.988 [info] > git config --get commit.template [30ms]
2023-09-25 13:01:07.990 [info] > git for-each-ref --format=%(refname)%00%(upstream:short)%00%(objectname)%00%(upstream:track)%00%(upstream:remotename)%00%(upstream:remoteref) refs/heads/master refs/remotes/master [4ms]
2023-09-25 13:01:08.130 [info] > git status -z -uall [115ms]
2023-09-25 13:01:18.095 [info] > git config --get commit.template [3ms]
2023-09-25 13:01:18.136 [info] > git for-each-ref --format=%(refname)%00%(upstream:short)%00%(objectname)%00%(upstream:track)%00%(upstream:remotename)%00%(upstream:remoteref) refs/heads/master refs/remotes/master [6ms]
2023-09-25 13:01:18.336 [info] > git status -z -uall [158ms]
2023-09-25 13:01:30.248 [info] > git config --get commit.template [3ms]
2023-09-25 13:01:30.279 [info] > git for-each-ref --format=%(refname)%00%(upstream:short)%00%(objectname)%00%(upstream:track)%00%(upstream:remotename)%00%(upstream:remoteref) refs/heads/master refs/remotes/master [1ms]
2023-09-25 13:01:30.392 [info] > git status -z -uall [90ms]
2023-09-25 13:01:37.609 [info] > git config --get commit.template [33ms]
2023-09-25 13:01:37.619 [info] > git for-each-ref --format=%(refname)%00%(upstream:short)%00%(objectname)%00%(upstream:track)%00%(upstream:remotename)%00%(upstream:remoteref) refs/heads/master refs/remotes/master [20ms]
2023-09-25 13:01:37.807 [info] > git show --textconv :turtlebot3_fake/include/turtlebot3_fake/turtlebot3_fake.h [28ms]
2023-09-25 13:01:37.811 [info] > git ls-files --stage -- /home/jinsu_park/catkin_ws/src/turtlebot3_simulations/turtlebot3_fake/include/turtlebot3_fake/turtlebot3_fake.h [8ms]
2023-09-25 13:01:37.836 [info] > git status -z -uall [190ms]
2023-09-25 13:01:37.837 [info] > git cat-file -s 815f981e551045c5778187f92fd0ea486927d20b [5ms]
2023-09-25 13:01:45.145 [info] > git config --get commit.template [22ms]
2023-09-25 13:01:45.146 [info] > git for-each-ref --format=%(refname)%00%(upstream:short)%00%(objectname)%00%(upstream:track)%00%(upstream:remotename)%00%(upstream:remoteref) refs/heads/master refs/remotes/master [2ms]
2023-09-25 13:01:45.256 [info] > git status -z -uall [88ms]
2023-09-25 13:01:51.390 [info] > git config --get commit.template [2ms]
2023-09-25 13:01:51.421 [info] > git for-each-ref --format=%(refname)%00%(upstream:short)%00%(objectname)%00%(upstream:track)%00%(upstream:remotename)%00%(upstream:remoteref) refs/heads/master refs/remotes/master [1ms]
2023-09-25 13:01:51.532 [info] > git status -z -uall [85ms]
2023-09-25 13:01:57.726 [info] > git config --get commit.template [1ms]
2023-09-25 13:01:57.750 [info] > git for-each-ref --format=%(refname)%00%(upstream:short)%00%(objectname)%00%(upstream:track)%00%(upstream:remotename)%00%(upstream:remoteref) refs/heads/master refs/remotes/master [2ms]
2023-09-25 13:01:57.853 [info] > git status -z -uall [84ms]
2023-09-25 13:02:03.965 [info] > git config --get commit.template [4ms]
2023-09-25 13:02:03.994 [info] > git for-each-ref --format=%(refname)%00%(upstream:short)%00%(objectname)%00%(upstream:track)%00%(upstream:remotename)%00%(upstream:remoteref) refs/heads/master refs/remotes/master [5ms]
2023-09-25 13:02:04.096 [info] > git status -z -uall [76ms]
2023-09-25 13:02:10.199 [info] > git check-ignore -v -z --stdin [9ms]
2023-09-25 13:02:10.854 [info] > git config --get commit.template [3ms]
2023-09-25 13:02:10.886 [info] > git for-each-ref --format=%(refname)%00%(upstream:short)%00%(objectname)%00%(upstream:track)%00%(upstream:remotename)%00%(upstream:remoteref) refs/heads/master refs/remotes/master [4ms]
2023-09-25 13:02:11.022 [info] > git status -z -uall [104ms]
2023-09-25 13:02:25.821 [info] > git config --get commit.template [41ms]
2023-09-25 13:02:25.823 [info] > git for-each-ref --format=%(refname)%00%(upstream:short)%00%(objectname)%00%(upstream:track)%00%(upstream:remotename)%00%(upstream:remoteref) refs/heads/master refs/remotes/master [3ms]
2023-09-25 13:02:25.990 [info] > git status -z -uall [132ms]
2023-09-25 13:02:32.742 [info] > git config --get commit.template [63ms]
2023-09-25 13:02:32.744 [info] > git for-each-ref --format=%(refname)%00%(upstream:short)%00%(objectname)%00%(upstream:track)%00%(upstream:remotename)%00%(upstream:remoteref) refs/heads/master refs/remotes/master [5ms]
2023-09-25 13:02:33.020 [info] > git status -z -uall [242ms]
2023-09-25 13:02:41.426 [info] > git config --get commit.template [37ms]
2023-09-25 13:02:41.427 [info] > git for-each-ref --format=%(refname)%00%(upstream:short)%00%(objectname)%00%(upstream:track)%00%(upstream:remotename)%00%(upstream:remoteref) refs/heads/master refs/remotes/master [3ms]
2023-09-25 13:02:41.575 [info] > git status -z -uall [100ms]
2023-09-25 13:02:47.856 [info] > git ls-files --stage -- /home/jinsu_park/catkin_ws/src/turtlebot3_simulations/turtlebot3_fake/include/turtlebot3_fake/turtlebot3_fake.h [3ms]
2023-09-25 13:02:47.894 [info] > git cat-file -s 815f981e551045c5778187f92fd0ea486927d20b [6ms]
2023-09-25 13:02:47.953 [info] > git show --textconv :turtlebot3_fake/include/turtlebot3_fake/turtlebot3_fake.h [3ms]
2023-09-25 13:02:49.752 [info] > git config --get commit.template [3ms]
2023-09-25 13:02:49.769 [info] No remotes found in the git config file.
2023-09-25 13:02:49.771 [info] > git for-each-ref --format=%(refname)%00%(upstream:short)%00%(objectname)%00%(upstream:track)%00%(upstream:remotename)%00%(upstream:remoteref) refs/heads/master refs/remotes/master [2ms]
2023-09-25 13:02:49.912 [info] > git status -z -uall [105ms]
2023-09-25 13:02:57.094 [info] > git config --get commit.template [27ms]
2023-09-25 13:02:57.095 [info] No remotes found in the git config file.
2023-09-25 13:02:57.098 [info] > git for-each-ref --format=%(refname)%00%(upstream:short)%00%(objectname)%00%(upstream:track)%00%(upstream:remotename)%00%(upstream:remoteref) refs/heads/master refs/remotes/master [6ms]
2023-09-25 13:02:57.199 [info] > git status -z -uall [75ms]
2023-09-25 13:03:03.963 [info] > git config --get commit.template [4ms]
2023-09-25 13:03:03.993 [info] No remotes found in the git config file.
2023-09-25 13:03:03.995 [info] > git for-each-ref --format=%(refname)%00%(upstream:short)%00%(objectname)%00%(upstream:track)%00%(upstream:remotename)%00%(upstream:remoteref) refs/heads/master refs/remotes/master [2ms]
2023-09-25 13:03:04.102 [info] > git status -z -uall [73ms]
2023-09-25 13:03:10.270 [info] No remotes found in the git config file.
2023-09-25 13:03:10.271 [info] > git config --get commit.template [34ms]
2023-09-25 13:03:10.272 [info] > git for-each-ref --format=%(refname)%00%(upstream:short)%00%(objectname)%00%(upstream:track)%00%(upstream:remotename)%00%(upstream:remoteref) refs/heads/master refs/remotes/master [3ms]
2023-09-25 13:03:10.371 [info] > git status -z -uall [73ms]
2023-09-25 13:03:17.821 [info] > git config --get commit.template [2ms]
2023-09-25 13:03:17.854 [info] No remotes found in the git config file.
2023-09-25 13:03:17.856 [info] > git for-each-ref --format=%(refname)%00%(upstream:short)%00%(objectname)%00%(upstream:track)%00%(upstream:remotename)%00%(upstream:remoteref) refs/heads/master refs/remotes/master [2ms]
2023-09-25 13:03:17.989 [info] > git status -z -uall [106ms]
2023-09-25 13:03:28.757 [info] > git config --get commit.template [2ms]
2023-09-25 13:03:28.758 [info] No remotes found in the git config file.
2023-09-25 13:03:28.834 [info] > git for-each-ref --format=%(refname)%00%(upstream:short)%00%(objectname)%00%(upstream:track)%00%(upstream:remotename)%00%(upstream:remoteref) refs/heads/master refs/remotes/master [4ms]
2023-09-25 13:03:29.002 [info] > git status -z -uall [135ms]
2023-09-25 13:03:34.295 [info] > git config --get commit.template [6ms]
2023-09-25 13:03:34.323 [info] No remotes found in the git config file.
2023-09-25 13:03:34.324 [info] > git for-each-ref --format=%(refname)%00%(upstream:short)%00%(objectname)%00%(upstream:track)%00%(upstream:remotename)%00%(upstream:remoteref) refs/heads/master refs/remotes/master [1ms]
2023-09-25 13:03:34.435 [info] > git status -z -uall [87ms]
2023-09-25 13:03:49.885 [info] No remotes found in the git config file.
2023-09-25 13:03:49.886 [info] > git config --get commit.template [24ms]
2023-09-25 13:03:49.888 [info] > git for-each-ref --format=%(refname)%00%(upstream:short)%00%(objectname)%00%(upstream:track)%00%(upstream:remotename)%00%(upstream:remoteref) refs/heads/master refs/remotes/master [4ms]
2023-09-25 13:03:49.967 [info] > git status -z -uall [60ms]
2023-09-25 13:03:55.249 [info] No remotes found in the git config file.
2023-09-25 13:03:55.252 [info] > git config --get commit.template [46ms]
2023-09-25 13:03:55.253 [info] > git for-each-ref --format=%(refname)%00%(upstream:short)%00%(objectname)%00%(upstream:track)%00%(upstream:remotename)%00%(upstream:remoteref) refs/heads/master refs/remotes/master [6ms]
2023-09-25 13:03:55.463 [info] > git status -z -uall [151ms]
2023-09-25 13:04:00.759 [info] > git config --get commit.template [21ms]
2023-09-25 13:04:00.760 [info] No remotes found in the git config file.
2023-09-25 13:04:00.760 [info] > git for-each-ref --format=%(refname)%00%(upstream:short)%00%(objectname)%00%(upstream:track)%00%(upstream:remotename)%00%(upstream:remoteref) refs/heads/master refs/remotes/master [2ms]
2023-09-25 13:04:00.868 [info] > git status -z -uall [87ms]
2023-09-25 13:04:06.051 [info] No remotes found in the git config file.
2023-09-25 13:04:06.052 [info] > git config --get commit.template [17ms]
2023-09-25 13:04:06.052 [info] > git for-each-ref --format=%(refname)%00%(upstream:short)%00%(objectname)%00%(upstream:track)%00%(upstream:remotename)%00%(upstream:remoteref) refs/heads/master refs/remotes/master [1ms]
2023-09-25 13:04:06.107 [info] > git status -z -uall [42ms]
2023-09-25 13:16:40.601 [info] No remotes found in the git config file.
2023-09-25 13:16:40.602 [info] > git for-each-ref --format=%(refname)%00%(upstream:short)%00%(objectname)%00%(upstream:track)%00%(upstream:remotename)%00%(upstream:remoteref) refs/heads/master refs/remotes/master [3ms]
2023-09-25 13:16:40.603 [info] > git config --get commit.template [23ms]
2023-09-25 13:16:40.707 [info] > git status -z -uall [86ms]
2023-09-25 13:16:45.942 [info] No remotes found in the git config file.
2023-09-25 13:16:45.943 [info] > git config --get commit.template [20ms]
2023-09-25 13:16:45.944 [info] > git for-each-ref --format=%(refname)%00%(upstream:short)%00%(objectname)%00%(upstream:track)%00%(upstream:remotename)%00%(upstream:remoteref) refs/heads/master refs/remotes/master [3ms]
2023-09-25 13:16:46.071 [info] > git status -z -uall [110ms]
2023-09-25 13:16:52.069 [info] > git config --get commit.template [3ms]
2023-09-25 13:16:52.088 [info] No remotes found in the git config file.
2023-09-25 13:16:52.089 [info] > git for-each-ref --format=%(refname)%00%(upstream:short)%00%(objectname)%00%(upstream:track)%00%(upstream:remotename)%00%(upstream:remoteref) refs/heads/master refs/remotes/master [1ms]
2023-09-25 13:16:52.196 [info] > git status -z -uall [92ms]
2023-09-25 13:16:58.564 [info] > git config --get commit.template [14ms]
2023-09-25 13:16:58.564 [info] No remotes found in the git config file.
2023-09-25 13:16:58.564 [info] > git for-each-ref --format=%(refname)%00%(upstream:short)%00%(objectname)%00%(upstream:track)%00%(upstream:remotename)%00%(upstream:remoteref) refs/heads/master refs/remotes/master [1ms]
2023-09-25 13:16:58.642 [info] > git status -z -uall [61ms]
2023-09-25 13:17:06.067 [info] > git config --get commit.template [4ms]
2023-09-25 13:17:06.101 [info] No remotes found in the git config file.
2023-09-25 13:17:06.108 [info] > git for-each-ref --format=%(refname)%00%(upstream:short)%00%(objectname)%00%(upstream:track)%00%(upstream:remotename)%00%(upstream:remoteref) refs/heads/master refs/remotes/master [9ms]
2023-09-25 13:17:06.257 [info] > git status -z -uall [92ms]
2023-09-25 13:17:11.531 [info] No remotes found in the git config file.
2023-09-25 13:17:11.532 [info] > git config --get commit.template [66ms]
2023-09-25 13:17:11.533 [info] > git for-each-ref --format=%(refname)%00%(upstream:short)%00%(objectname)%00%(upstream:track)%00%(upstream:remotename)%00%(upstream:remoteref) refs/heads/master refs/remotes/master [3ms]
2023-09-25 13:17:11.706 [info] > git status -z -uall [148ms]
2023-09-25 13:17:17.073 [info] > git config --get commit.template [3ms]
2023-09-25 13:17:17.090 [info] No remotes found in the git config file.
2023-09-25 13:17:17.091 [info] > git for-each-ref --format=%(refname)%00%(upstream:short)%00%(objectname)%00%(upstream:track)%00%(upstream:remotename)%00%(upstream:remoteref) refs/heads/master refs/remotes/master [2ms]
2023-09-25 13:17:17.194 [info] > git status -z -uall [80ms]
2023-09-25 13:17:22.537 [info] No remotes found in the git config file.
2023-09-25 13:17:22.540 [info] > git config --get commit.template [59ms]
2023-09-25 13:17:22.541 [info] > git for-each-ref --format=%(refname)%00%(upstream:short)%00%(objectname)%00%(upstream:track)%00%(upstream:remotename)%00%(upstream:remoteref) refs/heads/master refs/remotes/master [5ms]
2023-09-25 13:17:22.812 [info] > git status -z -uall [222ms]
2023-09-25 13:17:28.174 [info] No remotes found in the git config file.
2023-09-25 13:17:28.176 [info] > git config --get commit.template [45ms]
2023-09-25 13:17:28.177 [info] > git for-each-ref --format=%(refname)%00%(upstream:short)%00%(objectname)%00%(upstream:track)%00%(upstream:remotename)%00%(upstream:remoteref) refs/heads/master refs/remotes/master [5ms]
2023-09-25 13:17:28.447 [info] > git status -z -uall [234ms]
2023-09-25 13:17:33.398 [info] > git check-ignore -v -z --stdin [21ms]
2023-09-25 13:17:33.664 [info] No remotes found in the git config file.
2023-09-25 13:17:33.665 [info] > git config --get commit.template [27ms]
2023-09-25 13:17:33.666 [info] > git for-each-ref --format=%(refname)%00%(upstream:short)%00%(objectname)%00%(upstream:track)%00%(upstream:remotename)%00%(upstream:remoteref) refs/heads/master refs/remotes/master [3ms]
2023-09-25 13:17:33.773 [info] > git status -z -uall [86ms]
2023-09-25 13:17:39.043 [info] No remotes found in the git config file.
2023-09-25 13:17:39.045 [info] > git config --get commit.template [52ms]
2023-09-25 13:17:39.047 [info] > git for-each-ref --format=%(refname)%00%(upstream:short)%00%(objectname)%00%(upstream:track)%00%(upstream:remotename)%00%(upstream:remoteref) refs/heads/master refs/remotes/master [6ms]
2023-09-25 13:17:39.238 [info] > git status -z -uall [143ms]
2023-09-25 13:17:44.540 [info] No remotes found in the git config file.
2023-09-25 13:17:44.543 [info] > git config --get commit.template [51ms]
2023-09-25 13:17:44.544 [info] > git for-each-ref --format=%(refname)%00%(upstream:short)%00%(objectname)%00%(upstream:track)%00%(upstream:remotename)%00%(upstream:remoteref) refs/heads/master refs/remotes/master [5ms]
2023-09-25 13:17:44.739 [info] > git status -z -uall [164ms]
2023-09-25 13:17:49.973 [info] No remotes found in the git config file.
2023-09-25 13:17:49.975 [info] > git config --get commit.template [38ms]
2023-09-25 13:17:49.976 [info] > git for-each-ref --format=%(refname)%00%(upstream:short)%00%(objectname)%00%(upstream:track)%00%(upstream:remotename)%00%(upstream:remoteref) refs/heads/master refs/remotes/master [4ms]
2023-09-25 13:17:50.175 [info] > git status -z -uall [158ms]
2023-09-25 13:17:55.446 [info] No remotes found in the git config file.
2023-09-25 13:17:55.448 [info] > git config --get commit.template [46ms]
2023-09-25 13:17:55.449 [info] > git for-each-ref --format=%(refname)%00%(upstream:short)%00%(objectname)%00%(upstream:track)%00%(upstream:remotename)%00%(upstream:remoteref) refs/heads/master refs/remotes/master [4ms]
2023-09-25 13:17:55.633 [info] > git status -z -uall [143ms]
2023-09-25 13:18:00.926 [info] > git config --get commit.template [2ms]
2023-09-25 13:18:00.946 [info] No remotes found in the git config file.
2023-09-25 13:18:00.948 [info] > git for-each-ref --format=%(refname)%00%(upstream:short)%00%(objectname)%00%(upstream:track)%00%(upstream:remotename)%00%(upstream:remoteref) refs/heads/master refs/remotes/master [3ms]
2023-09-25 13:18:01.084 [info] > git status -z -uall [117ms]
2023-09-25 13:18:02.960 [info] > git check-ignore -v -z --stdin [19ms]
2023-09-25 13:18:06.351 [info] > git config --get commit.template [43ms]
2023-09-25 13:18:06.351 [info] No remotes found in the git config file.
2023-09-25 13:18:06.353 [info] > git for-each-ref --format=%(refname)%00%(upstream:short)%00%(objectname)%00%(upstream:track)%00%(upstream:remotename)%00%(upstream:remoteref) refs/heads/master refs/remotes/master [5ms]
2023-09-25 13:18:06.553 [info] > git status -z -uall [147ms]
2023-09-25 13:18:11.907 [info] No remotes found in the git config file.
2023-09-25 13:18:11.908 [info] > git config --get commit.template [56ms]
2023-09-25 13:18:11.910 [info] > git for-each-ref --format=%(refname)%00%(upstream:short)%00%(objectname)%00%(upstream:track)%00%(upstream:remotename)%00%(upstream:remoteref) refs/heads/master refs/remotes/master [4ms]
2023-09-25 13:18:12.126 [info] > git status -z -uall [174ms]
2023-09-25 13:18:17.385 [info] No remotes found in the git config file.
2023-09-25 13:18:17.388 [info] > git config --get commit.template [43ms]
2023-09-25 13:18:17.389 [info] > git for-each-ref --format=%(refname)%00%(upstream:short)%00%(objectname)%00%(upstream:track)%00%(upstream:remotename)%00%(upstream:remoteref) refs/heads/master refs/remotes/master [6ms]
2023-09-25 13:18:17.588 [info] > git status -z -uall [162ms]
2023-09-25 13:18:22.863 [info] > git config --get commit.template [41ms]
2023-09-25 13:18:22.864 [info] No remotes found in the git config file.
2023-09-25 13:18:22.866 [info] > git for-each-ref --format=%(refname)%00%(upstream:short)%00%(objectname)%00%(upstream:track)%00%(upstream:remotename)%00%(upstream:remoteref) refs/heads/master refs/remotes/master [5ms]
2023-09-25 13:18:23.052 [info] > git status -z -uall [128ms]
2023-09-25 13:18:28.389 [info] No remotes found in the git config file.
2023-09-25 13:18:28.391 [info] > git config --get commit.template [50ms]
2023-09-25 13:18:28.393 [info] > git for-each-ref --format=%(refname)%00%(upstream:short)%00%(objectname)%00%(upstream:track)%00%(upstream:remotename)%00%(upstream:remoteref) refs/heads/master refs/remotes/master [5ms]
2023-09-25 13:18:28.604 [info] > git status -z -uall [155ms]
2023-09-25 13:18:33.233 [info] > git check-ignore -v -z --stdin [10ms]
2023-09-25 13:18:33.891 [info] No remotes found in the git config file.
2023-09-25 13:18:33.896 [info] > git config --get commit.template [45ms]
2023-09-25 13:18:33.899 [info] > git for-each-ref --format=%(refname)%00%(upstream:short)%00%(objectname)%00%(upstream:track)%00%(upstream:remotename)%00%(upstream:remoteref) refs/heads/master refs/remotes/master [10ms]
2023-09-25 13:18:34.114 [info] > git status -z -uall [157ms]
2023-09-25 13:18:36.525 [info] > git check-ignore -v -z --stdin [6ms]
2023-09-25 13:18:36.692 [info] > git show --textconv :catkin_ws/src/turtlebot_path_tracker/include/path_tracker/turtlebot_path_tracker.h [31ms]
2023-09-25 13:18:36.696 [info] > git ls-files --stage -- /home/jinsu_park/catkin_ws/src/turtlebot_path_tracker/include/path_tracker/turtlebot_path_tracker.h [7ms]
2023-09-25 13:18:39.383 [info] No remotes found in the git config file.
2023-09-25 13:18:39.385 [info] > git config --get commit.template [24ms]
2023-09-25 13:18:39.385 [info] > git for-each-ref --format=%(refname)%00%(upstream:short)%00%(objectname)%00%(upstream:track)%00%(upstream:remotename)%00%(upstream:remoteref) refs/heads/master refs/remotes/master [2ms]
2023-09-25 13:18:39.498 [info] > git status -z -uall [89ms]
2023-09-25 13:18:44.746 [info] > git config --get commit.template [3ms]
2023-09-25 13:18:44.765 [info] No remotes found in the git config file.
2023-09-25 13:18:44.766 [info] > git for-each-ref --format=%(refname)%00%(upstream:short)%00%(objectname)%00%(upstream:track)%00%(upstream:remotename)%00%(upstream:remoteref) refs/heads/master refs/remotes/master [2ms]
2023-09-25 13:18:44.834 [info] > git status -z -uall [53ms]
2023-09-25 13:18:50.091 [info] > git config --get commit.template [41ms]
2023-09-25 13:18:50.092 [info] No remotes found in the git config file.
2023-09-25 13:18:50.094 [info] > git for-each-ref --format=%(refname)%00%(upstream:short)%00%(objectname)%00%(upstream:track)%00%(upstream:remotename)%00%(upstream:remoteref) refs/heads/master refs/remotes/master [4ms]
2023-09-25 13:18:50.341 [info] > git status -z -uall [216ms]
2023-09-25 13:18:55.711 [info] No remotes found in the git config file.
2023-09-25 13:18:55.712 [info] > git config --get commit.template [27ms]
2023-09-25 13:18:55.713 [info] > git for-each-ref --format=%(refname)%00%(upstream:short)%00%(objectname)%00%(upstream:track)%00%(upstream:remotename)%00%(upstream:remoteref) refs/heads/master refs/remotes/master [2ms]
2023-09-25 13:18:55.791 [info] > git status -z -uall [59ms]
2023-09-25 13:19:01.088 [info] No remotes found in the git config file.
2023-09-25 13:19:01.092 [info] > git config --get commit.template [52ms]
2023-09-25 13:19:01.093 [info] > git for-each-ref --format=%(refname)%00%(upstream:short)%00%(objectname)%00%(upstream:track)%00%(upstream:remotename)%00%(upstream:remoteref) refs/heads/master refs/remotes/master [5ms]
2023-09-25 13:19:01.316 [info] > git status -z -uall [179ms]
2023-09-25 13:19:06.719 [info] > git config --get commit.template [18ms]
2023-09-25 13:19:06.719 [info] No remotes found in the git config file.
2023-09-25 13:19:06.720 [info] > git for-each-ref --format=%(refname)%00%(upstream:short)%00%(objectname)%00%(upstream:track)%00%(upstream:remotename)%00%(upstream:remoteref) refs/heads/master refs/remotes/master [3ms]
2023-09-25 13:19:06.851 [info] > git status -z -uall [113ms]
2023-09-25 13:19:12.112 [info] > git config --get commit.template [1ms]
2023-09-25 13:19:12.122 [info] No remotes found in the git config file.
2023-09-25 13:19:12.123 [info] > git for-each-ref --format=%(refname)%00%(upstream:short)%00%(objectname)%00%(upstream:track)%00%(upstream:remotename)%00%(upstream:remoteref) refs/heads/master refs/remotes/master [1ms]
2023-09-25 13:19:12.192 [info] > git status -z -uall [58ms]
2023-09-25 13:19:14.588 [info] > git show --textconv :turtlebot3_fake/include/turtlebot3_fake/turtlebot3_fake.h [14ms]
2023-09-25 13:19:14.589 [info] > git ls-files --stage -- /home/jinsu_park/catkin_ws/src/turtlebot3_simulations/turtlebot3_fake/include/turtlebot3_fake/turtlebot3_fake.h [2ms]
2023-09-25 13:19:14.605 [info] > git cat-file -s 815f981e551045c5778187f92fd0ea486927d20b [2ms]
2023-09-25 13:19:17.092 [info] > git check-ignore -v -z --stdin [6ms]
2023-09-25 13:19:17.420 [info] > git config --get commit.template [19ms]
2023-09-25 13:19:17.484 [info] No remotes found in the git config file.
2023-09-25 13:19:17.486 [info] > git for-each-ref --format=%(refname)%00%(upstream:short)%00%(objectname)%00%(upstream:track)%00%(upstream:remotename)%00%(upstream:remoteref) refs/heads/master refs/remotes/master [2ms]
2023-09-25 13:19:17.563 [info] > git status -z -uall [56ms]
2023-09-25 13:19:20.208 [info] > git show --textconv :turtlebot3_fake/launch/turtlebot3_fake.launch [30ms]
2023-09-25 13:19:20.211 [info] > git ls-files --stage -- /home/jinsu_park/catkin_ws/src/turtlebot3_simulations/turtlebot3_fake/launch/turtlebot3_fake.launch [5ms]
2023-09-25 13:19:20.242 [info] > git cat-file -s 4b66f3433a0a33022d0b7e1235676192132d0d5a [2ms]
2023-09-25 13:19:21.404 [info] > git check-ignore -v -z --stdin [2ms]
2023-09-25 13:19:21.656 [info] > git show --textconv :turtlebot3_fake/rviz/turtlebot3_fake.rviz [14ms]
2023-09-25 13:19:21.658 [info] > git ls-files --stage -- /home/jinsu_park/catkin_ws/src/turtlebot3_simulations/turtlebot3_fake/rviz/turtlebot3_fake.rviz [2ms]
2023-09-25 13:19:21.673 [info] > git cat-file -s 0b8c7a331dfca210aee67916d43ad8bedce09971 [2ms]
2023-09-25 13:19:22.479 [info] > git show --textconv :turtlebot3_fake/msg/WheelMsg.msg [41ms]
2023-09-25 13:19:22.485 [info] > git ls-files --stage -- /home/jinsu_park/catkin_ws/src/turtlebot3_simulations/turtlebot3_fake/msg/WheelMsg.msg [7ms]
2023-09-25 13:19:22.544 [info] > git cat-file -s 261db449326f9f1df712f44035d7759102f2a2a4 [15ms]
2023-09-25 13:19:22.834 [info] No remotes found in the git config file.
2023-09-25 13:19:22.837 [info] > git config --get commit.template [64ms]
2023-09-25 13:19:22.839 [info] > git for-each-ref --format=%(refname)%00%(upstream:short)%00%(objectname)%00%(upstream:track)%00%(upstream:remotename)%00%(upstream:remoteref) refs/heads/master refs/remotes/master [6ms]
2023-09-25 13:19:23.028 [info] > git status -z -uall [146ms]
2023-09-25 13:19:28.337 [info] > git config --get commit.template [22ms]
2023-09-25 13:19:28.338 [info] No remotes found in the git config file.
2023-09-25 13:19:28.338 [info] > git for-each-ref --format=%(refname)%00%(upstream:short)%00%(objectname)%00%(upstream:track)%00%(upstream:remotename)%00%(upstream:remoteref) refs/heads/master refs/remotes/master [2ms]
2023-09-25 13:19:28.468 [info] > git status -z -uall [110ms]
2023-09-25 13:19:33.673 [info] > git config --get commit.template [2ms]
2023-09-25 13:19:33.700 [info] No remotes found in the git config file.
2023-09-25 13:19:33.701 [info] > git for-each-ref --format=%(refname)%00%(upstream:short)%00%(objectname)%00%(upstream:track)%00%(upstream:remotename)%00%(upstream:remoteref) refs/heads/master refs/remotes/master [2ms]
2023-09-25 13:19:33.833 [info] > git status -z -uall [110ms]
2023-09-25 13:19:39.053 [info] No remotes found in the git config file.
2023-09-25 13:19:39.056 [info] > git config --get commit.template [39ms]
2023-09-25 13:19:39.057 [info] > git for-each-ref --format=%(refname)%00%(upstream:short)%00%(objectname)%00%(upstream:track)%00%(upstream:remotename)%00%(upstream:remoteref) refs/heads/master refs/remotes/master [3ms]
2023-09-25 13:19:39.229 [info] > git status -z -uall [136ms]
2023-09-25 13:20:32.716 [info] > git config --get commit.template [1ms]
2023-09-25 13:20:32.726 [info] No remotes found in the git config file.
2023-09-25 13:20:32.728 [info] > git for-each-ref --format=%(refname)%00%(upstream:short)%00%(objectname)%00%(upstream:track)%00%(upstream:remotename)%00%(upstream:remoteref) refs/heads/master refs/remotes/master [2ms]
2023-09-25 13:20:32.825 [info] > git status -z -uall [87ms]
2023-09-25 13:20:38.222 [info] No remotes found in the git config file.
2023-09-25 13:20:38.225 [info] > git config --get commit.template [51ms]
2023-09-25 13:20:38.228 [info] > git for-each-ref --format=%(refname)%00%(upstream:short)%00%(objectname)%00%(upstream:track)%00%(upstream:remotename)%00%(upstream:remoteref) refs/heads/master refs/remotes/master [7ms]
2023-09-25 13:20:38.382 [info] > git status -z -uall [116ms]
2023-09-25 13:20:43.589 [info] > git config --get commit.template [4ms]
2023-09-25 13:20:43.626 [info] No remotes found in the git config file.
2023-09-25 13:20:43.629 [info] > git for-each-ref --format=%(refname)%00%(upstream:short)%00%(objectname)%00%(upstream:track)%00%(upstream:remotename)%00%(upstream:remoteref) refs/heads/master refs/remotes/master [3ms]
2023-09-25 13:20:43.748 [info] > git status -z -uall [84ms]
2023-09-25 13:20:49.046 [info] No remotes found in the git config file.
2023-09-25 13:20:49.050 [info] > git config --get commit.template [78ms]
2023-09-25 13:20:49.051 [info] > git for-each-ref --format=%(refname)%00%(upstream:short)%00%(objectname)%00%(upstream:track)%00%(upstream:remotename)%00%(upstream:remoteref) refs/heads/master refs/remotes/master [7ms]
2023-09-25 13:20:49.168 [info] > git status -z -uall [87ms]
2023-09-25 13:20:54.494 [info] > git config --get commit.template [5ms]
2023-09-25 13:20:54.538 [info] No remotes found in the git config file.
2023-09-25 13:20:54.541 [info] > git for-each-ref --format=%(refname)%00%(upstream:short)%00%(objectname)%00%(upstream:track)%00%(upstream:remotename)%00%(upstream:remoteref) refs/heads/master refs/remotes/master [4ms]
2023-09-25 13:20:54.631 [info] > git status -z -uall [68ms]
2023-09-25 13:20:59.830 [info] No remotes found in the git config file.
2023-09-25 13:20:59.831 [info] > git config --get commit.template [18ms]
2023-09-25 13:20:59.832 [info] > git for-each-ref --format=%(refname)%00%(upstream:short)%00%(objectname)%00%(upstream:track)%00%(upstream:remotename)%00%(upstream:remoteref) refs/heads/master refs/remotes/master [2ms]
2023-09-25 13:20:59.915 [info] > git status -z -uall [67ms]
