2023-09-25 12:28:13.332 [info] Extension host with pid 720 started
2023-09-25 12:28:13.351 [error] Error: EEXIST: file already exists, open '/home/jinsu_park/.vscode-server/data/User/workspaceStorage/af3df743b1184086b992de086fda9df2/vscode.lock'
2023-09-25 12:28:13.373 [info] Lock '/home/jinsu_park/.vscode-server/data/User/workspaceStorage/af3df743b1184086b992de086fda9df2/vscode.lock': Could not acquire lock, checking if the file is stale.
2023-09-25 12:28:13.387 [info] Lock '/home/jinsu_park/.vscode-server/data/User/workspaceStorage/af3df743b1184086b992de086fda9df2/vscode.lock': The lockfile is scheduled to have been released.
2023-09-25 12:28:13.388 [info] Lock '/home/jinsu_park/.vscode-server/data/User/workspaceStorage/af3df743b1184086b992de086fda9df2/vscode.lock': Deleting a stale lock.
2023-09-25 12:28:13.426 [info] Lock '/home/jinsu_park/.vscode-server/data/User/workspaceStorage/af3df743b1184086b992de086fda9df2/vscode.lock': Lock acquired.
2023-09-25 12:28:13.792 [info] ExtensionService#_doActivateExtension vscode.tunnel-forwarding, startup: false, activationEvent: 'onTunnel'
2023-09-25 12:28:13.794 [info] ExtensionService#_doActivateExtension vscode.emmet, startup: false, activationEvent: 'onLanguage'
2023-09-25 12:28:13.795 [info] ExtensionService#_doActivateExtension twxs.cmake, startup: false, activationEvent: 'onLanguage:cmake'
2023-09-25 12:28:14.062 [error] No bundle location found for extension vscode.tunnel-forwarding
2023-09-25 12:28:14.338 [info] ExtensionService#_doActivateExtension vscode.git-base, startup: true, activationEvent: '*', root cause: vscode.git
2023-09-25 12:28:14.556 [info] ExtensionService#_doActivateExtension vscode.git, startup: true, activationEvent: '*'
2023-09-25 12:28:14.557 [info] ExtensionService#_doActivateExtension vscode.github, startup: true, activationEvent: '*'
2023-09-25 12:28:15.107 [info] ExtensionService#_doActivateExtension ms-vscode.cmake-tools, startup: true, activationEvent: 'workspaceContains:*/CMakeLists.txt,*/*/CMakeLists.txt,*/*/*/CMakeLists.txt'
2023-09-25 12:28:16.307 [warning] [Decorations] CAPPING events from decorations provider vscode.git 7733
2023-09-25 12:28:18.591 [warning] [Decorations] CAPPING events from decorations provider vscode.git 7733
2023-09-25 12:28:21.563 [info] Eager extensions activated
2023-09-25 12:28:21.564 [info] ExtensionService#_doActivateExtension vscode.debug-auto-launch, startup: false, activationEvent: 'onStartupFinished'
2023-09-25 12:28:21.565 [info] ExtensionService#_doActivateExtension vscode.merge-conflict, startup: false, activationEvent: 'onStartupFinished'
2023-09-25 12:28:24.594 [warning] [Decorations] CAPPING events from decorations provider vscode.git 7734
2023-09-25 12:28:30.095 [warning] [Decorations] CAPPING events from decorations provider vscode.git 7728
2023-09-25 12:28:35.320 [warning] [Decorations] CAPPING events from decorations provider vscode.git 7728
2023-09-25 12:28:40.681 [warning] [Decorations] CAPPING events from decorations provider vscode.git 7728
2023-09-25 12:28:46.230 [warning] [Decorations] CAPPING events from decorations provider vscode.git 7728
2023-09-25 12:28:51.783 [warning] [Decorations] CAPPING events from decorations provider vscode.git 7728
2023-09-25 12:28:57.049 [warning] [Decorations] CAPPING events from decorations provider vscode.git 7728
2023-09-25 12:29:02.512 [warning] [Decorations] CAPPING events from decorations provider vscode.git 7728
2023-09-25 12:29:07.891 [warning] [Decorations] CAPPING events from decorations provider vscode.git 7728
2023-09-25 12:29:13.146 [warning] [Decorations] CAPPING events from decorations provider vscode.git 7728
2023-09-25 12:29:18.570 [warning] [Decorations] CAPPING events from decorations provider vscode.git 7728
2023-09-25 12:29:24.123 [warning] [Decorations] CAPPING events from decorations provider vscode.git 7728
2023-09-25 12:29:29.604 [warning] [Decorations] CAPPING events from decorations provider vscode.git 7728
2023-09-25 12:29:34.827 [warning] [Decorations] CAPPING events from decorations provider vscode.git 7728
2023-09-25 12:29:40.289 [warning] [Decorations] CAPPING events from decorations provider vscode.git 7728
2023-09-25 12:29:45.700 [warning] [Decorations] CAPPING events from decorations provider vscode.git 7728
2023-09-25 12:30:14.529 [warning] [Decorations] CAPPING events from decorations provider vscode.git 7728
2023-09-25 12:30:19.913 [warning] [Decorations] CAPPING events from decorations provider vscode.git 7728
2023-09-25 12:30:25.488 [warning] [Decorations] CAPPING events from decorations provider vscode.git 7728
2023-09-25 12:30:32.645 [warning] [Decorations] CAPPING events from decorations provider vscode.git 7728
2023-09-25 12:30:38.188 [warning] [Decorations] CAPPING events from decorations provider vscode.git 7728
2023-09-25 12:30:43.634 [warning] [Decorations] CAPPING events from decorations provider vscode.git 7728
2023-09-25 12:30:48.872 [warning] [Decorations] CAPPING events from decorations provider vscode.git 7728
2023-09-25 12:30:55.651 [warning] [Decorations] CAPPING events from decorations provider vscode.git 7728
2023-09-25 12:31:02.817 [warning] [Decorations] CAPPING events from decorations provider vscode.git 7728
2023-09-25 12:31:08.243 [warning] [Decorations] CAPPING events from decorations provider vscode.git 7728
2023-09-25 12:31:13.743 [warning] [Decorations] CAPPING events from decorations provider vscode.git 7728
2023-09-25 12:31:19.149 [warning] [Decorations] CAPPING events from decorations provider vscode.git 7728
2023-09-25 12:31:24.391 [warning] [Decorations] CAPPING events from decorations provider vscode.git 7728
2023-09-25 12:31:29.942 [warning] [Decorations] CAPPING events from decorations provider vscode.git 7728
2023-09-25 12:31:35.390 [warning] [Decorations] CAPPING events from decorations provider vscode.git 7728
2023-09-25 12:31:40.691 [warning] [Decorations] CAPPING events from decorations provider vscode.git 7728
2023-09-25 12:32:14.582 [warning] [Decorations] CAPPING events from decorations provider vscode.git 7728
2023-09-25 12:32:19.998 [warning] [Decorations] CAPPING events from decorations provider vscode.git 7728
2023-09-25 12:32:25.260 [warning] [Decorations] CAPPING events from decorations provider vscode.git 7728
2023-09-25 12:32:30.745 [warning] [Decorations] CAPPING events from decorations provider vscode.git 7728
2023-09-25 12:32:42.597 [warning] [Decorations] CAPPING events from decorations provider vscode.git 7728
2023-09-25 12:32:48.040 [warning] [Decorations] CAPPING events from decorations provider vscode.git 7728
2023-09-25 12:32:53.650 [warning] [Decorations] CAPPING events from decorations provider vscode.git 7728
2023-09-25 12:33:02.764 [warning] [Decorations] CAPPING events from decorations provider vscode.git 7728
2023-09-25 12:33:08.143 [warning] [Decorations] CAPPING events from decorations provider vscode.git 7728
2023-09-25 12:33:13.565 [warning] [Decorations] CAPPING events from decorations provider vscode.git 7728
2023-09-25 12:33:18.800 [warning] [Decorations] CAPPING events from decorations provider vscode.git 7728
2023-09-25 12:33:24.241 [warning] [Decorations] CAPPING events from decorations provider vscode.git 7740
2023-09-25 12:33:29.711 [warning] [Decorations] CAPPING events from decorations provider vscode.git 7740
2023-09-25 12:33:37.572 [warning] [Decorations] CAPPING events from decorations provider vscode.git 7740
2023-09-25 12:33:43.151 [warning] [Decorations] CAPPING events from decorations provider vscode.git 7740
2023-09-25 12:33:48.390 [warning] [Decorations] CAPPING events from decorations provider vscode.git 7740
2023-09-25 12:33:58.888 [warning] [Decorations] CAPPING events from decorations provider vscode.git 7895
2023-09-25 12:34:04.350 [warning] [Decorations] CAPPING events from decorations provider vscode.git 7895
2023-09-25 12:34:09.750 [warning] [Decorations] CAPPING events from decorations provider vscode.git 7895
2023-09-25 12:34:15.079 [warning] [Decorations] CAPPING events from decorations provider vscode.git 7895
2023-09-25 12:34:20.309 [warning] [Decorations] CAPPING events from decorations provider vscode.git 7895
2023-09-25 12:34:25.528 [warning] [Decorations] CAPPING events from decorations provider vscode.git 7895
2023-09-25 12:34:30.767 [warning] [Decorations] CAPPING events from decorations provider vscode.git 7907
2023-09-25 12:34:36.011 [warning] [Decorations] CAPPING events from decorations provider vscode.git 7907
2023-09-25 12:34:41.443 [warning] [Decorations] CAPPING events from decorations provider vscode.git 7907
2023-09-25 12:34:46.836 [warning] [Decorations] CAPPING events from decorations provider vscode.git 7907
2023-09-25 12:34:53.009 [warning] [Decorations] CAPPING events from decorations provider vscode.git 7907
2023-09-25 12:34:58.535 [warning] [Decorations] CAPPING events from decorations provider vscode.git 7907
2023-09-25 12:35:04.063 [warning] [Decorations] CAPPING events from decorations provider vscode.git 7907
2023-09-25 12:35:09.679 [warning] [Decorations] CAPPING events from decorations provider vscode.git 7907
2023-09-25 12:35:15.102 [warning] [Decorations] CAPPING events from decorations provider vscode.git 7907
2023-09-25 12:35:27.425 [warning] [Decorations] CAPPING events from decorations provider vscode.git 7912
2023-09-25 12:38:20.049 [warning] [Decorations] CAPPING events from decorations provider vscode.git 7912
2023-09-25 12:38:25.403 [warning] [Decorations] CAPPING events from decorations provider vscode.git 7912
2023-09-25 12:39:09.900 [warning] [Decorations] CAPPING events from decorations provider vscode.git 7915
2023-09-25 12:39:15.280 [warning] [Decorations] CAPPING events from decorations provider vscode.git 7915
2023-09-25 12:39:22.530 [warning] [Decorations] CAPPING events from decorations provider vscode.git 7915
2023-09-25 12:39:49.163 [warning] [Decorations] CAPPING events from decorations provider vscode.git 7921
2023-09-25 12:39:54.671 [warning] [Decorations] CAPPING events from decorations provider vscode.git 7921
2023-09-25 12:40:03.327 [warning] [Decorations] CAPPING events from decorations provider vscode.git 7921
2023-09-25 12:40:08.676 [warning] [Decorations] CAPPING events from decorations provider vscode.git 7921
2023-09-25 12:40:14.845 [warning] [Decorations] CAPPING events from decorations provider vscode.git 7921
2023-09-25 12:40:20.355 [warning] [Decorations] CAPPING events from decorations provider vscode.git 7921
2023-09-25 12:40:25.794 [warning] [Decorations] CAPPING events from decorations provider vscode.git 7921
2023-09-25 12:40:31.202 [warning] [Decorations] CAPPING events from decorations provider vscode.git 7921
2023-09-25 12:40:42.173 [info] ExtensionService#_doActivateExtension vscode.npm, startup: false, activationEvent: 'onTerminalQuickFixRequest:ms-vscode.npm-command'
2023-09-25 12:40:42.455 [warning] [Decorations] CAPPING events from decorations provider vscode.git 7921
2023-09-25 12:40:49.679 [warning] [Decorations] CAPPING events from decorations provider vscode.git 7921
2023-09-25 12:46:46.059 [warning] [Decorations] CAPPING events from decorations provider vscode.git 7921
2023-09-25 12:46:51.310 [warning] [Decorations] CAPPING events from decorations provider vscode.git 7921
2023-09-25 12:46:56.580 [warning] [Decorations] CAPPING events from decorations provider vscode.git 7921
2023-09-25 12:47:02.064 [warning] [Decorations] CAPPING events from decorations provider vscode.git 7921
2023-09-25 12:48:31.067 [warning] [Decorations] CAPPING events from decorations provider vscode.git 7921
2023-09-25 12:48:36.720 [warning] [Decorations] CAPPING events from decorations provider vscode.git 7926
2023-09-25 12:50:28.155 [warning] [Decorations] CAPPING events from decorations provider vscode.git 7926
2023-09-25 12:50:33.456 [warning] [Decorations] CAPPING events from decorations provider vscode.git 7926
2023-09-25 12:50:39.029 [warning] [Decorations] CAPPING events from decorations provider vscode.git 7926
2023-09-25 12:52:01.829 [warning] [Decorations] CAPPING events from decorations provider vscode.git 7926
2023-09-25 12:52:07.405 [warning] [Decorations] CAPPING events from decorations provider vscode.git 7926
2023-09-25 12:52:12.624 [warning] [Decorations] CAPPING events from decorations provider vscode.git 7926
2023-09-25 12:52:18.074 [warning] [Decorations] CAPPING events from decorations provider vscode.git 7926
2023-09-25 12:52:23.520 [warning] [Decorations] CAPPING events from decorations provider vscode.git 7926
2023-09-25 12:52:29.032 [warning] [Decorations] CAPPING events from decorations provider vscode.git 7926
2023-09-25 12:52:34.289 [warning] [Decorations] CAPPING events from decorations provider vscode.git 7926
2023-09-25 12:52:40.450 [warning] [Decorations] CAPPING events from decorations provider vscode.git 7926
2023-09-25 12:52:58.713 [warning] [Decorations] CAPPING events from decorations provider vscode.git 7926
2023-09-25 12:53:04.117 [warning] [Decorations] CAPPING events from decorations provider vscode.git 7928
2023-09-25 12:53:14.187 [warning] [Decorations] CAPPING events from decorations provider vscode.git 7931
2023-09-25 12:53:19.609 [warning] [Decorations] CAPPING events from decorations provider vscode.git 7931
2023-09-25 12:53:26.949 [warning] [Decorations] CAPPING events from decorations provider vscode.git 7931
2023-09-25 12:53:33.526 [warning] [Decorations] CAPPING events from decorations provider vscode.git 7931
2023-09-25 12:53:46.835 [warning] [Decorations] CAPPING events from decorations provider vscode.git 7931
2023-09-25 12:53:52.206 [warning] [Decorations] CAPPING events from decorations provider vscode.git 7931
2023-09-25 12:59:49.976 [warning] [Decorations] CAPPING events from decorations provider vscode.git 7931
2023-09-25 12:59:55.465 [warning] [Decorations] CAPPING events from decorations provider vscode.git 7942
2023-09-25 13:00:01.006 [warning] [Decorations] CAPPING events from decorations provider vscode.git 7942
2023-09-25 13:00:09.071 [warning] [Decorations] CAPPING events from decorations provider vscode.git 7942
2023-09-25 13:00:17.170 [warning] [Decorations] CAPPING events from decorations provider vscode.git 7942
2023-09-25 13:00:24.143 [warning] [Decorations] CAPPING events from decorations provider vscode.git 7942
2023-09-25 13:00:31.199 [warning] [Decorations] CAPPING events from decorations provider vscode.git 7942
2023-09-25 13:00:38.433 [warning] [Decorations] CAPPING events from decorations provider vscode.git 7942
2023-09-25 13:00:52.832 [warning] [Decorations] CAPPING events from decorations provider vscode.git 8263
2023-09-25 13:01:00.909 [warning] [Decorations] CAPPING events from decorations provider vscode.git 8267
2023-09-25 13:01:08.397 [warning] [Decorations] CAPPING events from decorations provider vscode.git 8267
2023-09-25 13:01:18.755 [warning] [Decorations] CAPPING events from decorations provider vscode.git 8267
2023-09-25 13:01:30.665 [warning] [Decorations] CAPPING events from decorations provider vscode.git 8267
2023-09-25 13:01:38.092 [warning] [Decorations] CAPPING events from decorations provider vscode.git 8267
2023-09-25 13:01:45.460 [warning] [Decorations] CAPPING events from decorations provider vscode.git 8267
2023-09-25 13:01:51.725 [warning] [Decorations] CAPPING events from decorations provider vscode.git 8267
2023-09-25 13:01:58.036 [warning] [Decorations] CAPPING events from decorations provider vscode.git 8267
2023-09-25 13:02:04.342 [warning] [Decorations] CAPPING events from decorations provider vscode.git 8267
2023-09-25 13:02:11.298 [warning] [Decorations] CAPPING events from decorations provider vscode.git 8267
2023-09-25 13:02:26.301 [warning] [Decorations] CAPPING events from decorations provider vscode.git 8267
2023-09-25 13:02:33.425 [warning] [Decorations] CAPPING events from decorations provider vscode.git 8267
2023-09-25 13:02:41.813 [warning] [Decorations] CAPPING events from decorations provider vscode.git 8267
2023-09-25 13:02:50.162 [warning] [Decorations] CAPPING events from decorations provider vscode.git 8267
2023-09-25 13:02:57.413 [warning] [Decorations] CAPPING events from decorations provider vscode.git 8267
2023-09-25 13:03:04.308 [warning] [Decorations] CAPPING events from decorations provider vscode.git 8267
2023-09-25 13:03:10.580 [warning] [Decorations] CAPPING events from decorations provider vscode.git 8267
2023-09-25 13:03:18.184 [warning] [Decorations] CAPPING events from decorations provider vscode.git 8267
2023-09-25 13:03:29.220 [warning] [Decorations] CAPPING events from decorations provider vscode.git 8267
2023-09-25 13:03:34.668 [warning] [Decorations] CAPPING events from decorations provider vscode.git 8267
2023-09-25 13:03:50.131 [warning] [Decorations] CAPPING events from decorations provider vscode.git 8272
2023-09-25 13:03:55.688 [warning] [Decorations] CAPPING events from decorations provider vscode.git 8272
2023-09-25 13:04:00.993 [warning] [Decorations] CAPPING events from decorations provider vscode.git 8272
2023-09-25 13:04:06.218 [warning] [Decorations] CAPPING events from decorations provider vscode.git 8272
2023-09-25 13:16:40.872 [warning] [Decorations] CAPPING events from decorations provider vscode.git 8272
2023-09-25 13:16:46.282 [warning] [Decorations] CAPPING events from decorations provider vscode.git 8272
2023-09-25 13:16:52.398 [warning] [Decorations] CAPPING events from decorations provider vscode.git 8272
2023-09-25 13:16:58.775 [warning] [Decorations] CAPPING events from decorations provider vscode.git 8272
2023-09-25 13:17:06.397 [warning] [Decorations] CAPPING events from decorations provider vscode.git 8272
2023-09-25 13:17:11.985 [warning] [Decorations] CAPPING events from decorations provider vscode.git 8272
2023-09-25 13:17:17.391 [warning] [Decorations] CAPPING events from decorations provider vscode.git 8272
2023-09-25 13:17:23.059 [warning] [Decorations] CAPPING events from decorations provider vscode.git 8272
2023-09-25 13:17:28.586 [warning] [Decorations] CAPPING events from decorations provider vscode.git 8272
2023-09-25 13:17:33.927 [warning] [Decorations] CAPPING events from decorations provider vscode.git 8272
2023-09-25 13:17:39.436 [warning] [Decorations] CAPPING events from decorations provider vscode.git 8272
2023-09-25 13:17:44.866 [warning] [Decorations] CAPPING events from decorations provider vscode.git 8272
2023-09-25 13:17:50.313 [warning] [Decorations] CAPPING events from decorations provider vscode.git 8272
2023-09-25 13:17:55.852 [warning] [Decorations] CAPPING events from decorations provider vscode.git 8272
2023-09-25 13:18:01.218 [warning] [Decorations] CAPPING events from decorations provider vscode.git 8272
2023-09-25 13:18:06.780 [warning] [Decorations] CAPPING events from decorations provider vscode.git 8272
2023-09-25 13:18:12.287 [warning] [Decorations] CAPPING events from decorations provider vscode.git 8272
2023-09-25 13:18:17.743 [warning] [Decorations] CAPPING events from decorations provider vscode.git 8272
2023-09-25 13:18:23.261 [warning] [Decorations] CAPPING events from decorations provider vscode.git 8272
2023-09-25 13:18:28.770 [warning] [Decorations] CAPPING events from decorations provider vscode.git 8272
2023-09-25 13:18:34.284 [warning] [Decorations] CAPPING events from decorations provider vscode.git 8272
2023-09-25 13:18:39.691 [warning] [Decorations] CAPPING events from decorations provider vscode.git 8272
2023-09-25 13:18:44.967 [warning] [Decorations] CAPPING events from decorations provider vscode.git 8272
2023-09-25 13:18:50.603 [warning] [Decorations] CAPPING events from decorations provider vscode.git 8274
2023-09-25 13:18:55.950 [warning] [Decorations] CAPPING events from decorations provider vscode.git 8274
2023-09-25 13:19:01.618 [warning] [Decorations] CAPPING events from decorations provider vscode.git 8274
2023-09-25 13:19:07.076 [warning] [Decorations] CAPPING events from decorations provider vscode.git 8274
2023-09-25 13:19:12.329 [warning] [Decorations] CAPPING events from decorations provider vscode.git 8274
2023-09-25 13:19:17.702 [warning] [Decorations] CAPPING events from decorations provider vscode.git 8274
2023-09-25 13:19:23.257 [warning] [Decorations] CAPPING events from decorations provider vscode.git 8274
2023-09-25 13:19:28.609 [warning] [Decorations] CAPPING events from decorations provider vscode.git 8274
2023-09-25 13:19:33.964 [warning] [Decorations] CAPPING events from decorations provider vscode.git 8274
2023-09-25 13:19:39.360 [warning] [Decorations] CAPPING events from decorations provider vscode.git 8274
2023-09-25 13:20:33.081 [warning] [Decorations] CAPPING events from decorations provider vscode.git 8274
2023-09-25 13:20:38.511 [warning] [Decorations] CAPPING events from decorations provider vscode.git 8274
2023-09-25 13:20:43.877 [warning] [Decorations] CAPPING events from decorations provider vscode.git 8274
2023-09-25 13:20:49.403 [warning] [Decorations] CAPPING events from decorations provider vscode.git 8274
2023-09-25 13:20:54.768 [warning] [Decorations] CAPPING events from decorations provider vscode.git 8274
2023-09-25 13:21:00.110 [warning] [Decorations] CAPPING events from decorations provider vscode.git 8274
2023-09-25 13:21:02.525 [info] Extension host terminating: received terminate message from renderer
2023-09-25 13:21:02.527 [info] Lock '/home/jinsu_park/.vscode-server/data/User/workspaceStorage/af3df743b1184086b992de086fda9df2/vscode.lock': Marking the lockfile as scheduled to be released in 6000 ms.
2023-09-25 13:21:02.569 [error] Canceled: Canceled
	at Object.I [as $4] (/home/jinsu_park/.vscode-server/bin/abd2f3db4bdb28f9e95536dfa84d8479f1eb312d/out/vs/workbench/api/node/extensionHostProcess.js:10:1032)
	at /home/jinsu_park/.vscode-server/bin/abd2f3db4bdb28f9e95536dfa84d8479f1eb312d/out/vs/workbench/api/node/extensionHostProcess.js:117:7647
	at Array.forEach (<anonymous>)
	at i.dispose (/home/jinsu_park/.vscode-server/bin/abd2f3db4bdb28f9e95536dfa84d8479f1eb312d/out/vs/workbench/api/node/extensionHostProcess.js:117:7612)
	at n.terminate (/home/jinsu_park/.vscode-server/bin/abd2f3db4bdb28f9e95536dfa84d8479f1eb312d/out/vs/workbench/api/node/extensionHostProcess.js:119:7821)
	at o.terminate (/home/jinsu_park/.vscode-server/bin/abd2f3db4bdb28f9e95536dfa84d8479f1eb312d/out/vs/workbench/api/node/extensionHostProcess.js:123:1513)
	at D (/home/jinsu_park/.vscode-server/bin/abd2f3db4bdb28f9e95536dfa84d8479f1eb312d/out/vs/workbench/api/node/extensionHostProcess.js:136:9800)
	at n.value (/home/jinsu_park/.vscode-server/bin/abd2f3db4bdb28f9e95536dfa84d8479f1eb312d/out/vs/workbench/api/node/extensionHostProcess.js:136:7847)
	at m.w (/home/jinsu_park/.vscode-server/bin/abd2f3db4bdb28f9e95536dfa84d8479f1eb312d/out/vs/workbench/api/node/extensionHostProcess.js:63:1902)
	at m.fire (/home/jinsu_park/.vscode-server/bin/abd2f3db4bdb28f9e95536dfa84d8479f1eb312d/out/vs/workbench/api/node/extensionHostProcess.js:63:2119)
	at v.fire (/home/jinsu_park/.vscode-server/bin/abd2f3db4bdb28f9e95536dfa84d8479f1eb312d/out/vs/workbench/api/node/extensionHostProcess.js:79:13940)
	at s.z (/home/jinsu_park/.vscode-server/bin/abd2f3db4bdb28f9e95536dfa84d8479f1eb312d/out/vs/workbench/api/node/extensionHostProcess.js:79:17005)
	at n.value (/home/jinsu_park/.vscode-server/bin/abd2f3db4bdb28f9e95536dfa84d8479f1eb312d/out/vs/workbench/api/node/extensionHostProcess.js:79:16410)
	at m.w (/home/jinsu_park/.vscode-server/bin/abd2f3db4bdb28f9e95536dfa84d8479f1eb312d/out/vs/workbench/api/node/extensionHostProcess.js:63:1902)
	at m.fire (/home/jinsu_park/.vscode-server/bin/abd2f3db4bdb28f9e95536dfa84d8479f1eb312d/out/vs/workbench/api/node/extensionHostProcess.js:63:2119)
	at n.acceptChunk (/home/jinsu_park/.vscode-server/bin/abd2f3db4bdb28f9e95536dfa84d8479f1eb312d/out/vs/workbench/api/node/extensionHostProcess.js:79:11714)
	at n.value (/home/jinsu_park/.vscode-server/bin/abd2f3db4bdb28f9e95536dfa84d8479f1eb312d/out/vs/workbench/api/node/extensionHostProcess.js:79:11001)
	at m.w (/home/jinsu_park/.vscode-server/bin/abd2f3db4bdb28f9e95536dfa84d8479f1eb312d/out/vs/workbench/api/node/extensionHostProcess.js:63:1902)
	at m.fire (/home/jinsu_park/.vscode-server/bin/abd2f3db4bdb28f9e95536dfa84d8479f1eb312d/out/vs/workbench/api/node/extensionHostProcess.js:63:2119)
	at m.u (/home/jinsu_park/.vscode-server/bin/abd2f3db4bdb28f9e95536dfa84d8479f1eb312d/out/vs/workbench/api/node/extensionHostProcess.js:133:19093)
	at m.acceptFrame (/home/jinsu_park/.vscode-server/bin/abd2f3db4bdb28f9e95536dfa84d8479f1eb312d/out/vs/workbench/api/node/extensionHostProcess.js:133:18899)
	at a.l (/home/jinsu_park/.vscode-server/bin/abd2f3db4bdb28f9e95536dfa84d8479f1eb312d/out/vs/workbench/api/node/extensionHostProcess.js:133:17532)
	at /home/jinsu_park/.vscode-server/bin/abd2f3db4bdb28f9e95536dfa84d8479f1eb312d/out/vs/workbench/api/node/extensionHostProcess.js:133:14879
	at Socket.p (/home/jinsu_park/.vscode-server/bin/abd2f3db4bdb28f9e95536dfa84d8479f1eb312d/out/vs/workbench/api/node/extensionHostProcess.js:133:12793)
	at Socket.emit (node:events:513:28)
	at addChunk (node:internal/streams/readable:324:12)
	at readableAddChunk (node:internal/streams/readable:297:9)
	at Readable.push (node:internal/streams/readable:234:10)
	at TCP.onStreamRead (node:internal/stream_base_commons:190:23) setContext undefined
2023-09-25 13:21:02.570 [error] Canceled: Canceled
	at Object.I [as $4] (/home/jinsu_park/.vscode-server/bin/abd2f3db4bdb28f9e95536dfa84d8479f1eb312d/out/vs/workbench/api/node/extensionHostProcess.js:10:1032)
	at /home/jinsu_park/.vscode-server/bin/abd2f3db4bdb28f9e95536dfa84d8479f1eb312d/out/vs/workbench/api/node/extensionHostProcess.js:117:7647
	at Array.forEach (<anonymous>)
	at i.dispose (/home/jinsu_park/.vscode-server/bin/abd2f3db4bdb28f9e95536dfa84d8479f1eb312d/out/vs/workbench/api/node/extensionHostProcess.js:117:7612)
	at n.terminate (/home/jinsu_park/.vscode-server/bin/abd2f3db4bdb28f9e95536dfa84d8479f1eb312d/out/vs/workbench/api/node/extensionHostProcess.js:119:7821)
	at o.terminate (/home/jinsu_park/.vscode-server/bin/abd2f3db4bdb28f9e95536dfa84d8479f1eb312d/out/vs/workbench/api/node/extensionHostProcess.js:123:1513)
	at D (/home/jinsu_park/.vscode-server/bin/abd2f3db4bdb28f9e95536dfa84d8479f1eb312d/out/vs/workbench/api/node/extensionHostProcess.js:136:9800)
	at n.value (/home/jinsu_park/.vscode-server/bin/abd2f3db4bdb28f9e95536dfa84d8479f1eb312d/out/vs/workbench/api/node/extensionHostProcess.js:136:7847)
	at m.w (/home/jinsu_park/.vscode-server/bin/abd2f3db4bdb28f9e95536dfa84d8479f1eb312d/out/vs/workbench/api/node/extensionHostProcess.js:63:1902)
	at m.fire (/home/jinsu_park/.vscode-server/bin/abd2f3db4bdb28f9e95536dfa84d8479f1eb312d/out/vs/workbench/api/node/extensionHostProcess.js:63:2119)
	at v.fire (/home/jinsu_park/.vscode-server/bin/abd2f3db4bdb28f9e95536dfa84d8479f1eb312d/out/vs/workbench/api/node/extensionHostProcess.js:79:13940)
	at s.z (/home/jinsu_park/.vscode-server/bin/abd2f3db4bdb28f9e95536dfa84d8479f1eb312d/out/vs/workbench/api/node/extensionHostProcess.js:79:17005)
	at n.value (/home/jinsu_park/.vscode-server/bin/abd2f3db4bdb28f9e95536dfa84d8479f1eb312d/out/vs/workbench/api/node/extensionHostProcess.js:79:16410)
	at m.w (/home/jinsu_park/.vscode-server/bin/abd2f3db4bdb28f9e95536dfa84d8479f1eb312d/out/vs/workbench/api/node/extensionHostProcess.js:63:1902)
	at m.fire (/home/jinsu_park/.vscode-server/bin/abd2f3db4bdb28f9e95536dfa84d8479f1eb312d/out/vs/workbench/api/node/extensionHostProcess.js:63:2119)
	at n.acceptChunk (/home/jinsu_park/.vscode-server/bin/abd2f3db4bdb28f9e95536dfa84d8479f1eb312d/out/vs/workbench/api/node/extensionHostProcess.js:79:11714)
	at n.value (/home/jinsu_park/.vscode-server/bin/abd2f3db4bdb28f9e95536dfa84d8479f1eb312d/out/vs/workbench/api/node/extensionHostProcess.js:79:11001)
	at m.w (/home/jinsu_park/.vscode-server/bin/abd2f3db4bdb28f9e95536dfa84d8479f1eb312d/out/vs/workbench/api/node/extensionHostProcess.js:63:1902)
	at m.fire (/home/jinsu_park/.vscode-server/bin/abd2f3db4bdb28f9e95536dfa84d8479f1eb312d/out/vs/workbench/api/node/extensionHostProcess.js:63:2119)
	at m.u (/home/jinsu_park/.vscode-server/bin/abd2f3db4bdb28f9e95536dfa84d8479f1eb312d/out/vs/workbench/api/node/extensionHostProcess.js:133:19093)
	at m.acceptFrame (/home/jinsu_park/.vscode-server/bin/abd2f3db4bdb28f9e95536dfa84d8479f1eb312d/out/vs/workbench/api/node/extensionHostProcess.js:133:18899)
	at a.l (/home/jinsu_park/.vscode-server/bin/abd2f3db4bdb28f9e95536dfa84d8479f1eb312d/out/vs/workbench/api/node/extensionHostProcess.js:133:17532)
	at /home/jinsu_park/.vscode-server/bin/abd2f3db4bdb28f9e95536dfa84d8479f1eb312d/out/vs/workbench/api/node/extensionHostProcess.js:133:14879
	at Socket.p (/home/jinsu_park/.vscode-server/bin/abd2f3db4bdb28f9e95536dfa84d8479f1eb312d/out/vs/workbench/api/node/extensionHostProcess.js:133:12793)
	at Socket.emit (node:events:513:28)
	at addChunk (node:internal/streams/readable:324:12)
	at readableAddChunk (node:internal/streams/readable:297:9)
	at Readable.push (node:internal/streams/readable:234:10)
	at TCP.onStreamRead (node:internal/stream_base_commons:190:23) setContext undefined
2023-09-25 13:21:02.570 [error] Canceled: Canceled
	at Object.I [as $4] (/home/jinsu_park/.vscode-server/bin/abd2f3db4bdb28f9e95536dfa84d8479f1eb312d/out/vs/workbench/api/node/extensionHostProcess.js:10:1032)
	at /home/jinsu_park/.vscode-server/bin/abd2f3db4bdb28f9e95536dfa84d8479f1eb312d/out/vs/workbench/api/node/extensionHostProcess.js:117:7647
	at Array.forEach (<anonymous>)
	at i.dispose (/home/jinsu_park/.vscode-server/bin/abd2f3db4bdb28f9e95536dfa84d8479f1eb312d/out/vs/workbench/api/node/extensionHostProcess.js:117:7612)
	at n.terminate (/home/jinsu_park/.vscode-server/bin/abd2f3db4bdb28f9e95536dfa84d8479f1eb312d/out/vs/workbench/api/node/extensionHostProcess.js:119:7821)
	at o.terminate (/home/jinsu_park/.vscode-server/bin/abd2f3db4bdb28f9e95536dfa84d8479f1eb312d/out/vs/workbench/api/node/extensionHostProcess.js:123:1513)
	at D (/home/jinsu_park/.vscode-server/bin/abd2f3db4bdb28f9e95536dfa84d8479f1eb312d/out/vs/workbench/api/node/extensionHostProcess.js:136:9800)
	at n.value (/home/jinsu_park/.vscode-server/bin/abd2f3db4bdb28f9e95536dfa84d8479f1eb312d/out/vs/workbench/api/node/extensionHostProcess.js:136:7847)
	at m.w (/home/jinsu_park/.vscode-server/bin/abd2f3db4bdb28f9e95536dfa84d8479f1eb312d/out/vs/workbench/api/node/extensionHostProcess.js:63:1902)
	at m.fire (/home/jinsu_park/.vscode-server/bin/abd2f3db4bdb28f9e95536dfa84d8479f1eb312d/out/vs/workbench/api/node/extensionHostProcess.js:63:2119)
	at v.fire (/home/jinsu_park/.vscode-server/bin/abd2f3db4bdb28f9e95536dfa84d8479f1eb312d/out/vs/workbench/api/node/extensionHostProcess.js:79:13940)
	at s.z (/home/jinsu_park/.vscode-server/bin/abd2f3db4bdb28f9e95536dfa84d8479f1eb312d/out/vs/workbench/api/node/extensionHostProcess.js:79:17005)
	at n.value (/home/jinsu_park/.vscode-server/bin/abd2f3db4bdb28f9e95536dfa84d8479f1eb312d/out/vs/workbench/api/node/extensionHostProcess.js:79:16410)
	at m.w (/home/jinsu_park/.vscode-server/bin/abd2f3db4bdb28f9e95536dfa84d8479f1eb312d/out/vs/workbench/api/node/extensionHostProcess.js:63:1902)
	at m.fire (/home/jinsu_park/.vscode-server/bin/abd2f3db4bdb28f9e95536dfa84d8479f1eb312d/out/vs/workbench/api/node/extensionHostProcess.js:63:2119)
	at n.acceptChunk (/home/jinsu_park/.vscode-server/bin/abd2f3db4bdb28f9e95536dfa84d8479f1eb312d/out/vs/workbench/api/node/extensionHostProcess.js:79:11714)
	at n.value (/home/jinsu_park/.vscode-server/bin/abd2f3db4bdb28f9e95536dfa84d8479f1eb312d/out/vs/workbench/api/node/extensionHostProcess.js:79:11001)
	at m.w (/home/jinsu_park/.vscode-server/bin/abd2f3db4bdb28f9e95536dfa84d8479f1eb312d/out/vs/workbench/api/node/extensionHostProcess.js:63:1902)
	at m.fire (/home/jinsu_park/.vscode-server/bin/abd2f3db4bdb28f9e95536dfa84d8479f1eb312d/out/vs/workbench/api/node/extensionHostProcess.js:63:2119)
	at m.u (/home/jinsu_park/.vscode-server/bin/abd2f3db4bdb28f9e95536dfa84d8479f1eb312d/out/vs/workbench/api/node/extensionHostProcess.js:133:19093)
	at m.acceptFrame (/home/jinsu_park/.vscode-server/bin/abd2f3db4bdb28f9e95536dfa84d8479f1eb312d/out/vs/workbench/api/node/extensionHostProcess.js:133:18899)
	at a.l (/home/jinsu_park/.vscode-server/bin/abd2f3db4bdb28f9e95536dfa84d8479f1eb312d/out/vs/workbench/api/node/extensionHostProcess.js:133:17532)
	at /home/jinsu_park/.vscode-server/bin/abd2f3db4bdb28f9e95536dfa84d8479f1eb312d/out/vs/workbench/api/node/extensionHostProcess.js:133:14879
	at Socket.p (/home/jinsu_park/.vscode-server/bin/abd2f3db4bdb28f9e95536dfa84d8479f1eb312d/out/vs/workbench/api/node/extensionHostProcess.js:133:12793)
	at Socket.emit (node:events:513:28)
	at addChunk (node:internal/streams/readable:324:12)
	at readableAddChunk (node:internal/streams/readable:297:9)
	at Readable.push (node:internal/streams/readable:234:10)
	at TCP.onStreamRead (node:internal/stream_base_commons:190:23) setContext undefined
2023-09-25 13:21:02.571 [error] Canceled: Canceled
	at new h (/home/jinsu_park/.vscode-server/bin/abd2f3db4bdb28f9e95536dfa84d8479f1eb312d/out/vs/workbench/api/node/extensionHostProcess.js:108:57382)
	at i.O (/home/jinsu_park/.vscode-server/bin/abd2f3db4bdb28f9e95536dfa84d8479f1eb312d/out/vs/workbench/api/node/extensionHostProcess.js:117:10850)
	at j.<computed>.T.charCodeAt.j.<computed> (/home/jinsu_park/.vscode-server/bin/abd2f3db4bdb28f9e95536dfa84d8479f1eb312d/out/vs/workbench/api/node/extensionHostProcess.js:117:8289)
	at r.g (/home/jinsu_park/.vscode-server/bin/abd2f3db4bdb28f9e95536dfa84d8479f1eb312d/out/vs/workbench/api/node/extensionHostProcess.js:108:82208)
	at r.executeCommand (/home/jinsu_park/.vscode-server/bin/abd2f3db4bdb28f9e95536dfa84d8479f1eb312d/out/vs/workbench/api/node/extensionHostProcess.js:108:81646)
	at u.registerCommand.description (/home/jinsu_park/.vscode-server/bin/abd2f3db4bdb28f9e95536dfa84d8479f1eb312d/out/vs/workbench/api/node/extensionHostProcess.js:108:80967)
	at r.h (/home/jinsu_park/.vscode-server/bin/abd2f3db4bdb28f9e95536dfa84d8479f1eb312d/out/vs/workbench/api/node/extensionHostProcess.js:108:82744)
	at r.g (/home/jinsu_park/.vscode-server/bin/abd2f3db4bdb28f9e95536dfa84d8479f1eb312d/out/vs/workbench/api/node/extensionHostProcess.js:108:81739)
	at r.executeCommand (/home/jinsu_park/.vscode-server/bin/abd2f3db4bdb28f9e95536dfa84d8479f1eb312d/out/vs/workbench/api/node/extensionHostProcess.js:108:81646)
	at Object.executeCommand (/home/jinsu_park/.vscode-server/bin/abd2f3db4bdb28f9e95536dfa84d8479f1eb312d/out/vs/workbench/api/node/extensionHostProcess.js:123:21247)
	at n.D [as value] (/home/jinsu_park/.vscode-server/bin/abd2f3db4bdb28f9e95536dfa84d8479f1eb312d/extensions/git/dist/main.js:2:1309000)
	at m.w (/home/jinsu_park/.vscode-server/bin/abd2f3db4bdb28f9e95536dfa84d8479f1eb312d/out/vs/workbench/api/node/extensionHostProcess.js:63:1902)
	at m.x (/home/jinsu_park/.vscode-server/bin/abd2f3db4bdb28f9e95536dfa84d8479f1eb312d/out/vs/workbench/api/node/extensionHostProcess.js:63:1972)
	at m.fire (/home/jinsu_park/.vscode-server/bin/abd2f3db4bdb28f9e95536dfa84d8479f1eb312d/out/vs/workbench/api/node/extensionHostProcess.js:63:2188)
	at Object.m [as dispose] (/home/jinsu_park/.vscode-server/bin/abd2f3db4bdb28f9e95536dfa84d8479f1eb312d/extensions/git/dist/main.js:2:1324784)
	at /home/jinsu_park/.vscode-server/bin/abd2f3db4bdb28f9e95536dfa84d8479f1eb312d/extensions/git/dist/main.js:2:1329625
	at Array.forEach (<anonymous>)
	at g.dispose (/home/jinsu_park/.vscode-server/bin/abd2f3db4bdb28f9e95536dfa84d8479f1eb312d/extensions/git/dist/main.js:2:1329611)
	at E.<anonymous> (/home/jinsu_park/.vscode-server/bin/abd2f3db4bdb28f9e95536dfa84d8479f1eb312d/out/vs/workbench/api/node/extensionHostProcess.js:104:3484)
	at E.dispose (/home/jinsu_park/.vscode-server/bin/abd2f3db4bdb28f9e95536dfa84d8479f1eb312d/out/vs/workbench/api/node/extensionHostProcess.js:104:3581)
	at E.<anonymous> (/home/jinsu_park/.vscode-server/bin/abd2f3db4bdb28f9e95536dfa84d8479f1eb312d/extensions/git/dist/main.js:2:1311012)
	at E.dispose (/home/jinsu_park/.vscode-server/bin/abd2f3db4bdb28f9e95536dfa84d8479f1eb312d/out/vs/workbench/api/node/extensionHostProcess.js:104:3581)
	at k (/home/jinsu_park/.vscode-server/bin/abd2f3db4bdb28f9e95536dfa84d8479f1eb312d/out/vs/workbench/api/node/extensionHostProcess.js:13:11730)
	at n.Z (/home/jinsu_park/.vscode-server/bin/abd2f3db4bdb28f9e95536dfa84d8479f1eb312d/out/vs/workbench/api/node/extensionHostProcess.js:119:9652)
	at /home/jinsu_park/.vscode-server/bin/abd2f3db4bdb28f9e95536dfa84d8479f1eb312d/out/vs/workbench/api/node/extensionHostProcess.js:119:7585
	at Array.map (<anonymous>)
	at n.S (/home/jinsu_park/.vscode-server/bin/abd2f3db4bdb28f9e95536dfa84d8479f1eb312d/out/vs/workbench/api/node/extensionHostProcess.js:119:7572)
	at n.terminate (/home/jinsu_park/.vscode-server/bin/abd2f3db4bdb28f9e95536dfa84d8479f1eb312d/out/vs/workbench/api/node/extensionHostProcess.js:119:7844)
	at o.terminate (/home/jinsu_park/.vscode-server/bin/abd2f3db4bdb28f9e95536dfa84d8479f1eb312d/out/vs/workbench/api/node/extensionHostProcess.js:123:1513)
	at D (/home/jinsu_park/.vscode-server/bin/abd2f3db4bdb28f9e95536dfa84d8479f1eb312d/out/vs/workbench/api/node/extensionHostProcess.js:136:9800)
	at n.value (/home/jinsu_park/.vscode-server/bin/abd2f3db4bdb28f9e95536dfa84d8479f1eb312d/out/vs/workbench/api/node/extensionHostProcess.js:136:7847)
	at m.w (/home/jinsu_park/.vscode-server/bin/abd2f3db4bdb28f9e95536dfa84d8479f1eb312d/out/vs/workbench/api/node/extensionHostProcess.js:63:1902)
	at m.fire (/home/jinsu_park/.vscode-server/bin/abd2f3db4bdb28f9e95536dfa84d8479f1eb312d/out/vs/workbench/api/node/extensionHostProcess.js:63:2119)
	at v.fire (/home/jinsu_park/.vscode-server/bin/abd2f3db4bdb28f9e95536dfa84d8479f1eb312d/out/vs/workbench/api/node/extensionHostProcess.js:79:13940)
	at s.z (/home/jinsu_park/.vscode-server/bin/abd2f3db4bdb28f9e95536dfa84d8479f1eb312d/out/vs/workbench/api/node/extensionHostProcess.js:79:17005)
	at n.value (/home/jinsu_park/.vscode-server/bin/abd2f3db4bdb28f9e95536dfa84d8479f1eb312d/out/vs/workbench/api/node/extensionHostProcess.js:79:16410)
	at m.w (/home/jinsu_park/.vscode-server/bin/abd2f3db4bdb28f9e95536dfa84d8479f1eb312d/out/vs/workbench/api/node/extensionHostProcess.js:63:1902)
	at m.fire (/home/jinsu_park/.vscode-server/bin/abd2f3db4bdb28f9e95536dfa84d8479f1eb312d/out/vs/workbench/api/node/extensionHostProcess.js:63:2119)
	at n.acceptChunk (/home/jinsu_park/.vscode-server/bin/abd2f3db4bdb28f9e95536dfa84d8479f1eb312d/out/vs/workbench/api/node/extensionHostProcess.js:79:11714)
	at n.value (/home/jinsu_park/.vscode-server/bin/abd2f3db4bdb28f9e95536dfa84d8479f1eb312d/out/vs/workbench/api/node/extensionHostProcess.js:79:11001)
	at m.w (/home/jinsu_park/.vscode-server/bin/abd2f3db4bdb28f9e95536dfa84d8479f1eb312d/out/vs/workbench/api/node/extensionHostProcess.js:63:1902)
	at m.fire (/home/jinsu_park/.vscode-server/bin/abd2f3db4bdb28f9e95536dfa84d8479f1eb312d/out/vs/workbench/api/node/extensionHostProcess.js:63:2119)
	at m.u (/home/jinsu_park/.vscode-server/bin/abd2f3db4bdb28f9e95536dfa84d8479f1eb312d/out/vs/workbench/api/node/extensionHostProcess.js:133:19093)
	at m.acceptFrame (/home/jinsu_park/.vscode-server/bin/abd2f3db4bdb28f9e95536dfa84d8479f1eb312d/out/vs/workbench/api/node/extensionHostProcess.js:133:18899)
	at a.l (/home/jinsu_park/.vscode-server/bin/abd2f3db4bdb28f9e95536dfa84d8479f1eb312d/out/vs/workbench/api/node/extensionHostProcess.js:133:17532)
	at /home/jinsu_park/.vscode-server/bin/abd2f3db4bdb28f9e95536dfa84d8479f1eb312d/out/vs/workbench/api/node/extensionHostProcess.js:133:14879
	at Socket.p (/home/jinsu_park/.vscode-server/bin/abd2f3db4bdb28f9e95536dfa84d8479f1eb312d/out/vs/workbench/api/node/extensionHostProcess.js:133:12793)
	at Socket.emit (node:events:513:28)
	at addChunk (node:internal/streams/readable:324:12)
	at readableAddChunk (node:internal/streams/readable:297:9)
	at Readable.push (node:internal/streams/readable:234:10)
	at TCP.onStreamRead (node:internal/stream_base_commons:190:23) setContext undefined
2023-09-25 13:21:02.571 [error] Canceled: Canceled
	at new h (/home/jinsu_park/.vscode-server/bin/abd2f3db4bdb28f9e95536dfa84d8479f1eb312d/out/vs/workbench/api/node/extensionHostProcess.js:108:57382)
	at i.O (/home/jinsu_park/.vscode-server/bin/abd2f3db4bdb28f9e95536dfa84d8479f1eb312d/out/vs/workbench/api/node/extensionHostProcess.js:117:10850)
	at j.<computed>.T.charCodeAt.j.<computed> (/home/jinsu_park/.vscode-server/bin/abd2f3db4bdb28f9e95536dfa84d8479f1eb312d/out/vs/workbench/api/node/extensionHostProcess.js:117:8289)
	at r.g (/home/jinsu_park/.vscode-server/bin/abd2f3db4bdb28f9e95536dfa84d8479f1eb312d/out/vs/workbench/api/node/extensionHostProcess.js:108:82208)
	at r.executeCommand (/home/jinsu_park/.vscode-server/bin/abd2f3db4bdb28f9e95536dfa84d8479f1eb312d/out/vs/workbench/api/node/extensionHostProcess.js:108:81646)
	at u.registerCommand.description (/home/jinsu_park/.vscode-server/bin/abd2f3db4bdb28f9e95536dfa84d8479f1eb312d/out/vs/workbench/api/node/extensionHostProcess.js:108:80967)
	at r.h (/home/jinsu_park/.vscode-server/bin/abd2f3db4bdb28f9e95536dfa84d8479f1eb312d/out/vs/workbench/api/node/extensionHostProcess.js:108:82744)
	at r.g (/home/jinsu_park/.vscode-server/bin/abd2f3db4bdb28f9e95536dfa84d8479f1eb312d/out/vs/workbench/api/node/extensionHostProcess.js:108:81739)
	at r.executeCommand (/home/jinsu_park/.vscode-server/bin/abd2f3db4bdb28f9e95536dfa84d8479f1eb312d/out/vs/workbench/api/node/extensionHostProcess.js:108:81646)
	at Object.executeCommand (/home/jinsu_park/.vscode-server/bin/abd2f3db4bdb28f9e95536dfa84d8479f1eb312d/out/vs/workbench/api/node/extensionHostProcess.js:123:21247)
	at set b [as b] (/home/jinsu_park/.vscode-server/bin/abd2f3db4bdb28f9e95536dfa84d8479f1eb312d/extensions/github/dist/extension.js:2:714434)
	at /home/jinsu_park/.vscode-server/bin/abd2f3db4bdb28f9e95536dfa84d8479f1eb312d/extensions/github/dist/extension.js:2:715075
	at n.value (/home/jinsu_park/.vscode-server/bin/abd2f3db4bdb28f9e95536dfa84d8479f1eb312d/extensions/git/dist/main.js:2:1396602)
	at m.w (/home/jinsu_park/.vscode-server/bin/abd2f3db4bdb28f9e95536dfa84d8479f1eb312d/out/vs/workbench/api/node/extensionHostProcess.js:63:1902)
	at m.x (/home/jinsu_park/.vscode-server/bin/abd2f3db4bdb28f9e95536dfa84d8479f1eb312d/out/vs/workbench/api/node/extensionHostProcess.js:63:1972)
	at m.fire (/home/jinsu_park/.vscode-server/bin/abd2f3db4bdb28f9e95536dfa84d8479f1eb312d/out/vs/workbench/api/node/extensionHostProcess.js:63:2188)
	at Object.m [as dispose] (/home/jinsu_park/.vscode-server/bin/abd2f3db4bdb28f9e95536dfa84d8479f1eb312d/extensions/git/dist/main.js:2:1324784)
	at /home/jinsu_park/.vscode-server/bin/abd2f3db4bdb28f9e95536dfa84d8479f1eb312d/extensions/git/dist/main.js:2:1329625
	at Array.forEach (<anonymous>)
	at g.dispose (/home/jinsu_park/.vscode-server/bin/abd2f3db4bdb28f9e95536dfa84d8479f1eb312d/extensions/git/dist/main.js:2:1329611)
	at E.<anonymous> (/home/jinsu_park/.vscode-server/bin/abd2f3db4bdb28f9e95536dfa84d8479f1eb312d/out/vs/workbench/api/node/extensionHostProcess.js:104:3484)
	at E.dispose (/home/jinsu_park/.vscode-server/bin/abd2f3db4bdb28f9e95536dfa84d8479f1eb312d/out/vs/workbench/api/node/extensionHostProcess.js:104:3581)
	at E.<anonymous> (/home/jinsu_park/.vscode-server/bin/abd2f3db4bdb28f9e95536dfa84d8479f1eb312d/extensions/git/dist/main.js:2:1311012)
	at E.dispose (/home/jinsu_park/.vscode-server/bin/abd2f3db4bdb28f9e95536dfa84d8479f1eb312d/out/vs/workbench/api/node/extensionHostProcess.js:104:3581)
	at k (/home/jinsu_park/.vscode-server/bin/abd2f3db4bdb28f9e95536dfa84d8479f1eb312d/out/vs/workbench/api/node/extensionHostProcess.js:13:11730)
	at n.Z (/home/jinsu_park/.vscode-server/bin/abd2f3db4bdb28f9e95536dfa84d8479f1eb312d/out/vs/workbench/api/node/extensionHostProcess.js:119:9652)
	at /home/jinsu_park/.vscode-server/bin/abd2f3db4bdb28f9e95536dfa84d8479f1eb312d/out/vs/workbench/api/node/extensionHostProcess.js:119:7585
	at Array.map (<anonymous>)
	at n.S (/home/jinsu_park/.vscode-server/bin/abd2f3db4bdb28f9e95536dfa84d8479f1eb312d/out/vs/workbench/api/node/extensionHostProcess.js:119:7572)
	at n.terminate (/home/jinsu_park/.vscode-server/bin/abd2f3db4bdb28f9e95536dfa84d8479f1eb312d/out/vs/workbench/api/node/extensionHostProcess.js:119:7844)
	at o.terminate (/home/jinsu_park/.vscode-server/bin/abd2f3db4bdb28f9e95536dfa84d8479f1eb312d/out/vs/workbench/api/node/extensionHostProcess.js:123:1513)
	at D (/home/jinsu_park/.vscode-server/bin/abd2f3db4bdb28f9e95536dfa84d8479f1eb312d/out/vs/workbench/api/node/extensionHostProcess.js:136:9800)
	at n.value (/home/jinsu_park/.vscode-server/bin/abd2f3db4bdb28f9e95536dfa84d8479f1eb312d/out/vs/workbench/api/node/extensionHostProcess.js:136:7847)
	at m.w (/home/jinsu_park/.vscode-server/bin/abd2f3db4bdb28f9e95536dfa84d8479f1eb312d/out/vs/workbench/api/node/extensionHostProcess.js:63:1902)
	at m.fire (/home/jinsu_park/.vscode-server/bin/abd2f3db4bdb28f9e95536dfa84d8479f1eb312d/out/vs/workbench/api/node/extensionHostProcess.js:63:2119)
	at v.fire (/home/jinsu_park/.vscode-server/bin/abd2f3db4bdb28f9e95536dfa84d8479f1eb312d/out/vs/workbench/api/node/extensionHostProcess.js:79:13940)
	at s.z (/home/jinsu_park/.vscode-server/bin/abd2f3db4bdb28f9e95536dfa84d8479f1eb312d/out/vs/workbench/api/node/extensionHostProcess.js:79:17005)
	at n.value (/home/jinsu_park/.vscode-server/bin/abd2f3db4bdb28f9e95536dfa84d8479f1eb312d/out/vs/workbench/api/node/extensionHostProcess.js:79:16410)
	at m.w (/home/jinsu_park/.vscode-server/bin/abd2f3db4bdb28f9e95536dfa84d8479f1eb312d/out/vs/workbench/api/node/extensionHostProcess.js:63:1902)
	at m.fire (/home/jinsu_park/.vscode-server/bin/abd2f3db4bdb28f9e95536dfa84d8479f1eb312d/out/vs/workbench/api/node/extensionHostProcess.js:63:2119)
	at n.acceptChunk (/home/jinsu_park/.vscode-server/bin/abd2f3db4bdb28f9e95536dfa84d8479f1eb312d/out/vs/workbench/api/node/extensionHostProcess.js:79:11714)
	at n.value (/home/jinsu_park/.vscode-server/bin/abd2f3db4bdb28f9e95536dfa84d8479f1eb312d/out/vs/workbench/api/node/extensionHostProcess.js:79:11001)
	at m.w (/home/jinsu_park/.vscode-server/bin/abd2f3db4bdb28f9e95536dfa84d8479f1eb312d/out/vs/workbench/api/node/extensionHostProcess.js:63:1902)
	at m.fire (/home/jinsu_park/.vscode-server/bin/abd2f3db4bdb28f9e95536dfa84d8479f1eb312d/out/vs/workbench/api/node/extensionHostProcess.js:63:2119)
	at m.u (/home/jinsu_park/.vscode-server/bin/abd2f3db4bdb28f9e95536dfa84d8479f1eb312d/out/vs/workbench/api/node/extensionHostProcess.js:133:19093)
	at m.acceptFrame (/home/jinsu_park/.vscode-server/bin/abd2f3db4bdb28f9e95536dfa84d8479f1eb312d/out/vs/workbench/api/node/extensionHostProcess.js:133:18899)
	at a.l (/home/jinsu_park/.vscode-server/bin/abd2f3db4bdb28f9e95536dfa84d8479f1eb312d/out/vs/workbench/api/node/extensionHostProcess.js:133:17532)
	at /home/jinsu_park/.vscode-server/bin/abd2f3db4bdb28f9e95536dfa84d8479f1eb312d/out/vs/workbench/api/node/extensionHostProcess.js:133:14879
	at Socket.p (/home/jinsu_park/.vscode-server/bin/abd2f3db4bdb28f9e95536dfa84d8479f1eb312d/out/vs/workbench/api/node/extensionHostProcess.js:133:12793)
	at Socket.emit (node:events:513:28)
	at addChunk (node:internal/streams/readable:324:12)
	at readableAddChunk (node:internal/streams/readable:297:9)
	at Readable.push (node:internal/streams/readable:234:10)
	at TCP.onStreamRead (node:internal/stream_base_commons:190:23) setContext undefined
2023-09-25 13:21:02.572 [error] Canceled: Canceled
	at new h (/home/jinsu_park/.vscode-server/bin/abd2f3db4bdb28f9e95536dfa84d8479f1eb312d/out/vs/workbench/api/node/extensionHostProcess.js:108:57382)
	at i.O (/home/jinsu_park/.vscode-server/bin/abd2f3db4bdb28f9e95536dfa84d8479f1eb312d/out/vs/workbench/api/node/extensionHostProcess.js:117:10850)
	at j.<computed>.T.charCodeAt.j.<computed> (/home/jinsu_park/.vscode-server/bin/abd2f3db4bdb28f9e95536dfa84d8479f1eb312d/out/vs/workbench/api/node/extensionHostProcess.js:117:8289)
	at r.g (/home/jinsu_park/.vscode-server/bin/abd2f3db4bdb28f9e95536dfa84d8479f1eb312d/out/vs/workbench/api/node/extensionHostProcess.js:108:82208)
	at r.executeCommand (/home/jinsu_park/.vscode-server/bin/abd2f3db4bdb28f9e95536dfa84d8479f1eb312d/out/vs/workbench/api/node/extensionHostProcess.js:108:81646)
	at u.registerCommand.description (/home/jinsu_park/.vscode-server/bin/abd2f3db4bdb28f9e95536dfa84d8479f1eb312d/out/vs/workbench/api/node/extensionHostProcess.js:108:80967)
	at r.h (/home/jinsu_park/.vscode-server/bin/abd2f3db4bdb28f9e95536dfa84d8479f1eb312d/out/vs/workbench/api/node/extensionHostProcess.js:108:82744)
	at r.g (/home/jinsu_park/.vscode-server/bin/abd2f3db4bdb28f9e95536dfa84d8479f1eb312d/out/vs/workbench/api/node/extensionHostProcess.js:108:81739)
	at r.executeCommand (/home/jinsu_park/.vscode-server/bin/abd2f3db4bdb28f9e95536dfa84d8479f1eb312d/out/vs/workbench/api/node/extensionHostProcess.js:108:81646)
	at Object.executeCommand (/home/jinsu_park/.vscode-server/bin/abd2f3db4bdb28f9e95536dfa84d8479f1eb312d/out/vs/workbench/api/node/extensionHostProcess.js:123:21247)
	at n.D [as value] (/home/jinsu_park/.vscode-server/bin/abd2f3db4bdb28f9e95536dfa84d8479f1eb312d/extensions/git/dist/main.js:2:1309000)
	at m.w (/home/jinsu_park/.vscode-server/bin/abd2f3db4bdb28f9e95536dfa84d8479f1eb312d/out/vs/workbench/api/node/extensionHostProcess.js:63:1902)
	at m.x (/home/jinsu_park/.vscode-server/bin/abd2f3db4bdb28f9e95536dfa84d8479f1eb312d/out/vs/workbench/api/node/extensionHostProcess.js:63:1972)
	at m.fire (/home/jinsu_park/.vscode-server/bin/abd2f3db4bdb28f9e95536dfa84d8479f1eb312d/out/vs/workbench/api/node/extensionHostProcess.js:63:2188)
	at Object.m [as dispose] (/home/jinsu_park/.vscode-server/bin/abd2f3db4bdb28f9e95536dfa84d8479f1eb312d/extensions/git/dist/main.js:2:1324784)
	at /home/jinsu_park/.vscode-server/bin/abd2f3db4bdb28f9e95536dfa84d8479f1eb312d/extensions/git/dist/main.js:2:1329625
	at Array.forEach (<anonymous>)
	at g.dispose (/home/jinsu_park/.vscode-server/bin/abd2f3db4bdb28f9e95536dfa84d8479f1eb312d/extensions/git/dist/main.js:2:1329611)
	at E.<anonymous> (/home/jinsu_park/.vscode-server/bin/abd2f3db4bdb28f9e95536dfa84d8479f1eb312d/out/vs/workbench/api/node/extensionHostProcess.js:104:3484)
	at E.dispose (/home/jinsu_park/.vscode-server/bin/abd2f3db4bdb28f9e95536dfa84d8479f1eb312d/out/vs/workbench/api/node/extensionHostProcess.js:104:3581)
	at E.<anonymous> (/home/jinsu_park/.vscode-server/bin/abd2f3db4bdb28f9e95536dfa84d8479f1eb312d/extensions/git/dist/main.js:2:1311012)
	at E.dispose (/home/jinsu_park/.vscode-server/bin/abd2f3db4bdb28f9e95536dfa84d8479f1eb312d/out/vs/workbench/api/node/extensionHostProcess.js:104:3581)
	at k (/home/jinsu_park/.vscode-server/bin/abd2f3db4bdb28f9e95536dfa84d8479f1eb312d/out/vs/workbench/api/node/extensionHostProcess.js:13:11730)
	at n.Z (/home/jinsu_park/.vscode-server/bin/abd2f3db4bdb28f9e95536dfa84d8479f1eb312d/out/vs/workbench/api/node/extensionHostProcess.js:119:9652)
	at /home/jinsu_park/.vscode-server/bin/abd2f3db4bdb28f9e95536dfa84d8479f1eb312d/out/vs/workbench/api/node/extensionHostProcess.js:119:7585
	at Array.map (<anonymous>)
	at n.S (/home/jinsu_park/.vscode-server/bin/abd2f3db4bdb28f9e95536dfa84d8479f1eb312d/out/vs/workbench/api/node/extensionHostProcess.js:119:7572)
	at n.terminate (/home/jinsu_park/.vscode-server/bin/abd2f3db4bdb28f9e95536dfa84d8479f1eb312d/out/vs/workbench/api/node/extensionHostProcess.js:119:7844)
	at o.terminate (/home/jinsu_park/.vscode-server/bin/abd2f3db4bdb28f9e95536dfa84d8479f1eb312d/out/vs/workbench/api/node/extensionHostProcess.js:123:1513)
	at D (/home/jinsu_park/.vscode-server/bin/abd2f3db4bdb28f9e95536dfa84d8479f1eb312d/out/vs/workbench/api/node/extensionHostProcess.js:136:9800)
	at n.value (/home/jinsu_park/.vscode-server/bin/abd2f3db4bdb28f9e95536dfa84d8479f1eb312d/out/vs/workbench/api/node/extensionHostProcess.js:136:7847)
	at m.w (/home/jinsu_park/.vscode-server/bin/abd2f3db4bdb28f9e95536dfa84d8479f1eb312d/out/vs/workbench/api/node/extensionHostProcess.js:63:1902)
	at m.fire (/home/jinsu_park/.vscode-server/bin/abd2f3db4bdb28f9e95536dfa84d8479f1eb312d/out/vs/workbench/api/node/extensionHostProcess.js:63:2119)
	at v.fire (/home/jinsu_park/.vscode-server/bin/abd2f3db4bdb28f9e95536dfa84d8479f1eb312d/out/vs/workbench/api/node/extensionHostProcess.js:79:13940)
	at s.z (/home/jinsu_park/.vscode-server/bin/abd2f3db4bdb28f9e95536dfa84d8479f1eb312d/out/vs/workbench/api/node/extensionHostProcess.js:79:17005)
	at n.value (/home/jinsu_park/.vscode-server/bin/abd2f3db4bdb28f9e95536dfa84d8479f1eb312d/out/vs/workbench/api/node/extensionHostProcess.js:79:16410)
	at m.w (/home/jinsu_park/.vscode-server/bin/abd2f3db4bdb28f9e95536dfa84d8479f1eb312d/out/vs/workbench/api/node/extensionHostProcess.js:63:1902)
	at m.fire (/home/jinsu_park/.vscode-server/bin/abd2f3db4bdb28f9e95536dfa84d8479f1eb312d/out/vs/workbench/api/node/extensionHostProcess.js:63:2119)
	at n.acceptChunk (/home/jinsu_park/.vscode-server/bin/abd2f3db4bdb28f9e95536dfa84d8479f1eb312d/out/vs/workbench/api/node/extensionHostProcess.js:79:11714)
	at n.value (/home/jinsu_park/.vscode-server/bin/abd2f3db4bdb28f9e95536dfa84d8479f1eb312d/out/vs/workbench/api/node/extensionHostProcess.js:79:11001)
	at m.w (/home/jinsu_park/.vscode-server/bin/abd2f3db4bdb28f9e95536dfa84d8479f1eb312d/out/vs/workbench/api/node/extensionHostProcess.js:63:1902)
	at m.fire (/home/jinsu_park/.vscode-server/bin/abd2f3db4bdb28f9e95536dfa84d8479f1eb312d/out/vs/workbench/api/node/extensionHostProcess.js:63:2119)
	at m.u (/home/jinsu_park/.vscode-server/bin/abd2f3db4bdb28f9e95536dfa84d8479f1eb312d/out/vs/workbench/api/node/extensionHostProcess.js:133:19093)
	at m.acceptFrame (/home/jinsu_park/.vscode-server/bin/abd2f3db4bdb28f9e95536dfa84d8479f1eb312d/out/vs/workbench/api/node/extensionHostProcess.js:133:18899)
	at a.l (/home/jinsu_park/.vscode-server/bin/abd2f3db4bdb28f9e95536dfa84d8479f1eb312d/out/vs/workbench/api/node/extensionHostProcess.js:133:17532)
	at /home/jinsu_park/.vscode-server/bin/abd2f3db4bdb28f9e95536dfa84d8479f1eb312d/out/vs/workbench/api/node/extensionHostProcess.js:133:14879
	at Socket.p (/home/jinsu_park/.vscode-server/bin/abd2f3db4bdb28f9e95536dfa84d8479f1eb312d/out/vs/workbench/api/node/extensionHostProcess.js:133:12793)
	at Socket.emit (node:events:513:28)
	at addChunk (node:internal/streams/readable:324:12)
	at readableAddChunk (node:internal/streams/readable:297:9)
	at Readable.push (node:internal/streams/readable:234:10)
	at TCP.onStreamRead (node:internal/stream_base_commons:190:23) setContext undefined
2023-09-25 13:21:02.572 [error] Canceled: Canceled
	at new h (/home/jinsu_park/.vscode-server/bin/abd2f3db4bdb28f9e95536dfa84d8479f1eb312d/out/vs/workbench/api/node/extensionHostProcess.js:108:57382)
	at i.O (/home/jinsu_park/.vscode-server/bin/abd2f3db4bdb28f9e95536dfa84d8479f1eb312d/out/vs/workbench/api/node/extensionHostProcess.js:117:10850)
	at j.<computed>.T.charCodeAt.j.<computed> (/home/jinsu_park/.vscode-server/bin/abd2f3db4bdb28f9e95536dfa84d8479f1eb312d/out/vs/workbench/api/node/extensionHostProcess.js:117:8289)
	at r.g (/home/jinsu_park/.vscode-server/bin/abd2f3db4bdb28f9e95536dfa84d8479f1eb312d/out/vs/workbench/api/node/extensionHostProcess.js:108:82208)
	at r.executeCommand (/home/jinsu_park/.vscode-server/bin/abd2f3db4bdb28f9e95536dfa84d8479f1eb312d/out/vs/workbench/api/node/extensionHostProcess.js:108:81646)
	at u.registerCommand.description (/home/jinsu_park/.vscode-server/bin/abd2f3db4bdb28f9e95536dfa84d8479f1eb312d/out/vs/workbench/api/node/extensionHostProcess.js:108:80967)
	at r.h (/home/jinsu_park/.vscode-server/bin/abd2f3db4bdb28f9e95536dfa84d8479f1eb312d/out/vs/workbench/api/node/extensionHostProcess.js:108:82744)
	at r.g (/home/jinsu_park/.vscode-server/bin/abd2f3db4bdb28f9e95536dfa84d8479f1eb312d/out/vs/workbench/api/node/extensionHostProcess.js:108:81739)
	at r.executeCommand (/home/jinsu_park/.vscode-server/bin/abd2f3db4bdb28f9e95536dfa84d8479f1eb312d/out/vs/workbench/api/node/extensionHostProcess.js:108:81646)
	at Object.executeCommand (/home/jinsu_park/.vscode-server/bin/abd2f3db4bdb28f9e95536dfa84d8479f1eb312d/out/vs/workbench/api/node/extensionHostProcess.js:123:21247)
	at set b [as b] (/home/jinsu_park/.vscode-server/bin/abd2f3db4bdb28f9e95536dfa84d8479f1eb312d/extensions/github/dist/extension.js:2:714434)
	at /home/jinsu_park/.vscode-server/bin/abd2f3db4bdb28f9e95536dfa84d8479f1eb312d/extensions/github/dist/extension.js:2:715075
	at n.value (/home/jinsu_park/.vscode-server/bin/abd2f3db4bdb28f9e95536dfa84d8479f1eb312d/extensions/git/dist/main.js:2:1396602)
	at m.w (/home/jinsu_park/.vscode-server/bin/abd2f3db4bdb28f9e95536dfa84d8479f1eb312d/out/vs/workbench/api/node/extensionHostProcess.js:63:1902)
	at m.x (/home/jinsu_park/.vscode-server/bin/abd2f3db4bdb28f9e95536dfa84d8479f1eb312d/out/vs/workbench/api/node/extensionHostProcess.js:63:1972)
	at m.fire (/home/jinsu_park/.vscode-server/bin/abd2f3db4bdb28f9e95536dfa84d8479f1eb312d/out/vs/workbench/api/node/extensionHostProcess.js:63:2188)
	at Object.m [as dispose] (/home/jinsu_park/.vscode-server/bin/abd2f3db4bdb28f9e95536dfa84d8479f1eb312d/extensions/git/dist/main.js:2:1324784)
	at /home/jinsu_park/.vscode-server/bin/abd2f3db4bdb28f9e95536dfa84d8479f1eb312d/extensions/git/dist/main.js:2:1329625
	at Array.forEach (<anonymous>)
	at g.dispose (/home/jinsu_park/.vscode-server/bin/abd2f3db4bdb28f9e95536dfa84d8479f1eb312d/extensions/git/dist/main.js:2:1329611)
	at E.<anonymous> (/home/jinsu_park/.vscode-server/bin/abd2f3db4bdb28f9e95536dfa84d8479f1eb312d/out/vs/workbench/api/node/extensionHostProcess.js:104:3484)
	at E.dispose (/home/jinsu_park/.vscode-server/bin/abd2f3db4bdb28f9e95536dfa84d8479f1eb312d/out/vs/workbench/api/node/extensionHostProcess.js:104:3581)
	at E.<anonymous> (/home/jinsu_park/.vscode-server/bin/abd2f3db4bdb28f9e95536dfa84d8479f1eb312d/extensions/git/dist/main.js:2:1311012)
	at E.dispose (/home/jinsu_park/.vscode-server/bin/abd2f3db4bdb28f9e95536dfa84d8479f1eb312d/out/vs/workbench/api/node/extensionHostProcess.js:104:3581)
	at k (/home/jinsu_park/.vscode-server/bin/abd2f3db4bdb28f9e95536dfa84d8479f1eb312d/out/vs/workbench/api/node/extensionHostProcess.js:13:11730)
	at n.Z (/home/jinsu_park/.vscode-server/bin/abd2f3db4bdb28f9e95536dfa84d8479f1eb312d/out/vs/workbench/api/node/extensionHostProcess.js:119:9652)
	at /home/jinsu_park/.vscode-server/bin/abd2f3db4bdb28f9e95536dfa84d8479f1eb312d/out/vs/workbench/api/node/extensionHostProcess.js:119:7585
	at Array.map (<anonymous>)
	at n.S (/home/jinsu_park/.vscode-server/bin/abd2f3db4bdb28f9e95536dfa84d8479f1eb312d/out/vs/workbench/api/node/extensionHostProcess.js:119:7572)
	at n.terminate (/home/jinsu_park/.vscode-server/bin/abd2f3db4bdb28f9e95536dfa84d8479f1eb312d/out/vs/workbench/api/node/extensionHostProcess.js:119:7844)
	at o.terminate (/home/jinsu_park/.vscode-server/bin/abd2f3db4bdb28f9e95536dfa84d8479f1eb312d/out/vs/workbench/api/node/extensionHostProcess.js:123:1513)
	at D (/home/jinsu_park/.vscode-server/bin/abd2f3db4bdb28f9e95536dfa84d8479f1eb312d/out/vs/workbench/api/node/extensionHostProcess.js:136:9800)
	at n.value (/home/jinsu_park/.vscode-server/bin/abd2f3db4bdb28f9e95536dfa84d8479f1eb312d/out/vs/workbench/api/node/extensionHostProcess.js:136:7847)
	at m.w (/home/jinsu_park/.vscode-server/bin/abd2f3db4bdb28f9e95536dfa84d8479f1eb312d/out/vs/workbench/api/node/extensionHostProcess.js:63:1902)
	at m.fire (/home/jinsu_park/.vscode-server/bin/abd2f3db4bdb28f9e95536dfa84d8479f1eb312d/out/vs/workbench/api/node/extensionHostProcess.js:63:2119)
	at v.fire (/home/jinsu_park/.vscode-server/bin/abd2f3db4bdb28f9e95536dfa84d8479f1eb312d/out/vs/workbench/api/node/extensionHostProcess.js:79:13940)
	at s.z (/home/jinsu_park/.vscode-server/bin/abd2f3db4bdb28f9e95536dfa84d8479f1eb312d/out/vs/workbench/api/node/extensionHostProcess.js:79:17005)
	at n.value (/home/jinsu_park/.vscode-server/bin/abd2f3db4bdb28f9e95536dfa84d8479f1eb312d/out/vs/workbench/api/node/extensionHostProcess.js:79:16410)
	at m.w (/home/jinsu_park/.vscode-server/bin/abd2f3db4bdb28f9e95536dfa84d8479f1eb312d/out/vs/workbench/api/node/extensionHostProcess.js:63:1902)
	at m.fire (/home/jinsu_park/.vscode-server/bin/abd2f3db4bdb28f9e95536dfa84d8479f1eb312d/out/vs/workbench/api/node/extensionHostProcess.js:63:2119)
	at n.acceptChunk (/home/jinsu_park/.vscode-server/bin/abd2f3db4bdb28f9e95536dfa84d8479f1eb312d/out/vs/workbench/api/node/extensionHostProcess.js:79:11714)
	at n.value (/home/jinsu_park/.vscode-server/bin/abd2f3db4bdb28f9e95536dfa84d8479f1eb312d/out/vs/workbench/api/node/extensionHostProcess.js:79:11001)
	at m.w (/home/jinsu_park/.vscode-server/bin/abd2f3db4bdb28f9e95536dfa84d8479f1eb312d/out/vs/workbench/api/node/extensionHostProcess.js:63:1902)
	at m.fire (/home/jinsu_park/.vscode-server/bin/abd2f3db4bdb28f9e95536dfa84d8479f1eb312d/out/vs/workbench/api/node/extensionHostProcess.js:63:2119)
	at m.u (/home/jinsu_park/.vscode-server/bin/abd2f3db4bdb28f9e95536dfa84d8479f1eb312d/out/vs/workbench/api/node/extensionHostProcess.js:133:19093)
	at m.acceptFrame (/home/jinsu_park/.vscode-server/bin/abd2f3db4bdb28f9e95536dfa84d8479f1eb312d/out/vs/workbench/api/node/extensionHostProcess.js:133:18899)
	at a.l (/home/jinsu_park/.vscode-server/bin/abd2f3db4bdb28f9e95536dfa84d8479f1eb312d/out/vs/workbench/api/node/extensionHostProcess.js:133:17532)
	at /home/jinsu_park/.vscode-server/bin/abd2f3db4bdb28f9e95536dfa84d8479f1eb312d/out/vs/workbench/api/node/extensionHostProcess.js:133:14879
	at Socket.p (/home/jinsu_park/.vscode-server/bin/abd2f3db4bdb28f9e95536dfa84d8479f1eb312d/out/vs/workbench/api/node/extensionHostProcess.js:133:12793)
	at Socket.emit (node:events:513:28)
	at addChunk (node:internal/streams/readable:324:12)
	at readableAddChunk (node:internal/streams/readable:297:9)
	at Readable.push (node:internal/streams/readable:234:10)
	at TCP.onStreamRead (node:internal/stream_base_commons:190:23) setContext undefined
2023-09-25 13:21:03.641 [error] Error: Extension 'ms-vscode.cmake-tools' CANNOT use API proposal: extensionRuntime.
Its package.json#enabledApiProposals-property declares: [] but NOT extensionRuntime.
 The missing proposal MUST be added and you must start in extension development mode or use the following command line switch: --enable-proposed-api ms-vscode.cmake-tools
	at k (/home/jinsu_park/.vscode-server/bin/abd2f3db4bdb28f9e95536dfa84d8479f1eb312d/out/vs/workbench/api/node/extensionHostProcess.js:106:70089)
	at get extensionRuntime [as extensionRuntime] (/home/jinsu_park/.vscode-server/bin/abd2f3db4bdb28f9e95536dfa84d8479f1eb312d/out/vs/workbench/api/node/extensionHostProcess.js:119:12330)
	at JSON.stringify (<anonymous>)
	at RollbarController.exception (/home/jinsu_park/.vscode-server/extensions/ms-vscode.cmake-tools-1.15.31/dist/main.js:53245:60)
	at /home/jinsu_park/.vscode-server/extensions/ms-vscode.cmake-tools-1.15.31/dist/main.js:53289:38
	at process.processTicksAndRejections (node:internal/process/task_queues:95:5)
