[rosmaster.main][INFO] 2023-08-22 12:26:14,284: initialization complete, waiting for shutdown
[rosmaster.main][INFO] 2023-08-22 12:26:14,284: Starting ROS Master Node
[xmlrpc][INFO] 2023-08-22 12:26:14,285: XML-RPC server binding to 0.0.0.0:11311
[rosmaster.master][INFO] 2023-08-22 12:26:14,286: Master initialized: port[11311], uri[http://LAPTOP-CB8EFKQO:11311/]
[xmlrpc][INFO] 2023-08-22 12:26:14,285: Started XML-RPC server [http://LAPTOP-CB8EFKQO:11311/]
[xmlrpc][INFO] 2023-08-22 12:26:14,286: xml rpc node: starting XML-RPC server
[rosmaster.master][INFO] 2023-08-22 12:26:14,393: +PARAM [/run_id] by /roslaunch
[rosmaster.master][INFO] 2023-08-22 12:26:14,395: +PARAM [/roslaunch/uris/host_laptop_cb8efkqo__44709] by /roslaunch
[rosmaster.master][INFO] 2023-08-22 12:26:14,558: +PARAM [/rosversion] by /roslaunch
[rosmaster.master][INFO] 2023-08-22 12:26:14,558: +PARAM [/rosdistro] by /roslaunch
[rosmaster.master][INFO] 2023-08-22 12:26:14,607: +SERVICE [/rosout/get_loggers] /rosout http://LAPTOP-CB8EFKQO:35989/
[rosmaster.master][INFO] 2023-08-22 12:26:14,608: +SERVICE [/rosout/set_logger_level] /rosout http://LAPTOP-CB8EFKQO:35989/
[rosmaster.master][INFO] 2023-08-22 12:26:14,609: +PUB [/rosout_agg] /rosout http://LAPTOP-CB8EFKQO:35989/
[rosmaster.master][INFO] 2023-08-22 12:26:14,611: +SUB [/rosout] /rosout http://LAPTOP-CB8EFKQO:35989/
[rosmaster.master][INFO] 2023-08-22 12:26:15,077: +PUB [/rosout] /moveit_setup_assistant http://LAPTOP-CB8EFKQO:42953/
[rosmaster.master][INFO] 2023-08-22 12:26:15,078: +SERVICE [/moveit_setup_assistant/get_loggers] /moveit_setup_assistant http://LAPTOP-CB8EFKQO:42953/
[rosmaster.master][INFO] 2023-08-22 12:26:15,078: +SERVICE [/moveit_setup_assistant/set_logger_level] /moveit_setup_assistant http://LAPTOP-CB8EFKQO:42953/
[rosmaster.master][INFO] 2023-08-22 12:26:15,086: publisherUpdate[/rosout] -> http://LAPTOP-CB8EFKQO:35989/ ['http://LAPTOP-CB8EFKQO:42953/']
[rosmaster.master][INFO] 2023-08-22 12:26:15,097: publisherUpdate[/rosout] -> http://LAPTOP-CB8EFKQO:35989/ ['http://LAPTOP-CB8EFKQO:42953/']: sec=0.01, result=[1, '', 0]
[rosmaster.master][INFO] 2023-08-22 12:34:23,836: +CACHEDPARAM [/rosout_disable_topics_generation] by /moveit_setup_assistant
[rosmaster.master][INFO] 2023-08-22 12:34:23,842: +PARAM [/robot_description] by /moveit_setup_assistant
[rosmaster.master][INFO] 2023-08-22 12:34:23,844: +CACHEDPARAM [/rosout/omit_topics] by /rosout
[rosmaster.master][INFO] 2023-08-22 12:34:23,847: +PARAM [/robot_description_semantic] by /moveit_setup_assistant
[rosmaster.master][INFO] 2023-08-22 12:34:23,894: +PUB [/moveit_robot_state] /moveit_setup_assistant http://LAPTOP-CB8EFKQO:42953/
[rosmaster.master][INFO] 2023-08-22 12:34:24,457: +SUB [/tf] /moveit_setup_assistant http://LAPTOP-CB8EFKQO:42953/
[rosmaster.master][INFO] 2023-08-22 12:34:24,459: +SUB [/tf_static] /moveit_setup_assistant http://LAPTOP-CB8EFKQO:42953/
[rosmaster.master][INFO] 2023-08-22 12:34:24,523: +PUB [/initialpose] /moveit_setup_assistant http://LAPTOP-CB8EFKQO:42953/
[rosmaster.master][INFO] 2023-08-22 12:34:24,525: +PUB [/goal] /moveit_setup_assistant http://LAPTOP-CB8EFKQO:42953/
[rosmaster.master][INFO] 2023-08-22 12:34:24,994: +SUB [/display_robot_state] /moveit_setup_assistant http://LAPTOP-CB8EFKQO:42953/
[rosmaster.master][INFO] 2023-08-22 12:34:24,996: -SUB [/display_robot_state] /moveit_setup_assistant http://LAPTOP-CB8EFKQO:42953/
[rosmaster.master][INFO] 2023-08-22 12:34:25,012: +SUB [/moveit_robot_state] /moveit_setup_assistant http://LAPTOP-CB8EFKQO:42953/
[rosmaster.master][INFO] 2023-08-22 12:34:35,230: -PUB [/rosout] /moveit_setup_assistant http://LAPTOP-CB8EFKQO:42953/
[rosmaster.master][INFO] 2023-08-22 12:34:35,231: -PUB [/moveit_robot_state] /moveit_setup_assistant http://LAPTOP-CB8EFKQO:42953/
[rosmaster.master][INFO] 2023-08-22 12:34:35,232: -PUB [/initialpose] /moveit_setup_assistant http://LAPTOP-CB8EFKQO:42953/
[rosmaster.master][INFO] 2023-08-22 12:34:35,232: -PUB [/goal] /moveit_setup_assistant http://LAPTOP-CB8EFKQO:42953/
[rosmaster.master][INFO] 2023-08-22 12:34:35,233: -SUB [/tf] /moveit_setup_assistant http://LAPTOP-CB8EFKQO:42953/
[rosmaster.master][INFO] 2023-08-22 12:34:35,233: -SUB [/tf_static] /moveit_setup_assistant http://LAPTOP-CB8EFKQO:42953/
[rosmaster.master][INFO] 2023-08-22 12:34:35,234: -SUB [/moveit_robot_state] /moveit_setup_assistant http://LAPTOP-CB8EFKQO:42953/
[rosmaster.master][INFO] 2023-08-22 12:34:35,235: -SERVICE [/moveit_setup_assistant/get_loggers] /moveit_setup_assistant rosrpc://LAPTOP-CB8EFKQO:51901
[rosmaster.master][INFO] 2023-08-22 12:34:35,235: -SERVICE [/moveit_setup_assistant/set_logger_level] /moveit_setup_assistant rosrpc://LAPTOP-CB8EFKQO:51901
[rosmaster.master][INFO] 2023-08-22 12:34:35,236: -CACHEDPARAM [/rosout_disable_topics_generation] by /moveit_setup_assistant
[rosmaster.master][INFO] 2023-08-22 12:34:35,241: publisherUpdate[/rosout] -> http://LAPTOP-CB8EFKQO:35989/ []
[rosmaster.master][INFO] 2023-08-22 12:34:35,242: publisherUpdate[/moveit_robot_state] -> http://LAPTOP-CB8EFKQO:42953/ []
[rosmaster.master][INFO] 2023-08-22 12:34:35,243: publisherUpdate[/rosout] -> http://LAPTOP-CB8EFKQO:35989/ []: sec=0.00, result=[1, '', 0]
[rosmaster.master][INFO] 2023-08-22 12:34:35,244: publisherUpdate[/moveit_robot_state] -> http://LAPTOP-CB8EFKQO:42953/ []: sec=0.00, exception=[Errno 111] Connection refused
[rosmaster.threadpool][ERROR] 2023-08-22 12:34:35,249: Traceback (most recent call last):
  File "/opt/ros/melodic/lib/python2.7/dist-packages/rosmaster/threadpool.py", line 218, in run
    result = cmd(*args)
  File "/opt/ros/melodic/lib/python2.7/dist-packages/rosmaster/master_api.py", line 210, in publisher_update_task
    ret = xmlrpcapi(api).publisherUpdate('/master', topic, pub_uris)
  File "/usr/lib/python2.7/xmlrpclib.py", line 1243, in __call__
    return self.__send(self.__name, args)
  File "/usr/lib/python2.7/xmlrpclib.py", line 1602, in __request
    verbose=self.__verbose
  File "/usr/lib/python2.7/xmlrpclib.py", line 1283, in request
    return self.single_request(host, handler, request_body, verbose)
  File "/usr/lib/python2.7/xmlrpclib.py", line 1311, in single_request
    self.send_content(h, request_body)
  File "/usr/lib/python2.7/xmlrpclib.py", line 1459, in send_content
    connection.endheaders(request_body)
  File "/usr/lib/python2.7/httplib.py", line 1095, in endheaders
    self._send_output(message_body)
  File "/usr/lib/python2.7/httplib.py", line 898, in _send_output
    self.send(msg)
  File "/usr/lib/python2.7/httplib.py", line 860, in send
    self.connect()
  File "/usr/lib/python2.7/httplib.py", line 837, in connect
    self.timeout, self.source_address)
  File "/usr/lib/python2.7/socket.py", line 575, in create_connection
    raise err
error: [Errno 111] Connection refused

[rosmaster.master][INFO] 2023-08-22 12:34:35,744: -PUB [/rosout_agg] /rosout http://LAPTOP-CB8EFKQO:35989/
[rosmaster.master][INFO] 2023-08-22 12:34:35,744: -SUB [/rosout] /rosout http://LAPTOP-CB8EFKQO:35989/
[rosmaster.master][INFO] 2023-08-22 12:34:35,745: -SERVICE [/rosout/get_loggers] /rosout rosrpc://LAPTOP-CB8EFKQO:33371
[rosmaster.master][INFO] 2023-08-22 12:34:35,746: -SERVICE [/rosout/set_logger_level] /rosout rosrpc://LAPTOP-CB8EFKQO:33371
[rosmaster.master][INFO] 2023-08-22 12:34:35,746: -CACHEDPARAM [/rosout/omit_topics] by /rosout
[rosmaster.main][INFO] 2023-08-22 12:34:35,846: keyboard interrupt, will exit
[rosmaster.main][INFO] 2023-08-22 12:34:35,846: stopping master...
[rospy.core][INFO] 2023-08-22 12:34:35,847: signal_shutdown [atexit]
