2023-09-29 14:14:22.778 [info] 로그 수준: Info
2023-09-29 14:14:22.778 [info] "git"에서 찾은 git 유효성을 검사하는 중
2023-09-29 14:14:22.778 [info] "2.17.1"에서 git "git"을(를) 사용하는 중
2023-09-29 14:14:23.229 [info] > git rev-parse --show-toplevel [452ms]
2023-09-29 14:14:23.246 [info] > git rev-parse --show-toplevel [5ms]
2023-09-29 14:14:23.277 [info] > git rev-parse --show-toplevel [2ms]
2023-09-29 14:14:23.290 [info] > git rev-parse --show-toplevel [2ms]
2023-09-29 14:14:23.316 [info] > git rev-parse --show-toplevel [11ms]
2023-09-29 14:14:23.327 [info] > git rev-parse --show-toplevel [2ms]
2023-09-29 14:14:23.343 [info] > git rev-parse --show-toplevel [2ms]
2023-09-29 14:14:23.361 [info] > git rev-parse --show-toplevel [8ms]
2023-09-29 14:14:23.370 [info] > git rev-parse --show-toplevel [1ms]
2023-09-29 14:14:23.397 [info] > git rev-parse --show-toplevel [8ms]
2023-09-29 14:14:23.416 [info] > git rev-parse --show-toplevel [4ms]
2023-09-29 14:14:23.435 [info] > git rev-parse --show-toplevel [4ms]
2023-09-29 14:14:23.449 [info] > git rev-parse --show-toplevel [1ms]
2023-09-29 14:14:23.463 [info] > git rev-parse --show-toplevel [1ms]
2023-09-29 14:14:23.482 [info] > git rev-parse --show-toplevel [2ms]
2023-09-29 14:14:23.493 [info] > git rev-parse --show-toplevel [2ms]
2023-09-29 14:14:23.503 [info] > git rev-parse --show-toplevel [2ms]
2023-09-29 14:14:23.514 [info] > git rev-parse --show-toplevel [2ms]
2023-09-29 14:14:23.521 [info] > git rev-parse --show-toplevel [1ms]
2023-09-29 14:14:23.543 [info] > git rev-parse --show-toplevel [1ms]
2023-09-29 17:45:33.932 [info] > git rev-parse --show-toplevel [10ms]
2023-09-29 17:45:33.939 [info] > git rev-parse --git-dir --git-common-dir [1ms]
2023-09-29 17:45:33.962 [info] Open repository: /home/jinsu_park/catkin_ws/src/turtlebot3_simulations
2023-09-29 17:45:33.990 [info] > git config --get commit.template [17ms]
2023-09-29 17:45:33.997 [info] > git for-each-ref --format=%(refname)%00%(upstream:short)%00%(objectname)%00%(upstream:track)%00%(upstream:remotename)%00%(upstream:remoteref) refs/heads/robotics-course refs/remotes/robotics-course [9ms]
2023-09-29 17:45:34.117 [info] > git status -z -uall [107ms]
2023-09-29 17:45:34.139 [info] > git config --get commit.template [2ms]
2023-09-29 17:45:34.146 [info] > git for-each-ref --format=%(refname)%00%(upstream:short)%00%(objectname)%00%(upstream:track)%00%(upstream:remotename)%00%(upstream:remoteref) refs/heads/robotics-course refs/remotes/robotics-course [2ms]
2023-09-29 17:45:34.172 [info] > git status -z -uall [18ms]
2023-09-29 17:45:34.432 [info] > git show --textconv :turtlebot3_fake/msg/WheelMsg.msg [8ms]
2023-09-29 17:45:34.434 [info] > git ls-files --stage -- /home/jinsu_park/catkin_ws/src/turtlebot3_simulations/turtlebot3_fake/msg/WheelMsg.msg [2ms]
2023-09-29 17:45:34.442 [info] > git cat-file -s 261db449326f9f1df712f44035d7759102f2a2a4 [1ms]
2023-09-29 17:45:34.523 [info] > git check-ignore -v -z --stdin [1ms]
