[rosmaster.main][INFO] 2023-09-25 12:53:03,738: initialization complete, waiting for shutdown
[rosmaster.main][INFO] 2023-09-25 12:53:03,738: Starting ROS Master Node
[xmlrpc][INFO] 2023-09-25 12:53:03,739: XML-RPC server binding to 0.0.0.0:11311
[xmlrpc][INFO] 2023-09-25 12:53:03,739: Started XML-RPC server [http://LAPTOP-CB8EFKQO:11311/]
[rosmaster.master][INFO] 2023-09-25 12:53:03,739: Master initialized: port[11311], uri[http://LAPTOP-CB8EFKQO:11311/]
[xmlrpc][INFO] 2023-09-25 12:53:03,739: xml rpc node: starting XML-RPC server
[rosmaster.master][INFO] 2023-09-25 12:53:03,814: +PARAM [/run_id] by /roslaunch
[rosmaster.master][INFO] 2023-09-25 12:53:03,817: +PARAM [/roslaunch/uris/host_laptop_cb8efkqo__36663] by /roslaunch
[rosmaster.master][INFO] 2023-09-25 12:53:04,164: +PARAM [/rosversion] by /roslaunch
[rosmaster.master][INFO] 2023-09-25 12:53:04,165: +PARAM [/robot_description] by /roslaunch
[rosmaster.master][INFO] 2023-09-25 12:53:04,165: +PARAM [/rosdistro] by /roslaunch
[rosmaster.master][INFO] 2023-09-25 12:53:04,165: +PARAM [/tb3_model] by /roslaunch
[rosmaster.master][INFO] 2023-09-25 12:53:04,165: +PARAM [/robot_state_publisher/publish_frequency] by /roslaunch
[rosmaster.master][INFO] 2023-09-25 12:53:04,175: +SERVICE [/rosout/get_loggers] /rosout http://LAPTOP-CB8EFKQO:38631/
[rosmaster.master][INFO] 2023-09-25 12:53:04,176: +SERVICE [/rosout/set_logger_level] /rosout http://LAPTOP-CB8EFKQO:38631/
[rosmaster.master][INFO] 2023-09-25 12:53:04,178: +PUB [/rosout_agg] /rosout http://LAPTOP-CB8EFKQO:38631/
[rosmaster.master][INFO] 2023-09-25 12:53:04,182: +SUB [/rosout] /rosout http://LAPTOP-CB8EFKQO:38631/
[rosmaster.master][INFO] 2023-09-25 12:53:04,301: +PUB [/rosout] /robot_state_publisher http://LAPTOP-CB8EFKQO:36037/
[rosmaster.master][INFO] 2023-09-25 12:53:04,301: +SERVICE [/robot_state_publisher/get_loggers] /robot_state_publisher http://LAPTOP-CB8EFKQO:36037/
[rosmaster.master][INFO] 2023-09-25 12:53:04,302: +SERVICE [/robot_state_publisher/set_logger_level] /robot_state_publisher http://LAPTOP-CB8EFKQO:36037/
[rosmaster.master][INFO] 2023-09-25 12:53:04,305: +PUB [/tf] /robot_state_publisher http://LAPTOP-CB8EFKQO:36037/
[rosmaster.master][INFO] 2023-09-25 12:53:04,306: +PUB [/tf_static] /robot_state_publisher http://LAPTOP-CB8EFKQO:36037/
[rosmaster.master][INFO] 2023-09-25 12:53:04,314: +SUB [/joint_states] /robot_state_publisher http://LAPTOP-CB8EFKQO:36037/
[rosmaster.master][INFO] 2023-09-25 12:53:04,340: publisherUpdate[/rosout] -> http://LAPTOP-CB8EFKQO:38631/ ['http://LAPTOP-CB8EFKQO:36037/']
[rosmaster.master][INFO] 2023-09-25 12:53:04,353: publisherUpdate[/rosout] -> http://LAPTOP-CB8EFKQO:38631/ ['http://LAPTOP-CB8EFKQO:36037/']: sec=0.01, result=[1, '', 0]
[rosmaster.master][INFO] 2023-09-25 12:53:04,478: +PUB [/rosout] /rviz http://LAPTOP-CB8EFKQO:46267/
[rosmaster.master][INFO] 2023-09-25 12:53:04,479: +SERVICE [/rviz/get_loggers] /rviz http://LAPTOP-CB8EFKQO:46267/
[rosmaster.master][INFO] 2023-09-25 12:53:04,480: +SERVICE [/rviz/set_logger_level] /rviz http://LAPTOP-CB8EFKQO:46267/
[rosmaster.master][INFO] 2023-09-25 12:53:04,481: +CACHEDPARAM [/rosout_disable_topics_generation] by /rviz
[rosmaster.master][INFO] 2023-09-25 12:53:04,540: publisherUpdate[/rosout] -> http://LAPTOP-CB8EFKQO:38631/ ['http://LAPTOP-CB8EFKQO:36037/', 'http://LAPTOP-CB8EFKQO:46267/']
[rosmaster.master][INFO] 2023-09-25 12:53:04,564: publisherUpdate[/rosout] -> http://LAPTOP-CB8EFKQO:38631/ ['http://LAPTOP-CB8EFKQO:36037/', 'http://LAPTOP-CB8EFKQO:46267/']: sec=0.02, result=[1, '', 0]
[rosmaster.master][INFO] 2023-09-25 12:53:04,726: +SUB [/tf] /rviz http://LAPTOP-CB8EFKQO:46267/
[rosmaster.master][INFO] 2023-09-25 12:53:04,732: +SUB [/tf_static] /rviz http://LAPTOP-CB8EFKQO:46267/
[rosmaster.master][INFO] 2023-09-25 12:53:04,765: +CACHEDPARAM [/rosout/omit_topics] by /rosout
[rosmaster.master][INFO] 2023-09-25 12:53:04,791: +PUB [/initialpose] /rviz http://LAPTOP-CB8EFKQO:46267/
[rosmaster.master][INFO] 2023-09-25 12:53:04,793: +PUB [/goal] /rviz http://LAPTOP-CB8EFKQO:46267/
[rosmaster.master][INFO] 2023-09-25 12:53:04,979: +SUB [/odom] /rviz http://LAPTOP-CB8EFKQO:46267/
[rosmaster.master][INFO] 2023-09-25 12:53:04,979: -PUB [/goal] /rviz http://LAPTOP-CB8EFKQO:46267/
[rosmaster.master][INFO] 2023-09-25 12:53:04,980: -PUB [/initialpose] /rviz http://LAPTOP-CB8EFKQO:46267/
[rosmaster.master][INFO] 2023-09-25 12:53:04,983: +PUB [/initialpose] /rviz http://LAPTOP-CB8EFKQO:46267/
[rosmaster.master][INFO] 2023-09-25 12:53:04,985: +PUB [/goal] /rviz http://LAPTOP-CB8EFKQO:46267/
[rosmaster.master][INFO] 2023-09-25 12:53:04,985: +PUB [/move_base_simple/goal] /rviz http://LAPTOP-CB8EFKQO:46267/
[rosmaster.master][INFO] 2023-09-25 12:53:04,986: -PUB [/goal] /rviz http://LAPTOP-CB8EFKQO:46267/
[rosmaster.master][INFO] 2023-09-25 12:53:04,988: +PUB [/clicked_point] /rviz http://LAPTOP-CB8EFKQO:46267/
[rosmaster.master][INFO] 2023-09-25 12:53:05,020: +SERVICE [/rviz/reload_shaders] /rviz http://LAPTOP-CB8EFKQO:46267/
[rosmaster.master][INFO] 2023-09-25 12:53:05,022: +SERVICE [/rviz/load_config] /rviz http://LAPTOP-CB8EFKQO:46267/
[rosmaster.master][INFO] 2023-09-25 12:53:05,023: +SERVICE [/rviz/save_config] /rviz http://LAPTOP-CB8EFKQO:46267/
[rosmaster.master][INFO] 2023-09-25 13:03:38,091: -PUB [/rosout] /robot_state_publisher http://LAPTOP-CB8EFKQO:36037/
[rosmaster.master][INFO] 2023-09-25 13:03:38,098: -PUB [/tf] /robot_state_publisher http://LAPTOP-CB8EFKQO:36037/
[rosmaster.master][INFO] 2023-09-25 13:03:38,100: -PUB [/tf_static] /robot_state_publisher http://LAPTOP-CB8EFKQO:36037/
[rosmaster.master][INFO] 2023-09-25 13:03:38,102: -SUB [/joint_states] /robot_state_publisher http://LAPTOP-CB8EFKQO:36037/
[rosmaster.master][INFO] 2023-09-25 13:03:38,105: -SERVICE [/robot_state_publisher/get_loggers] /robot_state_publisher rosrpc://LAPTOP-CB8EFKQO:50149
[rosmaster.master][INFO] 2023-09-25 13:03:38,106: -SERVICE [/robot_state_publisher/set_logger_level] /robot_state_publisher rosrpc://LAPTOP-CB8EFKQO:50149
[rosmaster.master][INFO] 2023-09-25 13:03:38,110: publisherUpdate[/rosout] -> http://LAPTOP-CB8EFKQO:38631/ ['http://LAPTOP-CB8EFKQO:46267/']
[rosmaster.master][INFO] 2023-09-25 13:03:38,112: publisherUpdate[/rosout] -> http://LAPTOP-CB8EFKQO:38631/ ['http://LAPTOP-CB8EFKQO:46267/']: sec=0.00, result=[1, '', 0]
[rosmaster.master][INFO] 2023-09-25 13:03:38,113: publisherUpdate[/tf] -> http://LAPTOP-CB8EFKQO:46267/ []
[rosmaster.master][INFO] 2023-09-25 13:03:38,149: publisherUpdate[/tf] -> http://LAPTOP-CB8EFKQO:46267/ []: sec=0.04, result=[1, '', 0]
[rosmaster.master][INFO] 2023-09-25 13:03:38,149: publisherUpdate[/tf_static] -> http://LAPTOP-CB8EFKQO:46267/ []
[rosmaster.master][INFO] 2023-09-25 13:03:38,154: publisherUpdate[/tf_static] -> http://LAPTOP-CB8EFKQO:46267/ []: sec=0.00, result=[1, '', 0]
[rosmaster.master][INFO] 2023-09-25 13:03:38,255: -PUB [/rosout] /rviz http://LAPTOP-CB8EFKQO:46267/
[rosmaster.master][INFO] 2023-09-25 13:03:38,256: publisherUpdate[/rosout] -> http://LAPTOP-CB8EFKQO:38631/ []
[rosmaster.master][INFO] 2023-09-25 13:03:38,263: -PUB [/initialpose] /rviz http://LAPTOP-CB8EFKQO:46267/
[rosmaster.master][INFO] 2023-09-25 13:03:38,268: publisherUpdate[/rosout] -> http://LAPTOP-CB8EFKQO:38631/ []: sec=0.00, result=[1, '', 0]
[rosmaster.master][INFO] 2023-09-25 13:03:38,277: -PUB [/move_base_simple/goal] /rviz http://LAPTOP-CB8EFKQO:46267/
[rosmaster.master][INFO] 2023-09-25 13:03:38,279: -PUB [/clicked_point] /rviz http://LAPTOP-CB8EFKQO:46267/
[rosmaster.master][INFO] 2023-09-25 13:03:38,281: -SUB [/tf] /rviz http://LAPTOP-CB8EFKQO:46267/
[rosmaster.master][INFO] 2023-09-25 13:03:38,283: -SUB [/tf_static] /rviz http://LAPTOP-CB8EFKQO:46267/
[rosmaster.master][INFO] 2023-09-25 13:03:38,285: -SUB [/odom] /rviz http://LAPTOP-CB8EFKQO:46267/
[rosmaster.master][INFO] 2023-09-25 13:03:38,287: -SERVICE [/rviz/get_loggers] /rviz rosrpc://LAPTOP-CB8EFKQO:42443
[rosmaster.master][INFO] 2023-09-25 13:03:38,297: -SERVICE [/rviz/set_logger_level] /rviz rosrpc://LAPTOP-CB8EFKQO:42443
[rosmaster.master][INFO] 2023-09-25 13:03:38,300: -SERVICE [/rviz/reload_shaders] /rviz rosrpc://LAPTOP-CB8EFKQO:42443
[rosmaster.master][INFO] 2023-09-25 13:03:38,302: -SERVICE [/rviz/load_config] /rviz rosrpc://LAPTOP-CB8EFKQO:42443
[rosmaster.master][INFO] 2023-09-25 13:03:38,303: -SERVICE [/rviz/save_config] /rviz rosrpc://LAPTOP-CB8EFKQO:42443
[rosmaster.master][INFO] 2023-09-25 13:03:38,305: -CACHEDPARAM [/rosout_disable_topics_generation] by /rviz
[rosmaster.master][INFO] 2023-09-25 13:03:38,768: -PUB [/rosout_agg] /rosout http://LAPTOP-CB8EFKQO:38631/
[rosmaster.master][INFO] 2023-09-25 13:03:38,769: -SUB [/rosout] /rosout http://LAPTOP-CB8EFKQO:38631/
[rosmaster.master][INFO] 2023-09-25 13:03:38,770: -SERVICE [/rosout/get_loggers] /rosout rosrpc://LAPTOP-CB8EFKQO:39837
[rosmaster.master][INFO] 2023-09-25 13:03:38,771: -SERVICE [/rosout/set_logger_level] /rosout rosrpc://LAPTOP-CB8EFKQO:39837
[rosmaster.master][INFO] 2023-09-25 13:03:38,772: -CACHEDPARAM [/rosout/omit_topics] by /rosout
[rosmaster.main][INFO] 2023-09-25 13:03:38,830: keyboard interrupt, will exit
[rosmaster.main][INFO] 2023-09-25 13:03:38,831: stopping master...
[rospy.core][INFO] 2023-09-25 13:03:38,831: signal_shutdown [atexit]
