2023-09-26 12:23:20.755 [info] 로그 수준: Info
2023-09-26 12:23:20.755 [info] "git"에서 찾은 git 유효성을 검사하는 중
2023-09-26 12:23:20.755 [info] "2.17.1"에서 git "git"을(를) 사용하는 중
2023-09-26 12:23:20.755 [info] > git rev-parse --show-toplevel [18ms]
2023-09-26 12:23:20.772 [info] > git rev-parse --show-toplevel [1ms]
2023-09-26 12:23:20.780 [info] > git rev-parse --show-toplevel [2ms]
2023-09-26 12:23:20.812 [info] > git rev-parse --show-toplevel [10ms]
2023-09-26 12:23:20.828 [info] > git rev-parse --show-toplevel [1ms]
2023-09-26 12:23:20.857 [info] > git rev-parse --show-toplevel [2ms]
2023-09-26 12:23:20.865 [info] > git rev-parse --show-toplevel [1ms]
2023-09-26 12:23:21.027 [info] > git rev-parse --show-toplevel [149ms]
2023-09-26 12:23:21.167 [info] > git rev-parse --show-toplevel [133ms]
2023-09-26 12:23:21.204 [info] > git rev-parse --show-toplevel [2ms]
2023-09-26 12:23:21.222 [info] > git rev-parse --show-toplevel [3ms]
2023-09-26 12:23:21.241 [info] > git rev-parse --show-toplevel [3ms]
2023-09-26 12:23:21.260 [info] > git rev-parse --show-toplevel [1ms]
2023-09-26 12:23:21.274 [info] > git rev-parse --show-toplevel [6ms]
2023-09-26 12:23:21.285 [info] > git rev-parse --show-toplevel [2ms]
2023-09-26 12:23:21.310 [info] > git rev-parse --show-toplevel [2ms]
2023-09-26 12:23:21.326 [info] > git rev-parse --show-toplevel [3ms]
2023-09-26 12:23:21.337 [info] > git rev-parse --show-toplevel [3ms]
2023-09-26 12:25:06.032 [info] > git rev-parse --show-toplevel [3ms]
2023-09-26 12:25:06.045 [info] > git rev-parse --git-dir --git-common-dir [3ms]
2023-09-26 12:25:06.075 [info] Open repository: /home/jinsu_park/catkin_ws/src/velarray_ROI
2023-09-26 12:25:06.094 [info] > git config --get commit.template [6ms]
2023-09-26 12:25:06.107 [info] > git for-each-ref --format=%(refname)%00%(upstream:short)%00%(objectname)%00%(upstream:track)%00%(upstream:remotename)%00%(upstream:remoteref) refs/heads/main refs/remotes/main [5ms]
2023-09-26 12:25:06.124 [info] > git status -z -uall [10ms]
2023-09-26 12:25:06.146 [info] > git config --get commit.template [1ms]
2023-09-26 12:25:06.155 [info] > git for-each-ref --format=%(refname)%00%(upstream:short)%00%(objectname)%00%(upstream:track)%00%(upstream:remotename)%00%(upstream:remoteref) refs/heads/main refs/remotes/main [1ms]
2023-09-26 12:25:06.163 [info] > git status -z -uall [3ms]
2023-09-26 12:25:06.481 [info] > git show --textconv :lidar_roi_example/CMakeLists.txt [31ms]
2023-09-26 12:25:06.486 [info] > git ls-files --stage -- /home/jinsu_park/catkin_ws/src/velarray_ROI/lidar_roi_example/CMakeLists.txt [9ms]
2023-09-26 12:25:06.504 [info] > git cat-file -s aeeee3b1aa5139e8d35ba23209694b1099d307d2 [3ms]
2023-09-26 12:25:06.704 [info] > git check-ignore -v -z --stdin [61ms]
2023-09-26 12:25:28.813 [info] > git config --get commit.template [14ms]
2023-09-26 12:25:28.814 [info] > git for-each-ref --format=%(refname)%00%(upstream:short)%00%(objectname)%00%(upstream:track)%00%(upstream:remotename)%00%(upstream:remoteref) refs/heads/main refs/remotes/main [5ms]
2023-09-26 12:25:28.831 [info] > git status -z -uall [4ms]
2023-09-26 12:29:40.295 [info] > git rev-parse --show-toplevel [2ms]
2023-09-26 12:30:54.374 [info] > git rev-parse --show-toplevel [1ms]
2023-09-26 12:30:59.726 [info] > git rev-parse --show-toplevel [2ms]
2023-09-26 12:31:03.868 [info] > git rev-parse --show-toplevel [1ms]
2023-09-26 12:31:04.803 [info] > git rev-parse --show-toplevel [3ms]
2023-09-26 12:31:39.968 [info] > git rev-parse --show-toplevel [2ms]
2023-09-26 12:40:20.669 [info] > git rev-parse --show-toplevel [2ms]
2023-09-26 12:41:23.978 [info] > git rev-parse --show-toplevel [1ms]
2023-09-26 12:41:37.539 [info] > git rev-parse --show-toplevel [1ms]
2023-09-26 12:41:44.449 [info] > git rev-parse --show-toplevel [2ms]
2023-09-26 12:41:57.472 [info] > git rev-parse --show-toplevel [2ms]
2023-09-26 12:41:59.992 [info] > git rev-parse --show-toplevel [2ms]
2023-09-26 12:42:11.127 [info] > git rev-parse --show-toplevel [1ms]
2023-09-26 12:42:18.923 [info] > git rev-parse --show-toplevel [2ms]
2023-09-26 12:45:42.019 [info] > git rev-parse --show-toplevel [9ms]
2023-09-26 12:45:42.031 [info] > git rev-parse --git-dir --git-common-dir [2ms]
2023-09-26 12:45:42.054 [info] Open repository: /home/jinsu_park/catkin_ws/src/velodyne
2023-09-26 12:45:42.094 [info] > git config --get commit.template [17ms]
2023-09-26 12:45:42.101 [info] > git for-each-ref --format=%(refname)%00%(upstream:short)%00%(objectname)%00%(upstream:track)%00%(upstream:remotename)%00%(upstream:remoteref) refs/heads/master refs/remotes/master [9ms]
2023-09-26 12:45:42.153 [info] > git status -z -uall [44ms]
2023-09-26 12:45:42.174 [info] > git config --get commit.template [6ms]
2023-09-26 12:45:42.175 [info] > git for-each-ref --format=%(refname)%00%(upstream:short)%00%(objectname)%00%(upstream:track)%00%(upstream:remotename)%00%(upstream:remoteref) refs/heads/master refs/remotes/master [1ms]
2023-09-26 12:45:42.186 [info] > git status -z -uall [4ms]
2023-09-26 12:45:42.469 [info] > git show --textconv :velodyne_driver/src/lib/input.cc [14ms]
2023-09-26 12:45:42.472 [info] > git ls-files --stage -- /home/jinsu_park/catkin_ws/src/velodyne/velodyne_driver/src/lib/input.cc [4ms]
2023-09-26 12:45:42.488 [info] > git cat-file -s ba49c1ffee081eb79a70acdace9fb270f88f5f67 [2ms]
2023-09-26 12:45:42.837 [info] > git check-ignore -v -z --stdin [31ms]
2023-09-26 12:45:42.839 [info] > git check-ignore -v -z --stdin [18ms]
2023-09-26 12:48:38.246 [info] > git rev-parse --show-toplevel [2ms]
2023-09-26 12:48:39.512 [warning] ENOENT: no such file or directory, open '/home/jinsu_park/catkin_ws/src/velodyne/.git/HEAD'
2023-09-26 12:48:39.560 [warning] getRemotes() - ENOENT: no such file or directory, open '/home/jinsu_park/catkin_ws/src/velodyne/.git/config'
2023-09-26 12:48:39.591 [warning] ENOENT: no such file or directory, open '/home/jinsu_park/catkin_ws/src/velodyne/.git/HEAD'
2023-09-26 12:48:39.613 [warning] getRemotes() - ENOENT: no such file or directory, open '/home/jinsu_park/catkin_ws/src/velodyne/.git/config'
2023-09-26 12:48:40.236 [info] > git check-ignore -v -z --stdin [3ms]
2023-09-26 12:49:05.966 [info] > git rev-parse --show-toplevel [2ms]
2023-09-26 12:49:05.977 [info] > git rev-parse --git-dir --git-common-dir [1ms]
2023-09-26 12:49:05.982 [info] Open repository: /home/jinsu_park/catkin_ws/src/velodyne
2023-09-26 12:49:05.991 [info] > git config --get commit.template [1ms]
2023-09-26 12:49:05.999 [info] > git for-each-ref --format=%(refname)%00%(upstream:short)%00%(objectname)%00%(upstream:track)%00%(upstream:remotename)%00%(upstream:remoteref) refs/heads/master refs/remotes/master [1ms]
2023-09-26 12:49:06.008 [info] > git status -z -uall [2ms]
2023-09-26 12:49:06.019 [info] > git config --get commit.template [1ms]
2023-09-26 12:49:06.027 [info] > git for-each-ref --format=%(refname)%00%(upstream:short)%00%(objectname)%00%(upstream:track)%00%(upstream:remotename)%00%(upstream:remoteref) refs/heads/master refs/remotes/master [0ms]
2023-09-26 12:49:06.035 [info] > git status -z -uall [1ms]
2023-09-26 12:49:06.556 [info] > git check-ignore -v -z --stdin [20ms]
2023-09-26 12:49:06.558 [info] > git check-ignore -v -z --stdin [6ms]
2023-09-26 12:49:07.207 [info] > git config --get commit.template [19ms]
2023-09-26 12:49:07.208 [info] > git for-each-ref --format=%(refname)%00%(upstream:short)%00%(objectname)%00%(upstream:track)%00%(upstream:remotename)%00%(upstream:remoteref) refs/heads/master refs/remotes/master [4ms]
2023-09-26 12:49:07.224 [info] > git status -z -uall [3ms]
2023-09-26 12:49:12.259 [info] > git config --get commit.template [3ms]
2023-09-26 12:49:12.283 [info] > git for-each-ref --format=%(refname)%00%(upstream:short)%00%(objectname)%00%(upstream:track)%00%(upstream:remotename)%00%(upstream:remoteref) refs/heads/master refs/remotes/master [5ms]
2023-09-26 12:49:12.341 [info] > git status -z -uall [28ms]
2023-09-26 12:52:10.042 [info] > git show --textconv :velodyne_driver/src/lib/input.cc [9ms]
2023-09-26 12:52:10.043 [info] > git ls-files --stage -- /home/jinsu_park/catkin_ws/src/velodyne/velodyne_driver/src/lib/input.cc [2ms]
2023-09-26 12:52:10.052 [info] > git cat-file -s ba49c1ffee081eb79a70acdace9fb270f88f5f67 [2ms]
2023-09-26 12:52:10.516 [info] > git check-ignore -v -z --stdin [3ms]
2023-09-26 13:08:29.251 [info] > git rev-parse --show-toplevel [1ms]
2023-09-26 13:12:10.503 [info] > git rev-parse --show-toplevel [2ms]
2023-09-26 13:12:23.745 [info] > git rev-parse --show-toplevel [1ms]
2023-09-26 13:12:56.064 [warning] Failed to get repository realpath for: "/home/jinsu_park/robotics-course-main/robotics-course-main/". Error: ENOENT: no such file or directory, realpath '/home/jinsu_park/robotics-course-main/robotics-course-main/'
