[rospy.client][INFO] 2023-08-22 12:56:40,901: init_node, name[/joint_state_publisher], pid[5811]
[xmlrpc][INFO] 2023-08-22 12:56:40,902: XML-RPC server binding to 0.0.0.0:0
[xmlrpc][INFO] 2023-08-22 12:56:40,902: Started XML-RPC server [http://LAPTOP-CB8EFKQO:34777/]
[rospy.impl.masterslave][INFO] 2023-08-22 12:56:40,903: _ready: http://LAPTOP-CB8EFKQO:34777/
[rospy.init][INFO] 2023-08-22 12:56:40,903: ROS Slave URI: [http://LAPTOP-CB8EFKQO:34777/]
[xmlrpc][INFO] 2023-08-22 12:56:40,904: xml rpc node: starting XML-RPC server
[rospy.registration][INFO] 2023-08-22 12:56:40,905: Registering with master node http://localhost:11311
[rospy.init][INFO] 2023-08-22 12:56:41,004: registered with master
[rospy.rosout][INFO] 2023-08-22 12:56:41,004: initializing /rosout core topic
[rospy.rosout][INFO] 2023-08-22 12:56:41,012: connected to core topic /rosout
[rospy.simtime][INFO] 2023-08-22 12:56:41,016: /use_sim_time is not set, will not subscribe to simulated time [/clock] topic
[rospy.internal][INFO] 2023-08-22 12:56:41,242: topic[/rosout] adding connection to [/rosout], count 0
[rospy.internal][INFO] 2023-08-22 12:56:41,306: topic[/move_group/fake_controller_joint_states] adding connection to [http://LAPTOP-CB8EFKQO:33239/], count 0
[rospy.internal][INFO] 2023-08-22 12:56:41,408: topic[/joint_states] adding connection to [/move_group], count 0
[rospy.internal][INFO] 2023-08-22 12:56:41,444: topic[/joint_states] adding connection to [/robot_state_publisher], count 1
[rospy.core][INFO] 2023-08-22 13:11:37,783: signal_shutdown [signal-2]
[rospy.internal][INFO] 2023-08-22 13:11:37,799: topic[/joint_states] removing connection to /move_group
[rospy.internal][INFO] 2023-08-22 13:11:37,800: topic[/joint_states] removing connection to /robot_state_publisher
[rospy.internal][INFO] 2023-08-22 13:11:37,802: topic[/rosout] removing connection to /rosout
[rospy.internal][INFO] 2023-08-22 13:11:37,806: topic[/move_group/fake_controller_joint_states] removing connection to http://LAPTOP-CB8EFKQO:33239/
[rospy.impl.masterslave][INFO] 2023-08-22 13:11:37,808: signal-2
[rospy.core][INFO] 2023-08-22 13:11:37,909: signal_shutdown [atexit]
