2023-09-27 12:28:24.480 [info] 로그 수준: Info
2023-09-27 12:28:24.480 [info] "git"에서 찾은 git 유효성을 검사하는 중
2023-09-27 12:28:24.480 [info] "2.17.1"에서 git "git"을(를) 사용하는 중
2023-09-27 12:28:24.480 [info] > git rev-parse --show-toplevel [24ms]
2023-09-27 12:28:24.503 [info] > git rev-parse --show-toplevel [1ms]
2023-09-27 12:28:24.519 [info] > git rev-parse --show-toplevel [2ms]
2023-09-27 12:28:24.530 [info] > git rev-parse --show-toplevel [2ms]
2023-09-27 12:28:24.957 [info] > git rev-parse --show-toplevel [2ms]
2023-09-27 12:28:24.973 [info] > git rev-parse --show-toplevel [7ms]
2023-09-27 12:28:24.988 [info] > git rev-parse --show-toplevel [1ms]
2023-09-27 12:28:25.004 [info] > git rev-parse --show-toplevel [4ms]
2023-09-27 12:28:25.028 [info] > git rev-parse --show-toplevel [6ms]
2023-09-27 12:28:25.039 [info] > git rev-parse --show-toplevel [2ms]
2023-09-27 12:28:25.057 [info] > git rev-parse --show-toplevel [10ms]
2023-09-27 12:28:25.076 [info] > git rev-parse --show-toplevel [5ms]
2023-09-27 12:28:25.083 [info] > git rev-parse --show-toplevel [1ms]
2023-09-27 12:28:25.097 [info] > git rev-parse --show-toplevel [2ms]
2023-09-27 12:28:25.106 [info] > git rev-parse --show-toplevel [1ms]
2023-09-27 12:28:25.123 [info] > git rev-parse --show-toplevel [2ms]
2023-09-27 12:28:25.137 [info] > git rev-parse --show-toplevel [4ms]
2023-09-27 12:28:25.162 [info] > git rev-parse --show-toplevel [1ms]
2023-09-27 12:28:25.173 [info] > git rev-parse --show-toplevel [2ms]
2023-09-27 12:28:25.204 [info] > git rev-parse --show-toplevel [2ms]
2023-09-27 12:34:28.465 [info] > git rev-parse --show-toplevel [3ms]
2023-09-27 12:40:34.211 [info] > git rev-parse --show-toplevel [3ms]
2023-09-27 12:40:34.309 [info] > git rev-parse --git-dir --git-common-dir [6ms]
2023-09-27 12:40:34.379 [info] Open repository: /home/jinsu_park/catkin_ws/src/turtlebot3
2023-09-27 12:40:34.400 [info] > git config --get commit.template [3ms]
2023-09-27 12:40:34.418 [info] > git for-each-ref --format=%(refname)%00%(upstream:short)%00%(objectname)%00%(upstream:track)%00%(upstream:remotename)%00%(upstream:remoteref) refs/heads/master refs/remotes/master [2ms]
2023-09-27 12:40:34.455 [info] > git status -z -uall [21ms]
2023-09-27 12:40:34.479 [info] > git config --get commit.template [1ms]
2023-09-27 12:40:34.495 [info] > git for-each-ref --format=%(refname)%00%(upstream:short)%00%(objectname)%00%(upstream:track)%00%(upstream:remotename)%00%(upstream:remoteref) refs/heads/master refs/remotes/master [1ms]
2023-09-27 12:40:34.502 [info] > git status -z -uall [1ms]
2023-09-27 12:40:34.972 [info] > git check-ignore -v -z --stdin [3ms]
2023-09-27 12:40:51.209 [info] > git config --get commit.template [22ms]
2023-09-27 12:40:51.211 [info] > git for-each-ref --format=%(refname)%00%(upstream:short)%00%(objectname)%00%(upstream:track)%00%(upstream:remotename)%00%(upstream:remoteref) refs/heads/master refs/remotes/master [5ms]
2023-09-27 12:40:51.295 [info] > git status -z -uall [59ms]
2023-09-27 12:41:18.599 [info] > git rev-parse --show-toplevel [2ms]
2023-09-27 12:41:18.609 [info] > git rev-parse --git-dir --git-common-dir [1ms]
2023-09-27 12:41:18.614 [info] Open repository: /home/jinsu_park/catkin_ws/src/turtlebot3_msgs
2023-09-27 12:41:18.623 [info] > git config --get commit.template [1ms]
2023-09-27 12:41:18.629 [info] > git for-each-ref --format=%(refname)%00%(upstream:short)%00%(objectname)%00%(upstream:track)%00%(upstream:remotename)%00%(upstream:remoteref) refs/heads/master refs/remotes/master [1ms]
2023-09-27 12:41:18.637 [info] > git status -z -uall [1ms]
2023-09-27 12:41:18.650 [info] > git config --get commit.template [1ms]
2023-09-27 12:41:18.660 [info] > git for-each-ref --format=%(refname)%00%(upstream:short)%00%(objectname)%00%(upstream:track)%00%(upstream:remotename)%00%(upstream:remoteref) refs/heads/master refs/remotes/master [2ms]
2023-09-27 12:41:18.675 [info] > git status -z -uall [6ms]
2023-09-27 12:41:19.254 [info] > git check-ignore -v -z --stdin [54ms]
2023-09-27 12:41:19.257 [info] > git check-ignore -v -z --stdin [38ms]
2023-09-27 12:41:26.718 [info] > git rev-parse --show-toplevel [1ms]
2023-09-27 12:41:26.725 [info] > git rev-parse --git-dir --git-common-dir [1ms]
2023-09-27 12:41:26.730 [info] Open repository: /home/jinsu_park/catkin_ws/src/turtlebot3_simulations
2023-09-27 12:41:26.741 [info] > git config --get commit.template [1ms]
2023-09-27 12:41:26.749 [info] > git for-each-ref --format=%(refname)%00%(upstream:short)%00%(objectname)%00%(upstream:track)%00%(upstream:remotename)%00%(upstream:remoteref) refs/heads/master refs/remotes/master [2ms]
2023-09-27 12:41:26.758 [info] > git status -z -uall [1ms]
2023-09-27 12:41:26.787 [info] > git config --get commit.template [16ms]
2023-09-27 12:41:26.789 [info] > git for-each-ref --format=%(refname)%00%(upstream:short)%00%(objectname)%00%(upstream:track)%00%(upstream:remotename)%00%(upstream:remoteref) refs/heads/master refs/remotes/master [2ms]
2023-09-27 12:41:26.797 [info] > git status -z -uall [2ms]
2023-09-27 12:41:27.343 [info] > git check-ignore -v -z --stdin [31ms]
2023-09-27 12:41:27.344 [info] > git check-ignore -v -z --stdin [22ms]
2023-09-27 12:41:27.345 [info] > git check-ignore -v -z --stdin [12ms]
2023-09-27 12:41:29.665 [info] > git config --get commit.template [15ms]
2023-09-27 12:41:29.666 [info] > git for-each-ref --format=%(refname)%00%(upstream:short)%00%(objectname)%00%(upstream:track)%00%(upstream:remotename)%00%(upstream:remoteref) refs/heads/robotics-course refs/remotes/robotics-course [3ms]
2023-09-27 12:41:29.712 [info] > git status -z -uall [35ms]
2023-09-27 12:49:16.952 [warning] Failed to get repository realpath for: "/home/jinsu_park/catkin_ws/src/turtlebot_path_tracker/". Error: ENOENT: no such file or directory, realpath '/home/jinsu_park/catkin_ws/src/turtlebot_path_tracker/'
2023-09-27 12:49:31.018 [warning] Failed to get repository realpath for: "/home/jinsu_park/catkin_ws/src/turtlebot_path_tracker/". Error: ENOENT: no such file or directory, realpath '/home/jinsu_park/catkin_ws/src/turtlebot_path_tracker/'
2023-09-27 12:53:11.582 [info] > git rev-parse --show-toplevel [15ms]
2023-09-27 12:53:15.166 [info] > git rev-parse --show-toplevel [6ms]
2023-09-27 12:53:44.688 [info] > git rev-parse --show-toplevel [3ms]
2023-09-27 12:53:50.735 [info] > git rev-parse --show-toplevel [2ms]
2023-09-27 12:54:12.524 [info] > git rev-parse --show-toplevel [3ms]
2023-09-27 12:54:39.220 [info] > git rev-parse --show-toplevel [10ms]
2023-09-27 12:55:02.432 [info] > git rev-parse --show-toplevel [3ms]
2023-09-27 12:55:22.223 [info] > git rev-parse --show-toplevel [2ms]
2023-09-27 12:55:39.292 [info] > git rev-parse --show-toplevel [1ms]
2023-09-27 12:56:10.189 [info] > git rev-parse --show-toplevel [2ms]
2023-09-27 12:56:42.270 [info] > git rev-parse --show-toplevel [3ms]
2023-09-27 12:57:16.125 [info] > git rev-parse --show-toplevel [1ms]
2023-09-27 12:58:24.381 [info] > git rev-parse --show-toplevel [4ms]
2023-09-27 12:58:52.935 [info] > git rev-parse --show-toplevel [2ms]
2023-09-27 12:59:11.604 [info] > git rev-parse --show-toplevel [4ms]
2023-09-27 13:23:22.924 [info] > git rev-parse --show-toplevel [9ms]
