2023-09-06 12:20:19.796 [info] 로그 수준: Info
2023-09-06 12:20:19.796 [info] "git"에서 찾은 git 유효성을 검사하는 중
2023-09-06 12:20:19.796 [info] "2.17.1"에서 git "git"을(를) 사용하는 중
2023-09-06 12:20:19.796 [info] > git rev-parse --show-toplevel [14ms]
2023-09-06 12:20:19.796 [info] fatal: not a git repository (or any of the parent directories): .git
2023-09-06 12:20:19.796 [info] > git rev-parse --show-toplevel [5ms]
2023-09-06 12:20:19.796 [info] fatal: not a git repository (or any of the parent directories): .git
2023-09-06 12:20:19.796 [info] > git rev-parse --show-toplevel [34ms]
2023-09-06 12:20:19.796 [info] fatal: not a git repository (or any of the parent directories): .git
2023-09-06 12:20:19.798 [info] > git rev-parse --show-toplevel [11ms]
2023-09-06 12:20:19.798 [info] fatal: not a git repository (or any of the parent directories): .git
2023-09-06 12:20:19.812 [info] > git rev-parse --show-toplevel [4ms]
2023-09-06 12:20:19.823 [info] > git rev-parse --git-dir --git-common-dir [1ms]
2023-09-06 12:20:19.846 [info] Open repository: /home/jinsu_park/catkin_ws/src/puma560_description
2023-09-06 12:20:19.980 [info] > git config --get commit.template [20ms]
2023-09-06 12:20:19.982 [info] > git rev-parse --show-toplevel [3ms]
2023-09-06 12:20:19.982 [info] fatal: not a git repository (or any of the parent directories): .git
2023-09-06 12:20:20.001 [info] > git for-each-ref --format=%(refname)%00%(upstream:short)%00%(objectname)%00%(upstream:track)%00%(upstream:remotename)%00%(upstream:remoteref) refs/heads/master refs/remotes/master [10ms]
2023-09-06 12:20:20.020 [info] > git rev-parse --show-toplevel [19ms]
2023-09-06 12:20:20.020 [info] fatal: not a git repository (or any of the parent directories): .git
2023-09-06 12:20:20.029 [info] > git rev-parse --show-toplevel [2ms]
2023-09-06 12:20:20.030 [info] fatal: not a git repository (or any of the parent directories): .git
2023-09-06 12:20:20.044 [info] > git rev-parse --show-toplevel [2ms]
2023-09-06 12:20:20.044 [info] fatal: not a git repository (or any of the parent directories): .git
2023-09-06 12:20:20.056 [info] > git rev-parse --show-toplevel [4ms]
2023-09-06 12:20:20.057 [info] fatal: not a git repository (or any of the parent directories): .git
2023-09-06 12:20:20.072 [info] > git status -z -uall [55ms]
2023-09-06 12:20:20.118 [info] > git config --get commit.template [1ms]
2023-09-06 12:20:20.126 [info] > git for-each-ref --format=%(refname)%00%(upstream:short)%00%(objectname)%00%(upstream:track)%00%(upstream:remotename)%00%(upstream:remoteref) refs/heads/master refs/remotes/master [2ms]
2023-09-06 12:20:20.163 [info] > git status -z -uall [28ms]
2023-09-06 12:20:20.472 [info] > git check-ignore -v -z --stdin [2ms]
2023-09-06 12:25:41.944 [info] > git rev-parse --show-toplevel [1ms]
2023-09-06 12:25:41.944 [info] fatal: not a git repository (or any of the parent directories): .git
2023-09-06 12:26:44.661 [info] > git rev-parse --show-toplevel [6ms]
2023-09-06 12:26:44.661 [info] fatal: not a git repository (or any of the parent directories): .git
2023-09-06 12:26:48.635 [info] > git rev-parse --show-toplevel [2ms]
2023-09-06 12:26:48.635 [info] fatal: not a git repository (or any of the parent directories): .git
2023-09-06 12:56:51.685 [info] > git rev-parse --show-toplevel [2ms]
2023-09-06 12:56:51.685 [info] fatal: not a git repository (or any of the parent directories): .git
2023-09-06 13:13:22.732 [info] > git rev-parse --show-toplevel [3ms]
2023-09-06 13:13:22.733 [info] fatal: not a git repository (or any of the parent directories): .git
2023-09-06 13:14:52.388 [info] > git rev-parse --show-toplevel [2ms]
2023-09-06 13:14:52.388 [info] fatal: not a git repository (or any of the parent directories): .git
2023-09-06 13:15:00.059 [info] > git rev-parse --show-toplevel [1ms]
2023-09-06 13:15:00.059 [info] fatal: not a git repository (or any of the parent directories): .git
2023-09-06 13:15:00.704 [info] > git rev-parse --show-toplevel [1ms]
2023-09-06 13:15:00.705 [info] fatal: not a git repository (or any of the parent directories): .git
2023-09-06 13:15:03.703 [info] > git rev-parse --show-toplevel [1ms]
2023-09-06 13:15:03.703 [info] fatal: not a git repository (or any of the parent directories): .git
2023-09-06 13:15:27.252 [info] > git rev-parse --show-toplevel [1ms]
2023-09-06 13:15:27.252 [info] fatal: not a git repository (or any of the parent directories): .git
